# JRE version: OpenJDK Runtime Environment Temurin-17.0.19+10 (17.0.19+10) (build 17.0.19+10)
# Java VM: OpenJDK 64-Bit Server VM Temurin-17.0.19+10 (17.0.19+10, mixed mode, sharing, tiered, compressed oops, compressed class ptrs, g1 gc, windows-amd64)
GC Precious Log:
 CPUs: 8 total, 8 available
 Memory: 8070M
 Large Page Support: Disabled
 NUMA Support: Disabled
 Compressed Oops: Enabled (Zero based)
 Heap Region Size: 4M
 Heap Min Capacity: 8M
 Heap Initial Capacity: 128M
 Heap Max Capacity: 8G
 Pre-touch: Disabled
 Parallel Workers: 8
 Concurrent Workers: 2
 Concurrent Refinement Workers: 8
 Periodic GC: Disabled
Heap:
 garbage-first heap   total 110592K, used 73298K [0x0000000600000000, 0x0000000800000000)
  region size 4096K, 12 young (49152K), 2 survivors (8192K)
 Metaspace       used 46443K, committed 47104K, reserved 1114112K
  class space    used 6637K, committed 6976K, reserved 1048576K
GC Heap History (20 events):
Event: 18.753 GC heap before
{Heap before GC invocations=3 (full 0):
 garbage-first heap   total 131072K, used 81789K [0x0000000600000000, 0x0000000800000000)
  region size 4096K, 18 young (73728K), 2 survivors (8192K)
 Metaspace       used 15992K, committed 16256K, reserved 1114112K
  class space    used 2217K, committed 2304K, reserved 1048576K
}
Event: 18.807 GC heap after
{Heap after GC invocations=4 (full 0):
 garbage-first heap   total 131072K, used 21304K [0x0000000600000000, 0x0000000800000000)
  region size 4096K, 3 young (12288K), 3 survivors (12288K)
 Metaspace       used 15992K, committed 16256K, reserved 1114112K
  class space    used 2217K, committed 2304K, reserved 1048576K
}
Event: 22.694 GC heap before
{Heap before GC invocations=4 (full 0):
 garbage-first heap   total 131072K, used 54072K [0x0000000600000000, 0x0000000800000000)
  region size 4096K, 13 young (53248K), 3 survivors (12288K)
 Metaspace       used 21220K, committed 21504K, reserved 1114112K
  class space    used 2960K, committed 3136K, reserved 1048576K
}
Event: 22.705 GC heap after
{Heap after GC invocations=5 (full 0):
 garbage-first heap   total 131072K, used 24097K [0x0000000600000000, 0x0000000800000000)
  region size 4096K, 2 young (8192K), 2 survivors (8192K)
 Metaspace       used 21220K, committed 21504K, reserved 1114112K
  class space    used 2960K, committed 3136K, reserved 1048576K
}
Event: 27.030 GC heap before
{Heap before GC invocations=6 (full 0):
 garbage-first heap   total 110592K, used 77345K [0x0000000600000000, 0x0000000800000000)
  region size 4096K, 16 young (65536K), 2 survivors (8192K)
 Metaspace       used 28090K, committed 28416K, reserved 1114112K
  class space    used 3996K, committed 4160K, reserved 1048576K
}
Event: 27.042 GC heap after
{Heap after GC invocations=7 (full 0):
 garbage-first heap   total 110592K, used 26737K [0x0000000600000000, 0x0000000800000000)
  region size 4096K, 2 young (8192K), 2 survivors (8192K)
 Metaspace       used 28090K, committed 28416K, reserved 1114112K
  class space    used 3996K, committed 4160K, reserved 1048576K
}
Event: 27.244 GC heap before
{Heap before GC invocations=7 (full 0):
 garbage-first heap   total 110592K, used 30833K [0x0000000600000000, 0x0000000800000000)
  region size 4096K, 3 young (12288K), 2 survivors (8192K)
 Metaspace       used 28542K, committed 28864K, reserved 1114112K
  class space    used 4063K, committed 4224K, reserved 1048576K
}
Event: 27.251 GC heap after
{Heap after GC invocations=8 (full 0):
 garbage-first heap   total 110592K, used 26947K [0x0000000600000000, 0x0000000800000000)
  region size 4096K, 1 young (4096K), 1 survivors (4096K)
 Metaspace       used 28542K, committed 28864K, reserved 1114112K
  class space    used 4063K, committed 4224K, reserved 1048576K
}
Event: 32.377 GC heap before
{Heap before GC invocations=8 (full 0):
 garbage-first heap   total 110592K, used 76099K [0x0000000600000000, 0x0000000800000000)
  region size 4096K, 13 young (53248K), 1 survivors (4096K)
 Metaspace       used 35140K, committed 35648K, reserved 1114112K
  class space    used 4930K, committed 5184K, reserved 1048576K
}
Event: 32.388 GC heap after
{Heap after GC invocations=9 (full 0):
 garbage-first heap   total 110592K, used 30714K [0x0000000600000000, 0x0000000800000000)
  region size 4096K, 2 young (8192K), 2 survivors (8192K)
 Metaspace       used 35140K, committed 35648K, reserved 1114112K
  class space    used 4930K, committed 5184K, reserved 1048576K
}
Event: 32.541 GC heap before
{Heap before GC invocations=9 (full 0):
 garbage-first heap   total 110592K, used 30714K [0x0000000600000000, 0x0000000800000000)
  region size 4096K, 3 young (12288K), 2 survivors (8192K)
 Metaspace       used 35492K, committed 35968K, reserved 1114112K
  class space    used 4976K, committed 5248K, reserved 1048576K
}
Event: 32.550 GC heap after
{Heap after GC invocations=10 (full 0):
 garbage-first heap   total 110592K, used 31072K [0x0000000600000000, 0x0000000800000000)
  region size 4096K, 1 young (4096K), 1 survivors (4096K)
 Metaspace       used 35492K, committed 35968K, reserved 1114112K
  class space    used 4976K, committed 5248K, reserved 1048576K
}
Event: 34.681 GC heap before
{Heap before GC invocations=11 (full 0):
 garbage-first heap   total 110592K, used 80224K [0x0000000600000000, 0x0000000800000000)
  region size 4096K, 13 young (53248K), 1 survivors (4096K)
 Metaspace       used 37709K, committed 38336K, reserved 1114112K
  class space    used 5333K, committed 5632K, reserved 1048576K
}
Event: 34.685 GC heap after
{Heap after GC invocations=12 (full 0):
 garbage-first heap   total 110592K, used 32250K [0x0000000600000000, 0x0000000800000000)
  region size 4096K, 1 young (4096K), 1 survivors (4096K)
 Metaspace       used 37709K, committed 38336K, reserved 1114112K
  class space    used 5333K, committed 5632K, reserved 1048576K
}
Event: 35.140 GC heap before
{Heap before GC invocations=12 (full 0):
 garbage-first heap   total 110592K, used 36346K [0x0000000600000000, 0x0000000800000000)
  region size 4096K, 2 young (8192K), 1 survivors (4096K)
 Metaspace       used 38139K, committed 38784K, reserved 1114112K
  class space    used 5399K, committed 5696K, reserved 1048576K
}
Event: 35.149 GC heap after
{Heap after GC invocations=13 (full 0):
 garbage-first heap   total 110592K, used 31854K [0x0000000600000000, 0x0000000800000000)
  region size 4096K, 1 young (4096K), 1 survivors (4096K)
 Metaspace       used 38139K, committed 38784K, reserved 1114112K
  class space    used 5399K, committed 5696K, reserved 1048576K
}
Event: 37.312 GC heap before
{Heap before GC invocations=13 (full 0):
 garbage-first heap   total 110592K, used 81006K [0x0000000600000000, 0x0000000800000000)
  region size 4096K, 13 young (53248K), 1 survivors (4096K)
 Metaspace       used 40397K, committed 41024K, reserved 1114112K
  class space    used 5761K, committed 6080K, reserved 1048576K
}
Event: 37.318 GC heap after
{Heap after GC invocations=14 (full 0):
 garbage-first heap   total 110592K, used 33603K [0x0000000600000000, 0x0000000800000000)
  region size 4096K, 1 young (4096K), 1 survivors (4096K)
 Metaspace       used 40397K, committed 41024K, reserved 1114112K
  class space    used 5761K, committed 6080K, reserved 1048576K
}
Event: 40.864 GC heap before
{Heap before GC invocations=14 (full 0):
 garbage-first heap   total 110592K, used 82755K [0x0000000600000000, 0x0000000800000000)
  region size 4096K, 13 young (53248K), 1 survivors (4096K)
 Metaspace       used 44891K, committed 45504K, reserved 1114112K
  class space    used 6470K, committed 6720K, reserved 1048576K
}
Event: 40.874 GC heap after
{Heap after GC invocations=15 (full 0):
 garbage-first heap   total 110592K, used 36434K [0x0000000600000000, 0x0000000800000000)
  region size 4096K, 2 young (8192K), 2 survivors (8192K)
 Metaspace       used 44891K, committed 45504K, reserved 1114112K
  class space    used 6470K, committed 6720K, reserved 1048576K
}

