# JRE version: OpenJDK Runtime Environment Temurin-17.0.19+10 (17.0.19+10) (build 17.0.19+10)
# Java VM: OpenJDK 64-Bit Server VM Temurin-17.0.19+10 (17.0.19+10, mixed mode, sharing, tiered, compressed oops, compressed class ptrs, g1 gc, windows-amd64)
GC Precious Log:
 CPUs: 8 total, 8 available
 Memory: 8070M
 Large Page Support: Disabled
 NUMA Support: Disabled
 Compressed Oops: Enabled (32-bit)
 Heap Region Size: 1M
 Heap Min Capacity: 8M
 Heap Initial Capacity: 128M
 Heap Max Capacity: 2018M
 Pre-touch: Disabled
 Parallel Workers: 8
 Concurrent Workers: 2
 Concurrent Refinement Workers: 8
 Periodic GC: Disabled
Heap:
 garbage-first heap   total 115712K, used 79081K [0x0000000081e00000, 0x0000000100000000)
  region size 1024K, 5 young (5120K), 3 survivors (3072K)
 Metaspace       used 54648K, committed 55040K, reserved 1114112K
  class space    used 6183K, committed 6400K, reserved 1048576K
GC Heap History (20 events):
Event: 24.125 GC heap before
{Heap before GC invocations=14 (full 0):
 garbage-first heap   total 96256K, used 56839K [0x0000000081e00000, 0x0000000100000000)
  region size 1024K, 4 young (4096K), 2 survivors (2048K)
 Metaspace       used 43886K, committed 44288K, reserved 1114112K
  class space    used 5373K, committed 5568K, reserved 1048576K
}
Event: 24.134 GC heap after
{Heap after GC invocations=15 (full 0):
 garbage-first heap   total 115712K, used 55171K [0x0000000081e00000, 0x0000000100000000)
  region size 1024K, 1 young (1024K), 1 survivors (1024K)
 Metaspace       used 43886K, committed 44288K, reserved 1114112K
  class space    used 5373K, committed 5568K, reserved 1048576K
}
Event: 32.205 GC heap before
{Heap before GC invocations=15 (full 0):
 garbage-first heap   total 115712K, used 87939K [0x0000000081e00000, 0x0000000100000000)
  region size 1024K, 33 young (33792K), 1 survivors (1024K)
 Metaspace       used 47524K, committed 47872K, reserved 1114112K
  class space    used 5697K, committed 5888K, reserved 1048576K
}
Event: 32.234 GC heap after
{Heap after GC invocations=16 (full 0):
 garbage-first heap   total 115712K, used 61440K [0x0000000081e00000, 0x0000000100000000)
  region size 1024K, 5 young (5120K), 5 survivors (5120K)
 Metaspace       used 47524K, committed 47872K, reserved 1114112K
  class space    used 5697K, committed 5888K, reserved 1048576K
}
Event: 37.485 GC heap before
{Heap before GC invocations=17 (full 0):
 garbage-first heap   total 115712K, used 90112K [0x0000000081e00000, 0x0000000100000000)
  region size 1024K, 33 young (33792K), 5 survivors (5120K)
 Metaspace       used 50826K, committed 51200K, reserved 1114112K
  class space    used 6023K, committed 6208K, reserved 1048576K
}
Event: 37.518 GC heap after
{Heap after GC invocations=18 (full 0):
 garbage-first heap   total 115712K, used 64927K [0x0000000081e00000, 0x0000000100000000)
  region size 1024K, 4 young (4096K), 4 survivors (4096K)
 Metaspace       used 50826K, committed 51200K, reserved 1114112K
  class space    used 6023K, committed 6208K, reserved 1048576K
}
Event: 37.573 GC heap before
{Heap before GC invocations=18 (full 0):
 garbage-first heap   total 115712K, used 64927K [0x0000000081e00000, 0x0000000100000000)
  region size 1024K, 5 young (5120K), 4 survivors (4096K)
 Metaspace       used 50879K, committed 51264K, reserved 1114112K
  class space    used 6028K, committed 6208K, reserved 1048576K
}
Event: 37.591 GC heap after
{Heap after GC invocations=19 (full 0):
 garbage-first heap   total 115712K, used 63850K [0x0000000081e00000, 0x0000000100000000)
  region size 1024K, 1 young (1024K), 1 survivors (1024K)
 Metaspace       used 50879K, committed 51264K, reserved 1114112K
  class space    used 6028K, committed 6208K, reserved 1048576K
}
Event: 42.399 GC heap before
{Heap before GC invocations=19 (full 0):
 garbage-first heap   total 115712K, used 90474K [0x0000000081e00000, 0x0000000100000000)
  region size 1024K, 27 young (27648K), 1 survivors (1024K)
 Metaspace       used 52188K, committed 52544K, reserved 1114112K
  class space    used 6109K, committed 6272K, reserved 1048576K
}
Event: 42.419 GC heap after
{Heap after GC invocations=20 (full 0):
 garbage-first heap   total 115712K, used 66956K [0x0000000081e00000, 0x0000000100000000)
  region size 1024K, 4 young (4096K), 4 survivors (4096K)
 Metaspace       used 52188K, committed 52544K, reserved 1114112K
  class space    used 6109K, committed 6272K, reserved 1048576K
}
Event: 47.180 GC heap before
{Heap before GC invocations=21 (full 0):
 garbage-first heap   total 115712K, used 92556K [0x0000000081e00000, 0x0000000100000000)
  region size 1024K, 29 young (29696K), 4 survivors (4096K)
 Metaspace       used 53360K, committed 53760K, reserved 1114112K
  class space    used 6144K, committed 6336K, reserved 1048576K
}
Event: 47.205 GC heap after
{Heap after GC invocations=22 (full 0):
 garbage-first heap   total 115712K, used 71750K [0x0000000081e00000, 0x0000000100000000)
  region size 1024K, 4 young (4096K), 4 survivors (4096K)
 Metaspace       used 53360K, committed 53760K, reserved 1114112K
  class space    used 6144K, committed 6336K, reserved 1048576K
}
Event: 47.208 GC heap before
{Heap before GC invocations=22 (full 0):
 garbage-first heap   total 115712K, used 72774K [0x0000000081e00000, 0x0000000100000000)
  region size 1024K, 5 young (5120K), 4 survivors (4096K)
 Metaspace       used 53360K, committed 53760K, reserved 1114112K
  class space    used 6144K, committed 6336K, reserved 1048576K
}
Event: 47.222 GC heap after
{Heap after GC invocations=23 (full 0):
 garbage-first heap   total 115712K, used 71083K [0x0000000081e00000, 0x0000000100000000)
  region size 1024K, 1 young (1024K), 1 survivors (1024K)
 Metaspace       used 53360K, committed 53760K, reserved 1114112K
  class space    used 6144K, committed 6336K, reserved 1048576K
}
Event: 50.534 GC heap before
{Heap before GC invocations=23 (full 0):
 garbage-first heap   total 115712K, used 92587K [0x0000000081e00000, 0x0000000100000000)
  region size 1024K, 23 young (23552K), 1 survivors (1024K)
 Metaspace       used 53866K, committed 54208K, reserved 1114112K
  class space    used 6157K, committed 6336K, reserved 1048576K
}
Event: 50.553 GC heap after
{Heap after GC invocations=24 (full 0):
 garbage-first heap   total 115712K, used 74044K [0x0000000081e00000, 0x0000000100000000)
  region size 1024K, 3 young (3072K), 3 survivors (3072K)
 Metaspace       used 53866K, committed 54208K, reserved 1114112K
  class space    used 6157K, committed 6336K, reserved 1048576K
}
Event: 54.268 GC heap before
{Heap before GC invocations=24 (full 0):
 garbage-first heap   total 115712K, used 94524K [0x0000000081e00000, 0x0000000100000000)
  region size 1024K, 23 young (23552K), 3 survivors (3072K)
 Metaspace       used 54354K, committed 54720K, reserved 1114112K
  class space    used 6169K, committed 6336K, reserved 1048576K
}
Event: 54.290 GC heap after
{Heap after GC invocations=25 (full 0):
 garbage-first heap   total 115712K, used 76674K [0x0000000081e00000, 0x0000000100000000)
  region size 1024K, 3 young (3072K), 3 survivors (3072K)
 Metaspace       used 54354K, committed 54720K, reserved 1114112K
  class space    used 6169K, committed 6336K, reserved 1048576K
}
Event: 57.129 GC heap before
{Heap before GC invocations=25 (full 0):
 garbage-first heap   total 115712K, used 95106K [0x0000000081e00000, 0x0000000100000000)
  region size 1024K, 21 young (21504K), 3 survivors (3072K)
 Metaspace       used 54639K, committed 55040K, reserved 1114112K
  class space    used 6183K, committed 6400K, reserved 1048576K
}
Event: 57.149 GC heap after
{Heap after GC invocations=26 (full 0):
 garbage-first heap   total 115712K, used 79081K [0x0000000081e00000, 0x0000000100000000)
  region size 1024K, 3 young (3072K), 3 survivors (3072K)
 Metaspace       used 54639K, committed 55040K, reserved 1114112K
  class space    used 6183K, committed 6400K, reserved 1048576K
}

