# JRE version: OpenJDK Runtime Environment Temurin-17.0.19+10 (17.0.19+10) (build 17.0.19+10)
# Java VM: OpenJDK 64-Bit Server VM Temurin-17.0.19+10 (17.0.19+10, mixed mode, sharing, tiered, compressed oops, compressed class ptrs, g1 gc, windows-amd64)
GC Precious Log:
 CPUs: 8 total, 8 available
 Memory: 8070M
 Large Page Support: Disabled
 NUMA Support: Disabled
 Compressed Oops: Enabled (Zero based)
 Heap Region Size: 4M
 Heap Min Capacity: 8M
 Heap Initial Capacity: 128M
 Heap Max Capacity: 8G
 Pre-touch: Disabled
 Parallel Workers: 8
 Concurrent Workers: 2
 Concurrent Refinement Workers: 8
 Periodic GC: Disabled
Heap:
 garbage-first heap   total 262144K, used 165819K [0x0000000600000000, 0x0000000800000000)
  region size 4096K, 28 young (114688K), 1 survivors (4096K)
 Metaspace       used 55582K, committed 56640K, reserved 1114112K
  class space    used 7634K, committed 8128K, reserved 1048576K
GC Heap History (20 events):
Event: 254.482 GC heap before
{Heap before GC invocations=24 (full 0):
 garbage-first heap   total 118784K, used 90605K [0x0000000600000000, 0x0000000800000000)
  region size 4096K, 10 young (40960K), 1 survivors (4096K)
 Metaspace       used 53514K, committed 54208K, reserved 1114112K
  class space    used 7460K, committed 7808K, reserved 1048576K
}
Event: 254.486 GC heap after
{Heap after GC invocations=25 (full 0):
 garbage-first heap   total 118784K, used 52798K [0x0000000600000000, 0x0000000800000000)
  region size 4096K, 1 young (4096K), 1 survivors (4096K)
 Metaspace       used 53514K, committed 54208K, reserved 1114112K
  class space    used 7460K, committed 7808K, reserved 1048576K
}
Event: 254.595 GC heap before
{Heap before GC invocations=25 (full 0):
 garbage-first heap   total 118784K, used 56894K [0x0000000600000000, 0x0000000800000000)
  region size 4096K, 2 young (8192K), 1 survivors (4096K)
 Metaspace       used 53524K, committed 54208K, reserved 1114112K
  class space    used 7462K, committed 7808K, reserved 1048576K
}
Event: 254.612 GC heap after
{Heap after GC invocations=26 (full 0):
 garbage-first heap   total 118784K, used 52799K [0x0000000600000000, 0x0000000800000000)
  region size 4096K, 1 young (4096K), 1 survivors (4096K)
 Metaspace       used 53524K, committed 54208K, reserved 1114112K
  class space    used 7462K, committed 7808K, reserved 1048576K
}
Event: 257.942 GC heap before
{Heap before GC invocations=26 (full 0):
 garbage-first heap   total 118784K, used 89663K [0x0000000600000000, 0x0000000800000000)
  region size 4096K, 11 young (45056K), 1 survivors (4096K)
 Metaspace       used 53927K, committed 54720K, reserved 1114112K
  class space    used 7491K, committed 7872K, reserved 1048576K
}
Event: 257.947 GC heap after
{Heap after GC invocations=27 (full 0):
 garbage-first heap   total 118784K, used 56665K [0x0000000600000000, 0x0000000800000000)
  region size 4096K, 2 young (8192K), 2 survivors (8192K)
 Metaspace       used 53927K, committed 54720K, reserved 1114112K
  class space    used 7491K, committed 7872K, reserved 1048576K
}
Event: 258.105 GC heap before
{Heap before GC invocations=27 (full 0):
 garbage-first heap   total 118784K, used 89433K [0x0000000600000000, 0x0000000800000000)
  region size 4096K, 10 young (40960K), 2 survivors (8192K)
 Metaspace       used 53930K, committed 54720K, reserved 1114112K
  class space    used 7491K, committed 7872K, reserved 1048576K
}
Event: 258.116 GC heap after
{Heap after GC invocations=28 (full 0):
 garbage-first heap   total 118784K, used 56755K [0x0000000600000000, 0x0000000800000000)
  region size 4096K, 1 young (4096K), 1 survivors (4096K)
 Metaspace       used 53930K, committed 54720K, reserved 1114112K
  class space    used 7491K, committed 7872K, reserved 1048576K
}
Event: 261.909 GC heap before
{Heap before GC invocations=28 (full 0):
 garbage-first heap   total 118784K, used 89523K [0x0000000600000000, 0x0000000800000000)
  region size 4096K, 10 young (40960K), 1 survivors (4096K)
 Metaspace       used 54183K, committed 54976K, reserved 1114112K
  class space    used 7505K, committed 7872K, reserved 1048576K
}
Event: 261.915 GC heap after
{Heap after GC invocations=29 (full 0):
 garbage-first heap   total 118784K, used 59976K [0x0000000600000000, 0x0000000800000000)
  region size 4096K, 2 young (8192K), 2 survivors (8192K)
 Metaspace       used 54183K, committed 54976K, reserved 1114112K
  class space    used 7505K, committed 7872K, reserved 1048576K
}
Event: 261.989 GC heap before
{Heap before GC invocations=29 (full 0):
 garbage-first heap   total 118784K, used 84552K [0x0000000600000000, 0x0000000800000000)
  region size 4096K, 9 young (36864K), 2 survivors (8192K)
 Metaspace       used 54188K, committed 54976K, reserved 1114112K
  class space    used 7505K, committed 7872K, reserved 1048576K
}
Event: 262.005 GC heap after
{Heap after GC invocations=30 (full 0):
 garbage-first heap   total 118784K, used 62359K [0x0000000600000000, 0x0000000800000000)
  region size 4096K, 1 young (4096K), 1 survivors (4096K)
 Metaspace       used 54188K, committed 54976K, reserved 1114112K
  class space    used 7505K, committed 7872K, reserved 1048576K
}
Event: 266.961 GC heap before
{Heap before GC invocations=31 (full 0):
 garbage-first heap   total 131072K, used 91031K [0x0000000600000000, 0x0000000800000000)
  region size 4096K, 8 young (32768K), 1 survivors (4096K)
 Metaspace       used 54237K, committed 55040K, reserved 1114112K
  class space    used 7506K, committed 7872K, reserved 1048576K
}
Event: 266.964 GC heap after
{Heap after GC invocations=32 (full 0):
 garbage-first heap   total 131072K, used 60960K [0x0000000600000000, 0x0000000800000000)
  region size 4096K, 1 young (4096K), 1 survivors (4096K)
 Metaspace       used 54237K, committed 55040K, reserved 1114112K
  class space    used 7506K, committed 7872K, reserved 1048576K
}
Event: 267.720 GC heap before
{Heap before GC invocations=32 (full 0):
 garbage-first heap   total 131072K, used 65056K [0x0000000600000000, 0x0000000800000000)
  region size 4096K, 2 young (8192K), 1 survivors (4096K)
 Metaspace       used 54356K, committed 55168K, reserved 1114112K
  class space    used 7515K, committed 7872K, reserved 1048576K
}
Event: 267.735 GC heap after
{Heap after GC invocations=33 (full 0):
 garbage-first heap   total 131072K, used 59611K [0x0000000600000000, 0x0000000800000000)
  region size 4096K, 1 young (4096K), 1 survivors (4096K)
 Metaspace       used 54356K, committed 55168K, reserved 1114112K
  class space    used 7515K, committed 7872K, reserved 1048576K
}
Event: 268.512 GC heap before
{Heap before GC invocations=33 (full 0):
 garbage-first heap   total 131072K, used 96475K [0x0000000600000000, 0x0000000800000000)
  region size 4096K, 10 young (40960K), 1 survivors (4096K)
 Metaspace       used 54461K, committed 55232K, reserved 1114112K
  class space    used 7515K, committed 7872K, reserved 1048576K
}
Event: 268.519 GC heap after
{Heap after GC invocations=34 (full 0):
 garbage-first heap   total 262144K, used 62262K [0x0000000600000000, 0x0000000800000000)
  region size 4096K, 2 young (8192K), 2 survivors (8192K)
 Metaspace       used 54461K, committed 55232K, reserved 1114112K
  class space    used 7515K, committed 7872K, reserved 1048576K
}
Event: 273.726 GC heap before
{Heap before GC invocations=35 (full 0):
 garbage-first heap   total 262144K, used 181046K [0x0000000600000000, 0x0000000800000000)
  region size 4096K, 32 young (131072K), 2 survivors (8192K)
 Metaspace       used 54760K, committed 55616K, reserved 1114112K
  class space    used 7533K, committed 7936K, reserved 1048576K
}
Event: 273.730 GC heap after
{Heap after GC invocations=36 (full 0):
 garbage-first heap   total 262144K, used 59323K [0x0000000600000000, 0x0000000800000000)
  region size 4096K, 1 young (4096K), 1 survivors (4096K)
 Metaspace       used 54760K, committed 55616K, reserved 1114112K
  class space    used 7533K, committed 7936K, reserved 1048576K
}

