# JRE version: OpenJDK Runtime Environment Temurin-17.0.19+10 (17.0.19+10) (build 17.0.19+10)
# Java VM: OpenJDK 64-Bit Server VM Temurin-17.0.19+10 (17.0.19+10, mixed mode, sharing, tiered, compressed oops, compressed class ptrs, g1 gc, windows-amd64)
GC Precious Log:
 CPUs: 8 total, 8 available
 Memory: 8070M
 Large Page Support: Disabled
 NUMA Support: Disabled
 Compressed Oops: Enabled (32-bit)
 Heap Region Size: 1M
 Heap Min Capacity: 8M
 Heap Initial Capacity: 128M
 Heap Max Capacity: 2018M
 Pre-touch: Disabled
 Parallel Workers: 8
 Concurrent Workers: 2
 Concurrent Refinement Workers: 8
 Periodic GC: Disabled
Heap:
 garbage-first heap   total 92160K, used 61665K [0x0000000081e00000, 0x0000000100000000)
  region size 1024K, 17 young (17408K), 2 survivors (2048K)
 Metaspace       used 38590K, committed 38912K, reserved 1114112K
  class space    used 4739K, committed 4864K, reserved 1048576K
GC Heap History (16 events):
Event: 18.917 GC heap before
{Heap before GC invocations=0 (full 0):
 garbage-first heap   total 131072K, used 26624K [0x0000000081e00000, 0x0000000100000000)
  region size 1024K, 23 young (23552K), 0 survivors (0K)
 Metaspace       used 6983K, committed 7104K, reserved 1114112K
  class space    used 721K, committed 768K, reserved 1048576K
}
Event: 19.025 GC heap after
{Heap after GC invocations=1 (full 0):
 garbage-first heap   total 131072K, used 6208K [0x0000000081e00000, 0x0000000100000000)
  region size 1024K, 3 young (3072K), 3 survivors (3072K)
 Metaspace       used 6983K, committed 7104K, reserved 1114112K
  class space    used 721K, committed 768K, reserved 1048576K
}
Event: 27.011 GC heap before
{Heap before GC invocations=1 (full 0):
 garbage-first heap   total 131072K, used 35904K [0x0000000081e00000, 0x0000000100000000)
  region size 1024K, 33 young (33792K), 3 survivors (3072K)
 Metaspace       used 15609K, committed 15808K, reserved 1114112K
  class space    used 1745K, committed 1856K, reserved 1048576K
}
Event: 27.020 GC heap after
{Heap after GC invocations=2 (full 0):
 garbage-first heap   total 131072K, used 7890K [0x0000000081e00000, 0x0000000100000000)
  region size 1024K, 2 young (2048K), 2 survivors (2048K)
 Metaspace       used 15609K, committed 15808K, reserved 1114112K
  class space    used 1745K, committed 1856K, reserved 1048576K
}
Event: 43.622 GC heap before
{Heap before GC invocations=2 (full 0):
 garbage-first heap   total 131072K, used 92882K [0x0000000081e00000, 0x0000000100000000)
  region size 1024K, 75 young (76800K), 2 survivors (2048K)
 Metaspace       used 21277K, committed 21504K, reserved 1114112K
  class space    used 2708K, committed 2816K, reserved 1048576K
}
Event: 43.685 GC heap after
{Heap after GC invocations=3 (full 0):
 garbage-first heap   total 131072K, used 26808K [0x0000000081e00000, 0x0000000100000000)
  region size 1024K, 10 young (10240K), 10 survivors (10240K)
 Metaspace       used 21277K, committed 21504K, reserved 1114112K
  class space    used 2708K, committed 2816K, reserved 1048576K
}
Event: 44.739 GC heap before
{Heap before GC invocations=4 (full 0):
 garbage-first heap   total 92160K, used 26808K [0x0000000081e00000, 0x0000000100000000)
  region size 1024K, 11 young (11264K), 10 survivors (10240K)
 Metaspace       used 21301K, committed 21568K, reserved 1114112K
  class space    used 2708K, committed 2816K, reserved 1048576K
}
Event: 44.777 GC heap after
{Heap after GC invocations=5 (full 0):
 garbage-first heap   total 92160K, used 27320K [0x0000000081e00000, 0x0000000100000000)
  region size 1024K, 1 young (1024K), 1 survivors (1024K)
 Metaspace       used 21301K, committed 21568K, reserved 1114112K
  class space    used 2708K, committed 2816K, reserved 1048576K
}
Event: 45.698 GC heap before
{Heap before GC invocations=5 (full 0):
 garbage-first heap   total 92160K, used 30392K [0x0000000081e00000, 0x0000000100000000)
  region size 1024K, 4 young (4096K), 1 survivors (1024K)
 Metaspace       used 22021K, committed 22272K, reserved 1114112K
  class space    used 2999K, committed 3136K, reserved 1048576K
}
Event: 45.702 GC heap after
{Heap after GC invocations=6 (full 0):
 garbage-first heap   total 92160K, used 27546K [0x0000000081e00000, 0x0000000100000000)
  region size 1024K, 1 young (1024K), 1 survivors (1024K)
 Metaspace       used 22021K, committed 22272K, reserved 1114112K
  class space    used 2999K, committed 3136K, reserved 1048576K
}
Event: 50.381 GC heap before
{Heap before GC invocations=6 (full 0):
 garbage-first heap   total 92160K, used 72602K [0x0000000081e00000, 0x0000000100000000)
  region size 1024K, 34 young (34816K), 1 survivors (1024K)
 Metaspace       used 28543K, committed 28800K, reserved 1114112K
  class space    used 3711K, committed 3840K, reserved 1048576K
}
Event: 50.395 GC heap after
{Heap after GC invocations=7 (full 0):
 garbage-first heap   total 92160K, used 44032K [0x0000000081e00000, 0x0000000100000000)
  region size 1024K, 5 young (5120K), 5 survivors (5120K)
 Metaspace       used 28543K, committed 28800K, reserved 1114112K
  class space    used 3711K, committed 3840K, reserved 1048576K
}
Event: 54.523 GC heap before
{Heap before GC invocations=7 (full 0):
 garbage-first heap   total 92160K, used 69632K [0x0000000081e00000, 0x0000000100000000)
  region size 1024K, 31 young (31744K), 5 survivors (5120K)
 Metaspace       used 34071K, committed 34240K, reserved 1114112K
  class space    used 4207K, committed 4288K, reserved 1048576K
}
Event: 54.540 GC heap after
{Heap after GC invocations=8 (full 0):
 garbage-first heap   total 92160K, used 46181K [0x0000000081e00000, 0x0000000100000000)
  region size 1024K, 3 young (3072K), 3 survivors (3072K)
 Metaspace       used 34071K, committed 34240K, reserved 1114112K
  class space    used 4207K, committed 4288K, reserved 1048576K
}
Event: 56.457 GC heap before
{Heap before GC invocations=8 (full 0):
 garbage-first heap   total 92160K, used 52325K [0x0000000081e00000, 0x0000000100000000)
  region size 1024K, 11 young (11264K), 3 survivors (3072K)
 Metaspace       used 35760K, committed 35968K, reserved 1114112K
  class space    used 4365K, committed 4480K, reserved 1048576K
}
Event: 56.468 GC heap after
{Heap after GC invocations=9 (full 0):
 garbage-first heap   total 92160K, used 47329K [0x0000000081e00000, 0x0000000100000000)
  region size 1024K, 2 young (2048K), 2 survivors (2048K)
 Metaspace       used 35760K, committed 35968K, reserved 1114112K
  class space    used 4365K, committed 4480K, reserved 1048576K
}

