# JRE version: OpenJDK Runtime Environment Temurin-21.0.12.1+1 (21.0.12.1+1) (build 21.0.12.1+1-LTS)
# Java VM: OpenJDK 64-Bit Server VM Temurin-21.0.12.1+1 (21.0.12.1+1-LTS, mixed mode, sharing, tiered, compressed oops, compressed class ptrs, g1 gc, windows-amd64)
GC Precious Log:
 CardTable entry size: 512
 Card Set container configuration: InlinePtr #cards 5 size 8 Array Of Cards #cards 12 size 40 Howl #buckets 4 coarsen threshold 1843 Howl Bitmap #cards 512 size 80 coarsen threshold 460 Card regions per heap region 1 cards per card region 2048
 CPUs: 8 total, 8 available
 Memory: 8070M
 Large Page Support: Disabled
 NUMA Support: Disabled
 Compressed Oops: Enabled (32-bit)
 Heap Region Size: 1M
 Heap Min Capacity: 256M
 Heap Initial Capacity: 256M
 Heap Max Capacity: 512M
 Pre-touch: Disabled
 Parallel Workers: 8
 Concurrent Workers: 2
 Concurrent Refinement Workers: 8
 Periodic GC: Disabled
Heap:
 garbage-first heap   total 262144K, used 93360K [0x00000000e0000000, 0x0000000100000000)
  region size 1024K, 42 young (43008K), 20 survivors (20480K)
 Metaspace       used 75881K, committed 77696K, reserved 458752K
  class space    used 10501K, committed 11392K, reserved 327680K
GC Heap History (16 events):
Event: 37.629 GC heap before
{Heap before GC invocations=0 (full 0):
 garbage-first heap   total 262144K, used 26624K [0x00000000e0000000, 0x0000000100000000)
  region size 1024K, 23 young (23552K), 0 survivors (0K)
 Metaspace       used 1129K, committed 1216K, reserved 393216K
  class space    used 83K, committed 128K, reserved 327680K
}
Event: 37.732 GC heap after
{Heap after GC invocations=1 (full 0):
 garbage-first heap   total 262144K, used 10186K [0x00000000e0000000, 0x0000000100000000)
  region size 1024K, 3 young (3072K), 3 survivors (3072K)
 Metaspace       used 1129K, committed 1216K, reserved 393216K
  class space    used 83K, committed 128K, reserved 327680K
}
Event: 46.940 GC heap before
{Heap before GC invocations=1 (full 0):
 garbage-first heap   total 262144K, used 40906K [0x00000000e0000000, 0x0000000100000000)
  region size 1024K, 33 young (33792K), 3 survivors (3072K)
 Metaspace       used 4273K, committed 4480K, reserved 393216K
  class space    used 546K, committed 640K, reserved 327680K
}
Event: 46.944 GC heap after
{Heap after GC invocations=2 (full 0):
 garbage-first heap   total 262144K, used 11926K [0x00000000e0000000, 0x0000000100000000)
  region size 1024K, 2 young (2048K), 2 survivors (2048K)
 Metaspace       used 4273K, committed 4480K, reserved 393216K
  class space    used 546K, committed 640K, reserved 327680K
}
Event: 95.874 GC heap before
{Heap before GC invocations=2 (full 0):
 garbage-first heap   total 262144K, used 142998K [0x00000000e0000000, 0x0000000100000000)
  region size 1024K, 129 young (132096K), 2 survivors (2048K)
 Metaspace       used 20837K, committed 21504K, reserved 393216K
  class space    used 3072K, committed 3392K, reserved 327680K
}
Event: 95.948 GC heap after
{Heap after GC invocations=3 (full 0):
 garbage-first heap   total 262144K, used 25216K [0x00000000e0000000, 0x0000000100000000)
  region size 1024K, 14 young (14336K), 14 survivors (14336K)
 Metaspace       used 20837K, committed 21504K, reserved 393216K
  class space    used 3072K, committed 3392K, reserved 327680K
}
Event: 110.742 GC heap before
{Heap before GC invocations=4 (full 0):
 garbage-first heap   total 262144K, used 151168K [0x00000000e0000000, 0x0000000100000000)
  region size 1024K, 139 young (142336K), 14 survivors (14336K)
 Metaspace       used 34815K, committed 35968K, reserved 393216K
  class space    used 5241K, committed 5824K, reserved 327680K
}
Event: 110.762 GC heap after
{Heap after GC invocations=5 (full 0):
 garbage-first heap   total 262144K, used 33204K [0x00000000e0000000, 0x0000000100000000)
  region size 1024K, 9 young (9216K), 9 survivors (9216K)
 Metaspace       used 34815K, committed 35968K, reserved 393216K
  class space    used 5241K, committed 5824K, reserved 327680K
}
Event: 113.505 GC heap before
{Heap before GC invocations=6 (full 0):
 garbage-first heap   total 262144K, used 180660K [0x00000000e0000000, 0x0000000100000000)
  region size 1024K, 153 young (156672K), 9 survivors (9216K)
 Metaspace       used 34986K, committed 36224K, reserved 393216K
  class space    used 5259K, committed 5888K, reserved 327680K
}
Event: 113.525 GC heap after
{Heap after GC invocations=7 (full 0):
 garbage-first heap   total 262144K, used 40636K [0x00000000e0000000, 0x0000000100000000)
  region size 1024K, 16 young (16384K), 16 survivors (16384K)
 Metaspace       used 34986K, committed 36224K, reserved 393216K
  class space    used 5259K, committed 5888K, reserved 327680K
}
Event: 126.873 GC heap before
{Heap before GC invocations=7 (full 0):
 garbage-first heap   total 262144K, used 188092K [0x00000000e0000000, 0x0000000100000000)
  region size 1024K, 153 young (156672K), 16 survivors (16384K)
 Metaspace       used 53894K, committed 55296K, reserved 393216K
  class space    used 7933K, committed 8640K, reserved 327680K
}
Event: 126.899 GC heap after
{Heap after GC invocations=8 (full 0):
 garbage-first heap   total 262144K, used 48301K [0x00000000e0000000, 0x0000000100000000)
  region size 1024K, 17 young (17408K), 17 survivors (17408K)
 Metaspace       used 53894K, committed 55296K, reserved 393216K
  class space    used 7933K, committed 8640K, reserved 327680K
}
Event: 129.502 GC heap before
{Heap before GC invocations=8 (full 0):
 garbage-first heap   total 262144K, used 79021K [0x00000000e0000000, 0x0000000100000000)
  region size 1024K, 48 young (49152K), 17 survivors (17408K)
 Metaspace       used 58698K, committed 60096K, reserved 393216K
  class space    used 8524K, committed 9216K, reserved 327680K
}
Event: 129.520 GC heap after
{Heap after GC invocations=9 (full 0):
 garbage-first heap   total 262144K, used 49281K [0x00000000e0000000, 0x0000000100000000)
  region size 1024K, 9 young (9216K), 9 survivors (9216K)
 Metaspace       used 58698K, committed 60096K, reserved 393216K
  class space    used 8524K, committed 9216K, reserved 327680K
}
Event: 137.012 GC heap before
{Heap before GC invocations=10 (full 0):
 garbage-first heap   total 262144K, used 211073K [0x00000000e0000000, 0x0000000100000000)
  region size 1024K, 153 young (156672K), 9 survivors (9216K)
 Metaspace       used 73552K, committed 75008K, reserved 393216K
  class space    used 10148K, committed 10880K, reserved 327680K
}
Event: 137.035 GC heap after
{Heap after GC invocations=11 (full 0):
 garbage-first heap   total 262144K, used 71856K [0x00000000e0000000, 0x0000000100000000)
  region size 1024K, 20 young (20480K), 20 survivors (20480K)
 Metaspace       used 73552K, committed 75008K, reserved 393216K
  class space    used 10148K, committed 10880K, reserved 327680K
}

