# JRE version: OpenJDK Runtime Environment Temurin-21.0.12.1+1 (21.0.12.1+1) (build 21.0.12.1+1-LTS)
# Java VM: OpenJDK 64-Bit Server VM Temurin-21.0.12.1+1 (21.0.12.1+1-LTS, mixed mode, sharing, tiered, compressed oops, compressed class ptrs, g1 gc, windows-amd64)
GC Precious Log:
 CardTable entry size: 512
 Card Set container configuration: InlinePtr #cards 4 size 8 Array Of Cards #cards 32 size 80 Howl #buckets 8 coarsen threshold 7372 Howl Bitmap #cards 1024 size 144 coarsen threshold 921 Card regions per heap region 1 cards per card region 8192
 CPUs: 8 total, 8 available
 Memory: 8070M
 Large Page Support: Disabled
 NUMA Support: Disabled
 Compressed Oops: Enabled (Zero based)
 Heap Region Size: 4M
 Heap Min Capacity: 8M
 Heap Initial Capacity: 128M
 Heap Max Capacity: 8G
 Pre-touch: Disabled
 Parallel Workers: 8
 Concurrent Workers: 2
 Concurrent Refinement Workers: 8
 Periodic GC: Disabled
Heap:
 garbage-first heap   total 90112K, used 49035K [0x0000000600000000, 0x0000000800000000)
  region size 4096K, 5 young (20480K), 2 survivors (8192K)
 Metaspace       used 48849K, committed 50752K, reserved 1114112K
  class space    used 7255K, committed 8192K, reserved 1048576K
GC Heap History (20 events):
Event: 6.708 GC heap before
{Heap before GC invocations=3 (full 0):
 garbage-first heap   total 131072K, used 85230K [0x0000000600000000, 0x0000000800000000)
  region size 4096K, 19 young (77824K), 3 survivors (12288K)
 Metaspace       used 19850K, committed 20480K, reserved 1114112K
  class space    used 2746K, committed 3072K, reserved 1048576K
}
Event: 6.718 GC heap after
{Heap after GC invocations=4 (full 0):
 garbage-first heap   total 131072K, used 23479K [0x0000000600000000, 0x0000000800000000)
  region size 4096K, 2 young (8192K), 2 survivors (8192K)
 Metaspace       used 19850K, committed 20480K, reserved 1114112K
  class space    used 2746K, committed 3072K, reserved 1048576K
}
Event: 6.945 GC heap before
{Heap before GC invocations=4 (full 0):
 garbage-first heap   total 131072K, used 27575K [0x0000000600000000, 0x0000000800000000)
  region size 4096K, 4 young (16384K), 2 survivors (8192K)
 Metaspace       used 20870K, committed 21504K, reserved 1114112K
  class space    used 2913K, committed 3264K, reserved 1048576K
}
Event: 6.949 GC heap after
{Heap after GC invocations=5 (full 0):
 garbage-first heap   total 131072K, used 23355K [0x0000000600000000, 0x0000000800000000)
  region size 4096K, 1 young (4096K), 1 survivors (4096K)
 Metaspace       used 20870K, committed 21504K, reserved 1114112K
  class space    used 2913K, committed 3264K, reserved 1048576K
}
Event: 8.824 GC heap before
{Heap before GC invocations=6 (full 0):
 garbage-first heap   total 81920K, used 80699K [0x0000000600000000, 0x0000000800000000)
  region size 4096K, 15 young (61440K), 1 survivors (4096K)
 Metaspace       used 27994K, committed 29056K, reserved 1114112K
  class space    used 4063K, committed 4608K, reserved 1048576K
}
Event: 8.832 GC heap after
{Heap after GC invocations=7 (full 0):
 garbage-first heap   total 90112K, used 27044K [0x0000000600000000, 0x0000000800000000)
  region size 4096K, 2 young (8192K), 2 survivors (8192K)
 Metaspace       used 27994K, committed 29056K, reserved 1114112K
  class space    used 4063K, committed 4608K, reserved 1048576K
}
Event: 10.759 GC heap before
{Heap before GC invocations=7 (full 0):
 garbage-first heap   total 90112K, used 68004K [0x0000000600000000, 0x0000000800000000)
  region size 4096K, 13 young (53248K), 2 survivors (8192K)
 Metaspace       used 34052K, committed 35392K, reserved 1114112K
  class space    used 4911K, committed 5568K, reserved 1048576K
}
Event: 10.770 GC heap after
{Heap after GC invocations=8 (full 0):
 garbage-first heap   total 90112K, used 29206K [0x0000000600000000, 0x0000000800000000)
  region size 4096K, 2 young (8192K), 2 survivors (8192K)
 Metaspace       used 34052K, committed 35392K, reserved 1114112K
  class space    used 4911K, committed 5568K, reserved 1048576K
}
Event: 10.935 GC heap before
{Heap before GC invocations=8 (full 0):
 garbage-first heap   total 90112K, used 29206K [0x0000000600000000, 0x0000000800000000)
  region size 4096K, 3 young (12288K), 2 survivors (8192K)
 Metaspace       used 34812K, committed 36096K, reserved 1114112K
  class space    used 4988K, committed 5632K, reserved 1048576K
}
Event: 10.942 GC heap after
{Heap after GC invocations=9 (full 0):
 garbage-first heap   total 90112K, used 30224K [0x0000000600000000, 0x0000000800000000)
  region size 4096K, 1 young (4096K), 1 survivors (4096K)
 Metaspace       used 34812K, committed 36096K, reserved 1114112K
  class space    used 4988K, committed 5632K, reserved 1048576K
}
Event: 11.985 GC heap before
{Heap before GC invocations=10 (full 0):
 garbage-first heap   total 90112K, used 71184K [0x0000000600000000, 0x0000000800000000)
  region size 4096K, 11 young (45056K), 1 survivors (4096K)
 Metaspace       used 36749K, committed 38208K, reserved 1114112K
  class space    used 5321K, committed 6016K, reserved 1048576K
}
Event: 11.991 GC heap after
{Heap after GC invocations=11 (full 0):
 garbage-first heap   total 90112K, used 32053K [0x0000000600000000, 0x0000000800000000)
  region size 4096K, 2 young (8192K), 2 survivors (8192K)
 Metaspace       used 36749K, committed 38208K, reserved 1114112K
  class space    used 5321K, committed 6016K, reserved 1048576K
}
Event: 12.971 GC heap before
{Heap before GC invocations=11 (full 0):
 garbage-first heap   total 90112K, used 68917K [0x0000000600000000, 0x0000000800000000)
  region size 4096K, 11 young (45056K), 2 survivors (8192K)
 Metaspace       used 40119K, committed 41792K, reserved 1114112K
  class space    used 5893K, committed 6720K, reserved 1048576K
}
Event: 12.977 GC heap after
{Heap after GC invocations=12 (full 0):
 garbage-first heap   total 90112K, used 33741K [0x0000000600000000, 0x0000000800000000)
  region size 4096K, 2 young (8192K), 2 survivors (8192K)
 Metaspace       used 40119K, committed 41792K, reserved 1114112K
  class space    used 5893K, committed 6720K, reserved 1048576K
}
Event: 13.776 GC heap before
{Heap before GC invocations=12 (full 0):
 garbage-first heap   total 90112K, used 66509K [0x0000000600000000, 0x0000000800000000)
  region size 4096K, 11 young (45056K), 2 survivors (8192K)
 Metaspace       used 42369K, committed 44096K, reserved 1114112K
  class space    used 6296K, committed 7168K, reserved 1048576K
}
Event: 13.781 GC heap after
{Heap after GC invocations=13 (full 0):
 garbage-first heap   total 90112K, used 35155K [0x0000000600000000, 0x0000000800000000)
  region size 4096K, 2 young (8192K), 2 survivors (8192K)
 Metaspace       used 42369K, committed 44096K, reserved 1114112K
  class space    used 6296K, committed 7168K, reserved 1048576K
}
Event: 15.001 GC heap before
{Heap before GC invocations=13 (full 0):
 garbage-first heap   total 90112K, used 72019K [0x0000000600000000, 0x0000000800000000)
  region size 4096K, 11 young (45056K), 2 survivors (8192K)
 Metaspace       used 46008K, committed 47744K, reserved 1114112K
  class space    used 6846K, committed 7680K, reserved 1048576K
}
Event: 15.008 GC heap after
{Heap after GC invocations=14 (full 0):
 garbage-first heap   total 90112K, used 37356K [0x0000000600000000, 0x0000000800000000)
  region size 4096K, 2 young (8192K), 2 survivors (8192K)
 Metaspace       used 46008K, committed 47744K, reserved 1114112K
  class space    used 6846K, committed 7680K, reserved 1048576K
}
Event: 16.837 GC heap before
{Heap before GC invocations=14 (full 0):
 garbage-first heap   total 90112K, used 74220K [0x0000000600000000, 0x0000000800000000)
  region size 4096K, 11 young (45056K), 2 survivors (8192K)
 Metaspace       used 47487K, committed 49280K, reserved 1114112K
  class space    used 7003K, committed 7872K, reserved 1048576K
}
Event: 16.845 GC heap after
{Heap after GC invocations=15 (full 0):
 garbage-first heap   total 90112K, used 40843K [0x0000000600000000, 0x0000000800000000)
  region size 4096K, 2 young (8192K), 2 survivors (8192K)
 Metaspace       used 47487K, committed 49280K, reserved 1114112K
  class space    used 7003K, committed 7872K, reserved 1048576K
}

