# JRE version: OpenJDK Runtime Environment Temurin-17.0.19+10 (17.0.19+10) (build 17.0.19+10)
# Java VM: OpenJDK 64-Bit Server VM Temurin-17.0.19+10 (17.0.19+10, mixed mode, sharing, tiered, compressed oops, compressed class ptrs, g1 gc, windows-amd64)
GC Precious Log:
 CPUs: 8 total, 8 available
 Memory: 8070M
 Large Page Support: Disabled
 NUMA Support: Disabled
 Compressed Oops: Enabled (32-bit)
 Heap Region Size: 1M
 Heap Min Capacity: 8M
 Heap Initial Capacity: 128M
 Heap Max Capacity: 2018M
 Pre-touch: Disabled
 Parallel Workers: 8
 Concurrent Workers: 2
 Concurrent Refinement Workers: 8
 Periodic GC: Disabled
Heap:
 garbage-first heap   total 145408K, used 85070K [0x0000000081e00000, 0x0000000100000000)
  region size 1024K, 4 young (4096K), 4 survivors (4096K)
 Metaspace       used 55660K, committed 56064K, reserved 1114112K
  class space    used 6260K, committed 6464K, reserved 1048576K
GC Heap History (20 events):
Event: 18.737 GC heap after
{Heap after GC invocations=16 (full 0):
 garbage-first heap   total 96256K, used 56448K [0x0000000081e00000, 0x0000000100000000)
  region size 1024K, 4 young (4096K), 4 survivors (4096K)
 Metaspace       used 46382K, committed 46784K, reserved 1114112K
  class space    used 5631K, committed 5824K, reserved 1048576K
}
Event: 20.429 GC heap before
{Heap before GC invocations=16 (full 0):
 garbage-first heap   total 96256K, used 75904K [0x0000000081e00000, 0x0000000100000000)
  region size 1024K, 23 young (23552K), 4 survivors (4096K)
 Metaspace       used 47795K, committed 48128K, reserved 1114112K
  class space    used 5696K, committed 5888K, reserved 1048576K
}
Event: 20.455 GC heap after
{Heap after GC invocations=17 (full 0):
 garbage-first heap   total 140288K, used 60126K [0x0000000081e00000, 0x0000000100000000)
  region size 1024K, 3 young (3072K), 3 survivors (3072K)
 Metaspace       used 47795K, committed 48128K, reserved 1114112K
  class space    used 5696K, committed 5888K, reserved 1048576K
}
Event: 25.015 GC heap before
{Heap before GC invocations=18 (full 0):
 garbage-first heap   total 140288K, used 106206K [0x0000000081e00000, 0x0000000100000000)
  region size 1024K, 48 young (49152K), 3 survivors (3072K)
 Metaspace       used 51950K, committed 52288K, reserved 1114112K
  class space    used 6103K, committed 6272K, reserved 1048576K
}
Event: 25.039 GC heap after
{Heap after GC invocations=19 (full 0):
 garbage-first heap   total 140288K, used 65767K [0x0000000081e00000, 0x0000000100000000)
  region size 1024K, 6 young (6144K), 6 survivors (6144K)
 Metaspace       used 51950K, committed 52288K, reserved 1114112K
  class space    used 6103K, committed 6272K, reserved 1048576K
}
Event: 25.178 GC heap before
{Heap before GC invocations=19 (full 0):
 garbage-first heap   total 140288K, used 66791K [0x0000000081e00000, 0x0000000100000000)
  region size 1024K, 7 young (7168K), 6 survivors (6144K)
 Metaspace       used 52026K, committed 52416K, reserved 1114112K
  class space    used 6108K, committed 6272K, reserved 1048576K
}
Event: 25.194 GC heap after
{Heap after GC invocations=20 (full 0):
 garbage-first heap   total 140288K, used 66193K [0x0000000081e00000, 0x0000000100000000)
  region size 1024K, 1 young (1024K), 1 survivors (1024K)
 Metaspace       used 52026K, committed 52416K, reserved 1114112K
  class space    used 6108K, committed 6272K, reserved 1048576K
}
Event: 27.609 GC heap before
{Heap before GC invocations=20 (full 0):
 garbage-first heap   total 140288K, used 91793K [0x0000000081e00000, 0x0000000100000000)
  region size 1024K, 27 young (27648K), 1 survivors (1024K)
 Metaspace       used 53248K, committed 53696K, reserved 1114112K
  class space    used 6144K, committed 6336K, reserved 1048576K
}
Event: 27.620 GC heap after
{Heap after GC invocations=21 (full 0):
 garbage-first heap   total 140288K, used 68525K [0x0000000081e00000, 0x0000000100000000)
  region size 1024K, 4 young (4096K), 4 survivors (4096K)
 Metaspace       used 53248K, committed 53696K, reserved 1114112K
  class space    used 6144K, committed 6336K, reserved 1048576K
}
Event: 31.153 GC heap before
{Heap before GC invocations=22 (full 0):
 garbage-first heap   total 140288K, used 109485K [0x0000000081e00000, 0x0000000100000000)
  region size 1024K, 43 young (44032K), 4 survivors (4096K)
 Metaspace       used 54076K, committed 54400K, reserved 1114112K
  class space    used 6164K, committed 6336K, reserved 1048576K
}
Event: 31.173 GC heap after
{Heap after GC invocations=23 (full 0):
 garbage-first heap   total 140288K, used 73857K [0x0000000081e00000, 0x0000000100000000)
  region size 1024K, 6 young (6144K), 6 survivors (6144K)
 Metaspace       used 54076K, committed 54400K, reserved 1114112K
  class space    used 6164K, committed 6336K, reserved 1048576K
}
Event: 31.240 GC heap before
{Heap before GC invocations=23 (full 0):
 garbage-first heap   total 140288K, used 74881K [0x0000000081e00000, 0x0000000100000000)
  region size 1024K, 7 young (7168K), 6 survivors (6144K)
 Metaspace       used 54103K, committed 54464K, reserved 1114112K
  class space    used 6166K, committed 6336K, reserved 1048576K
}
Event: 31.258 GC heap after
{Heap after GC invocations=24 (full 0):
 garbage-first heap   total 140288K, used 73979K [0x0000000081e00000, 0x0000000100000000)
  region size 1024K, 1 young (1024K), 1 survivors (1024K)
 Metaspace       used 54103K, committed 54464K, reserved 1114112K
  class space    used 6166K, committed 6336K, reserved 1048576K
}
Event: 35.023 GC heap before
{Heap before GC invocations=24 (full 0):
 garbage-first heap   total 140288K, used 112891K [0x0000000081e00000, 0x0000000100000000)
  region size 1024K, 37 young (37888K), 1 survivors (1024K)
 Metaspace       used 54782K, committed 55232K, reserved 1114112K
  class space    used 6200K, committed 6400K, reserved 1048576K
}
Event: 35.037 GC heap after
{Heap after GC invocations=25 (full 0):
 garbage-first heap   total 140288K, used 79375K [0x0000000081e00000, 0x0000000100000000)
  region size 1024K, 5 young (5120K), 5 survivors (5120K)
 Metaspace       used 54782K, committed 55232K, reserved 1114112K
  class space    used 6200K, committed 6400K, reserved 1048576K
}
Event: 37.564 GC heap before
{Heap before GC invocations=26 (full 0):
 garbage-first heap   total 145408K, used 111119K [0x0000000081e00000, 0x0000000100000000)
  region size 1024K, 36 young (36864K), 5 survivors (5120K)
 Metaspace       used 55126K, committed 55488K, reserved 1114112K
  class space    used 6224K, committed 6400K, reserved 1048576K
}
Event: 37.583 GC heap after
{Heap after GC invocations=27 (full 0):
 garbage-first heap   total 145408K, used 82773K [0x0000000081e00000, 0x0000000100000000)
  region size 1024K, 4 young (4096K), 4 survivors (4096K)
 Metaspace       used 55126K, committed 55488K, reserved 1114112K
  class space    used 6224K, committed 6400K, reserved 1048576K
}
Event: 37.822 GC heap before
{Heap before GC invocations=27 (full 0):
 garbage-first heap   total 145408K, used 85845K [0x0000000081e00000, 0x0000000100000000)
  region size 1024K, 7 young (7168K), 4 survivors (4096K)
 Metaspace       used 55171K, committed 55552K, reserved 1114112K
  class space    used 6229K, committed 6400K, reserved 1048576K
}
Event: 37.833 GC heap after
{Heap after GC invocations=28 (full 0):
 garbage-first heap   total 145408K, used 82420K [0x0000000081e00000, 0x0000000100000000)
  region size 1024K, 1 young (1024K), 1 survivors (1024K)
 Metaspace       used 55171K, committed 55552K, reserved 1114112K
  class space    used 6229K, committed 6400K, reserved 1048576K
}
Event: 41.730 GC heap before
{Heap before GC invocations=28 (full 0):
 garbage-first heap   total 145408K, used 117236K [0x0000000081e00000, 0x0000000100000000)
  region size 1024K, 35 young (35840K), 1 survivors (1024K)
 Metaspace       used 55660K, committed 56064K, reserved 1114112K
  class space    used 6260K, committed 6464K, reserved 1048576K
}

