# JRE version: OpenJDK Runtime Environment Temurin-21.0.12.1+1 (21.0.12.1+1) (build 21.0.12.1+1-LTS)
# Java VM: OpenJDK 64-Bit Server VM Temurin-21.0.12.1+1 (21.0.12.1+1-LTS, mixed mode, sharing, tiered, compressed oops, compressed class ptrs, g1 gc, windows-amd64)
GC Precious Log:
 CardTable entry size: 512
 Card Set container configuration: InlinePtr #cards 5 size 8 Array Of Cards #cards 12 size 40 Howl #buckets 4 coarsen threshold 1843 Howl Bitmap #cards 512 size 80 coarsen threshold 460 Card regions per heap region 1 cards per card region 2048
 CPUs: 8 total, 8 available
 Memory: 8070M
 Large Page Support: Disabled
 NUMA Support: Disabled
 Compressed Oops: Enabled (32-bit)
 Heap Region Size: 1M
 Heap Min Capacity: 256M
 Heap Initial Capacity: 256M
 Heap Max Capacity: 512M
 Pre-touch: Disabled
 Parallel Workers: 8
 Concurrent Workers: 2
 Concurrent Refinement Workers: 8
 Periodic GC: Disabled
Heap:
 garbage-first heap   total 262144K, used 133905K [0x00000000e0000000, 0x0000000100000000)
  region size 1024K, 34 young (34816K), 7 survivors (7168K)
 Metaspace       used 126849K, committed 129216K, reserved 458752K
  class space    used 16861K, committed 18048K, reserved 327680K
GC Heap History (20 events):
Event: 21.757 GC heap before
{Heap before GC invocations=5 (full 0):
 garbage-first heap   total 262144K, used 32776K [0x00000000e0000000, 0x0000000100000000)
  region size 1024K, 10 young (10240K), 7 survivors (7168K)
 Metaspace       used 35038K, committed 36288K, reserved 393216K
  class space    used 5187K, committed 5824K, reserved 327680K
}
Event: 21.764 GC heap after
{Heap after GC invocations=6 (full 0):
 garbage-first heap   total 262144K, used 31584K [0x00000000e0000000, 0x0000000100000000)
  region size 1024K, 7 young (7168K), 7 survivors (7168K)
 Metaspace       used 35038K, committed 36288K, reserved 393216K
  class space    used 5187K, committed 5824K, reserved 327680K
}
Event: 21.844 GC heap before
{Heap before GC invocations=6 (full 0):
 garbage-first heap   total 262144K, used 33632K [0x00000000e0000000, 0x0000000100000000)
  region size 1024K, 10 young (10240K), 7 survivors (7168K)
 Metaspace       used 35369K, committed 36608K, reserved 393216K
  class space    used 5221K, committed 5824K, reserved 327680K
}
Event: 21.852 GC heap after
{Heap after GC invocations=7 (full 0):
 garbage-first heap   total 262144K, used 32757K [0x00000000e0000000, 0x0000000100000000)
  region size 1024K, 8 young (8192K), 8 survivors (8192K)
 Metaspace       used 35369K, committed 36608K, reserved 393216K
  class space    used 5221K, committed 5824K, reserved 327680K
}
Event: 36.023 GC heap before
{Heap before GC invocations=8 (full 0):
 garbage-first heap   total 262144K, used 187381K [0x00000000e0000000, 0x0000000100000000)
  region size 1024K, 153 young (156672K), 8 survivors (8192K)
 Metaspace       used 48377K, committed 50048K, reserved 393216K
  class space    used 7098K, committed 7936K, reserved 327680K
}
Event: 36.039 GC heap after
{Heap after GC invocations=9 (full 0):
 garbage-first heap   total 262144K, used 41108K [0x00000000e0000000, 0x0000000100000000)
  region size 1024K, 16 young (16384K), 16 survivors (16384K)
 Metaspace       used 48377K, committed 50048K, reserved 393216K
  class space    used 7098K, committed 7936K, reserved 327680K
}
Event: 54.166 GC heap before
{Heap before GC invocations=9 (full 0):
 garbage-first heap   total 262144K, used 153748K [0x00000000e0000000, 0x0000000100000000)
  region size 1024K, 123 young (125952K), 16 survivors (16384K)
 Metaspace       used 59268K, committed 61120K, reserved 393216K
  class space    used 8620K, committed 9536K, reserved 327680K
}
Event: 54.182 GC heap after
{Heap after GC invocations=10 (full 0):
 garbage-first heap   total 262144K, used 49510K [0x00000000e0000000, 0x0000000100000000)
  region size 1024K, 15 young (15360K), 15 survivors (15360K)
 Metaspace       used 59268K, committed 61120K, reserved 393216K
  class space    used 8620K, committed 9536K, reserved 327680K
}
Event: 54.411 GC heap before
{Heap before GC invocations=10 (full 0):
 garbage-first heap   total 262144K, used 53606K [0x00000000e0000000, 0x0000000100000000)
  region size 1024K, 20 young (20480K), 15 survivors (15360K)
 Metaspace       used 59644K, committed 61440K, reserved 393216K
  class space    used 8676K, committed 9600K, reserved 327680K
}
Event: 54.423 GC heap after
{Heap after GC invocations=11 (full 0):
 garbage-first heap   total 262144K, used 50125K [0x00000000e0000000, 0x0000000100000000)
  region size 1024K, 7 young (7168K), 7 survivors (7168K)
 Metaspace       used 59644K, committed 61440K, reserved 393216K
  class space    used 8676K, committed 9600K, reserved 327680K
}
Event: 77.195 GC heap before
{Heap before GC invocations=12 (full 0):
 garbage-first heap   total 262144K, used 198605K [0x00000000e0000000, 0x0000000100000000)
  region size 1024K, 153 young (156672K), 7 survivors (7168K)
 Metaspace       used 74465K, committed 76416K, reserved 393216K
  class space    used 10690K, committed 11648K, reserved 327680K
}
Event: 77.206 GC heap after
{Heap after GC invocations=13 (full 0):
 garbage-first heap   total 262144K, used 55345K [0x00000000e0000000, 0x0000000100000000)
  region size 1024K, 12 young (12288K), 12 survivors (12288K)
 Metaspace       used 74465K, committed 76416K, reserved 393216K
  class space    used 10690K, committed 11648K, reserved 327680K
}
Event: 88.573 GC heap before
{Heap before GC invocations=13 (full 0):
 garbage-first heap   total 262144K, used 214065K [0x00000000e0000000, 0x0000000100000000)
  region size 1024K, 153 young (156672K), 12 survivors (12288K)
 Metaspace       used 87585K, committed 89536K, reserved 458752K
  class space    used 12608K, committed 13568K, reserved 327680K
}
Event: 88.601 GC heap after
{Heap after GC invocations=14 (full 0):
 garbage-first heap   total 262144K, used 81252K [0x00000000e0000000, 0x0000000100000000)
  region size 1024K, 20 young (20480K), 20 survivors (20480K)
 Metaspace       used 87585K, committed 89536K, reserved 458752K
  class space    used 12608K, committed 13568K, reserved 327680K
}
Event: 95.497 GC heap before
{Heap before GC invocations=14 (full 0):
 garbage-first heap   total 262144K, used 169316K [0x00000000e0000000, 0x0000000100000000)
  region size 1024K, 107 young (109568K), 20 survivors (20480K)
 Metaspace       used 98865K, committed 101184K, reserved 458752K
  class space    used 13958K, committed 15104K, reserved 327680K
}
Event: 95.521 GC heap after
{Heap after GC invocations=15 (full 0):
 garbage-first heap   total 262144K, used 88942K [0x00000000e0000000, 0x0000000100000000)
  region size 1024K, 6 young (6144K), 6 survivors (6144K)
 Metaspace       used 98865K, committed 101184K, reserved 458752K
  class space    used 13958K, committed 15104K, reserved 327680K
}
Event: 108.706 GC heap before
{Heap before GC invocations=16 (full 0):
 garbage-first heap   total 262144K, used 227182K [0x00000000e0000000, 0x0000000100000000)
  region size 1024K, 140 young (143360K), 6 survivors (6144K)
 Metaspace       used 106271K, committed 108608K, reserved 458752K
  class space    used 14698K, committed 15872K, reserved 327680K
}
Event: 108.726 GC heap after
{Heap after GC invocations=17 (full 0):
 garbage-first heap   total 262144K, used 101376K [0x00000000e0000000, 0x0000000100000000)
  region size 1024K, 18 young (18432K), 18 survivors (18432K)
 Metaspace       used 106271K, committed 108608K, reserved 458752K
  class space    used 14698K, committed 15872K, reserved 327680K
}
Event: 121.936 GC heap before
{Heap before GC invocations=17 (full 0):
 garbage-first heap   total 262144K, used 227328K [0x00000000e0000000, 0x0000000100000000)
  region size 1024K, 141 young (144384K), 18 survivors (18432K)
 Metaspace       used 124090K, committed 126464K, reserved 458752K
  class space    used 16515K, committed 17728K, reserved 327680K
}
Event: 121.961 GC heap after
{Heap after GC invocations=18 (full 0):
 garbage-first heap   total 262144K, used 107281K [0x00000000e0000000, 0x0000000100000000)
  region size 1024K, 7 young (7168K), 7 survivors (7168K)
 Metaspace       used 124090K, committed 126464K, reserved 458752K
  class space    used 16515K, committed 17728K, reserved 327680K
}

