# JRE version: OpenJDK Runtime Environment Temurin-17.0.19+10 (17.0.19+10) (build 17.0.19+10)
# Java VM: OpenJDK 64-Bit Server VM Temurin-17.0.19+10 (17.0.19+10, mixed mode, sharing, tiered, compressed oops, compressed class ptrs, g1 gc, windows-amd64)
GC Precious Log:
 CPUs: 8 total, 8 available
 Memory: 8070M
 Large Page Support: Disabled
 NUMA Support: Disabled
 Compressed Oops: Enabled (Zero based)
 Heap Region Size: 4M
 Heap Min Capacity: 8M
 Heap Initial Capacity: 128M
 Heap Max Capacity: 8G
 Pre-touch: Disabled
 Parallel Workers: 8
 Concurrent Workers: 2
 Concurrent Refinement Workers: 8
 Periodic GC: Disabled
Heap:
 garbage-first heap   total 110592K, used 60840K [0x0000000600000000, 0x0000000800000000)
  region size 4096K, 2 young (8192K), 1 survivors (4096K)
 Metaspace       used 73242K, committed 73984K, reserved 1114112K
  class space    used 10528K, committed 10880K, reserved 1048576K
GC Heap History (20 events):
Event: 45.205 GC heap before
{Heap before GC invocations=20 (full 0):
 garbage-first heap   total 98304K, used 70850K [0x0000000600000000, 0x0000000800000000)
  region size 4096K, 9 young (36864K), 2 survivors (8192K)
 Metaspace       used 57400K, committed 58112K, reserved 1114112K
  class space    used 8233K, committed 8576K, reserved 1048576K
}
Event: 45.212 GC heap after
{Heap after GC invocations=21 (full 0):
 garbage-first heap   total 98304K, used 51817K [0x0000000600000000, 0x0000000800000000)
  region size 4096K, 2 young (8192K), 2 survivors (8192K)
 Metaspace       used 57400K, committed 58112K, reserved 1114112K
  class space    used 8233K, committed 8576K, reserved 1048576K
}
Event: 46.247 GC heap before
{Heap before GC invocations=21 (full 0):
 garbage-first heap   total 98304K, used 72297K [0x0000000600000000, 0x0000000800000000)
  region size 4096K, 7 young (28672K), 2 survivors (8192K)
 Metaspace       used 59483K, committed 60224K, reserved 1114112K
  class space    used 8506K, committed 8832K, reserved 1048576K
}
Event: 46.253 GC heap after
{Heap after GC invocations=22 (full 0):
 garbage-first heap   total 98304K, used 51833K [0x0000000600000000, 0x0000000800000000)
  region size 4096K, 1 young (4096K), 1 survivors (4096K)
 Metaspace       used 59483K, committed 60224K, reserved 1114112K
  class space    used 8506K, committed 8832K, reserved 1048576K
}
Event: 47.395 GC heap before
{Heap before GC invocations=23 (full 0):
 garbage-first heap   total 102400K, used 72313K [0x0000000600000000, 0x0000000800000000)
  region size 4096K, 6 young (24576K), 1 survivors (4096K)
 Metaspace       used 61128K, committed 61824K, reserved 1114112K
  class space    used 8731K, committed 9024K, reserved 1048576K
}
Event: 47.398 GC heap after
{Heap after GC invocations=24 (full 0):
 garbage-first heap   total 102400K, used 52297K [0x0000000600000000, 0x0000000800000000)
  region size 4096K, 1 young (4096K), 1 survivors (4096K)
 Metaspace       used 61128K, committed 61824K, reserved 1114112K
  class space    used 8731K, committed 9024K, reserved 1048576K
}
Event: 49.447 GC heap before
{Heap before GC invocations=24 (full 0):
 garbage-first heap   total 102400K, used 76873K [0x0000000600000000, 0x0000000800000000)
  region size 4096K, 7 young (28672K), 1 survivors (4096K)
 Metaspace       used 63821K, committed 64576K, reserved 1114112K
  class space    used 9089K, committed 9408K, reserved 1048576K
}
Event: 49.452 GC heap after
{Heap after GC invocations=25 (full 0):
 garbage-first heap   total 102400K, used 53337K [0x0000000600000000, 0x0000000800000000)
  region size 4096K, 1 young (4096K), 1 survivors (4096K)
 Metaspace       used 63821K, committed 64576K, reserved 1114112K
  class space    used 9089K, committed 9408K, reserved 1048576K
}
Event: 50.605 GC heap before
{Heap before GC invocations=26 (full 0):
 garbage-first heap   total 102400K, used 77913K [0x0000000600000000, 0x0000000800000000)
  region size 4096K, 7 young (28672K), 1 survivors (4096K)
 Metaspace       used 65314K, committed 65984K, reserved 1114112K
  class space    used 9300K, committed 9600K, reserved 1048576K
}
Event: 50.609 GC heap after
{Heap after GC invocations=27 (full 0):
 garbage-first heap   total 102400K, used 53934K [0x0000000600000000, 0x0000000800000000)
  region size 4096K, 1 young (4096K), 1 survivors (4096K)
 Metaspace       used 65314K, committed 65984K, reserved 1114112K
  class space    used 9300K, committed 9600K, reserved 1048576K
}
Event: 52.218 GC heap before
{Heap before GC invocations=27 (full 0):
 garbage-first heap   total 102400K, used 78510K [0x0000000600000000, 0x0000000800000000)
  region size 4096K, 7 young (28672K), 1 survivors (4096K)
 Metaspace       used 66767K, committed 67456K, reserved 1114112K
  class space    used 9524K, committed 9856K, reserved 1048576K
}
Event: 52.223 GC heap after
{Heap after GC invocations=28 (full 0):
 garbage-first heap   total 102400K, used 54832K [0x0000000600000000, 0x0000000800000000)
  region size 4096K, 1 young (4096K), 1 survivors (4096K)
 Metaspace       used 66767K, committed 67456K, reserved 1114112K
  class space    used 9524K, committed 9856K, reserved 1048576K
}
Event: 54.204 GC heap before
{Heap before GC invocations=29 (full 0):
 garbage-first heap   total 102400K, used 79408K [0x0000000600000000, 0x0000000800000000)
  region size 4096K, 7 young (28672K), 1 survivors (4096K)
 Metaspace       used 68550K, committed 69248K, reserved 1114112K
  class space    used 9774K, committed 10112K, reserved 1048576K
}
Event: 54.209 GC heap after
{Heap after GC invocations=30 (full 0):
 garbage-first heap   total 102400K, used 56237K [0x0000000600000000, 0x0000000800000000)
  region size 4096K, 1 young (4096K), 1 survivors (4096K)
 Metaspace       used 68550K, committed 69248K, reserved 1114112K
  class space    used 9774K, committed 10112K, reserved 1048576K
}
Event: 56.144 GC heap before
{Heap before GC invocations=30 (full 0):
 garbage-first heap   total 102400K, used 76717K [0x0000000600000000, 0x0000000800000000)
  region size 4096K, 6 young (24576K), 1 survivors (4096K)
 Metaspace       used 69645K, committed 70400K, reserved 1114112K
  class space    used 9926K, committed 10240K, reserved 1048576K
}
Event: 56.149 GC heap after
{Heap after GC invocations=31 (full 0):
 garbage-first heap   total 102400K, used 57433K [0x0000000600000000, 0x0000000800000000)
  region size 4096K, 1 young (4096K), 1 survivors (4096K)
 Metaspace       used 69645K, committed 70400K, reserved 1114112K
  class space    used 9926K, committed 10240K, reserved 1048576K
}
Event: 57.828 GC heap before
{Heap before GC invocations=32 (full 0):
 garbage-first heap   total 110592K, used 77913K [0x0000000600000000, 0x0000000800000000)
  region size 4096K, 6 young (24576K), 1 survivors (4096K)
 Metaspace       used 70750K, committed 71552K, reserved 1114112K
  class space    used 10092K, committed 10432K, reserved 1048576K
}
Event: 57.833 GC heap after
{Heap after GC invocations=33 (full 0):
 garbage-first heap   total 110592K, used 59062K [0x0000000600000000, 0x0000000800000000)
  region size 4096K, 1 young (4096K), 1 survivors (4096K)
 Metaspace       used 70750K, committed 71552K, reserved 1114112K
  class space    used 10092K, committed 10432K, reserved 1048576K
}
Event: 72.299 GC heap before
{Heap before GC invocations=33 (full 0):
 garbage-first heap   total 110592K, used 87734K [0x0000000600000000, 0x0000000800000000)
  region size 4096K, 8 young (32768K), 1 survivors (4096K)
 Metaspace       used 73052K, committed 73792K, reserved 1114112K
  class space    used 10485K, committed 10816K, reserved 1048576K
}
Event: 72.309 GC heap after
{Heap after GC invocations=34 (full 0):
 garbage-first heap   total 110592K, used 60840K [0x0000000600000000, 0x0000000800000000)
  region size 4096K, 1 young (4096K), 1 survivors (4096K)
 Metaspace       used 73052K, committed 73792K, reserved 1114112K
  class space    used 10485K, committed 10816K, reserved 1048576K
}

