# JRE version: OpenJDK Runtime Environment Temurin-17.0.19+10 (17.0.19+10) (build 17.0.19+10)
# Java VM: OpenJDK 64-Bit Server VM Temurin-17.0.19+10 (17.0.19+10, mixed mode, sharing, tiered, compressed oops, compressed class ptrs, g1 gc, windows-amd64)
GC Precious Log:
 CPUs: 8 total, 8 available
 Memory: 8070M
 Large Page Support: Disabled
 NUMA Support: Disabled
 Compressed Oops: Enabled (Zero based)
 Heap Region Size: 4M
 Heap Min Capacity: 8M
 Heap Initial Capacity: 128M
 Heap Max Capacity: 8G
 Pre-touch: Disabled
 Parallel Workers: 8
 Concurrent Workers: 2
 Concurrent Refinement Workers: 8
 Periodic GC: Disabled
Heap:
 garbage-first heap   total 688128K, used 425296K [0x0000000600000000, 0x0000000800000000)
  region size 4096K, 5 young (20480K), 5 survivors (20480K)
 Metaspace       used 186437K, committed 188096K, reserved 1245184K
  class space    used 24145K, committed 24960K, reserved 1048576K
GC Heap History (20 events):
Event: 176.502 GC heap after
{Heap after GC invocations=78 (full 0):
 garbage-first heap   total 303104K, used 198921K [0x0000000600000000, 0x0000000800000000)
  region size 4096K, 2 young (8192K), 2 survivors (8192K)
 Metaspace       used 150263K, committed 151488K, reserved 1245184K
  class space    used 19508K, committed 20096K, reserved 1048576K
}
Event: 179.509 GC heap before
{Heap before GC invocations=79 (full 0):
 garbage-first heap   total 344064K, used 231689K [0x0000000600000000, 0x0000000800000000)
  region size 4096K, 11 young (45056K), 2 survivors (8192K)
 Metaspace       used 152115K, committed 153408K, reserved 1245184K
  class space    used 19688K, committed 20288K, reserved 1048576K
}
Event: 179.598 GC heap after
{Heap after GC invocations=80 (full 0):
 garbage-first heap   total 344064K, used 209944K [0x0000000600000000, 0x0000000800000000)
  region size 4096K, 2 young (8192K), 2 survivors (8192K)
 Metaspace       used 152115K, committed 153408K, reserved 1245184K
  class space    used 19688K, committed 20288K, reserved 1048576K
}
Event: 180.110 GC heap before
{Heap before GC invocations=80 (full 0):
 garbage-first heap   total 344064K, used 214040K [0x0000000600000000, 0x0000000800000000)
  region size 4096K, 4 young (16384K), 2 survivors (8192K)
 Metaspace       used 152719K, committed 153984K, reserved 1245184K
  class space    used 19757K, committed 20352K, reserved 1048576K
}
Event: 180.122 GC heap after
{Heap after GC invocations=81 (full 0):
 garbage-first heap   total 688128K, used 207614K [0x0000000600000000, 0x0000000800000000)
  region size 4096K, 1 young (4096K), 1 survivors (4096K)
 Metaspace       used 152719K, committed 153984K, reserved 1245184K
  class space    used 19757K, committed 20352K, reserved 1048576K
}
Event: 203.302 GC heap before
{Heap before GC invocations=81 (full 0):
 garbage-first heap   total 688128K, used 441086K [0x0000000600000000, 0x0000000800000000)
  region size 4096K, 59 young (241664K), 1 survivors (4096K)
 Metaspace       used 167053K, committed 168384K, reserved 1245184K
  class space    used 21642K, committed 22272K, reserved 1048576K
}
Event: 203.330 GC heap after
{Heap after GC invocations=82 (full 0):
 garbage-first heap   total 688128K, used 224910K [0x0000000600000000, 0x0000000800000000)
  region size 4096K, 5 young (20480K), 5 survivors (20480K)
 Metaspace       used 167053K, committed 168384K, reserved 1245184K
  class space    used 21642K, committed 22272K, reserved 1048576K
}
Event: 221.618 GC heap before
{Heap before GC invocations=82 (full 0):
 garbage-first heap   total 688128K, used 507534K [0x0000000600000000, 0x0000000800000000)
  region size 4096K, 74 young (303104K), 5 survivors (20480K)
 Metaspace       used 172380K, committed 173696K, reserved 1245184K
  class space    used 22234K, committed 22848K, reserved 1048576K
}
Event: 221.646 GC heap after
{Heap after GC invocations=83 (full 0):
 garbage-first heap   total 688128K, used 226952K [0x0000000600000000, 0x0000000800000000)
  region size 4096K, 5 young (20480K), 5 survivors (20480K)
 Metaspace       used 172380K, committed 173696K, reserved 1245184K
  class space    used 22234K, committed 22848K, reserved 1048576K
}
Event: 237.306 GC heap before
{Heap before GC invocations=83 (full 0):
 garbage-first heap   total 688128K, used 542344K [0x0000000600000000, 0x0000000800000000)
  region size 4096K, 82 young (335872K), 5 survivors (20480K)
 Metaspace       used 183898K, committed 185472K, reserved 1245184K
  class space    used 23969K, committed 24768K, reserved 1048576K
}
Event: 237.348 GC heap after
{Heap after GC invocations=84 (full 0):
 garbage-first heap   total 688128K, used 247316K [0x0000000600000000, 0x0000000800000000)
  region size 4096K, 10 young (40960K), 10 survivors (40960K)
 Metaspace       used 183898K, committed 185472K, reserved 1245184K
  class space    used 23969K, committed 24768K, reserved 1048576K
}
Event: 245.850 GC heap before
{Heap before GC invocations=84 (full 0):
 garbage-first heap   total 688128K, used 542228K [0x0000000600000000, 0x0000000800000000)
  region size 4096K, 82 young (335872K), 10 survivors (40960K)
 Metaspace       used 184643K, committed 186240K, reserved 1245184K
  class space    used 24042K, committed 24832K, reserved 1048576K
}
Event: 246.403 GC heap after
{Heap after GC invocations=85 (full 0):
 garbage-first heap   total 688128K, used 299336K [0x0000000600000000, 0x0000000800000000)
  region size 4096K, 11 young (45056K), 11 survivors (45056K)
 Metaspace       used 184643K, committed 186240K, reserved 1245184K
  class space    used 24042K, committed 24832K, reserved 1048576K
}
Event: 248.227 GC heap before
{Heap before GC invocations=85 (full 0):
 garbage-first heap   total 688128K, used 344392K [0x0000000600000000, 0x0000000800000000)
  region size 4096K, 22 young (90112K), 11 survivors (45056K)
 Metaspace       used 184765K, committed 186304K, reserved 1245184K
  class space    used 24043K, committed 24832K, reserved 1048576K
}
Event: 248.341 GC heap after
{Heap after GC invocations=86 (full 0):
 garbage-first heap   total 688128K, used 318438K [0x0000000600000000, 0x0000000800000000)
  region size 4096K, 3 young (12288K), 3 survivors (12288K)
 Metaspace       used 184765K, committed 186304K, reserved 1245184K
  class space    used 24043K, committed 24832K, reserved 1048576K
}
Event: 256.593 GC heap before
{Heap before GC invocations=86 (full 0):
 garbage-first heap   total 688128K, used 510950K [0x0000000600000000, 0x0000000800000000)
  region size 4096K, 49 young (200704K), 3 survivors (12288K)
 Metaspace       used 185509K, committed 187072K, reserved 1245184K
  class space    used 24093K, committed 24896K, reserved 1048576K
}
Event: 256.620 GC heap after
{Heap after GC invocations=87 (full 0):
 garbage-first heap   total 688128K, used 327540K [0x0000000600000000, 0x0000000800000000)
  region size 4096K, 6 young (24576K), 6 survivors (24576K)
 Metaspace       used 185509K, committed 187072K, reserved 1245184K
  class space    used 24093K, committed 24896K, reserved 1048576K
}
Event: 258.346 GC heap before
{Heap before GC invocations=87 (full 0):
 garbage-first heap   total 688128K, used 520052K [0x0000000600000000, 0x0000000800000000)
  region size 4096K, 53 young (217088K), 6 survivors (24576K)
 Metaspace       used 185588K, committed 187136K, reserved 1245184K
  class space    used 24094K, committed 24896K, reserved 1048576K
}
Event: 258.603 GC heap after
{Heap after GC invocations=88 (full 0):
 garbage-first heap   total 688128K, used 394947K [0x0000000600000000, 0x0000000800000000)
  region size 4096K, 7 young (28672K), 7 survivors (28672K)
 Metaspace       used 185588K, committed 187136K, reserved 1245184K
  class space    used 24094K, committed 24896K, reserved 1048576K
}
Event: 262.266 GC heap before
{Heap before GC invocations=88 (full 0):
 garbage-first heap   total 688128K, used 513731K [0x0000000600000000, 0x0000000800000000)
  region size 4096K, 36 young (147456K), 7 survivors (28672K)
 Metaspace       used 186437K, committed 188096K, reserved 1245184K
  class space    used 24145K, committed 24960K, reserved 1048576K
}

