# JRE version: OpenJDK Runtime Environment Temurin-21.0.12.1+1 (21.0.12.1+1) (build 21.0.12.1+1-LTS)
# Java VM: OpenJDK 64-Bit Server VM Temurin-21.0.12.1+1 (21.0.12.1+1-LTS, mixed mode, sharing, tiered, compressed oops, compressed class ptrs, g1 gc, windows-amd64)
GC Precious Log:
 CardTable entry size: 512
 Card Set container configuration: InlinePtr #cards 4 size 8 Array Of Cards #cards 32 size 80 Howl #buckets 8 coarsen threshold 7372 Howl Bitmap #cards 1024 size 144 coarsen threshold 921 Card regions per heap region 1 cards per card region 8192
 CPUs: 8 total, 8 available
 Memory: 8070M
 Large Page Support: Disabled
 NUMA Support: Disabled
 Compressed Oops: Enabled (Zero based)
 Heap Region Size: 4M
 Heap Min Capacity: 8M
 Heap Initial Capacity: 128M
 Heap Max Capacity: 8G
 Pre-touch: Disabled
 Parallel Workers: 8
 Concurrent Workers: 2
 Concurrent Refinement Workers: 8
 Periodic GC: Disabled
Heap:
 garbage-first heap   total 110592K, used 46061K [0x0000000600000000, 0x0000000800000000)
  region size 4096K, 7 young (28672K), 1 survivors (4096K)
 Metaspace       used 35969K, committed 37312K, reserved 1114112K
  class space    used 5291K, committed 5952K, reserved 1048576K
GC Heap History (16 events):
Event: 2.459 GC heap before
{Heap before GC invocations=0 (full 0):
 garbage-first heap   total 131072K, used 20480K [0x0000000600000000, 0x0000000800000000)
  region size 4096K, 5 young (20480K), 0 survivors (0K)
 Metaspace       used 872K, committed 1024K, reserved 1114112K
  class space    used 71K, committed 128K, reserved 1048576K
}
Event: 2.537 GC heap after
{Heap after GC invocations=1 (full 0):
 garbage-first heap   total 131072K, used 1535K [0x0000000600000000, 0x0000000800000000)
  region size 4096K, 1 young (4096K), 1 survivors (4096K)
 Metaspace       used 872K, committed 1024K, reserved 1114112K
  class space    used 71K, committed 128K, reserved 1048576K
}
Event: 6.725 GC heap before
{Heap before GC invocations=1 (full 0):
 garbage-first heap   total 131072K, used 38399K [0x0000000600000000, 0x0000000800000000)
  region size 4096K, 10 young (40960K), 1 survivors (4096K)
 Metaspace       used 4531K, committed 4736K, reserved 1114112K
  class space    used 582K, committed 704K, reserved 1048576K
}
Event: 6.735 GC heap after
{Heap after GC invocations=2 (full 0):
 garbage-first heap   total 131072K, used 11386K [0x0000000600000000, 0x0000000800000000)
  region size 4096K, 2 young (8192K), 2 survivors (8192K)
 Metaspace       used 4531K, committed 4736K, reserved 1114112K
  class space    used 582K, committed 704K, reserved 1048576K
}
Event: 11.483 GC heap before
{Heap before GC invocations=2 (full 0):
 garbage-first heap   total 131072K, used 72826K [0x0000000600000000, 0x0000000800000000)
  region size 4096K, 18 young (73728K), 2 survivors (8192K)
 Metaspace       used 8565K, committed 8960K, reserved 1114112K
  class space    used 1173K, committed 1344K, reserved 1048576K
}
Event: 11.497 GC heap after
{Heap after GC invocations=3 (full 0):
 garbage-first heap   total 131072K, used 19151K [0x0000000600000000, 0x0000000800000000)
  region size 4096K, 2 young (8192K), 2 survivors (8192K)
 Metaspace       used 8565K, committed 8960K, reserved 1114112K
  class space    used 1173K, committed 1344K, reserved 1048576K
}
Event: 19.007 GC heap before
{Heap before GC invocations=3 (full 0):
 garbage-first heap   total 131072K, used 88783K [0x0000000600000000, 0x0000000800000000)
  region size 4096K, 19 young (77824K), 2 survivors (8192K)
 Metaspace       used 19911K, committed 20544K, reserved 1114112K
  class space    used 2750K, committed 3072K, reserved 1048576K
}
Event: 19.016 GC heap after
{Heap after GC invocations=4 (full 0):
 garbage-first heap   total 131072K, used 23232K [0x0000000600000000, 0x0000000800000000)
  region size 4096K, 2 young (8192K), 2 survivors (8192K)
 Metaspace       used 19911K, committed 20544K, reserved 1114112K
  class space    used 2750K, committed 3072K, reserved 1048576K
}
Event: 19.977 GC heap before
{Heap before GC invocations=4 (full 0):
 garbage-first heap   total 131072K, used 27328K [0x0000000600000000, 0x0000000800000000)
  region size 4096K, 4 young (16384K), 2 survivors (8192K)
 Metaspace       used 20888K, committed 21504K, reserved 1114112K
  class space    used 2908K, committed 3200K, reserved 1048576K
}
Event: 19.982 GC heap after
{Heap after GC invocations=5 (full 0):
 garbage-first heap   total 131072K, used 23387K [0x0000000600000000, 0x0000000800000000)
  region size 4096K, 2 young (8192K), 2 survivors (8192K)
 Metaspace       used 20888K, committed 21504K, reserved 1114112K
  class space    used 2908K, committed 3200K, reserved 1048576K
}
Event: 28.067 GC heap before
{Heap before GC invocations=6 (full 0):
 garbage-first heap   total 98304K, used 93019K [0x0000000600000000, 0x0000000800000000)
  region size 4096K, 19 young (77824K), 2 survivors (8192K)
 Metaspace       used 29660K, committed 30848K, reserved 1114112K
  class space    used 4359K, committed 4928K, reserved 1048576K
}
Event: 28.091 GC heap after
{Heap after GC invocations=7 (full 0):
 garbage-first heap   total 110592K, used 28169K [0x0000000600000000, 0x0000000800000000)
  region size 4096K, 3 young (12288K), 3 survivors (12288K)
 Metaspace       used 29660K, committed 30848K, reserved 1114112K
  class space    used 4359K, committed 4928K, reserved 1048576K
}
Event: 30.820 GC heap before
{Heap before GC invocations=7 (full 0):
 garbage-first heap   total 110592K, used 56841K [0x0000000600000000, 0x0000000800000000)
  region size 4096K, 11 young (45056K), 3 survivors (12288K)
 Metaspace       used 34672K, committed 35968K, reserved 1114112K
  class space    used 5057K, committed 5696K, reserved 1048576K
}
Event: 30.831 GC heap after
{Heap after GC invocations=8 (full 0):
 garbage-first heap   total 110592K, used 28944K [0x0000000600000000, 0x0000000800000000)
  region size 4096K, 2 young (8192K), 2 survivors (8192K)
 Metaspace       used 34672K, committed 35968K, reserved 1114112K
  class space    used 5057K, committed 5696K, reserved 1048576K
}
Event: 31.237 GC heap before
{Heap before GC invocations=8 (full 0):
 garbage-first heap   total 110592K, used 28944K [0x0000000600000000, 0x0000000800000000)
  region size 4096K, 3 young (12288K), 2 survivors (8192K)
 Metaspace       used 34961K, committed 36288K, reserved 1114112K
  class space    used 5084K, committed 5760K, reserved 1048576K
}
Event: 31.243 GC heap after
{Heap after GC invocations=9 (full 0):
 garbage-first heap   total 110592K, used 29677K [0x0000000600000000, 0x0000000800000000)
  region size 4096K, 1 young (4096K), 1 survivors (4096K)
 Metaspace       used 34961K, committed 36288K, reserved 1114112K
  class space    used 5084K, committed 5760K, reserved 1048576K
}

