# JRE version: OpenJDK Runtime Environment Temurin-17.0.19+10 (17.0.19+10) (build 17.0.19+10)
# Java VM: OpenJDK 64-Bit Server VM Temurin-17.0.19+10 (17.0.19+10, mixed mode, sharing, tiered, compressed oops, compressed class ptrs, g1 gc, windows-amd64)
GC Precious Log:
 CPUs: 8 total, 8 available
 Memory: 8070M
 Large Page Support: Disabled
 NUMA Support: Disabled
 Compressed Oops: Enabled (Zero based)
 Heap Region Size: 4M
 Heap Min Capacity: 8M
 Heap Initial Capacity: 128M
 Heap Max Capacity: 8G
 Pre-touch: Disabled
 Parallel Workers: 8
 Concurrent Workers: 2
 Concurrent Refinement Workers: 8
 Periodic GC: Disabled
Heap:
 garbage-first heap   total 118784K, used 69389K [0x0000000600000000, 0x0000000800000000)
  region size 4096K, 4 young (16384K), 1 survivors (4096K)
 Metaspace       used 71715K, committed 72512K, reserved 1114112K
  class space    used 10322K, committed 10688K, reserved 1048576K
GC Heap History (20 events):
Event: 44.955 GC heap before
{Heap before GC invocations=20 (full 0):
 garbage-first heap   total 98304K, used 75655K [0x0000000600000000, 0x0000000800000000)
  region size 4096K, 8 young (32768K), 1 survivors (4096K)
 Metaspace       used 58080K, committed 58752K, reserved 1114112K
  class space    used 8316K, committed 8640K, reserved 1048576K
}
Event: 44.960 GC heap after
{Heap after GC invocations=21 (full 0):
 garbage-first heap   total 98304K, used 47694K [0x0000000600000000, 0x0000000800000000)
  region size 4096K, 1 young (4096K), 1 survivors (4096K)
 Metaspace       used 58080K, committed 58752K, reserved 1114112K
  class space    used 8316K, committed 8640K, reserved 1048576K
}
Event: 45.090 GC heap before
{Heap before GC invocations=21 (full 0):
 garbage-first heap   total 98304K, used 47694K [0x0000000600000000, 0x0000000800000000)
  region size 4096K, 2 young (8192K), 1 survivors (4096K)
 Metaspace       used 58352K, committed 59072K, reserved 1114112K
  class space    used 8353K, committed 8704K, reserved 1048576K
}
Event: 45.101 GC heap after
{Heap after GC invocations=22 (full 0):
 garbage-first heap   total 98304K, used 47002K [0x0000000600000000, 0x0000000800000000)
  region size 4096K, 1 young (4096K), 1 survivors (4096K)
 Metaspace       used 58352K, committed 59072K, reserved 1114112K
  class space    used 8353K, committed 8704K, reserved 1048576K
}
Event: 46.378 GC heap before
{Heap before GC invocations=22 (full 0):
 garbage-first heap   total 98304K, used 75674K [0x0000000600000000, 0x0000000800000000)
  region size 4096K, 8 young (32768K), 1 survivors (4096K)
 Metaspace       used 60142K, committed 60864K, reserved 1114112K
  class space    used 8611K, committed 8960K, reserved 1048576K
}
Event: 46.382 GC heap after
{Heap after GC invocations=23 (full 0):
 garbage-first heap   total 98304K, used 48089K [0x0000000600000000, 0x0000000800000000)
  region size 4096K, 1 young (4096K), 1 survivors (4096K)
 Metaspace       used 60142K, committed 60864K, reserved 1114112K
  class space    used 8611K, committed 8960K, reserved 1048576K
}
Event: 51.071 GC heap before
{Heap before GC invocations=24 (full 0):
 garbage-first heap   total 98304K, used 76761K [0x0000000600000000, 0x0000000800000000)
  region size 4096K, 8 young (32768K), 1 survivors (4096K)
 Metaspace       used 61737K, committed 62528K, reserved 1114112K
  class space    used 8845K, committed 9216K, reserved 1048576K
}
Event: 51.077 GC heap after
{Heap after GC invocations=25 (full 0):
 garbage-first heap   total 98304K, used 50240K [0x0000000600000000, 0x0000000800000000)
  region size 4096K, 1 young (4096K), 1 survivors (4096K)
 Metaspace       used 61737K, committed 62528K, reserved 1114112K
  class space    used 8845K, committed 9216K, reserved 1048576K
}
Event: 53.171 GC heap before
{Heap before GC invocations=25 (full 0):
 garbage-first heap   total 98304K, used 74816K [0x0000000600000000, 0x0000000800000000)
  region size 4096K, 7 young (28672K), 1 survivors (4096K)
 Metaspace       used 63049K, committed 63872K, reserved 1114112K
  class space    used 9038K, committed 9408K, reserved 1048576K
}
Event: 53.177 GC heap after
{Heap after GC invocations=26 (full 0):
 garbage-first heap   total 98304K, used 51583K [0x0000000600000000, 0x0000000800000000)
  region size 4096K, 1 young (4096K), 1 survivors (4096K)
 Metaspace       used 63049K, committed 63872K, reserved 1114112K
  class space    used 9038K, committed 9408K, reserved 1048576K
}
Event: 55.060 GC heap before
{Heap before GC invocations=27 (full 0):
 garbage-first heap   total 102400K, used 72063K [0x0000000600000000, 0x0000000800000000)
  region size 4096K, 6 young (24576K), 1 survivors (4096K)
 Metaspace       used 64601K, committed 65344K, reserved 1114112K
  class space    used 9292K, committed 9664K, reserved 1048576K
}
Event: 55.067 GC heap after
{Heap after GC invocations=28 (full 0):
 garbage-first heap   total 102400K, used 52763K [0x0000000600000000, 0x0000000800000000)
  region size 4096K, 1 young (4096K), 1 survivors (4096K)
 Metaspace       used 64601K, committed 65344K, reserved 1114112K
  class space    used 9292K, committed 9664K, reserved 1048576K
}
Event: 55.393 GC heap before
{Heap before GC invocations=28 (full 0):
 garbage-first heap   total 102400K, used 56859K [0x0000000600000000, 0x0000000800000000)
  region size 4096K, 2 young (8192K), 1 survivors (4096K)
 Metaspace       used 64926K, committed 65664K, reserved 1114112K
  class space    used 9341K, committed 9664K, reserved 1048576K
}
Event: 55.403 GC heap after
{Heap after GC invocations=29 (full 0):
 garbage-first heap   total 102400K, used 52581K [0x0000000600000000, 0x0000000800000000)
  region size 4096K, 1 young (4096K), 1 survivors (4096K)
 Metaspace       used 64926K, committed 65664K, reserved 1114112K
  class space    used 9341K, committed 9664K, reserved 1048576K
}
Event: 57.002 GC heap before
{Heap before GC invocations=29 (full 0):
 garbage-first heap   total 102400K, used 73061K [0x0000000600000000, 0x0000000800000000)
  region size 4096K, 7 young (28672K), 1 survivors (4096K)
 Metaspace       used 66349K, committed 67200K, reserved 1114112K
  class space    used 9598K, committed 9984K, reserved 1048576K
}
Event: 57.010 GC heap after
{Heap after GC invocations=30 (full 0):
 garbage-first heap   total 102400K, used 56145K [0x0000000600000000, 0x0000000800000000)
  region size 4096K, 1 young (4096K), 1 survivors (4096K)
 Metaspace       used 66349K, committed 67200K, reserved 1114112K
  class space    used 9598K, committed 9984K, reserved 1048576K
}
Event: 58.791 GC heap before
{Heap before GC invocations=31 (full 0):
 garbage-first heap   total 102400K, used 80721K [0x0000000600000000, 0x0000000800000000)
  region size 4096K, 7 young (28672K), 1 survivors (4096K)
 Metaspace       used 68160K, committed 68864K, reserved 1114112K
  class space    used 9861K, committed 10176K, reserved 1048576K
}
Event: 58.802 GC heap after
{Heap after GC invocations=32 (full 0):
 garbage-first heap   total 102400K, used 59003K [0x0000000600000000, 0x0000000800000000)
  region size 4096K, 1 young (4096K), 1 survivors (4096K)
 Metaspace       used 68160K, committed 68864K, reserved 1114112K
  class space    used 9861K, committed 10176K, reserved 1048576K
}
Event: 59.990 GC heap before
{Heap before GC invocations=32 (full 0):
 garbage-first heap   total 102400K, used 75387K [0x0000000600000000, 0x0000000800000000)
  region size 4096K, 6 young (24576K), 1 survivors (4096K)
 Metaspace       used 70066K, committed 70912K, reserved 1114112K
  class space    used 10078K, committed 10496K, reserved 1048576K
}
Event: 59.997 GC heap after
{Heap after GC invocations=33 (full 0):
 garbage-first heap   total 102400K, used 61197K [0x0000000600000000, 0x0000000800000000)
  region size 4096K, 1 young (4096K), 1 survivors (4096K)
 Metaspace       used 70066K, committed 70912K, reserved 1114112K
  class space    used 10078K, committed 10496K, reserved 1048576K
}

