# JRE version: OpenJDK Runtime Environment Temurin-17.0.19+10 (17.0.19+10) (build 17.0.19+10)
# Java VM: OpenJDK 64-Bit Server VM Temurin-17.0.19+10 (17.0.19+10, mixed mode, sharing, tiered, compressed oops, compressed class ptrs, g1 gc, windows-amd64)
GC Precious Log:
 CPUs: 8 total, 8 available
 Memory: 8070M
 Large Page Support: Disabled
 NUMA Support: Disabled
 Compressed Oops: Enabled (Zero based)
 Heap Region Size: 4M
 Heap Min Capacity: 8M
 Heap Initial Capacity: 128M
 Heap Max Capacity: 8G
 Pre-touch: Disabled
 Parallel Workers: 8
 Concurrent Workers: 2
 Concurrent Refinement Workers: 8
 Periodic GC: Disabled
Heap:
 garbage-first heap   total 262144K, used 165993K [0x0000000600000000, 0x0000000800000000)
  region size 4096K, 6 young (24576K), 1 survivors (4096K)
 Metaspace       used 142618K, committed 143872K, reserved 1179648K
  class space    used 18701K, committed 19264K, reserved 1048576K
GC Heap History (20 events):
Event: 214.331 GC heap before
{Heap before GC invocations=56 (full 0):
 garbage-first heap   total 180224K, used 137413K [0x0000000600000000, 0x0000000800000000)
  region size 4096K, 15 young (61440K), 1 survivors (4096K)
 Metaspace       used 133827K, committed 134912K, reserved 1179648K
  class space    used 17743K, committed 18240K, reserved 1048576K
}
Event: 214.341 GC heap after
{Heap after GC invocations=57 (full 0):
 garbage-first heap   total 180224K, used 83809K [0x0000000600000000, 0x0000000800000000)
  region size 4096K, 2 young (8192K), 2 survivors (8192K)
 Metaspace       used 133827K, committed 134912K, reserved 1179648K
  class space    used 17743K, committed 18240K, reserved 1048576K
}
Event: 218.698 GC heap before
{Heap before GC invocations=57 (full 0):
 garbage-first heap   total 180224K, used 137057K [0x0000000600000000, 0x0000000800000000)
  region size 4096K, 15 young (61440K), 2 survivors (8192K)
 Metaspace       used 135568K, committed 136704K, reserved 1179648K
  class space    used 17967K, committed 18496K, reserved 1048576K
}
Event: 218.712 GC heap after
{Heap after GC invocations=58 (full 0):
 garbage-first heap   total 180224K, used 86525K [0x0000000600000000, 0x0000000800000000)
  region size 4096K, 2 young (8192K), 2 survivors (8192K)
 Metaspace       used 135568K, committed 136704K, reserved 1179648K
  class space    used 17967K, committed 18496K, reserved 1048576K
}
Event: 224.478 GC heap before
{Heap before GC invocations=58 (full 0):
 garbage-first heap   total 180224K, used 143869K [0x0000000600000000, 0x0000000800000000)
  region size 4096K, 16 young (65536K), 2 survivors (8192K)
 Metaspace       used 138087K, committed 139264K, reserved 1179648K
  class space    used 18203K, committed 18752K, reserved 1048576K
}
Event: 224.502 GC heap after
{Heap after GC invocations=59 (full 0):
 garbage-first heap   total 180224K, used 91183K [0x0000000600000000, 0x0000000800000000)
  region size 4096K, 2 young (8192K), 2 survivors (8192K)
 Metaspace       used 138087K, committed 139264K, reserved 1179648K
  class space    used 18203K, committed 18752K, reserved 1048576K
}
Event: 226.728 GC heap before
{Heap before GC invocations=60 (full 0):
 garbage-first heap   total 184320K, used 140335K [0x0000000600000000, 0x0000000800000000)
  region size 4096K, 14 young (57344K), 2 survivors (8192K)
 Metaspace       used 138205K, committed 139392K, reserved 1179648K
  class space    used 18206K, committed 18752K, reserved 1048576K
}
Event: 226.759 GC heap after
{Heap after GC invocations=61 (full 0):
 garbage-first heap   total 184320K, used 105829K [0x0000000600000000, 0x0000000800000000)
  region size 4096K, 2 young (8192K), 2 survivors (8192K)
 Metaspace       used 138205K, committed 139392K, reserved 1179648K
  class space    used 18206K, committed 18752K, reserved 1048576K
}
Event: 227.412 GC heap before
{Heap before GC invocations=61 (full 0):
 garbage-first heap   total 184320K, used 138597K [0x0000000600000000, 0x0000000800000000)
  region size 4096K, 10 young (40960K), 2 survivors (8192K)
 Metaspace       used 138404K, committed 139584K, reserved 1179648K
  class space    used 18213K, committed 18752K, reserved 1048576K
}
Event: 227.434 GC heap after
{Heap after GC invocations=62 (full 0):
 garbage-first heap   total 221184K, used 118241K [0x0000000600000000, 0x0000000800000000)
  region size 4096K, 2 young (8192K), 2 survivors (8192K)
 Metaspace       used 138404K, committed 139584K, reserved 1179648K
  class space    used 18213K, committed 18752K, reserved 1048576K
}
Event: 229.484 GC heap before
{Heap before GC invocations=63 (full 0):
 garbage-first heap   total 221184K, used 163297K [0x0000000600000000, 0x0000000800000000)
  region size 4096K, 13 young (53248K), 2 survivors (8192K)
 Metaspace       used 138536K, committed 139712K, reserved 1179648K
  class space    used 18213K, committed 18752K, reserved 1048576K
}
Event: 229.505 GC heap after
{Heap after GC invocations=64 (full 0):
 garbage-first heap   total 221184K, used 132724K [0x0000000600000000, 0x0000000800000000)
  region size 4096K, 2 young (8192K), 2 survivors (8192K)
 Metaspace       used 138536K, committed 139712K, reserved 1179648K
  class space    used 18213K, committed 18752K, reserved 1048576K
}
Event: 229.521 GC heap before
{Heap before GC invocations=64 (full 0):
 garbage-first heap   total 221184K, used 136820K [0x0000000600000000, 0x0000000800000000)
  region size 4096K, 3 young (12288K), 2 survivors (8192K)
 Metaspace       used 138536K, committed 139712K, reserved 1179648K
  class space    used 18213K, committed 18752K, reserved 1048576K
}
Event: 229.544 GC heap after
{Heap after GC invocations=65 (full 0):
 garbage-first heap   total 221184K, used 130943K [0x0000000600000000, 0x0000000800000000)
  region size 4096K, 1 young (4096K), 1 survivors (4096K)
 Metaspace       used 138536K, committed 139712K, reserved 1179648K
  class space    used 18213K, committed 18752K, reserved 1048576K
}
Event: 231.935 GC heap before
{Heap before GC invocations=65 (full 0):
 garbage-first heap   total 221184K, used 163711K [0x0000000600000000, 0x0000000800000000)
  region size 4096K, 9 young (36864K), 1 survivors (4096K)
 Metaspace       used 139288K, committed 140416K, reserved 1179648K
  class space    used 18249K, committed 18816K, reserved 1048576K
}
Event: 231.949 GC heap after
{Heap after GC invocations=66 (full 0):
 garbage-first heap   total 221184K, used 139817K [0x0000000600000000, 0x0000000800000000)
  region size 4096K, 2 young (8192K), 2 survivors (8192K)
 Metaspace       used 139288K, committed 140416K, reserved 1179648K
  class space    used 18249K, committed 18816K, reserved 1048576K
}
Event: 233.596 GC heap before
{Heap before GC invocations=66 (full 0):
 garbage-first heap   total 221184K, used 168489K [0x0000000600000000, 0x0000000800000000)
  region size 4096K, 9 young (36864K), 2 survivors (8192K)
 Metaspace       used 139918K, committed 141120K, reserved 1179648K
  class space    used 18277K, committed 18816K, reserved 1048576K
}
Event: 233.613 GC heap after
{Heap after GC invocations=67 (full 0):
 garbage-first heap   total 221184K, used 147244K [0x0000000600000000, 0x0000000800000000)
  region size 4096K, 2 young (8192K), 2 survivors (8192K)
 Metaspace       used 139918K, committed 141120K, reserved 1179648K
  class space    used 18277K, committed 18816K, reserved 1048576K
}
Event: 253.730 GC heap before
{Heap before GC invocations=67 (full 0):
 garbage-first heap   total 221184K, used 171820K [0x0000000600000000, 0x0000000800000000)
  region size 4096K, 8 young (32768K), 2 survivors (8192K)
 Metaspace       used 141741K, committed 142912K, reserved 1179648K
  class space    used 18544K, committed 19072K, reserved 1048576K
}
Event: 253.740 GC heap after
{Heap after GC invocations=68 (full 0):
 garbage-first heap   total 221184K, used 149609K [0x0000000600000000, 0x0000000800000000)
  region size 4096K, 1 young (4096K), 1 survivors (4096K)
 Metaspace       used 141741K, committed 142912K, reserved 1179648K
  class space    used 18544K, committed 19072K, reserved 1048576K
}

