# JRE version: OpenJDK Runtime Environment Temurin-17.0.19+10 (17.0.19+10) (build 17.0.19+10)
# Java VM: OpenJDK 64-Bit Server VM Temurin-17.0.19+10 (17.0.19+10, mixed mode, sharing, tiered, compressed oops, compressed class ptrs, g1 gc, windows-amd64)
GC Precious Log:
 CPUs: 8 total, 8 available
 Memory: 8070M
 Large Page Support: Disabled
 NUMA Support: Disabled
 Compressed Oops: Enabled (Zero based)
 Heap Region Size: 4M
 Heap Min Capacity: 8M
 Heap Initial Capacity: 128M
 Heap Max Capacity: 8G
 Pre-touch: Disabled
 Parallel Workers: 8
 Concurrent Workers: 2
 Concurrent Refinement Workers: 8
 Periodic GC: Disabled
Heap:
 garbage-first heap   total 151552K, used 107068K [0x0000000600000000, 0x0000000800000000)
  region size 4096K, 10 young (40960K), 2 survivors (8192K)
 Metaspace       used 75993K, committed 76992K, reserved 1179648K
  class space    used 10829K, committed 11328K, reserved 1048576K
GC Heap History (20 events):
Event: 52.197 GC heap before
{Heap before GC invocations=31 (full 0):
 garbage-first heap   total 110592K, used 86740K [0x0000000600000000, 0x0000000800000000)
  region size 4096K, 8 young (32768K), 1 survivors (4096K)
 Metaspace       used 67072K, committed 68032K, reserved 1114112K
  class space    used 9641K, committed 10112K, reserved 1048576K
}
Event: 52.204 GC heap after
{Heap after GC invocations=32 (full 0):
 garbage-first heap   total 110592K, used 60840K [0x0000000600000000, 0x0000000800000000)
  region size 4096K, 1 young (4096K), 1 survivors (4096K)
 Metaspace       used 67072K, committed 68032K, reserved 1114112K
  class space    used 9641K, committed 10112K, reserved 1048576K
}
Event: 54.165 GC heap before
{Heap before GC invocations=33 (full 0):
 garbage-first heap   total 110592K, used 89512K [0x0000000600000000, 0x0000000800000000)
  region size 4096K, 8 young (32768K), 1 survivors (4096K)
 Metaspace       used 69036K, committed 70016K, reserved 1114112K
  class space    used 9982K, committed 10496K, reserved 1048576K
}
Event: 54.178 GC heap after
{Heap after GC invocations=34 (full 0):
 garbage-first heap   total 110592K, used 64472K [0x0000000600000000, 0x0000000800000000)
  region size 4096K, 1 young (4096K), 1 survivors (4096K)
 Metaspace       used 69036K, committed 70016K, reserved 1114112K
  class space    used 9982K, committed 10496K, reserved 1048576K
}
Event: 55.113 GC heap before
{Heap before GC invocations=34 (full 0):
 garbage-first heap   total 110592K, used 84952K [0x0000000600000000, 0x0000000800000000)
  region size 4096K, 7 young (28672K), 1 survivors (4096K)
 Metaspace       used 70582K, committed 71552K, reserved 1114112K
  class space    used 10207K, committed 10688K, reserved 1048576K
}
Event: 55.121 GC heap after
{Heap after GC invocations=35 (full 0):
 garbage-first heap   total 110592K, used 67291K [0x0000000600000000, 0x0000000800000000)
  region size 4096K, 1 young (4096K), 1 survivors (4096K)
 Metaspace       used 70582K, committed 71552K, reserved 1114112K
  class space    used 10207K, committed 10688K, reserved 1048576K
}
Event: 55.950 GC heap before
{Heap before GC invocations=36 (full 0):
 garbage-first heap   total 122880K, used 83675K [0x0000000600000000, 0x0000000800000000)
  region size 4096K, 6 young (24576K), 1 survivors (4096K)
 Metaspace       used 72343K, committed 73344K, reserved 1114112K
  class space    used 10412K, committed 10880K, reserved 1048576K
}
Event: 55.956 GC heap after
{Heap after GC invocations=37 (full 0):
 garbage-first heap   total 122880K, used 69839K [0x0000000600000000, 0x0000000800000000)
  region size 4096K, 1 young (4096K), 1 survivors (4096K)
 Metaspace       used 72343K, committed 73344K, reserved 1114112K
  class space    used 10412K, committed 10880K, reserved 1048576K
}
Event: 83.541 GC heap before
{Heap before GC invocations=37 (full 0):
 garbage-first heap   total 122880K, used 94415K [0x0000000600000000, 0x0000000800000000)
  region size 4096K, 7 young (28672K), 1 survivors (4096K)
 Metaspace       used 74889K, committed 75968K, reserved 1114112K
  class space    used 10768K, committed 11328K, reserved 1048576K
}
Event: 83.548 GC heap after
{Heap after GC invocations=38 (full 0):
 garbage-first heap   total 122880K, used 70803K [0x0000000600000000, 0x0000000800000000)
  region size 4096K, 1 young (4096K), 1 survivors (4096K)
 Metaspace       used 74889K, committed 75968K, reserved 1114112K
  class space    used 10768K, committed 11328K, reserved 1048576K
}
Event: 84.653 GC heap before
{Heap before GC invocations=39 (full 0):
 garbage-first heap   total 139264K, used 91283K [0x0000000600000000, 0x0000000800000000)
  region size 4096K, 6 young (24576K), 1 survivors (4096K)
 Metaspace       used 75325K, committed 76416K, reserved 1179648K
  class space    used 10790K, committed 11328K, reserved 1048576K
}
Event: 84.659 GC heap after
{Heap after GC invocations=40 (full 0):
 garbage-first heap   total 139264K, used 73904K [0x0000000600000000, 0x0000000800000000)
  region size 4096K, 1 young (4096K), 1 survivors (4096K)
 Metaspace       used 75325K, committed 76416K, reserved 1179648K
  class space    used 10790K, committed 11328K, reserved 1048576K
}
Event: 85.540 GC heap before
{Heap before GC invocations=40 (full 0):
 garbage-first heap   total 139264K, used 102576K [0x0000000600000000, 0x0000000800000000)
  region size 4096K, 9 young (36864K), 1 survivors (4096K)
 Metaspace       used 75540K, committed 76544K, reserved 1179648K
  class space    used 10791K, committed 11328K, reserved 1048576K
}
Event: 85.549 GC heap after
{Heap after GC invocations=41 (full 0):
 garbage-first heap   total 139264K, used 77089K [0x0000000600000000, 0x0000000800000000)
  region size 4096K, 2 young (8192K), 2 survivors (8192K)
 Metaspace       used 75540K, committed 76544K, reserved 1179648K
  class space    used 10791K, committed 11328K, reserved 1048576K
}
Event: 86.149 GC heap before
{Heap before GC invocations=42 (full 0):
 garbage-first heap   total 151552K, used 101665K [0x0000000600000000, 0x0000000800000000)
  region size 4096K, 9 young (36864K), 2 survivors (8192K)
 Metaspace       used 75591K, committed 76672K, reserved 1179648K
  class space    used 10791K, committed 11328K, reserved 1048576K
}
Event: 86.157 GC heap after
{Heap after GC invocations=43 (full 0):
 garbage-first heap   total 151552K, used 78734K [0x0000000600000000, 0x0000000800000000)
  region size 4096K, 2 young (8192K), 2 survivors (8192K)
 Metaspace       used 75591K, committed 76672K, reserved 1179648K
  class space    used 10791K, committed 11328K, reserved 1048576K
}
Event: 87.062 GC heap before
{Heap before GC invocations=43 (full 0):
 garbage-first heap   total 151552K, used 111502K [0x0000000600000000, 0x0000000800000000)
  region size 4096K, 11 young (45056K), 2 survivors (8192K)
 Metaspace       used 75597K, committed 76672K, reserved 1179648K
  class space    used 10791K, committed 11328K, reserved 1048576K
}
Event: 87.069 GC heap after
{Heap after GC invocations=44 (full 0):
 garbage-first heap   total 151552K, used 80845K [0x0000000600000000, 0x0000000800000000)
  region size 4096K, 1 young (4096K), 1 survivors (4096K)
 Metaspace       used 75597K, committed 76672K, reserved 1179648K
  class space    used 10791K, committed 11328K, reserved 1048576K
}
Event: 88.044 GC heap before
{Heap before GC invocations=45 (full 0):
 garbage-first heap   total 151552K, used 117709K [0x0000000600000000, 0x0000000800000000)
  region size 4096K, 11 young (45056K), 1 survivors (4096K)
 Metaspace       used 75600K, committed 76672K, reserved 1179648K
  class space    used 10792K, committed 11328K, reserved 1048576K
}
Event: 88.051 GC heap after
{Heap after GC invocations=46 (full 0):
 garbage-first heap   total 151552K, used 82492K [0x0000000600000000, 0x0000000800000000)
  region size 4096K, 2 young (8192K), 2 survivors (8192K)
 Metaspace       used 75600K, committed 76672K, reserved 1179648K
  class space    used 10792K, committed 11328K, reserved 1048576K
}

