# JRE version: OpenJDK Runtime Environment Temurin-17.0.19+10 (17.0.19+10) (build 17.0.19+10)
# Java VM: OpenJDK 64-Bit Server VM Temurin-17.0.19+10 (17.0.19+10, mixed mode, sharing, tiered, compressed oops, compressed class ptrs, g1 gc, windows-amd64)
GC Precious Log:
 CPUs: 8 total, 8 available
 Memory: 8070M
 Large Page Support: Disabled
 NUMA Support: Disabled
 Compressed Oops: Enabled (Zero based)
 Heap Region Size: 4M
 Heap Min Capacity: 8M
 Heap Initial Capacity: 128M
 Heap Max Capacity: 8G
 Pre-touch: Disabled
 Parallel Workers: 8
 Concurrent Workers: 2
 Concurrent Refinement Workers: 8
 Periodic GC: Disabled
Heap:
 garbage-first heap   total 192512K, used 141009K [0x0000000600000000, 0x0000000800000000)
  region size 4096K, 21 young (86016K), 1 survivors (4096K)
 Metaspace       used 56238K, committed 57280K, reserved 1114112K
  class space    used 7665K, committed 8128K, reserved 1048576K
GC Heap History (20 events):
Event: 163.765 GC heap before
{Heap before GC invocations=35 (full 0):
 garbage-first heap   total 131072K, used 90749K [0x0000000600000000, 0x0000000800000000)
  region size 4096K, 9 young (36864K), 2 survivors (8192K)
 Metaspace       used 55452K, committed 56512K, reserved 1114112K
  class space    used 7649K, committed 8128K, reserved 1048576K
}
Event: 163.769 GC heap after
{Heap after GC invocations=36 (full 0):
 garbage-first heap   total 131072K, used 58736K [0x0000000600000000, 0x0000000800000000)
  region size 4096K, 1 young (4096K), 1 survivors (4096K)
 Metaspace       used 55452K, committed 56512K, reserved 1114112K
  class space    used 7649K, committed 8128K, reserved 1048576K
}
Event: 164.149 GC heap before
{Heap before GC invocations=36 (full 0):
 garbage-first heap   total 131072K, used 95600K [0x0000000600000000, 0x0000000800000000)
  region size 4096K, 11 young (45056K), 1 survivors (4096K)
 Metaspace       used 55570K, committed 56640K, reserved 1114112K
  class space    used 7650K, committed 8128K, reserved 1048576K
}
Event: 164.154 GC heap after
{Heap after GC invocations=37 (full 0):
 garbage-first heap   total 131072K, used 63465K [0x0000000600000000, 0x0000000800000000)
  region size 4096K, 2 young (8192K), 2 survivors (8192K)
 Metaspace       used 55570K, committed 56640K, reserved 1114112K
  class space    used 7650K, committed 8128K, reserved 1048576K
}
Event: 168.714 GC heap before
{Heap before GC invocations=37 (full 0):
 garbage-first heap   total 131072K, used 96233K [0x0000000600000000, 0x0000000800000000)
  region size 4096K, 11 young (45056K), 2 survivors (8192K)
 Metaspace       used 55702K, committed 56768K, reserved 1114112K
  class space    used 7652K, committed 8128K, reserved 1048576K
}
Event: 168.719 GC heap after
{Heap after GC invocations=38 (full 0):
 garbage-first heap   total 131072K, used 60983K [0x0000000600000000, 0x0000000800000000)
  region size 4096K, 1 young (4096K), 1 survivors (4096K)
 Metaspace       used 55702K, committed 56768K, reserved 1114112K
  class space    used 7652K, committed 8128K, reserved 1048576K
}
Event: 168.887 GC heap before
{Heap before GC invocations=38 (full 0):
 garbage-first heap   total 131072K, used 97847K [0x0000000600000000, 0x0000000800000000)
  region size 4096K, 10 young (40960K), 1 survivors (4096K)
 Metaspace       used 55727K, committed 56768K, reserved 1114112K
  class space    used 7652K, committed 8128K, reserved 1048576K
}
Event: 168.890 GC heap after
{Heap after GC invocations=39 (full 0):
 garbage-first heap   total 131072K, used 62084K [0x0000000600000000, 0x0000000800000000)
  region size 4096K, 1 young (4096K), 1 survivors (4096K)
 Metaspace       used 55727K, committed 56768K, reserved 1114112K
  class space    used 7652K, committed 8128K, reserved 1048576K
}
Event: 173.670 GC heap before
{Heap before GC invocations=40 (full 0):
 garbage-first heap   total 143360K, used 94852K [0x0000000600000000, 0x0000000800000000)
  region size 4096K, 10 young (40960K), 1 survivors (4096K)
 Metaspace       used 55830K, committed 56896K, reserved 1114112K
  class space    used 7653K, committed 8128K, reserved 1048576K
}
Event: 173.675 GC heap after
{Heap after GC invocations=41 (full 0):
 garbage-first heap   total 143360K, used 61604K [0x0000000600000000, 0x0000000800000000)
  region size 4096K, 1 young (4096K), 1 survivors (4096K)
 Metaspace       used 55830K, committed 56896K, reserved 1114112K
  class space    used 7653K, committed 8128K, reserved 1048576K
}
Event: 173.762 GC heap before
{Heap before GC invocations=41 (full 0):
 garbage-first heap   total 143360K, used 65700K [0x0000000600000000, 0x0000000800000000)
  region size 4096K, 2 young (8192K), 1 survivors (4096K)
 Metaspace       used 55837K, committed 56896K, reserved 1114112K
  class space    used 7653K, committed 8128K, reserved 1048576K
}
Event: 173.767 GC heap after
{Heap after GC invocations=42 (full 0):
 garbage-first heap   total 143360K, used 59941K [0x0000000600000000, 0x0000000800000000)
  region size 4096K, 1 young (4096K), 1 survivors (4096K)
 Metaspace       used 55837K, committed 56896K, reserved 1114112K
  class space    used 7653K, committed 8128K, reserved 1048576K
}
Event: 173.920 GC heap before
{Heap before GC invocations=42 (full 0):
 garbage-first heap   total 143360K, used 104997K [0x0000000600000000, 0x0000000800000000)
  region size 4096K, 13 young (53248K), 1 survivors (4096K)
 Metaspace       used 55849K, committed 56896K, reserved 1114112K
  class space    used 7654K, committed 8128K, reserved 1048576K
}
Event: 173.922 GC heap after
{Heap after GC invocations=43 (full 0):
 garbage-first heap   total 192512K, used 61238K [0x0000000600000000, 0x0000000800000000)
  region size 4096K, 1 young (4096K), 1 survivors (4096K)
 Metaspace       used 55849K, committed 56896K, reserved 1114112K
  class space    used 7654K, committed 8128K, reserved 1048576K
}
Event: 176.114 GC heap before
{Heap before GC invocations=43 (full 0):
 garbage-first heap   total 192512K, used 147254K [0x0000000600000000, 0x0000000800000000)
  region size 4096K, 22 young (90112K), 1 survivors (4096K)
 Metaspace       used 55933K, committed 57024K, reserved 1114112K
  class space    used 7654K, committed 8128K, reserved 1048576K
}
Event: 176.120 GC heap after
{Heap after GC invocations=44 (full 0):
 garbage-first heap   total 192512K, used 66823K [0x0000000600000000, 0x0000000800000000)
  region size 4096K, 2 young (8192K), 2 survivors (8192K)
 Metaspace       used 55933K, committed 57024K, reserved 1114112K
  class space    used 7654K, committed 8128K, reserved 1048576K
}
Event: 177.825 GC heap before
{Heap before GC invocations=44 (full 0):
 garbage-first heap   total 192512K, used 152839K [0x0000000600000000, 0x0000000800000000)
  region size 4096K, 23 young (94208K), 2 survivors (8192K)
 Metaspace       used 56019K, committed 57088K, reserved 1114112K
  class space    used 7654K, committed 8128K, reserved 1048576K
}
Event: 177.829 GC heap after
{Heap after GC invocations=45 (full 0):
 garbage-first heap   total 192512K, used 67553K [0x0000000600000000, 0x0000000800000000)
  region size 4096K, 2 young (8192K), 2 survivors (8192K)
 Metaspace       used 56019K, committed 57088K, reserved 1114112K
  class space    used 7654K, committed 8128K, reserved 1048576K
}
Event: 183.670 GC heap before
{Heap before GC invocations=45 (full 0):
 garbage-first heap   total 192512K, used 153569K [0x0000000600000000, 0x0000000800000000)
  region size 4096K, 23 young (94208K), 2 survivors (8192K)
 Metaspace       used 56207K, committed 57216K, reserved 1114112K
  class space    used 7665K, committed 8128K, reserved 1048576K
}
Event: 183.673 GC heap after
{Heap after GC invocations=46 (full 0):
 garbage-first heap   total 192512K, used 63185K [0x0000000600000000, 0x0000000800000000)
  region size 4096K, 1 young (4096K), 1 survivors (4096K)
 Metaspace       used 56207K, committed 57216K, reserved 1114112K
  class space    used 7665K, committed 8128K, reserved 1048576K
}

