# JRE version: OpenJDK Runtime Environment Temurin-17.0.19+10 (17.0.19+10) (build 17.0.19+10)
# Java VM: OpenJDK 64-Bit Server VM Temurin-17.0.19+10 (17.0.19+10, mixed mode, sharing, tiered, compressed oops, compressed class ptrs, g1 gc, windows-amd64)
GC Precious Log:
 CPUs: 8 total, 8 available
 Memory: 8070M
 Large Page Support: Disabled
 NUMA Support: Disabled
 Compressed Oops: Enabled (Zero based)
 Heap Region Size: 4M
 Heap Min Capacity: 8M
 Heap Initial Capacity: 128M
 Heap Max Capacity: 8G
 Pre-touch: Disabled
 Parallel Workers: 8
 Concurrent Workers: 2
 Concurrent Refinement Workers: 8
 Periodic GC: Disabled
Heap:
 garbage-first heap   total 110592K, used 67384K [0x0000000600000000, 0x0000000800000000)
  region size 4096K, 8 young (32768K), 1 survivors (4096K)
 Metaspace       used 53147K, committed 53888K, reserved 1114112K
  class space    used 7434K, committed 7808K, reserved 1048576K
GC Heap History (20 events):
Event: 16.650 GC heap before
{Heap before GC invocations=7 (full 0):
 garbage-first heap   total 110592K, used 32733K [0x0000000600000000, 0x0000000800000000)
  region size 4096K, 3 young (12288K), 2 survivors (8192K)
 Metaspace       used 28596K, committed 29056K, reserved 1114112K
  class space    used 4203K, committed 4480K, reserved 1048576K
}
Event: 16.658 GC heap after
{Heap after GC invocations=8 (full 0):
 garbage-first heap   total 110592K, used 28789K [0x0000000600000000, 0x0000000800000000)
  region size 4096K, 1 young (4096K), 1 survivors (4096K)
 Metaspace       used 28596K, committed 29056K, reserved 1114112K
  class space    used 4203K, committed 4480K, reserved 1048576K
}
Event: 19.541 GC heap before
{Heap before GC invocations=8 (full 0):
 garbage-first heap   total 110592K, used 73845K [0x0000000600000000, 0x0000000800000000)
  region size 4096K, 13 young (53248K), 1 survivors (4096K)
 Metaspace       used 34336K, committed 34752K, reserved 1114112K
  class space    used 4810K, committed 4992K, reserved 1048576K
}
Event: 19.547 GC heap after
{Heap after GC invocations=9 (full 0):
 garbage-first heap   total 110592K, used 32737K [0x0000000600000000, 0x0000000800000000)
  region size 4096K, 2 young (8192K), 2 survivors (8192K)
 Metaspace       used 34336K, committed 34752K, reserved 1114112K
  class space    used 4810K, committed 4992K, reserved 1048576K
}
Event: 20.303 GC heap before
{Heap before GC invocations=9 (full 0):
 garbage-first heap   total 110592K, used 40929K [0x0000000600000000, 0x0000000800000000)
  region size 4096K, 6 young (24576K), 2 survivors (8192K)
 Metaspace       used 35698K, committed 36096K, reserved 1114112K
  class space    used 4912K, committed 5120K, reserved 1048576K
}
Event: 20.310 GC heap after
{Heap after GC invocations=10 (full 0):
 garbage-first heap   total 110592K, used 33336K [0x0000000600000000, 0x0000000800000000)
  region size 4096K, 1 young (4096K), 1 survivors (4096K)
 Metaspace       used 35698K, committed 36096K, reserved 1114112K
  class space    used 4912K, committed 5120K, reserved 1048576K
}
Event: 23.897 GC heap before
{Heap before GC invocations=11 (full 0):
 garbage-first heap   total 110592K, used 78392K [0x0000000600000000, 0x0000000800000000)
  region size 4096K, 12 young (49152K), 1 survivors (4096K)
 Metaspace       used 38892K, committed 39424K, reserved 1114112K
  class space    used 5364K, committed 5632K, reserved 1048576K
}
Event: 23.901 GC heap after
{Heap after GC invocations=12 (full 0):
 garbage-first heap   total 110592K, used 36239K [0x0000000600000000, 0x0000000800000000)
  region size 4096K, 1 young (4096K), 1 survivors (4096K)
 Metaspace       used 38892K, committed 39424K, reserved 1114112K
  class space    used 5364K, committed 5632K, reserved 1048576K
}
Event: 26.062 GC heap before
{Heap before GC invocations=12 (full 0):
 garbage-first heap   total 110592K, used 81295K [0x0000000600000000, 0x0000000800000000)
  region size 4096K, 12 young (49152K), 1 survivors (4096K)
 Metaspace       used 42316K, committed 42944K, reserved 1114112K
  class space    used 5764K, committed 6080K, reserved 1048576K
}
Event: 26.068 GC heap after
{Heap after GC invocations=13 (full 0):
 garbage-first heap   total 110592K, used 38391K [0x0000000600000000, 0x0000000800000000)
  region size 4096K, 2 young (8192K), 2 survivors (8192K)
 Metaspace       used 42316K, committed 42944K, reserved 1114112K
  class space    used 5764K, committed 6080K, reserved 1048576K
}
Event: 28.539 GC heap before
{Heap before GC invocations=13 (full 0):
 garbage-first heap   total 110592K, used 83447K [0x0000000600000000, 0x0000000800000000)
  region size 4096K, 13 young (53248K), 2 survivors (8192K)
 Metaspace       used 44430K, committed 45056K, reserved 1114112K
  class space    used 6097K, committed 6400K, reserved 1048576K
}
Event: 28.549 GC heap after
{Heap after GC invocations=14 (full 0):
 garbage-first heap   total 110592K, used 40578K [0x0000000600000000, 0x0000000800000000)
  region size 4096K, 2 young (8192K), 2 survivors (8192K)
 Metaspace       used 44430K, committed 45056K, reserved 1114112K
  class space    used 6097K, committed 6400K, reserved 1048576K
}
Event: 30.627 GC heap before
{Heap before GC invocations=14 (full 0):
 garbage-first heap   total 110592K, used 81538K [0x0000000600000000, 0x0000000800000000)
  region size 4096K, 12 young (49152K), 2 survivors (8192K)
 Metaspace       used 47986K, committed 48640K, reserved 1114112K
  class space    used 6691K, committed 6976K, reserved 1048576K
}
Event: 30.634 GC heap after
{Heap after GC invocations=15 (full 0):
 garbage-first heap   total 110592K, used 41832K [0x0000000600000000, 0x0000000800000000)
  region size 4096K, 2 young (8192K), 2 survivors (8192K)
 Metaspace       used 47986K, committed 48640K, reserved 1114112K
  class space    used 6691K, committed 6976K, reserved 1048576K
}
Event: 39.933 GC heap before
{Heap before GC invocations=15 (full 0):
 garbage-first heap   total 110592K, used 82792K [0x0000000600000000, 0x0000000800000000)
  region size 4096K, 12 young (49152K), 2 survivors (8192K)
 Metaspace       used 51079K, committed 51712K, reserved 1114112K
  class space    used 7148K, committed 7424K, reserved 1048576K
}
Event: 39.945 GC heap after
{Heap after GC invocations=16 (full 0):
 garbage-first heap   total 110592K, used 44718K [0x0000000600000000, 0x0000000800000000)
  region size 4096K, 2 young (8192K), 2 survivors (8192K)
 Metaspace       used 51079K, committed 51712K, reserved 1114112K
  class space    used 7148K, committed 7424K, reserved 1048576K
}
Event: 42.065 GC heap before
{Heap before GC invocations=16 (full 0):
 garbage-first heap   total 110592K, used 81582K [0x0000000600000000, 0x0000000800000000)
  region size 4096K, 12 young (49152K), 2 survivors (8192K)
 Metaspace       used 51924K, committed 52544K, reserved 1114112K
  class space    used 7244K, committed 7552K, reserved 1048576K
}
Event: 42.074 GC heap after
{Heap after GC invocations=17 (full 0):
 garbage-first heap   total 110592K, used 46493K [0x0000000600000000, 0x0000000800000000)
  region size 4096K, 2 young (8192K), 2 survivors (8192K)
 Metaspace       used 51924K, committed 52544K, reserved 1114112K
  class space    used 7244K, committed 7552K, reserved 1048576K
}
Event: 42.307 GC heap before
{Heap before GC invocations=17 (full 0):
 garbage-first heap   total 110592K, used 87453K [0x0000000600000000, 0x0000000800000000)
  region size 4096K, 12 young (49152K), 2 survivors (8192K)
 Metaspace       used 52099K, committed 52736K, reserved 1114112K
  class space    used 7272K, committed 7552K, reserved 1048576K
}
Event: 42.313 GC heap after
{Heap after GC invocations=18 (full 0):
 garbage-first heap   total 110592K, used 46904K [0x0000000600000000, 0x0000000800000000)
  region size 4096K, 1 young (4096K), 1 survivors (4096K)
 Metaspace       used 52099K, committed 52736K, reserved 1114112K
  class space    used 7272K, committed 7552K, reserved 1048576K
}

