# JRE version: OpenJDK Runtime Environment Temurin-21.0.12.1+1 (21.0.12.1+1) (build 21.0.12.1+1-LTS)
# Java VM: OpenJDK 64-Bit Server VM Temurin-21.0.12.1+1 (21.0.12.1+1-LTS, mixed mode, sharing, tiered, compressed oops, compressed class ptrs, g1 gc, windows-amd64)
GC Precious Log:
 CardTable entry size: 512
 Card Set container configuration: InlinePtr #cards 4 size 8 Array Of Cards #cards 32 size 80 Howl #buckets 8 coarsen threshold 7372 Howl Bitmap #cards 1024 size 144 coarsen threshold 921 Card regions per heap region 1 cards per card region 8192
 CPUs: 8 total, 8 available
 Memory: 8070M
 Large Page Support: Disabled
 NUMA Support: Disabled
 Compressed Oops: Enabled (Zero based)
 Heap Region Size: 4M
 Heap Min Capacity: 8M
 Heap Initial Capacity: 128M
 Heap Max Capacity: 8G
 Pre-touch: Disabled
 Parallel Workers: 8
 Concurrent Workers: 2
 Concurrent Refinement Workers: 8
 Periodic GC: Disabled
Heap:
 garbage-first heap   total 110592K, used 86942K [0x0000000600000000, 0x0000000800000000)
  region size 4096K, 15 young (61440K), 2 survivors (8192K)
 Metaspace       used 52775K, committed 54784K, reserved 1114112K
  class space    used 7922K, committed 8896K, reserved 1048576K
GC Heap History (20 events):
Event: 7.597 GC heap before
{Heap before GC invocations=1 (full 0):
 garbage-first heap   total 131072K, used 42495K [0x0000000600000000, 0x0000000800000000)
  region size 4096K, 11 young (45056K), 1 survivors (4096K)
 Metaspace       used 4558K, committed 4736K, reserved 1114112K
  class space    used 584K, committed 704K, reserved 1048576K
}
Event: 7.607 GC heap after
{Heap after GC invocations=2 (full 0):
 garbage-first heap   total 131072K, used 12018K [0x0000000600000000, 0x0000000800000000)
  region size 4096K, 2 young (8192K), 2 survivors (8192K)
 Metaspace       used 4558K, committed 4736K, reserved 1114112K
  class space    used 584K, committed 704K, reserved 1048576K
}
Event: 13.167 GC heap before
{Heap before GC invocations=2 (full 0):
 garbage-first heap   total 131072K, used 73458K [0x0000000600000000, 0x0000000800000000)
  region size 4096K, 18 young (73728K), 2 survivors (8192K)
 Metaspace       used 9580K, committed 9920K, reserved 1114112K
  class space    used 1300K, committed 1472K, reserved 1048576K
}
Event: 13.182 GC heap after
{Heap after GC invocations=3 (full 0):
 garbage-first heap   total 131072K, used 19759K [0x0000000600000000, 0x0000000800000000)
  region size 4096K, 3 young (12288K), 3 survivors (12288K)
 Metaspace       used 9580K, committed 9920K, reserved 1114112K
  class space    used 1300K, committed 1472K, reserved 1048576K
}
Event: 17.295 GC heap before
{Heap before GC invocations=3 (full 0):
 garbage-first heap   total 131072K, used 85295K [0x0000000600000000, 0x0000000800000000)
  region size 4096K, 19 young (77824K), 3 survivors (12288K)
 Metaspace       used 19928K, committed 20544K, reserved 1114112K
  class space    used 2760K, committed 3072K, reserved 1048576K
}
Event: 17.303 GC heap after
{Heap after GC invocations=4 (full 0):
 garbage-first heap   total 131072K, used 23773K [0x0000000600000000, 0x0000000800000000)
  region size 4096K, 2 young (8192K), 2 survivors (8192K)
 Metaspace       used 19928K, committed 20544K, reserved 1114112K
  class space    used 2760K, committed 3072K, reserved 1048576K
}
Event: 17.628 GC heap before
{Heap before GC invocations=4 (full 0):
 garbage-first heap   total 131072K, used 27869K [0x0000000600000000, 0x0000000800000000)
  region size 4096K, 4 young (16384K), 2 survivors (8192K)
 Metaspace       used 20883K, committed 21504K, reserved 1114112K
  class space    used 2920K, committed 3264K, reserved 1048576K
}
Event: 17.633 GC heap after
{Heap after GC invocations=5 (full 0):
 garbage-first heap   total 131072K, used 23919K [0x0000000600000000, 0x0000000800000000)
  region size 4096K, 2 young (8192K), 2 survivors (8192K)
 Metaspace       used 20883K, committed 21504K, reserved 1114112K
  class space    used 2920K, committed 3264K, reserved 1048576K
}
Event: 21.294 GC heap before
{Heap before GC invocations=6 (full 0):
 garbage-first heap   total 98304K, used 93551K [0x0000000600000000, 0x0000000800000000)
  region size 4096K, 19 young (77824K), 2 survivors (8192K)
 Metaspace       used 29557K, committed 30720K, reserved 1114112K
  class space    used 4355K, committed 4928K, reserved 1048576K
}
Event: 21.303 GC heap after
{Heap after GC invocations=7 (full 0):
 garbage-first heap   total 110592K, used 28013K [0x0000000600000000, 0x0000000800000000)
  region size 4096K, 3 young (12288K), 3 survivors (12288K)
 Metaspace       used 29557K, committed 30720K, reserved 1114112K
  class space    used 4355K, committed 4928K, reserved 1048576K
}
Event: 25.949 GC heap before
{Heap before GC invocations=7 (full 0):
 garbage-first heap   total 110592K, used 81261K [0x0000000600000000, 0x0000000800000000)
  region size 4096K, 16 young (65536K), 3 survivors (12288K)
 Metaspace       used 37037K, committed 38528K, reserved 1114112K
  class space    used 5394K, committed 6144K, reserved 1048576K
}
Event: 25.963 GC heap after
{Heap after GC invocations=8 (full 0):
 garbage-first heap   total 110592K, used 31091K [0x0000000600000000, 0x0000000800000000)
  region size 4096K, 2 young (8192K), 2 survivors (8192K)
 Metaspace       used 37037K, committed 38528K, reserved 1114112K
  class space    used 5394K, committed 6144K, reserved 1048576K
}
Event: 26.316 GC heap before
{Heap before GC invocations=8 (full 0):
 garbage-first heap   total 110592K, used 35187K [0x0000000600000000, 0x0000000800000000)
  region size 4096K, 4 young (16384K), 2 survivors (8192K)
 Metaspace       used 38138K, committed 39616K, reserved 1114112K
  class space    used 5565K, committed 6272K, reserved 1048576K
}
Event: 26.323 GC heap after
{Heap after GC invocations=9 (full 0):
 garbage-first heap   total 110592K, used 33430K [0x0000000600000000, 0x0000000800000000)
  region size 4096K, 1 young (4096K), 1 survivors (4096K)
 Metaspace       used 38138K, committed 39616K, reserved 1114112K
  class space    used 5565K, committed 6272K, reserved 1048576K
}
Event: 27.764 GC heap before
{Heap before GC invocations=10 (full 0):
 garbage-first heap   total 110592K, used 90774K [0x0000000600000000, 0x0000000800000000)
  region size 4096K, 15 young (61440K), 1 survivors (4096K)
 Metaspace       used 41568K, committed 43264K, reserved 1114112K
  class space    used 6141K, committed 6976K, reserved 1048576K
}
Event: 27.769 GC heap after
{Heap after GC invocations=11 (full 0):
 garbage-first heap   total 110592K, used 34829K [0x0000000600000000, 0x0000000800000000)
  region size 4096K, 1 young (4096K), 1 survivors (4096K)
 Metaspace       used 41568K, committed 43264K, reserved 1114112K
  class space    used 6141K, committed 6976K, reserved 1048576K
}
Event: 30.353 GC heap before
{Heap before GC invocations=11 (full 0):
 garbage-first heap   total 110592K, used 92173K [0x0000000600000000, 0x0000000800000000)
  region size 4096K, 15 young (61440K), 1 survivors (4096K)
 Metaspace       used 44824K, committed 46656K, reserved 1114112K
  class space    used 6674K, committed 7552K, reserved 1048576K
}
Event: 30.359 GC heap after
{Heap after GC invocations=12 (full 0):
 garbage-first heap   total 110592K, used 37414K [0x0000000600000000, 0x0000000800000000)
  region size 4096K, 2 young (8192K), 2 survivors (8192K)
 Metaspace       used 44824K, committed 46656K, reserved 1114112K
  class space    used 6674K, committed 7552K, reserved 1048576K
}
Event: 33.634 GC heap before
{Heap before GC invocations=12 (full 0):
 garbage-first heap   total 110592K, used 94758K [0x0000000600000000, 0x0000000800000000)
  region size 4096K, 16 young (65536K), 2 survivors (8192K)
 Metaspace       used 49222K, committed 51072K, reserved 1114112K
  class space    used 7321K, committed 8192K, reserved 1048576K
}
Event: 33.642 GC heap after
{Heap after GC invocations=13 (full 0):
 garbage-first heap   total 110592K, used 41886K [0x0000000600000000, 0x0000000800000000)
  region size 4096K, 2 young (8192K), 2 survivors (8192K)
 Metaspace       used 49222K, committed 51072K, reserved 1114112K
  class space    used 7321K, committed 8192K, reserved 1048576K
}

