# JRE version: OpenJDK Runtime Environment Temurin-17.0.19+10 (17.0.19+10) (build 17.0.19+10)
# Java VM: OpenJDK 64-Bit Server VM Temurin-17.0.19+10 (17.0.19+10, mixed mode, sharing, tiered, compressed oops, compressed class ptrs, g1 gc, windows-amd64)
GC Precious Log:
 CPUs: 8 total, 8 available
 Memory: 8070M
 Large Page Support: Disabled
 NUMA Support: Disabled
 Compressed Oops: Enabled (Zero based)
 Heap Region Size: 4M
 Heap Min Capacity: 8M
 Heap Initial Capacity: 128M
 Heap Max Capacity: 8G
 Pre-touch: Disabled
 Parallel Workers: 8
 Concurrent Workers: 2
 Concurrent Refinement Workers: 8
 Periodic GC: Disabled
Heap:
 garbage-first heap   total 98304K, used 32448K [0x0000000600000000, 0x0000000800000000)
  region size 4096K, 4 young (16384K), 2 survivors (8192K)
 Metaspace       used 28972K, committed 29440K, reserved 1114112K
  class space    used 4253K, committed 4480K, reserved 1048576K
GC Heap History (12 events):
Event: 1.593 GC heap before
{Heap before GC invocations=0 (full 0):
 garbage-first heap   total 131072K, used 20480K [0x0000000600000000, 0x0000000800000000)
  region size 4096K, 5 young (20480K), 0 survivors (0K)
 Metaspace       used 826K, committed 960K, reserved 1114112K
  class space    used 61K, committed 128K, reserved 1048576K
}
Event: 1.797 GC heap after
{Heap after GC invocations=1 (full 0):
 garbage-first heap   total 131072K, used 1392K [0x0000000600000000, 0x0000000800000000)
  region size 4096K, 1 young (4096K), 1 survivors (4096K)
 Metaspace       used 826K, committed 960K, reserved 1114112K
  class space    used 61K, committed 128K, reserved 1048576K
}
Event: 4.990 GC heap before
{Heap before GC invocations=1 (full 0):
 garbage-first heap   total 131072K, used 42352K [0x0000000600000000, 0x0000000800000000)
  region size 4096K, 10 young (40960K), 1 survivors (4096K)
 Metaspace       used 4385K, committed 4608K, reserved 1114112K
  class space    used 547K, committed 640K, reserved 1048576K
}
Event: 4.999 GC heap after
{Heap after GC invocations=2 (full 0):
 garbage-first heap   total 131072K, used 11875K [0x0000000600000000, 0x0000000800000000)
  region size 4096K, 2 young (8192K), 2 survivors (8192K)
 Metaspace       used 4385K, committed 4608K, reserved 1114112K
  class space    used 547K, committed 640K, reserved 1048576K
}
Event: 6.788 GC heap before
{Heap before GC invocations=2 (full 0):
 garbage-first heap   total 131072K, used 61027K [0x0000000600000000, 0x0000000800000000)
  region size 4096K, 14 young (57344K), 2 survivors (8192K)
 Metaspace       used 4636K, committed 4864K, reserved 1114112K
  class space    used 583K, committed 704K, reserved 1048576K
}
Event: 6.800 GC heap after
{Heap after GC invocations=3 (full 0):
 garbage-first heap   total 131072K, used 16770K [0x0000000600000000, 0x0000000800000000)
  region size 4096K, 2 young (8192K), 2 survivors (8192K)
 Metaspace       used 4636K, committed 4864K, reserved 1114112K
  class space    used 583K, committed 704K, reserved 1048576K
}
Event: 12.239 GC heap before
{Heap before GC invocations=3 (full 0):
 garbage-first heap   total 131072K, used 82306K [0x0000000600000000, 0x0000000800000000)
  region size 4096K, 18 young (73728K), 2 survivors (8192K)
 Metaspace       used 16043K, committed 16320K, reserved 1114112K
  class space    used 2228K, committed 2368K, reserved 1048576K
}
Event: 12.294 GC heap after
{Heap after GC invocations=4 (full 0):
 garbage-first heap   total 131072K, used 21554K [0x0000000600000000, 0x0000000800000000)
  region size 4096K, 3 young (12288K), 3 survivors (12288K)
 Metaspace       used 16043K, committed 16320K, reserved 1114112K
  class space    used 2228K, committed 2368K, reserved 1048576K
}
Event: 16.049 GC heap before
{Heap before GC invocations=4 (full 0):
 garbage-first heap   total 131072K, used 62514K [0x0000000600000000, 0x0000000800000000)
  region size 4096K, 14 young (57344K), 3 survivors (12288K)
 Metaspace       used 21184K, committed 21504K, reserved 1114112K
  class space    used 3085K, committed 3264K, reserved 1048576K
}
Event: 16.059 GC heap after
{Heap after GC invocations=5 (full 0):
 garbage-first heap   total 131072K, used 24345K [0x0000000600000000, 0x0000000800000000)
  region size 4096K, 2 young (8192K), 2 survivors (8192K)
 Metaspace       used 21184K, committed 21504K, reserved 1114112K
  class space    used 3085K, committed 3264K, reserved 1048576K
}
Event: 20.258 GC heap before
{Heap before GC invocations=6 (full 0):
 garbage-first heap   total 98304K, used 77593K [0x0000000600000000, 0x0000000800000000)
  region size 4096K, 16 young (65536K), 2 survivors (8192K)
 Metaspace       used 28362K, committed 28864K, reserved 1114112K
  class space    used 4153K, committed 4416K, reserved 1048576K
}
Event: 20.271 GC heap after
{Heap after GC invocations=7 (full 0):
 garbage-first heap   total 98304K, used 28352K [0x0000000600000000, 0x0000000800000000)
  region size 4096K, 2 young (8192K), 2 survivors (8192K)
 Metaspace       used 28362K, committed 28864K, reserved 1114112K
  class space    used 4153K, committed 4416K, reserved 1048576K
}

