# JRE version: OpenJDK Runtime Environment Temurin-17.0.19+10 (17.0.19+10) (build 17.0.19+10)
# Java VM: OpenJDK 64-Bit Server VM Temurin-17.0.19+10 (17.0.19+10, mixed mode, sharing, tiered, compressed oops, compressed class ptrs, g1 gc, windows-amd64)
GC Precious Log:
 CPUs: 8 total, 8 available
 Memory: 8070M
 Large Page Support: Disabled
 NUMA Support: Disabled
 Compressed Oops: Enabled (Zero based)
 Heap Region Size: 4M
 Heap Min Capacity: 8M
 Heap Initial Capacity: 128M
 Heap Max Capacity: 8G
 Pre-touch: Disabled
 Parallel Workers: 8
 Concurrent Workers: 2
 Concurrent Refinement Workers: 8
 Periodic GC: Disabled
Heap:
 garbage-first heap   total 442368K, used 334979K [0x0000000600000000, 0x0000000800000000)
  region size 4096K, 37 young (151552K), 4 survivors (16384K)
 Metaspace       used 194385K, committed 195840K, reserved 1245184K
  class space    used 25219K, committed 25920K, reserved 1048576K
GC Heap History (20 events):
Event: 172.812 GC heap before
{Heap before GC invocations=131 (full 0):
 garbage-first heap   total 307200K, used 241592K [0x0000000600000000, 0x0000000800000000)
  region size 4096K, 14 young (57344K), 2 survivors (8192K)
 Metaspace       used 163085K, committed 164352K, reserved 1245184K
  class space    used 21018K, committed 21632K, reserved 1048576K
}
Event: 172.820 GC heap after
{Heap after GC invocations=132 (full 0):
 garbage-first heap   total 307200K, used 198540K [0x0000000600000000, 0x0000000800000000)
  region size 4096K, 1 young (4096K), 1 survivors (4096K)
 Metaspace       used 163085K, committed 164352K, reserved 1245184K
  class space    used 21018K, committed 21632K, reserved 1048576K
}
Event: 174.261 GC heap before
{Heap before GC invocations=132 (full 0):
 garbage-first heap   total 307200K, used 247692K [0x0000000600000000, 0x0000000800000000)
  region size 4096K, 13 young (53248K), 1 survivors (4096K)
 Metaspace       used 164191K, committed 165504K, reserved 1245184K
  class space    used 21188K, committed 21824K, reserved 1048576K
}
Event: 174.268 GC heap after
{Heap after GC invocations=133 (full 0):
 garbage-first heap   total 307200K, used 200949K [0x0000000600000000, 0x0000000800000000)
  region size 4096K, 2 young (8192K), 2 survivors (8192K)
 Metaspace       used 164191K, committed 165504K, reserved 1245184K
  class space    used 21188K, committed 21824K, reserved 1048576K
}
Event: 175.249 GC heap before
{Heap before GC invocations=133 (full 0):
 garbage-first heap   total 307200K, used 237813K [0x0000000600000000, 0x0000000800000000)
  region size 4096K, 13 young (53248K), 2 survivors (8192K)
 Metaspace       used 165917K, committed 167168K, reserved 1245184K
  class space    used 21418K, committed 22016K, reserved 1048576K
}
Event: 175.255 GC heap after
{Heap after GC invocations=134 (full 0):
 garbage-first heap   total 307200K, used 203457K [0x0000000600000000, 0x0000000800000000)
  region size 4096K, 2 young (8192K), 2 survivors (8192K)
 Metaspace       used 165917K, committed 167168K, reserved 1245184K
  class space    used 21418K, committed 22016K, reserved 1048576K
}
Event: 176.619 GC heap before
{Heap before GC invocations=135 (full 0):
 garbage-first heap   total 368640K, used 248513K [0x0000000600000000, 0x0000000800000000)
  region size 4096K, 13 young (53248K), 2 survivors (8192K)
 Metaspace       used 168595K, committed 169856K, reserved 1245184K
  class space    used 21873K, committed 22464K, reserved 1048576K
}
Event: 176.632 GC heap after
{Heap after GC invocations=136 (full 0):
 garbage-first heap   total 368640K, used 205093K [0x0000000600000000, 0x0000000800000000)
  region size 4096K, 1 young (4096K), 1 survivors (4096K)
 Metaspace       used 168595K, committed 169856K, reserved 1245184K
  class space    used 21873K, committed 22464K, reserved 1048576K
}
Event: 177.052 GC heap before
{Heap before GC invocations=136 (full 0):
 garbage-first heap   total 368640K, used 217381K [0x0000000600000000, 0x0000000800000000)
  region size 4096K, 4 young (16384K), 1 survivors (4096K)
 Metaspace       used 169501K, committed 170752K, reserved 1245184K
  class space    used 22052K, committed 22656K, reserved 1048576K
}
Event: 177.066 GC heap after
{Heap after GC invocations=137 (full 0):
 garbage-first heap   total 368640K, used 185508K [0x0000000600000000, 0x0000000800000000)
  region size 4096K, 1 young (4096K), 1 survivors (4096K)
 Metaspace       used 169501K, committed 170752K, reserved 1245184K
  class space    used 22052K, committed 22656K, reserved 1048576K
}
Event: 181.389 GC heap before
{Heap before GC invocations=137 (full 0):
 garbage-first heap   total 368640K, used 296100K [0x0000000600000000, 0x0000000800000000)
  region size 4096K, 28 young (114688K), 1 survivors (4096K)
 Metaspace       used 175863K, committed 177216K, reserved 1245184K
  class space    used 22965K, committed 23616K, reserved 1048576K
}
Event: 181.399 GC heap after
{Heap after GC invocations=138 (full 0):
 garbage-first heap   total 368640K, used 181595K [0x0000000600000000, 0x0000000800000000)
  region size 4096K, 2 young (8192K), 2 survivors (8192K)
 Metaspace       used 175863K, committed 177216K, reserved 1245184K
  class space    used 22965K, committed 23616K, reserved 1048576K
}
Event: 196.070 GC heap before
{Heap before GC invocations=139 (full 0):
 garbage-first heap   total 368640K, used 300379K [0x0000000600000000, 0x0000000800000000)
  region size 4096K, 31 young (126976K), 2 survivors (8192K)
 Metaspace       used 185391K, committed 186688K, reserved 1245184K
  class space    used 24113K, committed 24704K, reserved 1048576K
}
Event: 196.091 GC heap after
{Heap after GC invocations=140 (full 0):
 garbage-first heap   total 368640K, used 191868K [0x0000000600000000, 0x0000000800000000)
  region size 4096K, 4 young (16384K), 4 survivors (16384K)
 Metaspace       used 185391K, committed 186688K, reserved 1245184K
  class space    used 24113K, committed 24704K, reserved 1048576K
}
Event: 196.283 GC heap before
{Heap before GC invocations=140 (full 0):
 garbage-first heap   total 368640K, used 191868K [0x0000000600000000, 0x0000000800000000)
  region size 4096K, 5 young (20480K), 4 survivors (16384K)
 Metaspace       used 185631K, committed 186944K, reserved 1245184K
  class space    used 24137K, committed 24768K, reserved 1048576K
}
Event: 196.304 GC heap after
{Heap after GC invocations=141 (full 0):
 garbage-first heap   total 368640K, used 190468K [0x0000000600000000, 0x0000000800000000)
  region size 4096K, 1 young (4096K), 1 survivors (4096K)
 Metaspace       used 185631K, committed 186944K, reserved 1245184K
  class space    used 24137K, committed 24768K, reserved 1048576K
}
Event: 201.016 GC heap before
{Heap before GC invocations=141 (full 0):
 garbage-first heap   total 368640K, used 301060K [0x0000000600000000, 0x0000000800000000)
  region size 4096K, 28 young (114688K), 1 survivors (4096K)
 Metaspace       used 190610K, committed 191936K, reserved 1245184K
  class space    used 24812K, committed 25408K, reserved 1048576K
}
Event: 201.031 GC heap after
{Heap after GC invocations=142 (full 0):
 garbage-first heap   total 442368K, used 196141K [0x0000000600000000, 0x0000000800000000)
  region size 4096K, 2 young (8192K), 2 survivors (8192K)
 Metaspace       used 190610K, committed 191936K, reserved 1245184K
  class space    used 24812K, committed 25408K, reserved 1048576K
}
Event: 495.691 GC heap before
{Heap before GC invocations=142 (full 0):
 garbage-first heap   total 442368K, used 351789K [0x0000000600000000, 0x0000000800000000)
  region size 4096K, 40 young (163840K), 2 survivors (8192K)
 Metaspace       used 193884K, committed 195264K, reserved 1245184K
  class space    used 25199K, committed 25856K, reserved 1048576K
}
Event: 495.898 GC heap after
{Heap after GC invocations=143 (full 0):
 garbage-first heap   total 442368K, used 203907K [0x0000000600000000, 0x0000000800000000)
  region size 4096K, 4 young (16384K), 4 survivors (16384K)
 Metaspace       used 193884K, committed 195264K, reserved 1245184K
  class space    used 25199K, committed 25856K, reserved 1048576K
}

