# JRE version: OpenJDK Runtime Environment Temurin-17.0.19+10 (17.0.19+10) (build 17.0.19+10)
# Java VM: OpenJDK 64-Bit Server VM Temurin-17.0.19+10 (17.0.19+10, mixed mode, sharing, tiered, compressed oops, compressed class ptrs, g1 gc, windows-amd64)
GC Precious Log:
 CPUs: 8 total, 8 available
 Memory: 8070M
 Large Page Support: Disabled
 NUMA Support: Disabled
 Compressed Oops: Enabled (32-bit)
 Heap Region Size: 1M
 Heap Min Capacity: 8M
 Heap Initial Capacity: 128M
 Heap Max Capacity: 2018M
 Pre-touch: Disabled
 Parallel Workers: 8
 Concurrent Workers: 2
 Concurrent Refinement Workers: 8
 Periodic GC: Disabled
Heap:
 garbage-first heap   total 272384K, used 110192K [0x0000000081e00000, 0x0000000100000000)
  region size 1024K, 19 young (19456K), 4 survivors (4096K)
 Metaspace       used 78315K, committed 78784K, reserved 1179648K
  class space    used 8121K, committed 8320K, reserved 1048576K
GC Heap History (20 events):
Event: 33.583 GC heap before
{Heap before GC invocations=23 (full 0):
 garbage-first heap   total 138240K, used 114109K [0x0000000081e00000, 0x0000000100000000)
  region size 1024K, 30 young (30720K), 1 survivors (1024K)
 Metaspace       used 55561K, committed 55936K, reserved 1114112K
  class space    used 6257K, committed 6464K, reserved 1048576K
}
Event: 33.597 GC heap after
{Heap after GC invocations=24 (full 0):
 garbage-first heap   total 138240K, used 86769K [0x0000000081e00000, 0x0000000100000000)
  region size 1024K, 3 young (3072K), 3 survivors (3072K)
 Metaspace       used 55561K, committed 55936K, reserved 1114112K
  class space    used 6257K, committed 6464K, reserved 1048576K
}
Event: 36.178 GC heap before
{Heap before GC invocations=25 (full 0):
 garbage-first heap   total 148480K, used 114417K [0x0000000081e00000, 0x0000000100000000)
  region size 1024K, 30 young (30720K), 3 survivors (3072K)
 Metaspace       used 55787K, committed 56192K, reserved 1114112K
  class space    used 6265K, committed 6464K, reserved 1048576K
}
Event: 36.195 GC heap after
{Heap after GC invocations=26 (full 0):
 garbage-first heap   total 148480K, used 89001K [0x0000000081e00000, 0x0000000100000000)
  region size 1024K, 3 young (3072K), 3 survivors (3072K)
 Metaspace       used 55787K, committed 56192K, reserved 1114112K
  class space    used 6265K, committed 6464K, reserved 1048576K
}
Event: 36.570 GC heap before
{Heap before GC invocations=26 (full 0):
 garbage-first heap   total 148480K, used 93097K [0x0000000081e00000, 0x0000000100000000)
  region size 1024K, 7 young (7168K), 3 survivors (3072K)
 Metaspace       used 55809K, committed 56192K, reserved 1114112K
  class space    used 6265K, committed 6464K, reserved 1048576K
}
Event: 36.578 GC heap after
{Heap after GC invocations=27 (full 0):
 garbage-first heap   total 148480K, used 88656K [0x0000000081e00000, 0x0000000100000000)
  region size 1024K, 1 young (1024K), 1 survivors (1024K)
 Metaspace       used 55809K, committed 56192K, reserved 1114112K
  class space    used 6265K, committed 6464K, reserved 1048576K
}
Event: 38.717 GC heap before
{Heap before GC invocations=27 (full 0):
 garbage-first heap   total 148480K, used 123472K [0x0000000081e00000, 0x0000000100000000)
  region size 1024K, 35 young (35840K), 1 survivors (1024K)
 Metaspace       used 57049K, committed 57472K, reserved 1114112K
  class space    used 6372K, committed 6592K, reserved 1048576K
}
Event: 38.726 GC heap after
{Heap after GC invocations=28 (full 0):
 garbage-first heap   total 148480K, used 89977K [0x0000000081e00000, 0x0000000100000000)
  region size 1024K, 2 young (2048K), 2 survivors (2048K)
 Metaspace       used 57049K, committed 57472K, reserved 1114112K
  class space    used 6372K, committed 6592K, reserved 1048576K
}
Event: 41.079 GC heap before
{Heap before GC invocations=29 (full 0):
 garbage-first heap   total 155648K, used 123769K [0x0000000081e00000, 0x0000000100000000)
  region size 1024K, 35 young (35840K), 2 survivors (2048K)
 Metaspace       used 62812K, committed 63296K, reserved 1114112K
  class space    used 6939K, committed 7168K, reserved 1048576K
}
Event: 41.094 GC heap after
{Heap after GC invocations=30 (full 0):
 garbage-first heap   total 155648K, used 91761K [0x0000000081e00000, 0x0000000100000000)
  region size 1024K, 4 young (4096K), 4 survivors (4096K)
 Metaspace       used 62812K, committed 63296K, reserved 1114112K
  class space    used 6939K, committed 7168K, reserved 1048576K
}
Event: 41.467 GC heap before
{Heap before GC invocations=30 (full 0):
 garbage-first heap   total 155648K, used 94833K [0x0000000081e00000, 0x0000000100000000)
  region size 1024K, 7 young (7168K), 4 survivors (4096K)
 Metaspace       used 63012K, committed 63488K, reserved 1114112K
  class space    used 6944K, committed 7168K, reserved 1048576K
}
Event: 41.480 GC heap after
{Heap after GC invocations=31 (full 0):
 garbage-first heap   total 155648K, used 91691K [0x0000000081e00000, 0x0000000100000000)
  region size 1024K, 1 young (1024K), 1 survivors (1024K)
 Metaspace       used 63012K, committed 63488K, reserved 1114112K
  class space    used 6944K, committed 7168K, reserved 1048576K
}
Event: 44.263 GC heap before
{Heap before GC invocations=31 (full 0):
 garbage-first heap   total 155648K, used 129579K [0x0000000081e00000, 0x0000000100000000)
  region size 1024K, 38 young (38912K), 1 survivors (1024K)
 Metaspace       used 69705K, committed 70144K, reserved 1114112K
  class space    used 7529K, committed 7744K, reserved 1048576K
}
Event: 44.275 GC heap after
{Heap after GC invocations=32 (full 0):
 garbage-first heap   total 155648K, used 94038K [0x0000000081e00000, 0x0000000100000000)
  region size 1024K, 4 young (4096K), 4 survivors (4096K)
 Metaspace       used 69705K, committed 70144K, reserved 1114112K
  class space    used 7529K, committed 7744K, reserved 1048576K
}
Event: 47.189 GC heap before
{Heap before GC invocations=33 (full 0):
 garbage-first heap   total 158720K, used 127830K [0x0000000081e00000, 0x0000000100000000)
  region size 1024K, 39 young (39936K), 4 survivors (4096K)
 Metaspace       used 73601K, committed 74048K, reserved 1179648K
  class space    used 7790K, committed 8000K, reserved 1048576K
}
Event: 47.205 GC heap after
{Heap after GC invocations=34 (full 0):
 garbage-first heap   total 158720K, used 94883K [0x0000000081e00000, 0x0000000100000000)
  region size 1024K, 4 young (4096K), 4 survivors (4096K)
 Metaspace       used 73601K, committed 74048K, reserved 1179648K
  class space    used 7790K, committed 8000K, reserved 1048576K
}
Event: 47.341 GC heap before
{Heap before GC invocations=34 (full 0):
 garbage-first heap   total 158720K, used 96931K [0x0000000081e00000, 0x0000000100000000)
  region size 1024K, 7 young (7168K), 4 survivors (4096K)
 Metaspace       used 74428K, committed 74880K, reserved 1179648K
  class space    used 7855K, committed 8064K, reserved 1048576K
}
Event: 47.353 GC heap after
{Heap after GC invocations=35 (full 0):
 garbage-first heap   total 158720K, used 92904K [0x0000000081e00000, 0x0000000100000000)
  region size 1024K, 1 young (1024K), 1 survivors (1024K)
 Metaspace       used 74428K, committed 74880K, reserved 1179648K
  class space    used 7855K, committed 8064K, reserved 1048576K
}
Event: 49.705 GC heap before
{Heap before GC invocations=35 (full 0):
 garbage-first heap   total 158720K, used 131816K [0x0000000081e00000, 0x0000000100000000)
  region size 1024K, 39 young (39936K), 1 survivors (1024K)
 Metaspace       used 78028K, committed 78528K, reserved 1179648K
  class space    used 8113K, committed 8320K, reserved 1048576K
}
Event: 49.716 GC heap after
{Heap after GC invocations=36 (full 0):
 garbage-first heap   total 272384K, used 95856K [0x0000000081e00000, 0x0000000100000000)
  region size 1024K, 4 young (4096K), 4 survivors (4096K)
 Metaspace       used 78028K, committed 78528K, reserved 1179648K
  class space    used 8113K, committed 8320K, reserved 1048576K
}

