# JRE version: OpenJDK Runtime Environment Temurin-17.0.19+10 (17.0.19+10) (build 17.0.19+10)
# Java VM: OpenJDK 64-Bit Server VM Temurin-17.0.19+10 (17.0.19+10, mixed mode, sharing, tiered, compressed oops, compressed class ptrs, g1 gc, windows-amd64)
GC Precious Log:
 CPUs: 8 total, 8 available
 Memory: 8070M
 Large Page Support: Disabled
 NUMA Support: Disabled
 Compressed Oops: Enabled (Zero based)
 Heap Region Size: 4M
 Heap Min Capacity: 8M
 Heap Initial Capacity: 128M
 Heap Max Capacity: 8G
 Pre-touch: Disabled
 Parallel Workers: 8
 Concurrent Workers: 2
 Concurrent Refinement Workers: 8
 Periodic GC: Disabled
Heap:
 garbage-first heap   total 339968K, used 242006K [0x0000000600000000, 0x0000000800000000)
  region size 4096K, 28 young (114688K), 1 survivors (4096K)
 Metaspace       used 151903K, committed 153088K, reserved 1245184K
  class space    used 19662K, committed 20224K, reserved 1048576K
GC Heap History (20 events):
Event: 126.335 GC heap before
{Heap before GC invocations=71 (full 0):
 garbage-first heap   total 262144K, used 136439K [0x0000000600000000, 0x0000000800000000)
  region size 4096K, 3 young (12288K), 1 survivors (4096K)
 Metaspace       used 128987K, committed 129984K, reserved 1179648K
  class space    used 16804K, committed 17280K, reserved 1048576K
}
Event: 126.346 GC heap after
{Heap after GC invocations=72 (full 0):
 garbage-first heap   total 262144K, used 100938K [0x0000000600000000, 0x0000000800000000)
  region size 4096K, 1 young (4096K), 1 survivors (4096K)
 Metaspace       used 128987K, committed 129984K, reserved 1179648K
  class space    used 16804K, committed 17280K, reserved 1048576K
}
Event: 126.873 GC heap before
{Heap before GC invocations=72 (full 0):
 garbage-first heap   total 262144K, used 109130K [0x0000000600000000, 0x0000000800000000)
  region size 4096K, 3 young (12288K), 1 survivors (4096K)
 Metaspace       used 129459K, committed 130432K, reserved 1179648K
  class space    used 16864K, committed 17344K, reserved 1048576K
}
Event: 126.889 GC heap after
{Heap after GC invocations=73 (full 0):
 garbage-first heap   total 262144K, used 96087K [0x0000000600000000, 0x0000000800000000)
  region size 4096K, 1 young (4096K), 1 survivors (4096K)
 Metaspace       used 129459K, committed 130432K, reserved 1179648K
  class space    used 16864K, committed 17344K, reserved 1048576K
}
Event: 131.250 GC heap before
{Heap before GC invocations=73 (full 0):
 garbage-first heap   total 262144K, used 198487K [0x0000000600000000, 0x0000000800000000)
  region size 4096K, 24 young (98304K), 1 survivors (4096K)
 Metaspace       used 135596K, committed 136576K, reserved 1179648K
  class space    used 17639K, committed 18112K, reserved 1048576K
}
Event: 131.257 GC heap after
{Heap after GC invocations=74 (full 0):
 garbage-first heap   total 339968K, used 99168K [0x0000000600000000, 0x0000000800000000)
  region size 4096K, 1 young (4096K), 1 survivors (4096K)
 Metaspace       used 135596K, committed 136576K, reserved 1179648K
  class space    used 17639K, committed 18112K, reserved 1048576K
}
Event: 137.415 GC heap before
{Heap before GC invocations=74 (full 0):
 garbage-first heap   total 339968K, used 267104K [0x0000000600000000, 0x0000000800000000)
  region size 4096K, 42 young (172032K), 1 survivors (4096K)
 Metaspace       used 137267K, committed 138304K, reserved 1179648K
  class space    used 17749K, committed 18240K, reserved 1048576K
}
Event: 137.452 GC heap after
{Heap after GC invocations=75 (full 0):
 garbage-first heap   total 339968K, used 146766K [0x0000000600000000, 0x0000000800000000)
  region size 4096K, 6 young (24576K), 6 survivors (24576K)
 Metaspace       used 137267K, committed 138304K, reserved 1179648K
  class space    used 17749K, committed 18240K, reserved 1048576K
}
Event: 143.146 GC heap before
{Heap before GC invocations=75 (full 0):
 garbage-first heap   total 339968K, used 245070K [0x0000000600000000, 0x0000000800000000)
  region size 4096K, 30 young (122880K), 6 survivors (24576K)
 Metaspace       used 141906K, committed 142976K, reserved 1179648K
  class space    used 18373K, committed 18880K, reserved 1048576K
}
Event: 143.185 GC heap after
{Heap after GC invocations=76 (full 0):
 garbage-first heap   total 339968K, used 161433K [0x0000000600000000, 0x0000000800000000)
  region size 4096K, 4 young (16384K), 4 survivors (16384K)
 Metaspace       used 141906K, committed 142976K, reserved 1179648K
  class space    used 18373K, committed 18880K, reserved 1048576K
}
Event: 246.225 GC heap before
{Heap before GC invocations=76 (full 0):
 garbage-first heap   total 339968K, used 251545K [0x0000000600000000, 0x0000000800000000)
  region size 4096K, 26 young (106496K), 4 survivors (16384K)
 Metaspace       used 148618K, committed 149760K, reserved 1179648K
  class space    used 19348K, committed 19904K, reserved 1048576K
}
Event: 246.307 GC heap after
{Heap after GC invocations=77 (full 0):
 garbage-first heap   total 339968K, used 169331K [0x0000000600000000, 0x0000000800000000)
  region size 4096K, 2 young (8192K), 2 survivors (8192K)
 Metaspace       used 148618K, committed 149760K, reserved 1179648K
  class space    used 19348K, committed 19904K, reserved 1048576K
}
Event: 251.277 GC heap before
{Heap before GC invocations=77 (full 0):
 garbage-first heap   total 339968K, used 259443K [0x0000000600000000, 0x0000000800000000)
  region size 4096K, 25 young (102400K), 2 survivors (8192K)
 Metaspace       used 149745K, committed 150848K, reserved 1245184K
  class space    used 19435K, committed 19968K, reserved 1048576K
}
Event: 251.307 GC heap after
{Heap after GC invocations=78 (full 0):
 garbage-first heap   total 339968K, used 177158K [0x0000000600000000, 0x0000000800000000)
  region size 4096K, 4 young (16384K), 4 survivors (16384K)
 Metaspace       used 149745K, committed 150848K, reserved 1245184K
  class space    used 19435K, committed 19968K, reserved 1048576K
}
Event: 253.703 GC heap before
{Heap before GC invocations=79 (full 0):
 garbage-first heap   total 339968K, used 246790K [0x0000000600000000, 0x0000000800000000)
  region size 4096K, 26 young (106496K), 4 survivors (16384K)
 Metaspace       used 149917K, committed 151040K, reserved 1245184K
  class space    used 19447K, committed 19968K, reserved 1048576K
}
Event: 253.766 GC heap after
{Heap after GC invocations=80 (full 0):
 garbage-first heap   total 339968K, used 168739K [0x0000000600000000, 0x0000000800000000)
  region size 4096K, 3 young (12288K), 3 survivors (12288K)
 Metaspace       used 149917K, committed 151040K, reserved 1245184K
  class space    used 19447K, committed 19968K, reserved 1048576K
}
Event: 253.791 GC heap before
{Heap before GC invocations=80 (full 0):
 garbage-first heap   total 339968K, used 172835K [0x0000000600000000, 0x0000000800000000)
  region size 4096K, 4 young (16384K), 3 survivors (12288K)
 Metaspace       used 149917K, committed 151040K, reserved 1245184K
  class space    used 19447K, committed 19968K, reserved 1048576K
}
Event: 253.816 GC heap after
{Heap after GC invocations=81 (full 0):
 garbage-first heap   total 339968K, used 138478K [0x0000000600000000, 0x0000000800000000)
  region size 4096K, 1 young (4096K), 1 survivors (4096K)
 Metaspace       used 149917K, committed 151040K, reserved 1245184K
  class space    used 19447K, committed 19968K, reserved 1048576K
}
Event: 253.861 GC heap before
{Heap before GC invocations=81 (full 0):
 garbage-first heap   total 339968K, used 146670K [0x0000000600000000, 0x0000000800000000)
  region size 4096K, 4 young (16384K), 1 survivors (4096K)
 Metaspace       used 149917K, committed 151040K, reserved 1245184K
  class space    used 19447K, committed 19968K, reserved 1048576K
}
Event: 253.881 GC heap after
{Heap after GC invocations=82 (full 0):
 garbage-first heap   total 339968K, used 139606K [0x0000000600000000, 0x0000000800000000)
  region size 4096K, 1 young (4096K), 1 survivors (4096K)
 Metaspace       used 149917K, committed 151040K, reserved 1245184K
  class space    used 19447K, committed 19968K, reserved 1048576K
}

