# JRE version: OpenJDK Runtime Environment Temurin-17.0.19+10 (17.0.19+10) (build 17.0.19+10)
# Java VM: OpenJDK 64-Bit Server VM Temurin-17.0.19+10 (17.0.19+10, mixed mode, sharing, tiered, compressed oops, compressed class ptrs, g1 gc, windows-amd64)
GC Precious Log:
 CPUs: 8 total, 8 available
 Memory: 8070M
 Large Page Support: Disabled
 NUMA Support: Disabled
 Compressed Oops: Enabled (32-bit)
 Heap Region Size: 1M
 Heap Min Capacity: 8M
 Heap Initial Capacity: 128M
 Heap Max Capacity: 2018M
 Pre-touch: Disabled
 Parallel Workers: 8
 Concurrent Workers: 2
 Concurrent Refinement Workers: 8
 Periodic GC: Disabled
Heap:
 garbage-first heap   total 140288K, used 76082K [0x0000000081e00000, 0x0000000100000000)
  region size 1024K, 28 young (28672K), 3 survivors (3072K)
 Metaspace       used 46420K, committed 46784K, reserved 1114112K
  class space    used 5631K, committed 5824K, reserved 1048576K
GC Heap History (20 events):
Event: 1.282 GC heap before
{Heap before GC invocations=0 (full 0):
 garbage-first heap   total 131072K, used 26624K [0x0000000081e00000, 0x0000000100000000)
  region size 1024K, 23 young (23552K), 0 survivors (0K)
 Metaspace       used 6836K, committed 6976K, reserved 1114112K
  class space    used 688K, committed 768K, reserved 1048576K
}
Event: 1.289 GC heap after
{Heap after GC invocations=1 (full 0):
 garbage-first heap   total 131072K, used 6165K [0x0000000081e00000, 0x0000000100000000)
  region size 1024K, 3 young (3072K), 3 survivors (3072K)
 Metaspace       used 6836K, committed 6976K, reserved 1114112K
  class space    used 688K, committed 768K, reserved 1048576K
}
Event: 2.701 GC heap before
{Heap before GC invocations=1 (full 0):
 garbage-first heap   total 131072K, used 37909K [0x0000000081e00000, 0x0000000100000000)
  region size 1024K, 34 young (34816K), 3 survivors (3072K)
 Metaspace       used 15640K, committed 15872K, reserved 1114112K
  class space    used 1749K, committed 1856K, reserved 1048576K
}
Event: 2.710 GC heap after
{Heap after GC invocations=2 (full 0):
 garbage-first heap   total 131072K, used 8104K [0x0000000081e00000, 0x0000000100000000)
  region size 1024K, 2 young (2048K), 2 survivors (2048K)
 Metaspace       used 15640K, committed 15872K, reserved 1114112K
  class space    used 1749K, committed 1856K, reserved 1048576K
}
Event: 4.430 GC heap before
{Heap before GC invocations=2 (full 0):
 garbage-first heap   total 131072K, used 95144K [0x0000000081e00000, 0x0000000100000000)
  region size 1024K, 76 young (77824K), 2 survivors (2048K)
 Metaspace       used 21290K, committed 21504K, reserved 1114112K
  class space    used 2711K, committed 2816K, reserved 1048576K
}
Event: 4.480 GC heap after
{Heap after GC invocations=3 (full 0):
 garbage-first heap   total 131072K, used 27037K [0x0000000081e00000, 0x0000000100000000)
  region size 1024K, 10 young (10240K), 10 survivors (10240K)
 Metaspace       used 21290K, committed 21504K, reserved 1114112K
  class space    used 2711K, committed 2816K, reserved 1048576K
}
Event: 4.812 GC heap before
{Heap before GC invocations=4 (full 0):
 garbage-first heap   total 92160K, used 30109K [0x0000000081e00000, 0x0000000100000000)
  region size 1024K, 14 young (14336K), 10 survivors (10240K)
 Metaspace       used 22241K, committed 22464K, reserved 1114112K
  class space    used 3020K, committed 3136K, reserved 1048576K
}
Event: 4.848 GC heap after
{Heap after GC invocations=5 (full 0):
 garbage-first heap   total 92160K, used 27549K [0x0000000081e00000, 0x0000000100000000)
  region size 1024K, 1 young (1024K), 1 survivors (1024K)
 Metaspace       used 22241K, committed 22464K, reserved 1114112K
  class space    used 3020K, committed 3136K, reserved 1048576K
}
Event: 6.204 GC heap before
{Heap before GC invocations=5 (full 0):
 garbage-first heap   total 92160K, used 72605K [0x0000000081e00000, 0x0000000100000000)
  region size 1024K, 34 young (34816K), 1 survivors (1024K)
 Metaspace       used 28680K, committed 28992K, reserved 1114112K
  class space    used 3719K, committed 3840K, reserved 1048576K
}
Event: 6.222 GC heap after
{Heap after GC invocations=6 (full 0):
 garbage-first heap   total 92160K, used 43421K [0x0000000081e00000, 0x0000000100000000)
  region size 1024K, 5 young (5120K), 5 survivors (5120K)
 Metaspace       used 28680K, committed 28992K, reserved 1114112K
  class space    used 3719K, committed 3840K, reserved 1048576K
}
Event: 7.222 GC heap before
{Heap before GC invocations=6 (full 0):
 garbage-first heap   total 92160K, used 70045K [0x0000000081e00000, 0x0000000100000000)
  region size 1024K, 31 young (31744K), 5 survivors (5120K)
 Metaspace       used 34276K, committed 34496K, reserved 1114112K
  class space    used 4251K, committed 4352K, reserved 1048576K
}
Event: 7.239 GC heap after
{Heap after GC invocations=7 (full 0):
 garbage-first heap   total 92160K, used 46224K [0x0000000081e00000, 0x0000000100000000)
  region size 1024K, 3 young (3072K), 3 survivors (3072K)
 Metaspace       used 34276K, committed 34496K, reserved 1114112K
  class space    used 4251K, committed 4352K, reserved 1048576K
}
Event: 7.811 GC heap before
{Heap before GC invocations=7 (full 0):
 garbage-first heap   total 92160K, used 52368K [0x0000000081e00000, 0x0000000100000000)
  region size 1024K, 10 young (10240K), 3 survivors (3072K)
 Metaspace       used 35733K, committed 35968K, reserved 1114112K
  class space    used 4372K, committed 4480K, reserved 1048576K
}
Event: 7.826 GC heap after
{Heap after GC invocations=8 (full 0):
 garbage-first heap   total 92160K, used 47117K [0x0000000081e00000, 0x0000000100000000)
  region size 1024K, 2 young (2048K), 2 survivors (2048K)
 Metaspace       used 35733K, committed 35968K, reserved 1114112K
  class space    used 4372K, committed 4480K, reserved 1048576K
}
Event: 8.589 GC heap before
{Heap before GC invocations=9 (full 0):
 garbage-first heap   total 92160K, used 62477K [0x0000000081e00000, 0x0000000100000000)
  region size 1024K, 19 young (19456K), 2 survivors (2048K)
 Metaspace       used 38791K, committed 39104K, reserved 1114112K
  class space    used 4761K, committed 4864K, reserved 1048576K
}
Event: 8.601 GC heap after
{Heap after GC invocations=10 (full 0):
 garbage-first heap   total 92160K, used 49050K [0x0000000081e00000, 0x0000000100000000)
  region size 1024K, 4 young (4096K), 4 survivors (4096K)
 Metaspace       used 38791K, committed 39104K, reserved 1114112K
  class space    used 4761K, committed 4864K, reserved 1048576K
}
Event: 9.094 GC heap before
{Heap before GC invocations=11 (full 0):
 garbage-first heap   total 94208K, used 72602K [0x0000000081e00000, 0x0000000100000000)
  region size 1024K, 27 young (27648K), 4 survivors (4096K)
 Metaspace       used 38889K, committed 39168K, reserved 1114112K
  class space    used 4761K, committed 4864K, reserved 1048576K
}
Event: 9.105 GC heap after
{Heap after GC invocations=12 (full 0):
 garbage-first heap   total 94208K, used 50007K [0x0000000081e00000, 0x0000000100000000)
  region size 1024K, 3 young (3072K), 3 survivors (3072K)
 Metaspace       used 38889K, committed 39168K, reserved 1114112K
  class space    used 4761K, committed 4864K, reserved 1048576K
}
Event: 10.138 GC heap before
{Heap before GC invocations=12 (full 0):
 garbage-first heap   total 94208K, used 73559K [0x0000000081e00000, 0x0000000100000000)
  region size 1024K, 27 young (27648K), 3 survivors (3072K)
 Metaspace       used 43343K, committed 43648K, reserved 1114112K
  class space    used 5305K, committed 5440K, reserved 1048576K
}
Event: 10.153 GC heap after
{Heap after GC invocations=13 (full 0):
 garbage-first heap   total 140288K, used 51506K [0x0000000081e00000, 0x0000000100000000)
  region size 1024K, 3 young (3072K), 3 survivors (3072K)
 Metaspace       used 43343K, committed 43648K, reserved 1114112K
  class space    used 5305K, committed 5440K, reserved 1048576K
}

