# JRE version: OpenJDK Runtime Environment Temurin-17.0.19+10 (17.0.19+10) (build 17.0.19+10)
# Java VM: OpenJDK 64-Bit Server VM Temurin-17.0.19+10 (17.0.19+10, mixed mode, sharing, tiered, compressed oops, compressed class ptrs, g1 gc, windows-amd64)
GC Precious Log:
 CPUs: 8 total, 8 available
 Memory: 8070M
 Large Page Support: Disabled
 NUMA Support: Disabled
 Compressed Oops: Enabled (Zero based)
 Heap Region Size: 4M
 Heap Min Capacity: 8M
 Heap Initial Capacity: 128M
 Heap Max Capacity: 8G
 Pre-touch: Disabled
 Parallel Workers: 8
 Concurrent Workers: 2
 Concurrent Refinement Workers: 8
 Periodic GC: Disabled
Heap:
 garbage-first heap   total 221184K, used 155602K [0x0000000600000000, 0x0000000800000000)
  region size 4096K, 5 young (20480K), 2 survivors (8192K)
 Metaspace       used 108535K, committed 109696K, reserved 1179648K
  class space    used 15240K, committed 15808K, reserved 1048576K
GC Heap History (20 events):
Event: 64.587 GC heap before
{Heap before GC invocations=57 (full 0):
 garbage-first heap   total 200704K, used 149256K [0x0000000600000000, 0x0000000800000000)
  region size 4096K, 12 young (49152K), 2 survivors (8192K)
 Metaspace       used 87850K, committed 88896K, reserved 1179648K
  class space    used 12386K, committed 12864K, reserved 1048576K
}
Event: 64.597 GC heap after
{Heap after GC invocations=58 (full 0):
 garbage-first heap   total 200704K, used 110185K [0x0000000600000000, 0x0000000800000000)
  region size 4096K, 2 young (8192K), 2 survivors (8192K)
 Metaspace       used 87850K, committed 88896K, reserved 1179648K
  class space    used 12386K, committed 12864K, reserved 1048576K
}
Event: 64.952 GC heap before
{Heap before GC invocations=58 (full 0):
 garbage-first heap   total 200704K, used 118377K [0x0000000600000000, 0x0000000800000000)
  region size 4096K, 5 young (20480K), 2 survivors (8192K)
 Metaspace       used 88454K, committed 89536K, reserved 1179648K
  class space    used 12469K, committed 12992K, reserved 1048576K
}
Event: 64.961 GC heap after
{Heap after GC invocations=59 (full 0):
 garbage-first heap   total 200704K, used 112135K [0x0000000600000000, 0x0000000800000000)
  region size 4096K, 2 young (8192K), 2 survivors (8192K)
 Metaspace       used 88454K, committed 89536K, reserved 1179648K
  class space    used 12469K, committed 12992K, reserved 1048576K
}
Event: 68.110 GC heap before
{Heap before GC invocations=60 (full 0):
 garbage-first heap   total 221184K, used 161287K [0x0000000600000000, 0x0000000800000000)
  region size 4096K, 12 young (49152K), 2 survivors (8192K)
 Metaspace       used 93706K, committed 94720K, reserved 1179648K
  class space    used 13535K, committed 14016K, reserved 1048576K
}
Event: 68.118 GC heap after
{Heap after GC invocations=61 (full 0):
 garbage-first heap   total 221184K, used 112613K [0x0000000600000000, 0x0000000800000000)
  region size 4096K, 2 young (8192K), 2 survivors (8192K)
 Metaspace       used 93706K, committed 94720K, reserved 1179648K
  class space    used 13535K, committed 14016K, reserved 1048576K
}
Event: 69.531 GC heap before
{Heap before GC invocations=61 (full 0):
 garbage-first heap   total 221184K, used 165861K [0x0000000600000000, 0x0000000800000000)
  region size 4096K, 16 young (65536K), 2 survivors (8192K)
 Metaspace       used 95837K, committed 96896K, reserved 1179648K
  class space    used 13698K, committed 14208K, reserved 1048576K
}
Event: 69.539 GC heap after
{Heap after GC invocations=62 (full 0):
 garbage-first heap   total 221184K, used 113083K [0x0000000600000000, 0x0000000800000000)
  region size 4096K, 1 young (4096K), 1 survivors (4096K)
 Metaspace       used 95837K, committed 96896K, reserved 1179648K
  class space    used 13698K, committed 14208K, reserved 1048576K
}
Event: 72.085 GC heap before
{Heap before GC invocations=63 (full 0):
 garbage-first heap   total 221184K, used 174523K [0x0000000600000000, 0x0000000800000000)
  region size 4096K, 17 young (69632K), 1 survivors (4096K)
 Metaspace       used 97432K, committed 98496K, reserved 1179648K
  class space    used 13866K, committed 14336K, reserved 1048576K
}
Event: 72.093 GC heap after
{Heap after GC invocations=64 (full 0):
 garbage-first heap   total 221184K, used 115449K [0x0000000600000000, 0x0000000800000000)
  region size 4096K, 2 young (8192K), 2 survivors (8192K)
 Metaspace       used 97432K, committed 98496K, reserved 1179648K
  class space    used 13866K, committed 14336K, reserved 1048576K
}
Event: 72.160 GC heap before
{Heap before GC invocations=64 (full 0):
 garbage-first heap   total 221184K, used 115449K [0x0000000600000000, 0x0000000800000000)
  region size 4096K, 3 young (12288K), 2 survivors (8192K)
 Metaspace       used 97463K, committed 98560K, reserved 1179648K
  class space    used 13872K, committed 14400K, reserved 1048576K
}
Event: 72.170 GC heap after
{Heap after GC invocations=65 (full 0):
 garbage-first heap   total 221184K, used 113697K [0x0000000600000000, 0x0000000800000000)
  region size 4096K, 1 young (4096K), 1 survivors (4096K)
 Metaspace       used 97463K, committed 98560K, reserved 1179648K
  class space    used 13872K, committed 14400K, reserved 1048576K
}
Event: 74.002 GC heap before
{Heap before GC invocations=65 (full 0):
 garbage-first heap   total 221184K, used 175137K [0x0000000600000000, 0x0000000800000000)
  region size 4096K, 16 young (65536K), 1 survivors (4096K)
 Metaspace       used 104988K, committed 106112K, reserved 1179648K
  class space    used 14811K, committed 15360K, reserved 1048576K
}
Event: 74.006 GC heap after
{Heap after GC invocations=66 (full 0):
 garbage-first heap   total 221184K, used 114603K [0x0000000600000000, 0x0000000800000000)
  region size 4096K, 1 young (4096K), 1 survivors (4096K)
 Metaspace       used 104988K, committed 106112K, reserved 1179648K
  class space    used 14811K, committed 15360K, reserved 1048576K
}
Event: 75.554 GC heap before
{Heap before GC invocations=67 (full 0):
 garbage-first heap   total 221184K, used 180139K [0x0000000600000000, 0x0000000800000000)
  region size 4096K, 17 young (69632K), 1 survivors (4096K)
 Metaspace       used 108523K, committed 109696K, reserved 1179648K
  class space    used 15238K, committed 15808K, reserved 1048576K
}
Event: 75.575 GC heap after
{Heap after GC invocations=68 (full 0):
 garbage-first heap   total 221184K, used 130209K [0x0000000600000000, 0x0000000800000000)
  region size 4096K, 3 young (12288K), 3 survivors (12288K)
 Metaspace       used 108523K, committed 109696K, reserved 1179648K
  class space    used 15238K, committed 15808K, reserved 1048576K
}
Event: 75.702 GC heap before
{Heap before GC invocations=68 (full 0):
 garbage-first heap   total 221184K, used 134305K [0x0000000600000000, 0x0000000800000000)
  region size 4096K, 4 young (16384K), 3 survivors (12288K)
 Metaspace       used 108531K, committed 109696K, reserved 1179648K
  class space    used 15240K, committed 15808K, reserved 1048576K
}
Event: 75.714 GC heap after
{Heap after GC invocations=69 (full 0):
 garbage-first heap   total 221184K, used 131871K [0x0000000600000000, 0x0000000800000000)
  region size 4096K, 1 young (4096K), 1 survivors (4096K)
 Metaspace       used 108531K, committed 109696K, reserved 1179648K
  class space    used 15240K, committed 15808K, reserved 1048576K
}
Event: 75.920 GC heap before
{Heap before GC invocations=69 (full 0):
 garbage-first heap   total 221184K, used 168735K [0x0000000600000000, 0x0000000800000000)
  region size 4096K, 10 young (40960K), 1 survivors (4096K)
 Metaspace       used 108531K, committed 109696K, reserved 1179648K
  class space    used 15240K, committed 15808K, reserved 1048576K
}
Event: 75.933 GC heap after
{Heap after GC invocations=70 (full 0):
 garbage-first heap   total 221184K, used 147410K [0x0000000600000000, 0x0000000800000000)
  region size 4096K, 2 young (8192K), 2 survivors (8192K)
 Metaspace       used 108531K, committed 109696K, reserved 1179648K
  class space    used 15240K, committed 15808K, reserved 1048576K
}

