# JRE version: OpenJDK Runtime Environment Temurin-17.0.19+10 (17.0.19+10) (build 17.0.19+10)
# Java VM: OpenJDK 64-Bit Server VM Temurin-17.0.19+10 (17.0.19+10, mixed mode, sharing, tiered, compressed oops, compressed class ptrs, g1 gc, windows-amd64)
GC Precious Log:
 CPUs: 8 total, 8 available
 Memory: 8070M
 Large Page Support: Disabled
 NUMA Support: Disabled
 Compressed Oops: Enabled (Zero based)
 Heap Region Size: 4M
 Heap Min Capacity: 8M
 Heap Initial Capacity: 128M
 Heap Max Capacity: 8G
 Pre-touch: Disabled
 Parallel Workers: 8
 Concurrent Workers: 2
 Concurrent Refinement Workers: 8
 Periodic GC: Disabled
Heap:
 garbage-first heap   total 98304K, used 34116K [0x0000000600000000, 0x0000000800000000)
  region size 4096K, 3 young (12288K), 2 survivors (8192K)
 Metaspace       used 35714K, committed 36224K, reserved 1114112K
  class space    used 4915K, committed 5120K, reserved 1048576K
GC Heap History (16 events):
Event: 1.076 GC heap before
{Heap before GC invocations=0 (full 0):
 garbage-first heap   total 131072K, used 20480K [0x0000000600000000, 0x0000000800000000)
  region size 4096K, 5 young (20480K), 0 survivors (0K)
 Metaspace       used 825K, committed 896K, reserved 1114112K
  class space    used 61K, committed 128K, reserved 1048576K
}
Event: 1.135 GC heap after
{Heap after GC invocations=1 (full 0):
 garbage-first heap   total 131072K, used 1392K [0x0000000600000000, 0x0000000800000000)
  region size 4096K, 1 young (4096K), 1 survivors (4096K)
 Metaspace       used 825K, committed 896K, reserved 1114112K
  class space    used 61K, committed 128K, reserved 1048576K
}
Event: 3.040 GC heap before
{Heap before GC invocations=1 (full 0):
 garbage-first heap   total 131072K, used 42352K [0x0000000600000000, 0x0000000800000000)
  region size 4096K, 10 young (40960K), 1 survivors (4096K)
 Metaspace       used 4367K, committed 4544K, reserved 1114112K
  class space    used 548K, committed 640K, reserved 1048576K
}
Event: 3.050 GC heap after
{Heap after GC invocations=2 (full 0):
 garbage-first heap   total 131072K, used 11771K [0x0000000600000000, 0x0000000800000000)
  region size 4096K, 2 young (8192K), 2 survivors (8192K)
 Metaspace       used 4367K, committed 4544K, reserved 1114112K
  class space    used 548K, committed 640K, reserved 1048576K
}
Event: 4.262 GC heap before
{Heap before GC invocations=2 (full 0):
 garbage-first heap   total 131072K, used 60923K [0x0000000600000000, 0x0000000800000000)
  region size 4096K, 14 young (57344K), 2 survivors (8192K)
 Metaspace       used 4624K, committed 4864K, reserved 1114112K
  class space    used 583K, committed 704K, reserved 1048576K
}
Event: 4.275 GC heap after
{Heap after GC invocations=3 (full 0):
 garbage-first heap   total 131072K, used 16574K [0x0000000600000000, 0x0000000800000000)
  region size 4096K, 2 young (8192K), 2 survivors (8192K)
 Metaspace       used 4624K, committed 4864K, reserved 1114112K
  class space    used 583K, committed 704K, reserved 1048576K
}
Event: 11.006 GC heap before
{Heap before GC invocations=3 (full 0):
 garbage-first heap   total 131072K, used 78014K [0x0000000600000000, 0x0000000800000000)
  region size 4096K, 18 young (73728K), 2 survivors (8192K)
 Metaspace       used 16043K, committed 16320K, reserved 1114112K
  class space    used 2225K, committed 2368K, reserved 1048576K
}
Event: 11.016 GC heap after
{Heap after GC invocations=4 (full 0):
 garbage-first heap   total 131072K, used 21487K [0x0000000600000000, 0x0000000800000000)
  region size 4096K, 3 young (12288K), 3 survivors (12288K)
 Metaspace       used 16043K, committed 16320K, reserved 1114112K
  class space    used 2225K, committed 2368K, reserved 1048576K
}
Event: 12.996 GC heap before
{Heap before GC invocations=4 (full 0):
 garbage-first heap   total 131072K, used 66543K [0x0000000600000000, 0x0000000800000000)
  region size 4096K, 15 young (61440K), 3 survivors (12288K)
 Metaspace       used 21173K, committed 21504K, reserved 1114112K
  class space    used 3086K, committed 3264K, reserved 1048576K
}
Event: 13.004 GC heap after
{Heap after GC invocations=5 (full 0):
 garbage-first heap   total 131072K, used 24403K [0x0000000600000000, 0x0000000800000000)
  region size 4096K, 2 young (8192K), 2 survivors (8192K)
 Metaspace       used 21173K, committed 21504K, reserved 1114112K
  class space    used 3086K, committed 3264K, reserved 1048576K
}
Event: 16.287 GC heap before
{Heap before GC invocations=6 (full 0):
 garbage-first heap   total 98304K, used 77651K [0x0000000600000000, 0x0000000800000000)
  region size 4096K, 16 young (65536K), 2 survivors (8192K)
 Metaspace       used 28324K, committed 28864K, reserved 1114112K
  class space    used 4154K, committed 4416K, reserved 1048576K
}
Event: 16.299 GC heap after
{Heap after GC invocations=7 (full 0):
 garbage-first heap   total 98304K, used 28409K [0x0000000600000000, 0x0000000800000000)
  region size 4096K, 2 young (8192K), 2 survivors (8192K)
 Metaspace       used 28324K, committed 28864K, reserved 1114112K
  class space    used 4154K, committed 4416K, reserved 1048576K
}
Event: 19.179 GC heap before
{Heap before GC invocations=7 (full 0):
 garbage-first heap   total 98304K, used 61177K [0x0000000600000000, 0x0000000800000000)
  region size 4096K, 11 young (45056K), 2 survivors (8192K)
 Metaspace       used 33961K, committed 34368K, reserved 1114112K
  class space    used 4755K, committed 4928K, reserved 1048576K
}
Event: 19.190 GC heap after
{Heap after GC invocations=8 (full 0):
 garbage-first heap   total 98304K, used 32209K [0x0000000600000000, 0x0000000800000000)
  region size 4096K, 2 young (8192K), 2 survivors (8192K)
 Metaspace       used 33961K, committed 34368K, reserved 1114112K
  class space    used 4755K, committed 4928K, reserved 1048576K
}
Event: 20.685 GC heap before
{Heap before GC invocations=8 (full 0):
 garbage-first heap   total 98304K, used 52689K [0x0000000600000000, 0x0000000800000000)
  region size 4096K, 9 young (36864K), 2 survivors (8192K)
 Metaspace       used 35625K, committed 36096K, reserved 1114112K
  class space    used 4897K, committed 5120K, reserved 1048576K
}
Event: 20.693 GC heap after
{Heap after GC invocations=9 (full 0):
 garbage-first heap   total 98304K, used 34116K [0x0000000600000000, 0x0000000800000000)
  region size 4096K, 2 young (8192K), 2 survivors (8192K)
 Metaspace       used 35625K, committed 36096K, reserved 1114112K
  class space    used 4897K, committed 5120K, reserved 1048576K
}

