# JRE version: OpenJDK Runtime Environment Temurin-17.0.19+10 (17.0.19+10) (build 17.0.19+10)
# Java VM: OpenJDK 64-Bit Server VM Temurin-17.0.19+10 (17.0.19+10, mixed mode, sharing, tiered, compressed oops, compressed class ptrs, g1 gc, windows-amd64)
GC Precious Log:
 CPUs: 8 total, 8 available
 Memory: 8070M
 Large Page Support: Disabled
 NUMA Support: Disabled
 Compressed Oops: Enabled (32-bit)
 Heap Region Size: 1M
 Heap Min Capacity: 8M
 Heap Initial Capacity: 128M
 Heap Max Capacity: 2018M
 Pre-touch: Disabled
 Parallel Workers: 8
 Concurrent Workers: 2
 Concurrent Refinement Workers: 8
 Periodic GC: Disabled
Heap:
 garbage-first heap   total 140288K, used 112611K [0x0000000081e00000, 0x0000000100000000)
  region size 1024K, 25 young (25600K), 3 survivors (3072K)
 Metaspace       used 65655K, committed 66112K, reserved 1114112K
  class space    used 7210K, committed 7424K, reserved 1048576K
GC Heap History (20 events):
Event: 65.767 GC heap before
{Heap before GC invocations=27 (full 0):
 garbage-first heap   total 119808K, used 73831K [0x0000000081e00000, 0x0000000100000000)
  region size 1024K, 5 young (5120K), 3 survivors (3072K)
 Metaspace       used 53994K, committed 54336K, reserved 1114112K
  class space    used 6156K, committed 6336K, reserved 1048576K
}
Event: 65.780 GC heap after
{Heap after GC invocations=28 (full 0):
 garbage-first heap   total 119808K, used 71841K [0x0000000081e00000, 0x0000000100000000)
  region size 1024K, 1 young (1024K), 1 survivors (1024K)
 Metaspace       used 53994K, committed 54336K, reserved 1114112K
  class space    used 6156K, committed 6336K, reserved 1048576K
}
Event: 69.945 GC heap before
{Heap before GC invocations=28 (full 0):
 garbage-first heap   total 119808K, used 97441K [0x0000000081e00000, 0x0000000100000000)
  region size 1024K, 26 young (26624K), 1 survivors (1024K)
 Metaspace       used 54442K, committed 54784K, reserved 1114112K
  class space    used 6173K, committed 6336K, reserved 1048576K
}
Event: 69.965 GC heap after
{Heap after GC invocations=29 (full 0):
 garbage-first heap   total 119808K, used 74849K [0x0000000081e00000, 0x0000000100000000)
  region size 1024K, 4 young (4096K), 4 survivors (4096K)
 Metaspace       used 54442K, committed 54784K, reserved 1114112K
  class space    used 6173K, committed 6336K, reserved 1048576K
}
Event: 76.940 GC heap before
{Heap before GC invocations=29 (full 0):
 garbage-first heap   total 119808K, used 99425K [0x0000000081e00000, 0x0000000100000000)
  region size 1024K, 26 young (26624K), 4 survivors (4096K)
 Metaspace       used 54869K, committed 55296K, reserved 1114112K
  class space    used 6197K, committed 6400K, reserved 1048576K
}
Event: 76.964 GC heap after
{Heap after GC invocations=30 (full 0):
 garbage-first heap   total 119808K, used 79200K [0x0000000081e00000, 0x0000000100000000)
  region size 1024K, 3 young (3072K), 3 survivors (3072K)
 Metaspace       used 54869K, committed 55296K, reserved 1114112K
  class space    used 6197K, committed 6400K, reserved 1048576K
}
Event: 79.190 GC heap before
{Heap before GC invocations=30 (full 0):
 garbage-first heap   total 119808K, used 98656K [0x0000000081e00000, 0x0000000100000000)
  region size 1024K, 22 young (22528K), 3 survivors (3072K)
 Metaspace       used 55021K, committed 55424K, reserved 1114112K
  class space    used 6200K, committed 6400K, reserved 1048576K
}
Event: 79.211 GC heap after
{Heap after GC invocations=31 (full 0):
 garbage-first heap   total 119808K, used 81445K [0x0000000081e00000, 0x0000000100000000)
  region size 1024K, 2 young (2048K), 2 survivors (2048K)
 Metaspace       used 55021K, committed 55424K, reserved 1114112K
  class space    used 6200K, committed 6400K, reserved 1048576K
}
Event: 82.661 GC heap before
{Heap before GC invocations=32 (full 0):
 garbage-first heap   total 140288K, used 98853K [0x0000000081e00000, 0x0000000100000000)
  region size 1024K, 19 young (19456K), 2 survivors (2048K)
 Metaspace       used 55270K, committed 55616K, reserved 1114112K
  class space    used 6225K, committed 6400K, reserved 1048576K
}
Event: 82.672 GC heap after
{Heap after GC invocations=33 (full 0):
 garbage-first heap   total 140288K, used 83430K [0x0000000081e00000, 0x0000000100000000)
  region size 1024K, 2 young (2048K), 2 survivors (2048K)
 Metaspace       used 55270K, committed 55616K, reserved 1114112K
  class space    used 6225K, committed 6400K, reserved 1048576K
}
Event: 83.384 GC heap before
{Heap before GC invocations=33 (full 0):
 garbage-first heap   total 140288K, used 87526K [0x0000000081e00000, 0x0000000100000000)
  region size 1024K, 6 young (6144K), 2 survivors (2048K)
 Metaspace       used 55301K, committed 55680K, reserved 1114112K
  class space    used 6226K, committed 6400K, reserved 1048576K
}
Event: 83.394 GC heap after
{Heap after GC invocations=34 (full 0):
 garbage-first heap   total 140288K, used 83278K [0x0000000081e00000, 0x0000000100000000)
  region size 1024K, 1 young (1024K), 1 survivors (1024K)
 Metaspace       used 55301K, committed 55680K, reserved 1114112K
  class space    used 6226K, committed 6400K, reserved 1048576K
}
Event: 88.050 GC heap before
{Heap before GC invocations=34 (full 0):
 garbage-first heap   total 140288K, used 115022K [0x0000000081e00000, 0x0000000100000000)
  region size 1024K, 32 young (32768K), 1 survivors (1024K)
 Metaspace       used 55775K, committed 56128K, reserved 1114112K
  class space    used 6260K, committed 6464K, reserved 1048576K
}
Event: 88.060 GC heap after
{Heap after GC invocations=35 (full 0):
 garbage-first heap   total 140288K, used 85811K [0x0000000081e00000, 0x0000000100000000)
  region size 1024K, 3 young (3072K), 3 survivors (3072K)
 Metaspace       used 55775K, committed 56128K, reserved 1114112K
  class space    used 6260K, committed 6464K, reserved 1048576K
}
Event: 92.484 GC heap before
{Heap before GC invocations=35 (full 0):
 garbage-first heap   total 140288K, used 116531K [0x0000000081e00000, 0x0000000100000000)
  region size 1024K, 33 young (33792K), 3 survivors (3072K)
 Metaspace       used 55986K, committed 56320K, reserved 1114112K
  class space    used 6269K, committed 6464K, reserved 1048576K
}
Event: 92.501 GC heap after
{Heap after GC invocations=36 (full 0):
 garbage-first heap   total 140288K, used 88311K [0x0000000081e00000, 0x0000000100000000)
  region size 1024K, 3 young (3072K), 3 survivors (3072K)
 Metaspace       used 55986K, committed 56320K, reserved 1114112K
  class space    used 6269K, committed 6464K, reserved 1048576K
}
Event: 96.648 GC heap before
{Heap before GC invocations=36 (full 0):
 garbage-first heap   total 140288K, used 116983K [0x0000000081e00000, 0x0000000100000000)
  region size 1024K, 31 young (31744K), 3 survivors (3072K)
 Metaspace       used 57692K, committed 58112K, reserved 1114112K
  class space    used 6403K, committed 6592K, reserved 1048576K
}
Event: 96.657 GC heap after
{Heap after GC invocations=37 (full 0):
 garbage-first heap   total 140288K, used 88954K [0x0000000081e00000, 0x0000000100000000)
  region size 1024K, 1 young (1024K), 1 survivors (1024K)
 Metaspace       used 57692K, committed 58112K, reserved 1114112K
  class space    used 6403K, committed 6592K, reserved 1048576K
}
Event: 102.159 GC heap before
{Heap before GC invocations=37 (full 0):
 garbage-first heap   total 140288K, used 118650K [0x0000000081e00000, 0x0000000100000000)
  region size 1024K, 30 young (30720K), 1 survivors (1024K)
 Metaspace       used 63074K, committed 63552K, reserved 1114112K
  class space    used 6941K, committed 7168K, reserved 1048576K
}
Event: 102.172 GC heap after
{Heap after GC invocations=38 (full 0):
 garbage-first heap   total 140288K, used 91107K [0x0000000081e00000, 0x0000000100000000)
  region size 1024K, 3 young (3072K), 3 survivors (3072K)
 Metaspace       used 63074K, committed 63552K, reserved 1114112K
  class space    used 6941K, committed 7168K, reserved 1048576K
}

