# JRE version: OpenJDK Runtime Environment Temurin-17.0.19+10 (17.0.19+10) (build 17.0.19+10)
# Java VM: OpenJDK 64-Bit Server VM Temurin-17.0.19+10 (17.0.19+10, mixed mode, sharing, tiered, compressed oops, compressed class ptrs, g1 gc, windows-amd64)
GC Precious Log:
 CPUs: 8 total, 8 available
 Memory: 8070M
 Large Page Support: Disabled
 NUMA Support: Disabled
 Compressed Oops: Enabled (32-bit)
 Heap Region Size: 1M
 Heap Min Capacity: 8M
 Heap Initial Capacity: 128M
 Heap Max Capacity: 2018M
 Pre-touch: Disabled
 Parallel Workers: 8
 Concurrent Workers: 2
 Concurrent Refinement Workers: 8
 Periodic GC: Disabled
Heap:
 garbage-first heap   total 120832K, used 51489K [0x0000000081e00000, 0x0000000100000000)
  region size 1024K, 6 young (6144K), 3 survivors (3072K)
 Metaspace       used 38844K, committed 39104K, reserved 1114112K
  class space    used 4761K, committed 4864K, reserved 1048576K
GC Heap History (18 events):
Event: 2.140 GC heap before
{Heap before GC invocations=0 (full 0):
 garbage-first heap   total 131072K, used 26624K [0x0000000081e00000, 0x0000000100000000)
  region size 1024K, 23 young (23552K), 0 survivors (0K)
 Metaspace       used 6911K, committed 7040K, reserved 1114112K
  class space    used 705K, committed 768K, reserved 1048576K
}
Event: 2.162 GC heap after
{Heap after GC invocations=1 (full 0):
 garbage-first heap   total 131072K, used 6144K [0x0000000081e00000, 0x0000000100000000)
  region size 1024K, 3 young (3072K), 3 survivors (3072K)
 Metaspace       used 6911K, committed 7040K, reserved 1114112K
  class space    used 705K, committed 768K, reserved 1048576K
}
Event: 5.062 GC heap before
{Heap before GC invocations=1 (full 0):
 garbage-first heap   total 131072K, used 37888K [0x0000000081e00000, 0x0000000100000000)
  region size 1024K, 35 young (35840K), 3 survivors (3072K)
 Metaspace       used 16056K, committed 16256K, reserved 1114112K
  class space    used 1816K, committed 1920K, reserved 1048576K
}
Event: 5.072 GC heap after
{Heap after GC invocations=2 (full 0):
 garbage-first heap   total 131072K, used 7953K [0x0000000081e00000, 0x0000000100000000)
  region size 1024K, 2 young (2048K), 2 survivors (2048K)
 Metaspace       used 16056K, committed 16256K, reserved 1114112K
  class space    used 1816K, committed 1920K, reserved 1048576K
}
Event: 9.702 GC heap before
{Heap before GC invocations=2 (full 0):
 garbage-first heap   total 131072K, used 91921K [0x0000000081e00000, 0x0000000100000000)
  region size 1024K, 74 young (75776K), 2 survivors (2048K)
 Metaspace       used 21282K, committed 21504K, reserved 1114112K
  class space    used 2711K, committed 2816K, reserved 1048576K
}
Event: 9.761 GC heap after
{Heap after GC invocations=3 (full 0):
 garbage-first heap   total 131072K, used 26986K [0x0000000081e00000, 0x0000000100000000)
  region size 1024K, 10 young (10240K), 10 survivors (10240K)
 Metaspace       used 21282K, committed 21504K, reserved 1114112K
  class space    used 2711K, committed 2816K, reserved 1048576K
}
Event: 10.332 GC heap before
{Heap before GC invocations=4 (full 0):
 garbage-first heap   total 92160K, used 29034K [0x0000000081e00000, 0x0000000100000000)
  region size 1024K, 13 young (13312K), 10 survivors (10240K)
 Metaspace       used 21857K, committed 22080K, reserved 1114112K
  class space    used 2971K, committed 3072K, reserved 1048576K
}
Event: 10.371 GC heap after
{Heap after GC invocations=5 (full 0):
 garbage-first heap   total 92160K, used 27498K [0x0000000081e00000, 0x0000000100000000)
  region size 1024K, 1 young (1024K), 1 survivors (1024K)
 Metaspace       used 21857K, committed 22080K, reserved 1114112K
  class space    used 2971K, committed 3072K, reserved 1048576K
}
Event: 10.534 GC heap before
{Heap before GC invocations=5 (full 0):
 garbage-first heap   total 92160K, used 30570K [0x0000000081e00000, 0x0000000100000000)
  region size 1024K, 4 young (4096K), 1 survivors (1024K)
 Metaspace       used 22623K, committed 22912K, reserved 1114112K
  class space    used 3069K, committed 3200K, reserved 1048576K
}
Event: 10.538 GC heap after
{Heap after GC invocations=6 (full 0):
 garbage-first heap   total 92160K, used 27773K [0x0000000081e00000, 0x0000000100000000)
  region size 1024K, 1 young (1024K), 1 survivors (1024K)
 Metaspace       used 22623K, committed 22912K, reserved 1114112K
  class space    used 3069K, committed 3200K, reserved 1048576K
}
Event: 12.501 GC heap before
{Heap before GC invocations=6 (full 0):
 garbage-first heap   total 92160K, used 72829K [0x0000000081e00000, 0x0000000100000000)
  region size 1024K, 34 young (34816K), 1 survivors (1024K)
 Metaspace       used 28950K, committed 29184K, reserved 1114112K
  class space    used 3739K, committed 3840K, reserved 1048576K
}
Event: 12.516 GC heap after
{Heap after GC invocations=7 (full 0):
 garbage-first heap   total 92160K, used 43981K [0x0000000081e00000, 0x0000000100000000)
  region size 1024K, 5 young (5120K), 5 survivors (5120K)
 Metaspace       used 28950K, committed 29184K, reserved 1114112K
  class space    used 3739K, committed 3840K, reserved 1048576K
}
Event: 15.337 GC heap before
{Heap before GC invocations=7 (full 0):
 garbage-first heap   total 92160K, used 70605K [0x0000000081e00000, 0x0000000100000000)
  region size 1024K, 31 young (31744K), 5 survivors (5120K)
 Metaspace       used 34839K, committed 35136K, reserved 1114112K
  class space    used 4283K, committed 4416K, reserved 1048576K
}
Event: 15.358 GC heap after
{Heap after GC invocations=8 (full 0):
 garbage-first heap   total 92160K, used 46394K [0x0000000081e00000, 0x0000000100000000)
  region size 1024K, 3 young (3072K), 3 survivors (3072K)
 Metaspace       used 34839K, committed 35136K, reserved 1114112K
  class space    used 4283K, committed 4416K, reserved 1048576K
}
Event: 16.504 GC heap before
{Heap before GC invocations=8 (full 0):
 garbage-first heap   total 92160K, used 51514K [0x0000000081e00000, 0x0000000100000000)
  region size 1024K, 9 young (9216K), 3 survivors (3072K)
 Metaspace       used 35749K, committed 35968K, reserved 1114112K
  class space    used 4370K, committed 4480K, reserved 1048576K
}
Event: 16.514 GC heap after
{Heap after GC invocations=9 (full 0):
 garbage-first heap   total 92160K, used 47653K [0x0000000081e00000, 0x0000000100000000)
  region size 1024K, 2 young (2048K), 2 survivors (2048K)
 Metaspace       used 35749K, committed 35968K, reserved 1114112K
  class space    used 4370K, committed 4480K, reserved 1048576K
}
Event: 18.360 GC heap before
{Heap before GC invocations=10 (full 0):
 garbage-first heap   total 92160K, used 63013K [0x0000000081e00000, 0x0000000100000000)
  region size 1024K, 19 young (19456K), 2 survivors (2048K)
 Metaspace       used 38812K, committed 39104K, reserved 1114112K
  class space    used 4761K, committed 4864K, reserved 1048576K
}
Event: 18.376 GC heap after
{Heap after GC invocations=11 (full 0):
 garbage-first heap   total 120832K, used 48417K [0x0000000081e00000, 0x0000000100000000)
  region size 1024K, 3 young (3072K), 3 survivors (3072K)
 Metaspace       used 38812K, committed 39104K, reserved 1114112K
  class space    used 4761K, committed 4864K, reserved 1048576K
}

