# JRE version: OpenJDK Runtime Environment Temurin-17.0.19+10 (17.0.19+10) (build 17.0.19+10)
# Java VM: OpenJDK 64-Bit Server VM Temurin-17.0.19+10 (17.0.19+10, mixed mode, sharing, tiered, compressed oops, compressed class ptrs, g1 gc, windows-amd64)
GC Precious Log:
 CPUs: 8 total, 8 available
 Memory: 8070M
 Large Page Support: Disabled
 NUMA Support: Disabled
 Compressed Oops: Enabled (32-bit)
 Heap Region Size: 1M
 Heap Min Capacity: 8M
 Heap Initial Capacity: 128M
 Heap Max Capacity: 2018M
 Pre-touch: Disabled
 Parallel Workers: 8
 Concurrent Workers: 2
 Concurrent Refinement Workers: 8
 Periodic GC: Disabled
Heap:
 garbage-first heap   total 135168K, used 71446K [0x0000000081e00000, 0x0000000100000000)
  region size 1024K, 25 young (25600K), 3 survivors (3072K)
 Metaspace       used 46362K, committed 46784K, reserved 1114112K
  class space    used 5632K, committed 5824K, reserved 1048576K
GC Heap History (20 events):
Event: 2.791 GC heap before
{Heap before GC invocations=1 (full 0):
 garbage-first heap   total 131072K, used 37887K [0x0000000081e00000, 0x0000000100000000)
  region size 1024K, 34 young (34816K), 3 survivors (3072K)
 Metaspace       used 15653K, committed 15872K, reserved 1114112K
  class space    used 1750K, committed 1856K, reserved 1048576K
}
Event: 2.800 GC heap after
{Heap after GC invocations=2 (full 0):
 garbage-first heap   total 131072K, used 7876K [0x0000000081e00000, 0x0000000100000000)
  region size 1024K, 2 young (2048K), 2 survivors (2048K)
 Metaspace       used 15653K, committed 15872K, reserved 1114112K
  class space    used 1750K, committed 1856K, reserved 1048576K
}
Event: 5.166 GC heap before
{Heap before GC invocations=2 (full 0):
 garbage-first heap   total 131072K, used 94916K [0x0000000081e00000, 0x0000000100000000)
  region size 1024K, 76 young (77824K), 2 survivors (2048K)
 Metaspace       used 21277K, committed 21504K, reserved 1114112K
  class space    used 2711K, committed 2816K, reserved 1048576K
}
Event: 5.215 GC heap after
{Heap after GC invocations=3 (full 0):
 garbage-first heap   total 131072K, used 26968K [0x0000000081e00000, 0x0000000100000000)
  region size 1024K, 10 young (10240K), 10 survivors (10240K)
 Metaspace       used 21277K, committed 21504K, reserved 1114112K
  class space    used 2711K, committed 2816K, reserved 1048576K
}
Event: 5.577 GC heap before
{Heap before GC invocations=4 (full 0):
 garbage-first heap   total 92160K, used 33112K [0x0000000081e00000, 0x0000000100000000)
  region size 1024K, 17 young (17408K), 10 survivors (10240K)
 Metaspace       used 23036K, committed 23360K, reserved 1114112K
  class space    used 3128K, committed 3264K, reserved 1048576K
}
Event: 5.620 GC heap after
{Heap after GC invocations=5 (full 0):
 garbage-first heap   total 92160K, used 27480K [0x0000000081e00000, 0x0000000100000000)
  region size 1024K, 1 young (1024K), 1 survivors (1024K)
 Metaspace       used 23036K, committed 23360K, reserved 1114112K
  class space    used 3128K, committed 3264K, reserved 1048576K
}
Event: 5.791 GC heap before
{Heap before GC invocations=5 (full 0):
 garbage-first heap   total 92160K, used 29528K [0x0000000081e00000, 0x0000000100000000)
  region size 1024K, 4 young (4096K), 1 survivors (1024K)
 Metaspace       used 23928K, committed 24192K, reserved 1114112K
  class space    used 3229K, committed 3328K, reserved 1048576K
}
Event: 5.797 GC heap after
{Heap after GC invocations=6 (full 0):
 garbage-first heap   total 92160K, used 28056K [0x0000000081e00000, 0x0000000100000000)
  region size 1024K, 1 young (1024K), 1 survivors (1024K)
 Metaspace       used 23928K, committed 24192K, reserved 1114112K
  class space    used 3229K, committed 3328K, reserved 1048576K
}
Event: 7.133 GC heap before
{Heap before GC invocations=6 (full 0):
 garbage-first heap   total 92160K, used 73112K [0x0000000081e00000, 0x0000000100000000)
  region size 1024K, 34 young (34816K), 1 survivors (1024K)
 Metaspace       used 29794K, committed 30016K, reserved 1114112K
  class space    used 3809K, committed 3904K, reserved 1048576K
}
Event: 7.147 GC heap after
{Heap after GC invocations=7 (full 0):
 garbage-first heap   total 92160K, used 44493K [0x0000000081e00000, 0x0000000100000000)
  region size 1024K, 5 young (5120K), 5 survivors (5120K)
 Metaspace       used 29794K, committed 30016K, reserved 1114112K
  class space    used 3809K, committed 3904K, reserved 1048576K
}
Event: 8.388 GC heap before
{Heap before GC invocations=7 (full 0):
 garbage-first heap   total 92160K, used 71117K [0x0000000081e00000, 0x0000000100000000)
  region size 1024K, 31 young (31744K), 5 survivors (5120K)
 Metaspace       used 35445K, committed 35712K, reserved 1114112K
  class space    used 4342K, committed 4480K, reserved 1048576K
}
Event: 8.408 GC heap after
{Heap after GC invocations=8 (full 0):
 garbage-first heap   total 92160K, used 47186K [0x0000000081e00000, 0x0000000100000000)
  region size 1024K, 3 young (3072K), 3 survivors (3072K)
 Metaspace       used 35445K, committed 35712K, reserved 1114112K
  class space    used 4342K, committed 4480K, reserved 1048576K
}
Event: 8.545 GC heap before
{Heap before GC invocations=8 (full 0):
 garbage-first heap   total 92160K, used 48210K [0x0000000081e00000, 0x0000000100000000)
  region size 1024K, 5 young (5120K), 3 survivors (3072K)
 Metaspace       used 35737K, committed 35968K, reserved 1114112K
  class space    used 4380K, committed 4480K, reserved 1048576K
}
Event: 8.554 GC heap after
{Heap after GC invocations=9 (full 0):
 garbage-first heap   total 92160K, used 47539K [0x0000000081e00000, 0x0000000100000000)
  region size 1024K, 1 young (1024K), 1 survivors (1024K)
 Metaspace       used 35737K, committed 35968K, reserved 1114112K
  class space    used 4380K, committed 4480K, reserved 1048576K
}
Event: 9.412 GC heap before
{Heap before GC invocations=10 (full 0):
 garbage-first heap   total 92160K, used 60851K [0x0000000081e00000, 0x0000000100000000)
  region size 1024K, 17 young (17408K), 1 survivors (1024K)
 Metaspace       used 38789K, committed 39104K, reserved 1114112K
  class space    used 4761K, committed 4864K, reserved 1048576K
}
Event: 9.420 GC heap after
{Heap after GC invocations=11 (full 0):
 garbage-first heap   total 92160K, used 48100K [0x0000000081e00000, 0x0000000100000000)
  region size 1024K, 3 young (3072K), 3 survivors (3072K)
 Metaspace       used 38789K, committed 39104K, reserved 1114112K
  class space    used 4761K, committed 4864K, reserved 1048576K
}
Event: 10.161 GC heap before
{Heap before GC invocations=12 (full 0):
 garbage-first heap   total 92160K, used 72676K [0x0000000081e00000, 0x0000000100000000)
  region size 1024K, 27 young (27648K), 3 survivors (3072K)
 Metaspace       used 38911K, committed 39168K, reserved 1114112K
  class space    used 4761K, committed 4864K, reserved 1048576K
}
Event: 10.170 GC heap after
{Heap after GC invocations=13 (full 0):
 garbage-first heap   total 92160K, used 49046K [0x0000000081e00000, 0x0000000100000000)
  region size 1024K, 3 young (3072K), 3 survivors (3072K)
 Metaspace       used 38911K, committed 39168K, reserved 1114112K
  class space    used 4761K, committed 4864K, reserved 1048576K
}
Event: 11.599 GC heap before
{Heap before GC invocations=13 (full 0):
 garbage-first heap   total 92160K, used 73622K [0x0000000081e00000, 0x0000000100000000)
  region size 1024K, 28 young (28672K), 3 survivors (3072K)
 Metaspace       used 43678K, committed 44032K, reserved 1114112K
  class space    used 5352K, committed 5504K, reserved 1048576K
}
Event: 11.615 GC heap after
{Heap after GC invocations=14 (full 0):
 garbage-first heap   total 135168K, used 50966K [0x0000000081e00000, 0x0000000100000000)
  region size 1024K, 3 young (3072K), 3 survivors (3072K)
 Metaspace       used 43678K, committed 44032K, reserved 1114112K
  class space    used 5352K, committed 5504K, reserved 1048576K
}

