# JRE version: OpenJDK Runtime Environment Temurin-17.0.19+10 (17.0.19+10) (build 17.0.19+10)
# Java VM: OpenJDK 64-Bit Server VM Temurin-17.0.19+10 (17.0.19+10, mixed mode, sharing, tiered, compressed oops, compressed class ptrs, g1 gc, windows-amd64)
GC Precious Log:
 CPUs: 8 total, 8 available
 Memory: 8070M
 Large Page Support: Disabled
 NUMA Support: Disabled
 Compressed Oops: Enabled (Zero based)
 Heap Region Size: 4M
 Heap Min Capacity: 8M
 Heap Initial Capacity: 128M
 Heap Max Capacity: 8G
 Pre-touch: Disabled
 Parallel Workers: 8
 Concurrent Workers: 2
 Concurrent Refinement Workers: 8
 Periodic GC: Disabled
Heap:
 garbage-first heap   total 266240K, used 187561K [0x0000000600000000, 0x0000000800000000)
  region size 4096K, 4 young (16384K), 2 survivors (8192K)
 Metaspace       used 113829K, committed 115200K, reserved 1179648K
  class space    used 15711K, committed 16384K, reserved 1048576K
GC Heap History (20 events):
Event: 61.037 GC heap before
{Heap before GC invocations=70 (full 0):
 garbage-first heap   total 221184K, used 179156K [0x0000000600000000, 0x0000000800000000)
  region size 4096K, 9 young (36864K), 2 survivors (8192K)
 Metaspace       used 112001K, committed 113280K, reserved 1179648K
  class space    used 15574K, committed 16192K, reserved 1048576K
}
Event: 61.051 GC heap after
{Heap after GC invocations=71 (full 0):
 garbage-first heap   total 221184K, used 153318K [0x0000000600000000, 0x0000000800000000)
  region size 4096K, 2 young (8192K), 2 survivors (8192K)
 Metaspace       used 112001K, committed 113280K, reserved 1179648K
  class space    used 15574K, committed 16192K, reserved 1048576K
}
Event: 62.548 GC heap before
{Heap before GC invocations=71 (full 0):
 garbage-first heap   total 221184K, used 181990K [0x0000000600000000, 0x0000000800000000)
  region size 4096K, 9 young (36864K), 2 survivors (8192K)
 Metaspace       used 112269K, committed 113600K, reserved 1179648K
  class space    used 15595K, committed 16256K, reserved 1048576K
}
Event: 62.557 GC heap after
{Heap after GC invocations=72 (full 0):
 garbage-first heap   total 221184K, used 157068K [0x0000000600000000, 0x0000000800000000)
  region size 4096K, 2 young (8192K), 2 survivors (8192K)
 Metaspace       used 112269K, committed 113600K, reserved 1179648K
  class space    used 15595K, committed 16256K, reserved 1048576K
}
Event: 62.826 GC heap before
{Heap before GC invocations=72 (full 0):
 garbage-first heap   total 221184K, used 181644K [0x0000000600000000, 0x0000000800000000)
  region size 4096K, 8 young (32768K), 2 survivors (8192K)
 Metaspace       used 112338K, committed 113664K, reserved 1179648K
  class space    used 15598K, committed 16256K, reserved 1048576K
}
Event: 62.834 GC heap after
{Heap after GC invocations=73 (full 0):
 garbage-first heap   total 221184K, used 159969K [0x0000000600000000, 0x0000000800000000)
  region size 4096K, 1 young (4096K), 1 survivors (4096K)
 Metaspace       used 112338K, committed 113664K, reserved 1179648K
  class space    used 15598K, committed 16256K, reserved 1048576K
}
Event: 63.315 GC heap before
{Heap before GC invocations=73 (full 0):
 garbage-first heap   total 221184K, used 180449K [0x0000000600000000, 0x0000000800000000)
  region size 4096K, 6 young (24576K), 1 survivors (4096K)
 Metaspace       used 112435K, committed 113792K, reserved 1179648K
  class space    used 15603K, committed 16256K, reserved 1048576K
}
Event: 63.321 GC heap after
{Heap after GC invocations=74 (full 0):
 garbage-first heap   total 221184K, used 161329K [0x0000000600000000, 0x0000000800000000)
  region size 4096K, 1 young (4096K), 1 survivors (4096K)
 Metaspace       used 112435K, committed 113792K, reserved 1179648K
  class space    used 15603K, committed 16256K, reserved 1048576K
}
Event: 63.816 GC heap before
{Heap before GC invocations=74 (full 0):
 garbage-first heap   total 221184K, used 181809K [0x0000000600000000, 0x0000000800000000)
  region size 4096K, 7 young (28672K), 1 survivors (4096K)
 Metaspace       used 112484K, committed 113792K, reserved 1179648K
  class space    used 15603K, committed 16256K, reserved 1048576K
}
Event: 63.822 GC heap after
{Heap after GC invocations=75 (full 0):
 garbage-first heap   total 266240K, used 163955K [0x0000000600000000, 0x0000000800000000)
  region size 4096K, 1 young (4096K), 1 survivors (4096K)
 Metaspace       used 112484K, committed 113792K, reserved 1179648K
  class space    used 15603K, committed 16256K, reserved 1048576K
}
Event: 66.677 GC heap before
{Heap before GC invocations=75 (full 0):
 garbage-first heap   total 266240K, used 213107K [0x0000000600000000, 0x0000000800000000)
  region size 4096K, 13 young (53248K), 1 survivors (4096K)
 Metaspace       used 112905K, committed 114176K, reserved 1179648K
  class space    used 15637K, committed 16256K, reserved 1048576K
}
Event: 66.687 GC heap after
{Heap after GC invocations=76 (full 0):
 garbage-first heap   total 266240K, used 168097K [0x0000000600000000, 0x0000000800000000)
  region size 4096K, 2 young (8192K), 2 survivors (8192K)
 Metaspace       used 112905K, committed 114176K, reserved 1179648K
  class space    used 15637K, committed 16256K, reserved 1048576K
}
Event: 70.809 GC heap before
{Heap before GC invocations=76 (full 0):
 garbage-first heap   total 266240K, used 217249K [0x0000000600000000, 0x0000000800000000)
  region size 4096K, 14 young (57344K), 2 survivors (8192K)
 Metaspace       used 113092K, committed 114432K, reserved 1179648K
  class space    used 15648K, committed 16320K, reserved 1048576K
}
Event: 70.822 GC heap after
{Heap after GC invocations=77 (full 0):
 garbage-first heap   total 266240K, used 173418K [0x0000000600000000, 0x0000000800000000)
  region size 4096K, 2 young (8192K), 2 survivors (8192K)
 Metaspace       used 113092K, committed 114432K, reserved 1179648K
  class space    used 15648K, committed 16320K, reserved 1048576K
}
Event: 77.568 GC heap before
{Heap before GC invocations=77 (full 0):
 garbage-first heap   total 266240K, used 218474K [0x0000000600000000, 0x0000000800000000)
  region size 4096K, 13 young (53248K), 2 survivors (8192K)
 Metaspace       used 113295K, committed 114688K, reserved 1179648K
  class space    used 15661K, committed 16320K, reserved 1048576K
}
Event: 77.582 GC heap after
{Heap after GC invocations=78 (full 0):
 garbage-first heap   total 266240K, used 177955K [0x0000000600000000, 0x0000000800000000)
  region size 4096K, 2 young (8192K), 2 survivors (8192K)
 Metaspace       used 113295K, committed 114688K, reserved 1179648K
  class space    used 15661K, committed 16320K, reserved 1048576K
}
Event: 82.557 GC heap before
{Heap before GC invocations=78 (full 0):
 garbage-first heap   total 266240K, used 214819K [0x0000000600000000, 0x0000000800000000)
  region size 4096K, 11 young (45056K), 2 survivors (8192K)
 Metaspace       used 113421K, committed 114816K, reserved 1179648K
  class space    used 15668K, committed 16320K, reserved 1048576K
}
Event: 82.565 GC heap after
{Heap after GC invocations=79 (full 0):
 garbage-first heap   total 266240K, used 180969K [0x0000000600000000, 0x0000000800000000)
  region size 4096K, 2 young (8192K), 2 survivors (8192K)
 Metaspace       used 113421K, committed 114816K, reserved 1179648K
  class space    used 15668K, committed 16320K, reserved 1048576K
}
Event: 85.139 GC heap before
{Heap before GC invocations=79 (full 0):
 garbage-first heap   total 266240K, used 217833K [0x0000000600000000, 0x0000000800000000)
  region size 4096K, 11 young (45056K), 2 survivors (8192K)
 Metaspace       used 113740K, committed 115136K, reserved 1179648K
  class space    used 15699K, committed 16384K, reserved 1048576K
}
Event: 85.154 GC heap after
{Heap after GC invocations=80 (full 0):
 garbage-first heap   total 266240K, used 183465K [0x0000000600000000, 0x0000000800000000)
  region size 4096K, 2 young (8192K), 2 survivors (8192K)
 Metaspace       used 113740K, committed 115136K, reserved 1179648K
  class space    used 15699K, committed 16384K, reserved 1048576K
}

