# JRE version: OpenJDK Runtime Environment Temurin-17.0.19+10 (17.0.19+10) (build 17.0.19+10)
# Java VM: OpenJDK 64-Bit Server VM Temurin-17.0.19+10 (17.0.19+10, mixed mode, sharing, tiered, compressed oops, compressed class ptrs, g1 gc, windows-amd64)
GC Precious Log:
 CPUs: 8 total, 8 available
 Memory: 8070M
 Large Page Support: Disabled
 NUMA Support: Disabled
 Compressed Oops: Enabled (Zero based)
 Heap Region Size: 4M
 Heap Min Capacity: 8M
 Heap Initial Capacity: 128M
 Heap Max Capacity: 8G
 Pre-touch: Disabled
 Parallel Workers: 8
 Concurrent Workers: 2
 Concurrent Refinement Workers: 8
 Periodic GC: Disabled
Heap:
 garbage-first heap   total 593920K, used 227869K [0x0000000600000000, 0x0000000800000000)
  region size 4096K, 1 young (4096K), 1 survivors (4096K)
 Metaspace       used 163780K, committed 164992K, reserved 1245184K
  class space    used 21001K, committed 21568K, reserved 1048576K
GC Heap History (20 events):
Event: 182.071 GC heap after
{Heap after GC invocations=77 (full 0):
 garbage-first heap   total 462848K, used 347225K [0x0000000600000000, 0x0000000800000000)
  region size 4096K, 1 young (4096K), 1 survivors (4096K)
 Metaspace       used 156663K, committed 157824K, reserved 1245184K
  class space    used 20160K, committed 20672K, reserved 1048576K
}
Event: 184.034 GC heap before
{Heap before GC invocations=77 (full 0):
 garbage-first heap   total 462848K, used 388185K [0x0000000600000000, 0x0000000800000000)
  region size 4096K, 11 young (45056K), 1 survivors (4096K)
 Metaspace       used 159644K, committed 160768K, reserved 1245184K
  class space    used 20588K, committed 21120K, reserved 1048576K
}
Event: 184.039 GC heap after
{Heap after GC invocations=78 (full 0):
 garbage-first heap   total 462848K, used 349120K [0x0000000600000000, 0x0000000800000000)
  region size 4096K, 2 young (8192K), 2 survivors (8192K)
 Metaspace       used 159644K, committed 160768K, reserved 1245184K
  class space    used 20588K, committed 21120K, reserved 1048576K
}
Event: 185.688 GC heap before
{Heap before GC invocations=78 (full 0):
 garbage-first heap   total 462848K, used 385984K [0x0000000600000000, 0x0000000800000000)
  region size 4096K, 11 young (45056K), 2 survivors (8192K)
 Metaspace       used 161744K, committed 162880K, reserved 1245184K
  class space    used 20894K, committed 21440K, reserved 1048576K
}
Event: 185.695 GC heap after
{Heap after GC invocations=79 (full 0):
 garbage-first heap   total 462848K, used 351007K [0x0000000600000000, 0x0000000800000000)
  region size 4096K, 2 young (8192K), 2 survivors (8192K)
 Metaspace       used 161744K, committed 162880K, reserved 1245184K
  class space    used 20894K, committed 21440K, reserved 1048576K
}
Event: 185.795 GC heap before
{Heap before GC invocations=79 (full 0):
 garbage-first heap   total 462848K, used 391967K [0x0000000600000000, 0x0000000800000000)
  region size 4096K, 12 young (49152K), 2 survivors (8192K)
 Metaspace       used 161744K, committed 162880K, reserved 1245184K
  class space    used 20894K, committed 21440K, reserved 1048576K
}
Event: 185.809 GC heap after
{Heap after GC invocations=80 (full 0):
 garbage-first heap   total 462848K, used 368712K [0x0000000600000000, 0x0000000800000000)
  region size 4096K, 2 young (8192K), 2 survivors (8192K)
 Metaspace       used 161744K, committed 162880K, reserved 1245184K
  class space    used 20894K, committed 21440K, reserved 1048576K
}
Event: 185.863 GC heap before
{Heap before GC invocations=80 (full 0):
 garbage-first heap   total 462848K, used 393288K [0x0000000600000000, 0x0000000800000000)
  region size 4096K, 8 young (32768K), 2 survivors (8192K)
 Metaspace       used 161752K, committed 162880K, reserved 1245184K
  class space    used 20894K, committed 21440K, reserved 1048576K
}
Event: 185.876 GC heap after
{Heap after GC invocations=81 (full 0):
 garbage-first heap   total 462848K, used 380441K [0x0000000600000000, 0x0000000800000000)
  region size 4096K, 1 young (4096K), 1 survivors (4096K)
 Metaspace       used 161752K, committed 162880K, reserved 1245184K
  class space    used 20894K, committed 21440K, reserved 1048576K
}
Event: 185.937 GC heap before
{Heap before GC invocations=81 (full 0):
 garbage-first heap   total 462848K, used 396825K [0x0000000600000000, 0x0000000800000000)
  region size 4096K, 5 young (20480K), 1 survivors (4096K)
 Metaspace       used 161752K, committed 162880K, reserved 1245184K
  class space    used 20894K, committed 21440K, reserved 1048576K
}
Event: 185.947 GC heap after
{Heap after GC invocations=82 (full 0):
 garbage-first heap   total 462848K, used 388973K [0x0000000600000000, 0x0000000800000000)
  region size 4096K, 1 young (4096K), 1 survivors (4096K)
 Metaspace       used 161752K, committed 162880K, reserved 1245184K
  class space    used 20894K, committed 21440K, reserved 1048576K
}
Event: 186.439 GC heap before
{Heap before GC invocations=82 (full 0):
 garbage-first heap   total 593920K, used 356205K [0x0000000600000000, 0x0000000800000000)
  region size 4096K, 5 young (20480K), 1 survivors (4096K)
 Metaspace       used 161928K, committed 163072K, reserved 1245184K
  class space    used 20897K, committed 21440K, reserved 1048576K
}
Event: 186.448 GC heap after
{Heap after GC invocations=83 (full 0):
 garbage-first heap   total 593920K, used 345639K [0x0000000600000000, 0x0000000800000000)
  region size 4096K, 1 young (4096K), 1 survivors (4096K)
 Metaspace       used 161928K, committed 163072K, reserved 1245184K
  class space    used 20897K, committed 21440K, reserved 1048576K
}
Event: 189.667 GC heap before
{Heap before GC invocations=84 (full 0):
 garbage-first heap   total 593920K, used 435751K [0x0000000600000000, 0x0000000800000000)
  region size 4096K, 23 young (94208K), 1 survivors (4096K)
 Metaspace       used 162741K, committed 163840K, reserved 1245184K
  class space    used 20910K, committed 21440K, reserved 1048576K
}
Event: 189.674 GC heap after
{Heap after GC invocations=85 (full 0):
 garbage-first heap   total 593920K, used 346618K [0x0000000600000000, 0x0000000800000000)
  region size 4096K, 2 young (8192K), 2 survivors (8192K)
 Metaspace       used 162741K, committed 163840K, reserved 1245184K
  class space    used 20910K, committed 21440K, reserved 1048576K
}
Event: 190.784 GC heap before
{Heap before GC invocations=85 (full 0):
 garbage-first heap   total 593920K, used 371194K [0x0000000600000000, 0x0000000800000000)
  region size 4096K, 7 young (28672K), 2 survivors (8192K)
 Metaspace       used 163261K, committed 164480K, reserved 1245184K
  class space    used 20974K, committed 21568K, reserved 1048576K
}
Event: 190.789 GC heap after
{Heap after GC invocations=86 (full 0):
 garbage-first heap   total 593920K, used 287299K [0x0000000600000000, 0x0000000800000000)
  region size 4096K, 1 young (4096K), 1 survivors (4096K)
 Metaspace       used 163261K, committed 164480K, reserved 1245184K
  class space    used 20974K, committed 21568K, reserved 1048576K
}
Event: 191.969 GC heap before
{Heap before GC invocations=86 (full 0):
 garbage-first heap   total 593920K, used 307779K [0x0000000600000000, 0x0000000800000000)
  region size 4096K, 7 young (28672K), 1 survivors (4096K)
 Metaspace       used 163729K, committed 164928K, reserved 1245184K
  class space    used 21001K, committed 21568K, reserved 1048576K
}
Event: 191.984 GC heap after
{Heap after GC invocations=87 (full 0):
 garbage-first heap   total 593920K, used 233849K [0x0000000600000000, 0x0000000800000000)
  region size 4096K, 1 young (4096K), 1 survivors (4096K)
 Metaspace       used 163729K, committed 164928K, reserved 1245184K
  class space    used 21001K, committed 21568K, reserved 1048576K
}
Event: 193.489 GC heap before
{Heap before GC invocations=87 (full 0):
 garbage-first heap   total 593920K, used 258425K [0x0000000600000000, 0x0000000800000000)
  region size 4096K, 7 young (28672K), 1 survivors (4096K)
 Metaspace       used 163780K, committed 164992K, reserved 1245184K
  class space    used 21001K, committed 21568K, reserved 1048576K
}

