# JRE version: OpenJDK Runtime Environment Temurin-17.0.19+10 (17.0.19+10) (build 17.0.19+10)
# Java VM: OpenJDK 64-Bit Server VM Temurin-17.0.19+10 (17.0.19+10, mixed mode, sharing, tiered, compressed oops, compressed class ptrs, g1 gc, windows-amd64)
GC Precious Log:
 CPUs: 8 total, 8 available
 Memory: 8070M
 Large Page Support: Disabled
 NUMA Support: Disabled
 Compressed Oops: Enabled (Zero based)
 Heap Region Size: 4M
 Heap Min Capacity: 8M
 Heap Initial Capacity: 128M
 Heap Max Capacity: 8G
 Pre-touch: Disabled
 Parallel Workers: 8
 Concurrent Workers: 2
 Concurrent Refinement Workers: 8
 Periodic GC: Disabled
Heap:
 garbage-first heap   total 200704K, used 131484K [0x0000000600000000, 0x0000000800000000)
  region size 4096K, 10 young (40960K), 2 survivors (8192K)
 Metaspace       used 86615K, committed 87744K, reserved 1179648K
  class space    used 12110K, committed 12672K, reserved 1048576K
GC Heap History (20 events):
Event: 70.074 GC heap before
{Heap before GC invocations=43 (full 0):
 garbage-first heap   total 131072K, used 94080K [0x0000000600000000, 0x0000000800000000)
  region size 4096K, 7 young (28672K), 1 survivors (4096K)
 Metaspace       used 75530K, committed 76608K, reserved 1179648K
  class space    used 10761K, committed 11264K, reserved 1048576K
}
Event: 70.079 GC heap after
{Heap after GC invocations=44 (full 0):
 garbage-first heap   total 131072K, used 74430K [0x0000000600000000, 0x0000000800000000)
  region size 4096K, 1 young (4096K), 1 survivors (4096K)
 Metaspace       used 75530K, committed 76608K, reserved 1179648K
  class space    used 10761K, committed 11264K, reserved 1048576K
}
Event: 71.314 GC heap before
{Heap before GC invocations=45 (full 0):
 garbage-first heap   total 139264K, used 99006K [0x0000000600000000, 0x0000000800000000)
  region size 4096K, 8 young (32768K), 1 survivors (4096K)
 Metaspace       used 75550K, committed 76608K, reserved 1179648K
  class space    used 10763K, committed 11264K, reserved 1048576K
}
Event: 71.319 GC heap after
{Heap after GC invocations=46 (full 0):
 garbage-first heap   total 139264K, used 75786K [0x0000000600000000, 0x0000000800000000)
  region size 4096K, 1 young (4096K), 1 survivors (4096K)
 Metaspace       used 75550K, committed 76608K, reserved 1179648K
  class space    used 10763K, committed 11264K, reserved 1048576K
}
Event: 72.269 GC heap before
{Heap before GC invocations=46 (full 0):
 garbage-first heap   total 139264K, used 108554K [0x0000000600000000, 0x0000000800000000)
  region size 4096K, 9 young (36864K), 1 survivors (4096K)
 Metaspace       used 75554K, committed 76608K, reserved 1179648K
  class space    used 10763K, committed 11264K, reserved 1048576K
}
Event: 72.275 GC heap after
{Heap after GC invocations=47 (full 0):
 garbage-first heap   total 139264K, used 77335K [0x0000000600000000, 0x0000000800000000)
  region size 4096K, 2 young (8192K), 2 survivors (8192K)
 Metaspace       used 75554K, committed 76608K, reserved 1179648K
  class space    used 10763K, committed 11264K, reserved 1048576K
}
Event: 73.488 GC heap before
{Heap before GC invocations=48 (full 0):
 garbage-first heap   total 143360K, used 110103K [0x0000000600000000, 0x0000000800000000)
  region size 4096K, 10 young (40960K), 2 survivors (8192K)
 Metaspace       used 75558K, committed 76608K, reserved 1179648K
  class space    used 10764K, committed 11264K, reserved 1048576K
}
Event: 73.496 GC heap after
{Heap after GC invocations=49 (full 0):
 garbage-first heap   total 143360K, used 78976K [0x0000000600000000, 0x0000000800000000)
  region size 4096K, 2 young (8192K), 2 survivors (8192K)
 Metaspace       used 75558K, committed 76608K, reserved 1179648K
  class space    used 10764K, committed 11264K, reserved 1048576K
}
Event: 74.661 GC heap before
{Heap before GC invocations=49 (full 0):
 garbage-first heap   total 143360K, used 111744K [0x0000000600000000, 0x0000000800000000)
  region size 4096K, 11 young (45056K), 2 survivors (8192K)
 Metaspace       used 75819K, committed 76800K, reserved 1179648K
  class space    used 10788K, committed 11264K, reserved 1048576K
}
Event: 74.672 GC heap after
{Heap after GC invocations=50 (full 0):
 garbage-first heap   total 143360K, used 90496K [0x0000000600000000, 0x0000000800000000)
  region size 4096K, 2 young (8192K), 2 survivors (8192K)
 Metaspace       used 75819K, committed 76800K, reserved 1179648K
  class space    used 10788K, committed 11264K, reserved 1048576K
}
Event: 75.269 GC heap before
{Heap before GC invocations=51 (full 0):
 garbage-first heap   total 172032K, used 98688K [0x0000000600000000, 0x0000000800000000)
  region size 4096K, 5 young (20480K), 2 survivors (8192K)
 Metaspace       used 76073K, committed 77120K, reserved 1179648K
  class space    used 10809K, committed 11328K, reserved 1048576K
}
Event: 75.279 GC heap after
{Heap after GC invocations=52 (full 0):
 garbage-first heap   total 172032K, used 94747K [0x0000000600000000, 0x0000000800000000)
  region size 4096K, 1 young (4096K), 1 survivors (4096K)
 Metaspace       used 76073K, committed 77120K, reserved 1179648K
  class space    used 10809K, committed 11328K, reserved 1048576K
}
Event: 76.211 GC heap before
{Heap before GC invocations=52 (full 0):
 garbage-first heap   total 172032K, used 123419K [0x0000000600000000, 0x0000000800000000)
  region size 4096K, 9 young (36864K), 1 survivors (4096K)
 Metaspace       used 78059K, committed 79040K, reserved 1179648K
  class space    used 11053K, committed 11520K, reserved 1048576K
}
Event: 76.217 GC heap after
{Heap after GC invocations=53 (full 0):
 garbage-first heap   total 172032K, used 100049K [0x0000000600000000, 0x0000000800000000)
  region size 4096K, 2 young (8192K), 2 survivors (8192K)
 Metaspace       used 78059K, committed 79040K, reserved 1179648K
  class space    used 11053K, committed 11520K, reserved 1048576K
}
Event: 77.552 GC heap before
{Heap before GC invocations=54 (full 0):
 garbage-first heap   total 180224K, used 124625K [0x0000000600000000, 0x0000000800000000)
  region size 4096K, 9 young (36864K), 2 survivors (8192K)
 Metaspace       used 81015K, committed 82112K, reserved 1179648K
  class space    used 11355K, committed 11904K, reserved 1048576K
}
Event: 77.559 GC heap after
{Heap after GC invocations=55 (full 0):
 garbage-first heap   total 180224K, used 100772K [0x0000000600000000, 0x0000000800000000)
  region size 4096K, 1 young (4096K), 1 survivors (4096K)
 Metaspace       used 81015K, committed 82112K, reserved 1179648K
  class space    used 11355K, committed 11904K, reserved 1048576K
}
Event: 78.334 GC heap before
{Heap before GC invocations=55 (full 0):
 garbage-first heap   total 180224K, used 129444K [0x0000000600000000, 0x0000000800000000)
  region size 4096K, 9 young (36864K), 1 survivors (4096K)
 Metaspace       used 82245K, committed 83392K, reserved 1179648K
  class space    used 11524K, committed 12096K, reserved 1048576K
}
Event: 78.339 GC heap after
{Heap after GC invocations=56 (full 0):
 garbage-first heap   total 180224K, used 104629K [0x0000000600000000, 0x0000000800000000)
  region size 4096K, 2 young (8192K), 2 survivors (8192K)
 Metaspace       used 82245K, committed 83392K, reserved 1179648K
  class space    used 11524K, committed 12096K, reserved 1048576K
}
Event: 79.515 GC heap before
{Heap before GC invocations=57 (full 0):
 garbage-first heap   total 200704K, used 137397K [0x0000000600000000, 0x0000000800000000)
  region size 4096K, 10 young (40960K), 2 survivors (8192K)
 Metaspace       used 84472K, committed 85568K, reserved 1179648K
  class space    used 11833K, committed 12416K, reserved 1048576K
}
Event: 79.521 GC heap after
{Heap after GC invocations=58 (full 0):
 garbage-first heap   total 200704K, used 106908K [0x0000000600000000, 0x0000000800000000)
  region size 4096K, 2 young (8192K), 2 survivors (8192K)
 Metaspace       used 84472K, committed 85568K, reserved 1179648K
  class space    used 11833K, committed 12416K, reserved 1048576K
}

