# JRE version: OpenJDK Runtime Environment Temurin-17.0.19+10 (17.0.19+10) (build 17.0.19+10)
# Java VM: OpenJDK 64-Bit Server VM Temurin-17.0.19+10 (17.0.19+10, mixed mode, sharing, tiered, compressed oops, compressed class ptrs, g1 gc, windows-amd64)
GC Precious Log:
 CPUs: 8 total, 8 available
 Memory: 8070M
 Large Page Support: Disabled
 NUMA Support: Disabled
 Compressed Oops: Enabled (Zero based)
 Heap Region Size: 4M
 Heap Min Capacity: 8M
 Heap Initial Capacity: 128M
 Heap Max Capacity: 8G
 Pre-touch: Disabled
 Parallel Workers: 8
 Concurrent Workers: 2
 Concurrent Refinement Workers: 8
 Periodic GC: Disabled
Heap:
 garbage-first heap   total 102400K, used 57588K [0x0000000600000000, 0x0000000800000000)
  region size 4096K, 3 young (12288K), 1 survivors (4096K)
 Metaspace       used 64150K, committed 64960K, reserved 1114112K
  class space    used 9222K, committed 9600K, reserved 1048576K
GC Heap History (20 events):
Event: 46.734 GC heap before
{Heap before GC invocations=15 (full 0):
 garbage-first heap   total 98304K, used 72584K [0x0000000600000000, 0x0000000800000000)
  region size 4096K, 10 young (40960K), 2 survivors (8192K)
 Metaspace       used 48592K, committed 49216K, reserved 1114112K
  class space    used 7000K, committed 7296K, reserved 1048576K
}
Event: 46.742 GC heap after
{Heap after GC invocations=16 (full 0):
 garbage-first heap   total 98304K, used 40456K [0x0000000600000000, 0x0000000800000000)
  region size 4096K, 2 young (8192K), 2 survivors (8192K)
 Metaspace       used 48592K, committed 49216K, reserved 1114112K
  class space    used 7000K, committed 7296K, reserved 1048576K
}
Event: 47.956 GC heap before
{Heap before GC invocations=16 (full 0):
 garbage-first heap   total 98304K, used 69128K [0x0000000600000000, 0x0000000800000000)
  region size 4096K, 10 young (40960K), 2 survivors (8192K)
 Metaspace       used 51019K, committed 51712K, reserved 1114112K
  class space    used 7364K, committed 7680K, reserved 1048576K
}
Event: 47.963 GC heap after
{Heap after GC invocations=17 (full 0):
 garbage-first heap   total 98304K, used 46972K [0x0000000600000000, 0x0000000800000000)
  region size 4096K, 2 young (8192K), 2 survivors (8192K)
 Metaspace       used 51019K, committed 51712K, reserved 1114112K
  class space    used 7364K, committed 7680K, reserved 1048576K
}
Event: 49.704 GC heap before
{Heap before GC invocations=17 (full 0):
 garbage-first heap   total 98304K, used 71548K [0x0000000600000000, 0x0000000800000000)
  region size 4096K, 8 young (32768K), 2 survivors (8192K)
 Metaspace       used 53438K, committed 54144K, reserved 1114112K
  class space    used 7669K, committed 8000K, reserved 1048576K
}
Event: 49.711 GC heap after
{Heap after GC invocations=18 (full 0):
 garbage-first heap   total 98304K, used 47382K [0x0000000600000000, 0x0000000800000000)
  region size 4096K, 1 young (4096K), 1 survivors (4096K)
 Metaspace       used 53438K, committed 54144K, reserved 1114112K
  class space    used 7669K, committed 8000K, reserved 1048576K
}
Event: 51.250 GC heap before
{Heap before GC invocations=18 (full 0):
 garbage-first heap   total 98304K, used 71958K [0x0000000600000000, 0x0000000800000000)
  region size 4096K, 7 young (28672K), 1 survivors (4096K)
 Metaspace       used 56206K, committed 56960K, reserved 1114112K
  class space    used 8033K, committed 8384K, reserved 1048576K
}
Event: 51.254 GC heap after
{Heap after GC invocations=19 (full 0):
 garbage-first heap   total 98304K, used 48284K [0x0000000600000000, 0x0000000800000000)
  region size 4096K, 1 young (4096K), 1 survivors (4096K)
 Metaspace       used 56206K, committed 56960K, reserved 1114112K
  class space    used 8033K, committed 8384K, reserved 1048576K
}
Event: 53.676 GC heap before
{Heap before GC invocations=20 (full 0):
 garbage-first heap   total 98304K, used 68764K [0x0000000600000000, 0x0000000800000000)
  region size 4096K, 7 young (28672K), 1 survivors (4096K)
 Metaspace       used 57623K, committed 58368K, reserved 1114112K
  class space    used 8243K, committed 8576K, reserved 1048576K
}
Event: 53.680 GC heap after
{Heap after GC invocations=21 (full 0):
 garbage-first heap   total 98304K, used 48790K [0x0000000600000000, 0x0000000800000000)
  region size 4096K, 1 young (4096K), 1 survivors (4096K)
 Metaspace       used 57623K, committed 58368K, reserved 1114112K
  class space    used 8243K, committed 8576K, reserved 1048576K
}
Event: 53.816 GC heap before
{Heap before GC invocations=21 (full 0):
 garbage-first heap   total 98304K, used 48790K [0x0000000600000000, 0x0000000800000000)
  region size 4096K, 2 young (8192K), 1 survivors (4096K)
 Metaspace       used 57882K, committed 58624K, reserved 1114112K
  class space    used 8277K, committed 8640K, reserved 1048576K
}
Event: 53.824 GC heap after
{Heap after GC invocations=22 (full 0):
 garbage-first heap   total 98304K, used 48252K [0x0000000600000000, 0x0000000800000000)
  region size 4096K, 1 young (4096K), 1 survivors (4096K)
 Metaspace       used 57882K, committed 58624K, reserved 1114112K
  class space    used 8277K, committed 8640K, reserved 1048576K
}
Event: 55.430 GC heap before
{Heap before GC invocations=22 (full 0):
 garbage-first heap   total 98304K, used 72828K [0x0000000600000000, 0x0000000800000000)
  region size 4096K, 7 young (28672K), 1 survivors (4096K)
 Metaspace       used 59401K, committed 60160K, reserved 1114112K
  class space    used 8500K, committed 8832K, reserved 1048576K
}
Event: 55.435 GC heap after
{Heap after GC invocations=23 (full 0):
 garbage-first heap   total 98304K, used 49075K [0x0000000600000000, 0x0000000800000000)
  region size 4096K, 1 young (4096K), 1 survivors (4096K)
 Metaspace       used 59401K, committed 60160K, reserved 1114112K
  class space    used 8500K, committed 8832K, reserved 1048576K
}
Event: 57.095 GC heap before
{Heap before GC invocations=24 (full 0):
 garbage-first heap   total 98304K, used 73651K [0x0000000600000000, 0x0000000800000000)
  region size 4096K, 7 young (28672K), 1 survivors (4096K)
 Metaspace       used 61104K, committed 61824K, reserved 1114112K
  class space    used 8756K, committed 9088K, reserved 1048576K
}
Event: 57.102 GC heap after
{Heap after GC invocations=25 (full 0):
 garbage-first heap   total 98304K, used 50370K [0x0000000600000000, 0x0000000800000000)
  region size 4096K, 1 young (4096K), 1 survivors (4096K)
 Metaspace       used 61104K, committed 61824K, reserved 1114112K
  class space    used 8756K, committed 9088K, reserved 1048576K
}
Event: 58.311 GC heap before
{Heap before GC invocations=25 (full 0):
 garbage-first heap   total 98304K, used 74946K [0x0000000600000000, 0x0000000800000000)
  region size 4096K, 7 young (28672K), 1 survivors (4096K)
 Metaspace       used 62388K, committed 63104K, reserved 1114112K
  class space    used 8937K, committed 9280K, reserved 1048576K
}
Event: 58.317 GC heap after
{Heap after GC invocations=26 (full 0):
 garbage-first heap   total 98304K, used 51990K [0x0000000600000000, 0x0000000800000000)
  region size 4096K, 1 young (4096K), 1 survivors (4096K)
 Metaspace       used 62388K, committed 63104K, reserved 1114112K
  class space    used 8937K, committed 9280K, reserved 1048576K
}
Event: 61.141 GC heap before
{Heap before GC invocations=27 (full 0):
 garbage-first heap   total 102400K, used 72470K [0x0000000600000000, 0x0000000800000000)
  region size 4096K, 6 young (24576K), 1 survivors (4096K)
 Metaspace       used 63646K, committed 64384K, reserved 1114112K
  class space    used 9127K, committed 9472K, reserved 1048576K
}
Event: 61.148 GC heap after
{Heap after GC invocations=28 (full 0):
 garbage-first heap   total 102400K, used 53492K [0x0000000600000000, 0x0000000800000000)
  region size 4096K, 1 young (4096K), 1 survivors (4096K)
 Metaspace       used 63646K, committed 64384K, reserved 1114112K
  class space    used 9127K, committed 9472K, reserved 1048576K
}

