# JRE version: OpenJDK Runtime Environment Temurin-21.0.12.1+1 (21.0.12.1+1) (build 21.0.12.1+1-LTS)
# Java VM: OpenJDK 64-Bit Server VM Temurin-21.0.12.1+1 (21.0.12.1+1-LTS, mixed mode, sharing, tiered, compressed oops, compressed class ptrs, parallel gc, windows-amd64)
GC Precious Log:
 CardTable entry size: 512
 CPUs: 8 total, 8 available
 Memory: 8070M
 Large Page Support: Disabled
 NUMA Support: Disabled
 Compressed Oops: Enabled (32-bit)
 Alignments: Space 512K, Generation 512K, Heap 2M
 Heap Min Capacity: 100M
 Heap Initial Capacity: 100M
 Heap Max Capacity: 2G
 Pre-touch: Disabled
 Parallel Workers: 8
Heap:
 PSYoungGen      total 23040K, used 6931K [0x00000000d5580000, 0x00000000d7300000, 0x0000000100000000)
  eden space 22016K, 28% used [0x00000000d5580000,0x00000000d5b98cd0,0x00000000d6b00000)
  from space 1024K, 67% used [0x00000000d7180000,0x00000000d722c010,0x00000000d7280000)
  to   space 512K, 0% used [0x00000000d7280000,0x00000000d7280000,0x00000000d7300000)
 ParOldGen       total 84480K, used 84339K [0x0000000080000000, 0x0000000085280000, 0x00000000d5580000)
  object space 84480K, 99% used [0x0000000080000000,0x000000008525cfe8,0x0000000085280000)
 Metaspace       used 75669K, committed 77248K, reserved 1179648K
  class space    used 10038K, committed 10752K, reserved 1048576K
GC Heap History (20 events):
Event: 71.653 GC heap before
{Heap before GC invocations=47 (full 3):
 PSYoungGen      total 22528K, used 22427K [0x00000000d5580000, 0x00000000d7400000, 0x0000000100000000)
  eden space 22016K, 100% used [0x00000000d5580000,0x00000000d6b00000,0x00000000d6b00000)
  from space 512K, 80% used [0x00000000d7280000,0x00000000d72e6e10,0x00000000d7300000)
  to   space 1024K, 0% used [0x00000000d7300000,0x00000000d7300000,0x00000000d7400000)
 ParOldGen       total 83456K, used 83291K [0x0000000080000000, 0x0000000085180000, 0x00000000d5580000)
  object space 83456K, 99% used [0x0000000080000000,0x0000000085156d28,0x0000000085180000)
 Metaspace       used 71712K, committed 73152K, reserved 1114112K
  class space    used 9426K, committed 10048K, reserved 1048576K
}
Event: 71.655 GC heap after
{Heap after GC invocations=47 (full 3):
 PSYoungGen      total 23040K, used 517K [0x00000000d5580000, 0x00000000d7400000, 0x0000000100000000)
  eden space 22016K, 0% used [0x00000000d5580000,0x00000000d5580000,0x00000000d6b00000)
  from space 1024K, 50% used [0x00000000d7300000,0x00000000d7381528,0x00000000d7400000)
  to   space 1024K, 0% used [0x00000000d7200000,0x00000000d7200000,0x00000000d7300000)
 ParOldGen       total 83968K, used 83490K [0x0000000080000000, 0x0000000085200000, 0x00000000d5580000)
  object space 83968K, 99% used [0x0000000080000000,0x0000000085188a38,0x0000000085200000)
 Metaspace       used 71712K, committed 73152K, reserved 1114112K
  class space    used 9426K, committed 10048K, reserved 1048576K
}
Event: 72.532 GC heap before
{Heap before GC invocations=48 (full 3):
 PSYoungGen      total 23040K, used 22533K [0x00000000d5580000, 0x00000000d7400000, 0x0000000100000000)
  eden space 22016K, 100% used [0x00000000d5580000,0x00000000d6b00000,0x00000000d6b00000)
  from space 1024K, 50% used [0x00000000d7300000,0x00000000d7381528,0x00000000d7400000)
  to   space 1024K, 0% used [0x00000000d7200000,0x00000000d7200000,0x00000000d7300000)
 ParOldGen       total 83968K, used 83490K [0x0000000080000000, 0x0000000085200000, 0x00000000d5580000)
  object space 83968K, 99% used [0x0000000080000000,0x0000000085188a38,0x0000000085200000)
 Metaspace       used 72855K, committed 74304K, reserved 1114112K
  class space    used 9615K, committed 10240K, reserved 1048576K
}
Event: 72.534 GC heap after
{Heap after GC invocations=48 (full 3):
 PSYoungGen      total 23040K, used 496K [0x00000000d5580000, 0x00000000d7380000, 0x0000000100000000)
  eden space 22016K, 0% used [0x00000000d5580000,0x00000000d5580000,0x00000000d6b00000)
  from space 1024K, 48% used [0x00000000d7200000,0x00000000d727c010,0x00000000d7300000)
  to   space 512K, 0% used [0x00000000d7300000,0x00000000d7300000,0x00000000d7380000)
 ParOldGen       total 83968K, used 83642K [0x0000000080000000, 0x0000000085200000, 0x00000000d5580000)
  object space 83968K, 99% used [0x0000000080000000,0x00000000851aea38,0x0000000085200000)
 Metaspace       used 72855K, committed 74304K, reserved 1114112K
  class space    used 9615K, committed 10240K, reserved 1048576K
}
Event: 73.191 GC heap before
{Heap before GC invocations=49 (full 3):
 PSYoungGen      total 23040K, used 22512K [0x00000000d5580000, 0x00000000d7380000, 0x0000000100000000)
  eden space 22016K, 100% used [0x00000000d5580000,0x00000000d6b00000,0x00000000d6b00000)
  from space 1024K, 48% used [0x00000000d7200000,0x00000000d727c010,0x00000000d7300000)
  to   space 512K, 0% used [0x00000000d7300000,0x00000000d7300000,0x00000000d7380000)
 ParOldGen       total 83968K, used 83642K [0x0000000080000000, 0x0000000085200000, 0x00000000d5580000)
  object space 83968K, 99% used [0x0000000080000000,0x00000000851aea38,0x0000000085200000)
 Metaspace       used 72857K, committed 74304K, reserved 1114112K
  class space    used 9615K, committed 10240K, reserved 1048576K
}
Event: 73.193 GC heap after
{Heap after GC invocations=49 (full 3):
 PSYoungGen      total 22528K, used 397K [0x00000000d5580000, 0x00000000d7380000, 0x0000000100000000)
  eden space 22016K, 0% used [0x00000000d5580000,0x00000000d5580000,0x00000000d6b00000)
  from space 512K, 77% used [0x00000000d7300000,0x00000000d7363420,0x00000000d7380000)
  to   space 512K, 0% used [0x00000000d7280000,0x00000000d7280000,0x00000000d7300000)
 ParOldGen       total 83968K, used 83949K [0x0000000080000000, 0x0000000085200000, 0x00000000d5580000)
  object space 83968K, 99% used [0x0000000080000000,0x00000000851fb5b8,0x0000000085200000)
 Metaspace       used 72857K, committed 74304K, reserved 1114112K
  class space    used 9615K, committed 10240K, reserved 1048576K
}
Event: 74.289 GC heap before
{Heap before GC invocations=50 (full 3):
 PSYoungGen      total 22528K, used 22413K [0x00000000d5580000, 0x00000000d7380000, 0x0000000100000000)
  eden space 22016K, 100% used [0x00000000d5580000,0x00000000d6b00000,0x00000000d6b00000)
  from space 512K, 77% used [0x00000000d7300000,0x00000000d7363420,0x00000000d7380000)
  to   space 512K, 0% used [0x00000000d7280000,0x00000000d7280000,0x00000000d7300000)
 ParOldGen       total 83968K, used 83949K [0x0000000080000000, 0x0000000085200000, 0x00000000d5580000)
  object space 83968K, 99% used [0x0000000080000000,0x00000000851fb5b8,0x0000000085200000)
 Metaspace       used 72857K, committed 74304K, reserved 1114112K
  class space    used 9615K, committed 10240K, reserved 1048576K
}
Event: 74.291 GC heap after
{Heap after GC invocations=50 (full 3):
 PSYoungGen      total 22528K, used 256K [0x00000000d5580000, 0x00000000d7380000, 0x0000000100000000)
  eden space 22016K, 0% used [0x00000000d5580000,0x00000000d5580000,0x00000000d6b00000)
  from space 512K, 50% used [0x00000000d7280000,0x00000000d72c0000,0x00000000d7300000)
  to   space 512K, 0% used [0x00000000d7300000,0x00000000d7300000,0x00000000d7380000)
 ParOldGen       total 84480K, used 83973K [0x0000000080000000, 0x0000000085280000, 0x00000000d5580000)
  object space 84480K, 99% used [0x0000000080000000,0x00000000852015b8,0x0000000085280000)
 Metaspace       used 72857K, committed 74304K, reserved 1114112K
  class space    used 9615K, committed 10240K, reserved 1048576K
}
Event: 75.122 GC heap before
{Heap before GC invocations=51 (full 3):
 PSYoungGen      total 22528K, used 22272K [0x00000000d5580000, 0x00000000d7380000, 0x0000000100000000)
  eden space 22016K, 100% used [0x00000000d5580000,0x00000000d6b00000,0x00000000d6b00000)
  from space 512K, 50% used [0x00000000d7280000,0x00000000d72c0000,0x00000000d7300000)
  to   space 512K, 0% used [0x00000000d7300000,0x00000000d7300000,0x00000000d7380000)
 ParOldGen       total 84480K, used 83973K [0x0000000080000000, 0x0000000085280000, 0x00000000d5580000)
  object space 84480K, 99% used [0x0000000080000000,0x00000000852015b8,0x0000000085280000)
 Metaspace       used 72857K, committed 74304K, reserved 1114112K
  class space    used 9615K, committed 10240K, reserved 1048576K
}
Event: 75.123 GC heap after
{Heap after GC invocations=51 (full 3):
 PSYoungGen      total 22528K, used 209K [0x00000000d5580000, 0x00000000d7380000, 0x0000000100000000)
  eden space 22016K, 0% used [0x00000000d5580000,0x00000000d5580000,0x00000000d6b00000)
  from space 512K, 40% used [0x00000000d7300000,0x00000000d7334640,0x00000000d7380000)
  to   space 512K, 0% used [0x00000000d7280000,0x00000000d7280000,0x00000000d7300000)
 ParOldGen       total 84480K, used 84049K [0x0000000080000000, 0x0000000085280000, 0x00000000d5580000)
  object space 84480K, 99% used [0x0000000080000000,0x0000000085214688,0x0000000085280000)
 Metaspace       used 72857K, committed 74304K, reserved 1114112K
  class space    used 9615K, committed 10240K, reserved 1048576K
}
Event: 75.773 GC heap before
{Heap before GC invocations=52 (full 3):
 PSYoungGen      total 22528K, used 22225K [0x00000000d5580000, 0x00000000d7380000, 0x0000000100000000)
  eden space 22016K, 100% used [0x00000000d5580000,0x00000000d6b00000,0x00000000d6b00000)
  from space 512K, 40% used [0x00000000d7300000,0x00000000d7334640,0x00000000d7380000)
  to   space 512K, 0% used [0x00000000d7280000,0x00000000d7280000,0x00000000d7300000)
 ParOldGen       total 84480K, used 84049K [0x0000000080000000, 0x0000000085280000, 0x00000000d5580000)
  object space 84480K, 99% used [0x0000000080000000,0x0000000085214688,0x0000000085280000)
 Metaspace       used 72857K, committed 74304K, reserved 1114112K
  class space    used 9615K, committed 10240K, reserved 1048576K
}
Event: 75.774 GC heap after
{Heap after GC invocations=52 (full 3):
 PSYoungGen      total 22528K, used 320K [0x00000000d5580000, 0x00000000d7380000, 0x0000000100000000)
  eden space 22016K, 0% used [0x00000000d5580000,0x00000000d5580000,0x00000000d6b00000)
  from space 512K, 62% used [0x00000000d7280000,0x00000000d72d0000,0x00000000d7300000)
  to   space 512K, 0% used [0x00000000d7300000,0x00000000d7300000,0x00000000d7380000)
 ParOldGen       total 84480K, used 84129K [0x0000000080000000, 0x0000000085280000, 0x00000000d5580000)
  object space 84480K, 99% used [0x0000000080000000,0x0000000085228698,0x0000000085280000)
 Metaspace       used 72857K, committed 74304K, reserved 1114112K
  class space    used 9615K, committed 10240K, reserved 1048576K
}
Event: 76.905 GC heap before
{Heap before GC invocations=53 (full 3):
 PSYoungGen      total 22528K, used 22336K [0x00000000d5580000, 0x00000000d7380000, 0x0000000100000000)
  eden space 22016K, 100% used [0x00000000d5580000,0x00000000d6b00000,0x00000000d6b00000)
  from space 512K, 62% used [0x00000000d7280000,0x00000000d72d0000,0x00000000d7300000)
  to   space 512K, 0% used [0x00000000d7300000,0x00000000d7300000,0x00000000d7380000)
 ParOldGen       total 84480K, used 84129K [0x0000000080000000, 0x0000000085280000, 0x00000000d5580000)
  object space 84480K, 99% used [0x0000000080000000,0x0000000085228698,0x0000000085280000)
 Metaspace       used 72857K, committed 74304K, reserved 1114112K
  class space    used 9615K, committed 10240K, reserved 1048576K
}
Event: 76.907 GC heap after
{Heap after GC invocations=53 (full 3):
 PSYoungGen      total 22528K, used 489K [0x00000000d5580000, 0x00000000d7380000, 0x0000000100000000)
  eden space 22016K, 0% used [0x00000000d5580000,0x00000000d5580000,0x00000000d6b00000)
  from space 512K, 95% used [0x00000000d7300000,0x00000000d737a688,0x00000000d7380000)
  to   space 1024K, 0% used [0x00000000d7180000,0x00000000d7180000,0x00000000d7280000)
 ParOldGen       total 84480K, used 84235K [0x0000000080000000, 0x0000000085280000, 0x00000000d5580000)
  object space 84480K, 99% used [0x0000000080000000,0x0000000085242fe8,0x0000000085280000)
 Metaspace       used 72857K, committed 74304K, reserved 1114112K
  class space    used 9615K, committed 10240K, reserved 1048576K
}
Event: 77.455 GC heap before
{Heap before GC invocations=54 (full 3):
 PSYoungGen      total 22528K, used 22505K [0x00000000d5580000, 0x00000000d7380000, 0x0000000100000000)
  eden space 22016K, 100% used [0x00000000d5580000,0x00000000d6b00000,0x00000000d6b00000)
  from space 512K, 95% used [0x00000000d7300000,0x00000000d737a688,0x00000000d7380000)
  to   space 1024K, 0% used [0x00000000d7180000,0x00000000d7180000,0x00000000d7280000)
 ParOldGen       total 84480K, used 84235K [0x0000000080000000, 0x0000000085280000, 0x00000000d5580000)
  object space 84480K, 99% used [0x0000000080000000,0x0000000085242fe8,0x0000000085280000)
 Metaspace       used 72857K, committed 74304K, reserved 1114112K
  class space    used 9615K, committed 10240K, reserved 1048576K
}
Event: 77.457 GC heap after
{Heap after GC invocations=54 (full 3):
 PSYoungGen      total 23040K, used 645K [0x00000000d5580000, 0x00000000d7380000, 0x0000000100000000)
  eden space 22016K, 0% used [0x00000000d5580000,0x00000000d5580000,0x00000000d6b00000)
  from space 1024K, 63% used [0x00000000d7180000,0x00000000d7221788,0x00000000d7280000)
  to   space 1024K, 0% used [0x00000000d7280000,0x00000000d7280000,0x00000000d7380000)
 ParOldGen       total 84480K, used 84267K [0x0000000080000000, 0x0000000085280000, 0x00000000d5580000)
  object space 84480K, 99% used [0x0000000080000000,0x000000008524afe8,0x0000000085280000)
 Metaspace       used 72857K, committed 74304K, reserved 1114112K
  class space    used 9615K, committed 10240K, reserved 1048576K
}
Event: 77.968 GC heap before
{Heap before GC invocations=55 (full 3):
 PSYoungGen      total 23040K, used 22661K [0x00000000d5580000, 0x00000000d7380000, 0x0000000100000000)
  eden space 22016K, 100% used [0x00000000d5580000,0x00000000d6b00000,0x00000000d6b00000)
  from space 1024K, 63% used [0x00000000d7180000,0x00000000d7221788,0x00000000d7280000)
  to   space 1024K, 0% used [0x00000000d7280000,0x00000000d7280000,0x00000000d7380000)
 ParOldGen       total 84480K, used 84267K [0x0000000080000000, 0x0000000085280000, 0x00000000d5580000)
  object space 84480K, 99% used [0x0000000080000000,0x000000008524afe8,0x0000000085280000)
 Metaspace       used 72857K, committed 74304K, reserved 1114112K
  class space    used 9615K, committed 10240K, reserved 1048576K
}
Event: 77.970 GC heap after
{Heap after GC invocations=55 (full 3):
 PSYoungGen      total 23040K, used 844K [0x00000000d5580000, 0x00000000d7380000, 0x0000000100000000)
  eden space 22016K, 0% used [0x00000000d5580000,0x00000000d5580000,0x00000000d6b00000)
  from space 1024K, 82% used [0x00000000d7280000,0x00000000d7353368,0x00000000d7380000)
  to   space 1024K, 0% used [0x00000000d7180000,0x00000000d7180000,0x00000000d7280000)
 ParOldGen       total 84480K, used 84307K [0x0000000080000000, 0x0000000085280000, 0x00000000d5580000)
  object space 84480K, 99% used [0x0000000080000000,0x0000000085254fe8,0x0000000085280000)
 Metaspace       used 72857K, committed 74304K, reserved 1114112K
  class space    used 9615K, committed 10240K, reserved 1048576K
}
Event: 78.877 GC heap before
{Heap before GC invocations=56 (full 3):
 PSYoungGen      total 23040K, used 22860K [0x00000000d5580000, 0x00000000d7380000, 0x0000000100000000)
  eden space 22016K, 100% used [0x00000000d5580000,0x00000000d6b00000,0x00000000d6b00000)
  from space 1024K, 82% used [0x00000000d7280000,0x00000000d7353368,0x00000000d7380000)
  to   space 1024K, 0% used [0x00000000d7180000,0x00000000d7180000,0x00000000d7280000)
 ParOldGen       total 84480K, used 84307K [0x0000000080000000, 0x0000000085280000, 0x00000000d5580000)
  object space 84480K, 99% used [0x0000000080000000,0x0000000085254fe8,0x0000000085280000)
 Metaspace       used 74809K, committed 76416K, reserved 1179648K
  class space    used 9917K, committed 10624K, reserved 1048576K
}
Event: 78.879 GC heap after
{Heap after GC invocations=56 (full 3):
 PSYoungGen      total 23040K, used 688K [0x00000000d5580000, 0x00000000d7300000, 0x0000000100000000)
  eden space 22016K, 0% used [0x00000000d5580000,0x00000000d5580000,0x00000000d6b00000)
  from space 1024K, 67% used [0x00000000d7180000,0x00000000d722c010,0x00000000d7280000)
  to   space 512K, 0% used [0x00000000d7280000,0x00000000d7280000,0x00000000d7300000)
 ParOldGen       total 84480K, used 84339K [0x0000000080000000, 0x0000000085280000, 0x00000000d5580000)
  object space 84480K, 99% used [0x0000000080000000,0x000000008525cfe8,0x0000000085280000)
 Metaspace       used 74809K, committed 76416K, reserved 1179648K
  class space    used 9917K, committed 10624K, reserved 1048576K
}

