# JRE version: OpenJDK Runtime Environment Temurin-17.0.19+10 (17.0.19+10) (build 17.0.19+10)
# Java VM: OpenJDK 64-Bit Server VM Temurin-17.0.19+10 (17.0.19+10, mixed mode, sharing, tiered, compressed oops, compressed class ptrs, g1 gc, windows-amd64)
GC Precious Log:
 CPUs: 8 total, 8 available
 Memory: 8070M
 Large Page Support: Disabled
 NUMA Support: Disabled
 Compressed Oops: Enabled (Zero based)
 Heap Region Size: 4M
 Heap Min Capacity: 8M
 Heap Initial Capacity: 128M
 Heap Max Capacity: 8G
 Pre-touch: Disabled
 Parallel Workers: 8
 Concurrent Workers: 2
 Concurrent Refinement Workers: 8
 Periodic GC: Disabled
Heap:
 garbage-first heap   total 180224K, used 122398K [0x0000000600000000, 0x0000000800000000)
  region size 4096K, 13 young (53248K), 3 survivors (12288K)
 Metaspace       used 77601K, committed 78528K, reserved 1179648K
  class space    used 10947K, committed 11392K, reserved 1048576K
GC Heap History (20 events):
Event: 25.652 GC heap before
{Heap before GC invocations=27 (full 0):
 garbage-first heap   total 98304K, used 76820K [0x0000000600000000, 0x0000000800000000)
  region size 4096K, 7 young (28672K), 1 survivors (4096K)
 Metaspace       used 63446K, committed 64192K, reserved 1114112K
  class space    used 9110K, committed 9472K, reserved 1048576K
}
Event: 25.658 GC heap after
{Heap after GC invocations=28 (full 0):
 garbage-first heap   total 98304K, used 54161K [0x0000000600000000, 0x0000000800000000)
  region size 4096K, 1 young (4096K), 1 survivors (4096K)
 Metaspace       used 63446K, committed 64192K, reserved 1114112K
  class space    used 9110K, committed 9472K, reserved 1048576K
}
Event: 26.226 GC heap before
{Heap before GC invocations=28 (full 0):
 garbage-first heap   total 98304K, used 74641K [0x0000000600000000, 0x0000000800000000)
  region size 4096K, 6 young (24576K), 1 survivors (4096K)
 Metaspace       used 64975K, committed 65728K, reserved 1114112K
  class space    used 9381K, committed 9728K, reserved 1048576K
}
Event: 26.233 GC heap after
{Heap after GC invocations=29 (full 0):
 garbage-first heap   total 98304K, used 55299K [0x0000000600000000, 0x0000000800000000)
  region size 4096K, 1 young (4096K), 1 survivors (4096K)
 Metaspace       used 64975K, committed 65728K, reserved 1114112K
  class space    used 9381K, committed 9728K, reserved 1048576K
}
Event: 27.139 GC heap before
{Heap before GC invocations=30 (full 0):
 garbage-first heap   total 102400K, used 75779K [0x0000000600000000, 0x0000000800000000)
  region size 4096K, 6 young (24576K), 1 survivors (4096K)
 Metaspace       used 66243K, committed 67008K, reserved 1114112K
  class space    used 9604K, committed 9984K, reserved 1048576K
}
Event: 27.147 GC heap after
{Heap after GC invocations=31 (full 0):
 garbage-first heap   total 102400K, used 57271K [0x0000000600000000, 0x0000000800000000)
  region size 4096K, 1 young (4096K), 1 survivors (4096K)
 Metaspace       used 66243K, committed 67008K, reserved 1114112K
  class space    used 9604K, committed 9984K, reserved 1048576K
}
Event: 27.799 GC heap before
{Heap before GC invocations=31 (full 0):
 garbage-first heap   total 102400K, used 77751K [0x0000000600000000, 0x0000000800000000)
  region size 4096K, 6 young (24576K), 1 survivors (4096K)
 Metaspace       used 67703K, committed 68480K, reserved 1114112K
  class space    used 9810K, committed 10176K, reserved 1048576K
}
Event: 27.808 GC heap after
{Heap after GC invocations=32 (full 0):
 garbage-first heap   total 102400K, used 59053K [0x0000000600000000, 0x0000000800000000)
  region size 4096K, 1 young (4096K), 1 survivors (4096K)
 Metaspace       used 67703K, committed 68480K, reserved 1114112K
  class space    used 9810K, committed 10176K, reserved 1048576K
}
Event: 28.346 GC heap before
{Heap before GC invocations=33 (full 0):
 garbage-first heap   total 110592K, used 79533K [0x0000000600000000, 0x0000000800000000)
  region size 4096K, 6 young (24576K), 1 survivors (4096K)
 Metaspace       used 69492K, committed 70272K, reserved 1114112K
  class space    used 10024K, committed 10368K, reserved 1048576K
}
Event: 28.352 GC heap after
{Heap after GC invocations=34 (full 0):
 garbage-first heap   total 110592K, used 61027K [0x0000000600000000, 0x0000000800000000)
  region size 4096K, 1 young (4096K), 1 survivors (4096K)
 Metaspace       used 69492K, committed 70272K, reserved 1114112K
  class space    used 10024K, committed 10368K, reserved 1048576K
}
Event: 28.425 GC heap before
{Heap before GC invocations=34 (full 0):
 garbage-first heap   total 110592K, used 61027K [0x0000000600000000, 0x0000000800000000)
  region size 4096K, 2 young (8192K), 1 survivors (4096K)
 Metaspace       used 70093K, committed 70912K, reserved 1114112K
  class space    used 10107K, committed 10496K, reserved 1048576K
}
Event: 28.434 GC heap after
{Heap after GC invocations=35 (full 0):
 garbage-first heap   total 110592K, used 61002K [0x0000000600000000, 0x0000000800000000)
  region size 4096K, 1 young (4096K), 1 survivors (4096K)
 Metaspace       used 70093K, committed 70912K, reserved 1114112K
  class space    used 10107K, committed 10496K, reserved 1048576K
}
Event: 55.728 GC heap before
{Heap before GC invocations=35 (full 0):
 garbage-first heap   total 110592K, used 81482K [0x0000000600000000, 0x0000000800000000)
  region size 4096K, 7 young (28672K), 1 survivors (4096K)
 Metaspace       used 72119K, committed 72960K, reserved 1114112K
  class space    used 10392K, committed 10816K, reserved 1048576K
}
Event: 55.733 GC heap after
{Heap after GC invocations=36 (full 0):
 garbage-first heap   total 180224K, used 63330K [0x0000000600000000, 0x0000000800000000)
  region size 4096K, 1 young (4096K), 1 survivors (4096K)
 Metaspace       used 72119K, committed 72960K, reserved 1114112K
  class space    used 10392K, committed 10816K, reserved 1048576K
}
Event: 58.121 GC heap before
{Heap before GC invocations=37 (full 0):
 garbage-first heap   total 180224K, used 141154K [0x0000000600000000, 0x0000000800000000)
  region size 4096K, 20 young (81920K), 1 survivors (4096K)
 Metaspace       used 72765K, committed 73600K, reserved 1114112K
  class space    used 10409K, committed 10816K, reserved 1048576K
}
Event: 58.130 GC heap after
{Heap after GC invocations=38 (full 0):
 garbage-first heap   total 180224K, used 67787K [0x0000000600000000, 0x0000000800000000)
  region size 4096K, 2 young (8192K), 2 survivors (8192K)
 Metaspace       used 72765K, committed 73600K, reserved 1114112K
  class space    used 10409K, committed 10816K, reserved 1048576K
}
Event: 59.882 GC heap before
{Heap before GC invocations=38 (full 0):
 garbage-first heap   total 180224K, used 137419K [0x0000000600000000, 0x0000000800000000)
  region size 4096K, 19 young (77824K), 2 survivors (8192K)
 Metaspace       used 72780K, committed 73600K, reserved 1114112K
  class space    used 10410K, committed 10816K, reserved 1048576K
}
Event: 59.894 GC heap after
{Heap after GC invocations=39 (full 0):
 garbage-first heap   total 180224K, used 71351K [0x0000000600000000, 0x0000000800000000)
  region size 4096K, 3 young (12288K), 3 survivors (12288K)
 Metaspace       used 72780K, committed 73600K, reserved 1114112K
  class space    used 10410K, committed 10816K, reserved 1048576K
}
Event: 61.382 GC heap before
{Heap before GC invocations=39 (full 0):
 garbage-first heap   total 180224K, used 132791K [0x0000000600000000, 0x0000000800000000)
  region size 4096K, 19 young (77824K), 3 survivors (12288K)
 Metaspace       used 74110K, committed 75008K, reserved 1114112K
  class space    used 10582K, committed 11008K, reserved 1048576K
}
Event: 61.392 GC heap after
{Heap after GC invocations=40 (full 0):
 garbage-first heap   total 180224K, used 89630K [0x0000000600000000, 0x0000000800000000)
  region size 4096K, 3 young (12288K), 3 survivors (12288K)
 Metaspace       used 74110K, committed 75008K, reserved 1114112K
  class space    used 10582K, committed 11008K, reserved 1048576K
}

