# JRE version: OpenJDK Runtime Environment Temurin-17.0.19+10 (17.0.19+10) (build 17.0.19+10)
# Java VM: OpenJDK 64-Bit Server VM Temurin-17.0.19+10 (17.0.19+10, mixed mode, sharing, tiered, compressed oops, compressed class ptrs, g1 gc, windows-amd64)
GC Precious Log:
 CPUs: 8 total, 8 available
 Memory: 8070M
 Large Page Support: Disabled
 NUMA Support: Disabled
 Compressed Oops: Enabled (Zero based)
 Heap Region Size: 4M
 Heap Min Capacity: 8M
 Heap Initial Capacity: 128M
 Heap Max Capacity: 8G
 Pre-touch: Disabled
 Parallel Workers: 8
 Concurrent Workers: 2
 Concurrent Refinement Workers: 8
 Periodic GC: Disabled
Heap:
 garbage-first heap   total 110592K, used 79220K [0x0000000600000000, 0x0000000800000000)
  region size 4096K, 8 young (32768K), 1 survivors (4096K)
 Metaspace       used 65010K, committed 65984K, reserved 1114112K
  class space    used 9315K, committed 9792K, reserved 1048576K
GC Heap History (20 events):
Event: 29.852 GC heap before
{Heap before GC invocations=11 (full 0):
 garbage-first heap   total 110592K, used 82161K [0x0000000600000000, 0x0000000800000000)
  region size 4096K, 13 young (53248K), 2 survivors (8192K)
 Metaspace       used 43553K, committed 44288K, reserved 1114112K
  class space    used 6170K, committed 6528K, reserved 1048576K
}
Event: 29.860 GC heap after
{Heap after GC invocations=12 (full 0):
 garbage-first heap   total 110592K, used 39196K [0x0000000600000000, 0x0000000800000000)
  region size 4096K, 2 young (8192K), 2 survivors (8192K)
 Metaspace       used 43553K, committed 44288K, reserved 1114112K
  class space    used 6170K, committed 6528K, reserved 1048576K
}
Event: 31.951 GC heap before
{Heap before GC invocations=12 (full 0):
 garbage-first heap   total 110592K, used 80156K [0x0000000600000000, 0x0000000800000000)
  region size 4096K, 12 young (49152K), 2 survivors (8192K)
 Metaspace       used 47159K, committed 47936K, reserved 1114112K
  class space    used 6733K, committed 7104K, reserved 1048576K
}
Event: 31.957 GC heap after
{Heap after GC invocations=13 (full 0):
 garbage-first heap   total 110592K, used 40563K [0x0000000600000000, 0x0000000800000000)
  region size 4096K, 2 young (8192K), 2 survivors (8192K)
 Metaspace       used 47159K, committed 47936K, reserved 1114112K
  class space    used 6733K, committed 7104K, reserved 1048576K
}
Event: 32.832 GC heap before
{Heap before GC invocations=13 (full 0):
 garbage-first heap   total 110592K, used 52851K [0x0000000600000000, 0x0000000800000000)
  region size 4096K, 6 young (24576K), 2 survivors (8192K)
 Metaspace       used 48298K, committed 49088K, reserved 1114112K
  class space    used 6910K, committed 7296K, reserved 1048576K
}
Event: 32.841 GC heap after
{Heap after GC invocations=14 (full 0):
 garbage-first heap   total 110592K, used 42605K [0x0000000600000000, 0x0000000800000000)
  region size 4096K, 2 young (8192K), 2 survivors (8192K)
 Metaspace       used 48298K, committed 49088K, reserved 1114112K
  class space    used 6910K, committed 7296K, reserved 1048576K
}
Event: 35.160 GC heap before
{Heap before GC invocations=15 (full 0):
 garbage-first heap   total 110592K, used 79469K [0x0000000600000000, 0x0000000800000000)
  region size 4096K, 12 young (49152K), 2 survivors (8192K)
 Metaspace       used 50257K, committed 51072K, reserved 1114112K
  class space    used 7221K, committed 7616K, reserved 1048576K
}
Event: 35.169 GC heap after
{Heap after GC invocations=16 (full 0):
 garbage-first heap   total 110592K, used 44610K [0x0000000600000000, 0x0000000800000000)
  region size 4096K, 2 young (8192K), 2 survivors (8192K)
 Metaspace       used 50257K, committed 51072K, reserved 1114112K
  class space    used 7221K, committed 7616K, reserved 1048576K
}
Event: 37.076 GC heap before
{Heap before GC invocations=16 (full 0):
 garbage-first heap   total 110592K, used 81474K [0x0000000600000000, 0x0000000800000000)
  region size 4096K, 12 young (49152K), 2 survivors (8192K)
 Metaspace       used 53256K, committed 54144K, reserved 1114112K
  class space    used 7710K, committed 8128K, reserved 1048576K
}
Event: 37.083 GC heap after
{Heap after GC invocations=17 (full 0):
 garbage-first heap   total 110592K, used 50944K [0x0000000600000000, 0x0000000800000000)
  region size 4096K, 2 young (8192K), 2 survivors (8192K)
 Metaspace       used 53256K, committed 54144K, reserved 1114112K
  class space    used 7710K, committed 8128K, reserved 1048576K
}
Event: 38.709 GC heap before
{Heap before GC invocations=17 (full 0):
 garbage-first heap   total 110592K, used 83712K [0x0000000600000000, 0x0000000800000000)
  region size 4096K, 10 young (40960K), 2 survivors (8192K)
 Metaspace       used 56376K, committed 57216K, reserved 1114112K
  class space    used 8108K, committed 8512K, reserved 1048576K
}
Event: 38.714 GC heap after
{Heap after GC invocations=18 (full 0):
 garbage-first heap   total 110592K, used 52565K [0x0000000600000000, 0x0000000800000000)
  region size 4096K, 1 young (4096K), 1 survivors (4096K)
 Metaspace       used 56376K, committed 57216K, reserved 1114112K
  class space    used 8108K, committed 8512K, reserved 1048576K
}
Event: 41.819 GC heap before
{Heap before GC invocations=18 (full 0):
 garbage-first heap   total 110592K, used 81237K [0x0000000600000000, 0x0000000800000000)
  region size 4096K, 8 young (32768K), 1 survivors (4096K)
 Metaspace       used 59178K, committed 60096K, reserved 1114112K
  class space    used 8482K, committed 8896K, reserved 1048576K
}
Event: 41.823 GC heap after
{Heap after GC invocations=19 (full 0):
 garbage-first heap   total 110592K, used 53505K [0x0000000600000000, 0x0000000800000000)
  region size 4096K, 1 young (4096K), 1 survivors (4096K)
 Metaspace       used 59178K, committed 60096K, reserved 1114112K
  class space    used 8482K, committed 8896K, reserved 1048576K
}
Event: 44.107 GC heap before
{Heap before GC invocations=20 (full 0):
 garbage-first heap   total 110592K, used 86273K [0x0000000600000000, 0x0000000800000000)
  region size 4096K, 9 young (36864K), 1 survivors (4096K)
 Metaspace       used 61134K, committed 62016K, reserved 1114112K
  class space    used 8759K, committed 9152K, reserved 1048576K
}
Event: 44.111 GC heap after
{Heap after GC invocations=21 (full 0):
 garbage-first heap   total 110592K, used 54292K [0x0000000600000000, 0x0000000800000000)
  region size 4096K, 1 young (4096K), 1 survivors (4096K)
 Metaspace       used 61134K, committed 62016K, reserved 1114112K
  class space    used 8759K, committed 9152K, reserved 1048576K
}
Event: 44.336 GC heap before
{Heap before GC invocations=21 (full 0):
 garbage-first heap   total 110592K, used 54292K [0x0000000600000000, 0x0000000800000000)
  region size 4096K, 2 young (8192K), 1 survivors (4096K)
 Metaspace       used 61443K, committed 62336K, reserved 1114112K
  class space    used 8801K, committed 9216K, reserved 1048576K
}
Event: 44.342 GC heap after
{Heap after GC invocations=22 (full 0):
 garbage-first heap   total 110592K, used 53120K [0x0000000600000000, 0x0000000800000000)
  region size 4096K, 1 young (4096K), 1 survivors (4096K)
 Metaspace       used 61443K, committed 62336K, reserved 1114112K
  class space    used 8801K, committed 9216K, reserved 1048576K
}
Event: 46.719 GC heap before
{Heap before GC invocations=22 (full 0):
 garbage-first heap   total 110592K, used 85888K [0x0000000600000000, 0x0000000800000000)
  region size 4096K, 9 young (36864K), 1 survivors (4096K)
 Metaspace       used 63607K, committed 64512K, reserved 1114112K
  class space    used 9116K, committed 9536K, reserved 1048576K
}
Event: 46.725 GC heap after
{Heap after GC invocations=23 (full 0):
 garbage-first heap   total 110592K, used 54644K [0x0000000600000000, 0x0000000800000000)
  region size 4096K, 1 young (4096K), 1 survivors (4096K)
 Metaspace       used 63607K, committed 64512K, reserved 1114112K
  class space    used 9116K, committed 9536K, reserved 1048576K
}

