# JRE version: OpenJDK Runtime Environment Temurin-17.0.19+10 (17.0.19+10) (build 17.0.19+10)
# Java VM: OpenJDK 64-Bit Server VM Temurin-17.0.19+10 (17.0.19+10, mixed mode, sharing, tiered, compressed oops, compressed class ptrs, g1 gc, windows-amd64)
GC Precious Log:
 CPUs: 8 total, 8 available
 Memory: 8070M
 Large Page Support: Disabled
 NUMA Support: Disabled
 Compressed Oops: Enabled (Zero based)
 Heap Region Size: 4M
 Heap Min Capacity: 8M
 Heap Initial Capacity: 128M
 Heap Max Capacity: 8G
 Pre-touch: Disabled
 Parallel Workers: 8
 Concurrent Workers: 2
 Concurrent Refinement Workers: 8
 Periodic GC: Disabled
Heap:
 garbage-first heap   total 638976K, used 491590K [0x0000000600000000, 0x0000000800000000)
  region size 4096K, 27 young (110592K), 3 survivors (12288K)
 Metaspace       used 214680K, committed 216448K, reserved 1245184K
  class space    used 27501K, committed 28352K, reserved 1048576K
GC Heap History (20 events):
Event: 92.480 GC heap before
{Heap before GC invocations=81 (full 0):
 garbage-first heap   total 532480K, used 434516K [0x0000000600000000, 0x0000000800000000)
  region size 4096K, 31 young (126976K), 4 survivors (16384K)
 Metaspace       used 204795K, committed 206208K, reserved 1245184K
  class space    used 26384K, committed 27072K, reserved 1048576K
}
Event: 92.494 GC heap after
{Heap after GC invocations=82 (full 0):
 garbage-first heap   total 532480K, used 320627K [0x0000000600000000, 0x0000000800000000)
  region size 4096K, 2 young (8192K), 2 survivors (8192K)
 Metaspace       used 204795K, committed 206208K, reserved 1245184K
  class space    used 26384K, committed 27072K, reserved 1048576K
}
Event: 93.251 GC heap before
{Heap before GC invocations=82 (full 0):
 garbage-first heap   total 532480K, used 439411K [0x0000000600000000, 0x0000000800000000)
  region size 4096K, 31 young (126976K), 2 survivors (8192K)
 Metaspace       used 205010K, committed 206464K, reserved 1245184K
  class space    used 26385K, committed 27072K, reserved 1048576K
}
Event: 93.261 GC heap after
{Heap after GC invocations=83 (full 0):
 garbage-first heap   total 532480K, used 326427K [0x0000000600000000, 0x0000000800000000)
  region size 4096K, 3 young (12288K), 3 survivors (12288K)
 Metaspace       used 205010K, committed 206464K, reserved 1245184K
  class space    used 26385K, committed 27072K, reserved 1048576K
}
Event: 94.567 GC heap before
{Heap before GC invocations=83 (full 0):
 garbage-first heap   total 532480K, used 445211K [0x0000000600000000, 0x0000000800000000)
  region size 4096K, 32 young (131072K), 3 survivors (12288K)
 Metaspace       used 210017K, committed 211456K, reserved 1245184K
  class space    used 27027K, committed 27712K, reserved 1048576K
}
Event: 94.579 GC heap after
{Heap after GC invocations=84 (full 0):
 garbage-first heap   total 532480K, used 333440K [0x0000000600000000, 0x0000000800000000)
  region size 4096K, 4 young (16384K), 4 survivors (16384K)
 Metaspace       used 210017K, committed 211456K, reserved 1245184K
  class space    used 27027K, committed 27712K, reserved 1048576K
}
Event: 96.069 GC heap before
{Heap before GC invocations=84 (full 0):
 garbage-first heap   total 532480K, used 448128K [0x0000000600000000, 0x0000000800000000)
  region size 4096K, 32 young (131072K), 4 survivors (16384K)
 Metaspace       used 211650K, committed 213120K, reserved 1245184K
  class space    used 27215K, committed 27968K, reserved 1048576K
}
Event: 96.085 GC heap after
{Heap after GC invocations=85 (full 0):
 garbage-first heap   total 532480K, used 342207K [0x0000000600000000, 0x0000000800000000)
  region size 4096K, 4 young (16384K), 4 survivors (16384K)
 Metaspace       used 211650K, committed 213120K, reserved 1245184K
  class space    used 27215K, committed 27968K, reserved 1048576K
}
Event: 97.221 GC heap before
{Heap before GC invocations=85 (full 0):
 garbage-first heap   total 532480K, used 448703K [0x0000000600000000, 0x0000000800000000)
  region size 4096K, 30 young (122880K), 4 survivors (16384K)
 Metaspace       used 212027K, committed 213568K, reserved 1245184K
  class space    used 27250K, committed 27968K, reserved 1048576K
}
Event: 97.238 GC heap after
{Heap after GC invocations=86 (full 0):
 garbage-first heap   total 532480K, used 352521K [0x0000000600000000, 0x0000000800000000)
  region size 4096K, 3 young (12288K), 3 survivors (12288K)
 Metaspace       used 212027K, committed 213568K, reserved 1245184K
  class space    used 27250K, committed 27968K, reserved 1048576K
}
Event: 97.840 GC heap before
{Heap before GC invocations=86 (full 0):
 garbage-first heap   total 532480K, used 446729K [0x0000000600000000, 0x0000000800000000)
  region size 4096K, 26 young (106496K), 3 survivors (12288K)
 Metaspace       used 212211K, committed 213760K, reserved 1245184K
  class space    used 27250K, committed 27968K, reserved 1048576K
}
Event: 97.851 GC heap after
{Heap after GC invocations=87 (full 0):
 garbage-first heap   total 638976K, used 354782K [0x0000000600000000, 0x0000000800000000)
  region size 4096K, 2 young (8192K), 2 survivors (8192K)
 Metaspace       used 212211K, committed 213760K, reserved 1245184K
  class space    used 27250K, committed 27968K, reserved 1048576K
}
Event: 100.305 GC heap before
{Heap before GC invocations=87 (full 0):
 garbage-first heap   total 638976K, used 530910K [0x0000000600000000, 0x0000000800000000)
  region size 4096K, 45 young (184320K), 2 survivors (8192K)
 Metaspace       used 212945K, committed 214592K, reserved 1245184K
  class space    used 27317K, committed 28096K, reserved 1048576K
}
Event: 100.330 GC heap after
{Heap after GC invocations=88 (full 0):
 garbage-first heap   total 638976K, used 368446K [0x0000000600000000, 0x0000000800000000)
  region size 4096K, 5 young (20480K), 5 survivors (20480K)
 Metaspace       used 212945K, committed 214592K, reserved 1245184K
  class space    used 27317K, committed 28096K, reserved 1048576K
}
Event: 101.339 GC heap before
{Heap before GC invocations=88 (full 0):
 garbage-first heap   total 638976K, used 532286K [0x0000000600000000, 0x0000000800000000)
  region size 4096K, 45 young (184320K), 5 survivors (20480K)
 Metaspace       used 213151K, committed 214784K, reserved 1245184K
  class space    used 27333K, committed 28096K, reserved 1048576K
}
Event: 101.357 GC heap after
{Heap after GC invocations=89 (full 0):
 garbage-first heap   total 638976K, used 380366K [0x0000000600000000, 0x0000000800000000)
  region size 4096K, 4 young (16384K), 4 survivors (16384K)
 Metaspace       used 213151K, committed 214784K, reserved 1245184K
  class space    used 27333K, committed 28096K, reserved 1048576K
}
Event: 103.705 GC heap before
{Heap before GC invocations=89 (full 0):
 garbage-first heap   total 638976K, used 536014K [0x0000000600000000, 0x0000000800000000)
  region size 4096K, 42 young (172032K), 4 survivors (16384K)
 Metaspace       used 213904K, committed 215616K, reserved 1245184K
  class space    used 27391K, committed 28224K, reserved 1048576K
}
Event: 103.722 GC heap after
{Heap after GC invocations=90 (full 0):
 garbage-first heap   total 638976K, used 393216K [0x0000000600000000, 0x0000000800000000)
  region size 4096K, 6 young (24576K), 6 survivors (24576K)
 Metaspace       used 213904K, committed 215616K, reserved 1245184K
  class space    used 27391K, committed 28224K, reserved 1048576K
}
Event: 104.576 GC heap before
{Heap before GC invocations=90 (full 0):
 garbage-first heap   total 638976K, used 536576K [0x0000000600000000, 0x0000000800000000)
  region size 4096K, 41 young (167936K), 6 survivors (24576K)
 Metaspace       used 213960K, committed 215680K, reserved 1245184K
  class space    used 27393K, committed 28224K, reserved 1048576K
}
Event: 104.594 GC heap after
{Heap after GC invocations=91 (full 0):
 garbage-first heap   total 638976K, used 401478K [0x0000000600000000, 0x0000000800000000)
  region size 4096K, 3 young (12288K), 3 survivors (12288K)
 Metaspace       used 213960K, committed 215680K, reserved 1245184K
  class space    used 27393K, committed 28224K, reserved 1048576K
}

