# JRE version: OpenJDK Runtime Environment Temurin-17.0.19+10 (17.0.19+10) (build 17.0.19+10)
# Java VM: OpenJDK 64-Bit Server VM Temurin-17.0.19+10 (17.0.19+10, mixed mode, sharing, tiered, compressed oops, compressed class ptrs, g1 gc, windows-amd64)
GC Precious Log:
 CPUs: 8 total, 8 available
 Memory: 8070M
 Large Page Support: Disabled
 NUMA Support: Disabled
 Compressed Oops: Enabled (Zero based)
 Heap Region Size: 4M
 Heap Min Capacity: 8M
 Heap Initial Capacity: 128M
 Heap Max Capacity: 8G
 Pre-touch: Disabled
 Parallel Workers: 8
 Concurrent Workers: 2
 Concurrent Refinement Workers: 8
 Periodic GC: Disabled
Heap:
 garbage-first heap   total 110592K, used 56582K [0x0000000600000000, 0x0000000800000000)
  region size 4096K, 2 young (8192K), 1 survivors (4096K)
 Metaspace       used 49722K, committed 50368K, reserved 1114112K
  class space    used 6692K, committed 6976K, reserved 1048576K
GC Heap History (20 events):
Event: 29.033 GC heap before
{Heap before GC invocations=13 (full 0):
 garbage-first heap   total 110592K, used 80533K [0x0000000600000000, 0x0000000800000000)
  region size 4096K, 11 young (45056K), 1 survivors (4096K)
 Metaspace       used 42027K, committed 42496K, reserved 1114112K
  class space    used 5781K, committed 6016K, reserved 1048576K
}
Event: 29.039 GC heap after
{Heap after GC invocations=14 (full 0):
 garbage-first heap   total 110592K, used 41865K [0x0000000600000000, 0x0000000800000000)
  region size 4096K, 2 young (8192K), 2 survivors (8192K)
 Metaspace       used 42027K, committed 42496K, reserved 1114112K
  class space    used 5781K, committed 6016K, reserved 1048576K
}
Event: 30.367 GC heap before
{Heap before GC invocations=14 (full 0):
 garbage-first heap   total 110592K, used 78729K [0x0000000600000000, 0x0000000800000000)
  region size 4096K, 11 young (45056K), 2 survivors (8192K)
 Metaspace       used 42034K, committed 42496K, reserved 1114112K
  class space    used 5781K, committed 6016K, reserved 1048576K
}
Event: 30.374 GC heap after
{Heap after GC invocations=15 (full 0):
 garbage-first heap   total 110592K, used 43295K [0x0000000600000000, 0x0000000800000000)
  region size 4096K, 2 young (8192K), 2 survivors (8192K)
 Metaspace       used 42034K, committed 42496K, reserved 1114112K
  class space    used 5781K, committed 6016K, reserved 1048576K
}
Event: 31.590 GC heap before
{Heap before GC invocations=15 (full 0):
 garbage-first heap   total 110592K, used 80159K [0x0000000600000000, 0x0000000800000000)
  region size 4096K, 11 young (45056K), 2 survivors (8192K)
 Metaspace       used 42256K, committed 42752K, reserved 1114112K
  class space    used 5805K, committed 6016K, reserved 1048576K
}
Event: 31.597 GC heap after
{Heap after GC invocations=16 (full 0):
 garbage-first heap   total 110592K, used 45175K [0x0000000600000000, 0x0000000800000000)
  region size 4096K, 2 young (8192K), 2 survivors (8192K)
 Metaspace       used 42256K, committed 42752K, reserved 1114112K
  class space    used 5805K, committed 6016K, reserved 1048576K
}
Event: 34.319 GC heap before
{Heap before GC invocations=16 (full 0):
 garbage-first heap   total 110592K, used 86135K [0x0000000600000000, 0x0000000800000000)
  region size 4096K, 12 young (49152K), 2 survivors (8192K)
 Metaspace       used 42736K, committed 43200K, reserved 1114112K
  class space    used 5828K, committed 6080K, reserved 1048576K
}
Event: 34.329 GC heap after
{Heap after GC invocations=17 (full 0):
 garbage-first heap   total 110592K, used 48414K [0x0000000600000000, 0x0000000800000000)
  region size 4096K, 2 young (8192K), 2 survivors (8192K)
 Metaspace       used 42736K, committed 43200K, reserved 1114112K
  class space    used 5828K, committed 6080K, reserved 1048576K
}
Event: 35.063 GC heap before
{Heap before GC invocations=17 (full 0):
 garbage-first heap   total 110592K, used 81182K [0x0000000600000000, 0x0000000800000000)
  region size 4096K, 11 young (45056K), 2 survivors (8192K)
 Metaspace       used 42738K, committed 43264K, reserved 1114112K
  class space    used 5828K, committed 6080K, reserved 1048576K
}
Event: 35.072 GC heap after
{Heap after GC invocations=18 (full 0):
 garbage-first heap   total 110592K, used 50588K [0x0000000600000000, 0x0000000800000000)
  region size 4096K, 2 young (8192K), 2 survivors (8192K)
 Metaspace       used 42738K, committed 43264K, reserved 1114112K
  class space    used 5828K, committed 6080K, reserved 1048576K
}
Event: 37.975 GC heap before
{Heap before GC invocations=18 (full 0):
 garbage-first heap   total 110592K, used 83356K [0x0000000600000000, 0x0000000800000000)
  region size 4096K, 10 young (40960K), 2 survivors (8192K)
 Metaspace       used 43446K, committed 43968K, reserved 1114112K
  class space    used 5873K, committed 6144K, reserved 1048576K
}
Event: 37.988 GC heap after
{Heap after GC invocations=19 (full 0):
 garbage-first heap   total 110592K, used 51457K [0x0000000600000000, 0x0000000800000000)
  region size 4096K, 2 young (8192K), 2 survivors (8192K)
 Metaspace       used 43446K, committed 43968K, reserved 1114112K
  class space    used 5873K, committed 6144K, reserved 1048576K
}
Event: 40.854 GC heap before
{Heap before GC invocations=19 (full 0):
 garbage-first heap   total 110592K, used 84225K [0x0000000600000000, 0x0000000800000000)
  region size 4096K, 10 young (40960K), 2 survivors (8192K)
 Metaspace       used 44564K, committed 45120K, reserved 1114112K
  class space    used 6028K, committed 6272K, reserved 1048576K
}
Event: 40.863 GC heap after
{Heap after GC invocations=20 (full 0):
 garbage-first heap   total 110592K, used 53123K [0x0000000600000000, 0x0000000800000000)
  region size 4096K, 2 young (8192K), 2 survivors (8192K)
 Metaspace       used 44564K, committed 45120K, reserved 1114112K
  class space    used 6028K, committed 6272K, reserved 1048576K
}
Event: 44.496 GC heap before
{Heap before GC invocations=20 (full 0):
 garbage-first heap   total 110592K, used 85891K [0x0000000600000000, 0x0000000800000000)
  region size 4096K, 10 young (40960K), 2 survivors (8192K)
 Metaspace       used 46347K, committed 46912K, reserved 1114112K
  class space    used 6300K, committed 6528K, reserved 1048576K
}
Event: 44.506 GC heap after
{Heap after GC invocations=21 (full 0):
 garbage-first heap   total 110592K, used 54992K [0x0000000600000000, 0x0000000800000000)
  region size 4096K, 2 young (8192K), 2 survivors (8192K)
 Metaspace       used 46347K, committed 46912K, reserved 1114112K
  class space    used 6300K, committed 6528K, reserved 1048576K
}
Event: 46.388 GC heap before
{Heap before GC invocations=21 (full 0):
 garbage-first heap   total 110592K, used 79568K [0x0000000600000000, 0x0000000800000000)
  region size 4096K, 9 young (36864K), 2 survivors (8192K)
 Metaspace       used 48440K, committed 49088K, reserved 1114112K
  class space    used 6613K, committed 6912K, reserved 1048576K
}
Event: 46.396 GC heap after
{Heap after GC invocations=22 (full 0):
 garbage-first heap   total 110592K, used 57270K [0x0000000600000000, 0x0000000800000000)
  region size 4096K, 2 young (8192K), 2 survivors (8192K)
 Metaspace       used 48440K, committed 49088K, reserved 1114112K
  class space    used 6613K, committed 6912K, reserved 1048576K
}
Event: 48.873 GC heap before
{Heap before GC invocations=23 (full 0):
 garbage-first heap   total 110592K, used 85942K [0x0000000600000000, 0x0000000800000000)
  region size 4096K, 9 young (36864K), 2 survivors (8192K)
 Metaspace       used 49327K, committed 49920K, reserved 1114112K
  class space    used 6650K, committed 6912K, reserved 1048576K
}
Event: 48.881 GC heap after
{Heap after GC invocations=24 (full 0):
 garbage-first heap   total 110592K, used 57062K [0x0000000600000000, 0x0000000800000000)
  region size 4096K, 1 young (4096K), 1 survivors (4096K)
 Metaspace       used 49327K, committed 49920K, reserved 1114112K
  class space    used 6650K, committed 6912K, reserved 1048576K
}

