# JRE version: OpenJDK Runtime Environment Temurin-17.0.19+10 (17.0.19+10) (build 17.0.19+10)
# Java VM: OpenJDK 64-Bit Server VM Temurin-17.0.19+10 (17.0.19+10, mixed mode, sharing, tiered, compressed oops, compressed class ptrs, g1 gc, windows-amd64)
GC Precious Log:
 CPUs: 8 total, 8 available
 Memory: 8070M
 Large Page Support: Disabled
 NUMA Support: Disabled
 Compressed Oops: Enabled (Zero based)
 Heap Region Size: 4M
 Heap Min Capacity: 8M
 Heap Initial Capacity: 128M
 Heap Max Capacity: 8G
 Pre-touch: Disabled
 Parallel Workers: 8
 Concurrent Workers: 2
 Concurrent Refinement Workers: 8
 Periodic GC: Disabled
Heap:
 garbage-first heap   total 122880K, used 75601K [0x0000000600000000, 0x0000000800000000)
  region size 4096K, 5 young (20480K), 2 survivors (8192K)
 Metaspace       used 68729K, committed 69504K, reserved 1114112K
  class space    used 9673K, committed 10048K, reserved 1048576K
GC Heap History (20 events):
Event: 41.810 GC heap before
{Heap before GC invocations=17 (full 0):
 garbage-first heap   total 98304K, used 70777K [0x0000000600000000, 0x0000000800000000)
  region size 4096K, 9 young (36864K), 2 survivors (8192K)
 Metaspace       used 53845K, committed 54464K, reserved 1114112K
  class space    used 7587K, committed 7872K, reserved 1048576K
}
Event: 41.816 GC heap after
{Heap after GC invocations=18 (full 0):
 garbage-first heap   total 98304K, used 47395K [0x0000000600000000, 0x0000000800000000)
  region size 4096K, 2 young (8192K), 2 survivors (8192K)
 Metaspace       used 53845K, committed 54464K, reserved 1114112K
  class space    used 7587K, committed 7872K, reserved 1048576K
}
Event: 42.540 GC heap before
{Heap before GC invocations=18 (full 0):
 garbage-first heap   total 98304K, used 55587K [0x0000000600000000, 0x0000000800000000)
  region size 4096K, 6 young (24576K), 2 survivors (8192K)
 Metaspace       used 54881K, committed 55552K, reserved 1114112K
  class space    used 7747K, committed 8064K, reserved 1048576K
}
Event: 42.546 GC heap after
{Heap after GC invocations=19 (full 0):
 garbage-first heap   total 98304K, used 50581K [0x0000000600000000, 0x0000000800000000)
  region size 4096K, 1 young (4096K), 1 survivors (4096K)
 Metaspace       used 54881K, committed 55552K, reserved 1114112K
  class space    used 7747K, committed 8064K, reserved 1048576K
}
Event: 43.727 GC heap before
{Heap before GC invocations=20 (full 0):
 garbage-first heap   total 102400K, used 79253K [0x0000000600000000, 0x0000000800000000)
  region size 4096K, 7 young (28672K), 1 survivors (4096K)
 Metaspace       used 57230K, committed 57920K, reserved 1114112K
  class space    used 8073K, committed 8384K, reserved 1048576K
}
Event: 43.731 GC heap after
{Heap after GC invocations=21 (full 0):
 garbage-first heap   total 102400K, used 56447K [0x0000000600000000, 0x0000000800000000)
  region size 4096K, 1 young (4096K), 1 survivors (4096K)
 Metaspace       used 57230K, committed 57920K, reserved 1114112K
  class space    used 8073K, committed 8384K, reserved 1048576K
}
Event: 44.705 GC heap before
{Heap before GC invocations=21 (full 0):
 garbage-first heap   total 102400K, used 76927K [0x0000000600000000, 0x0000000800000000)
  region size 4096K, 6 young (24576K), 1 survivors (4096K)
 Metaspace       used 58993K, committed 59712K, reserved 1114112K
  class space    used 8316K, committed 8640K, reserved 1048576K
}
Event: 44.708 GC heap after
{Heap after GC invocations=22 (full 0):
 garbage-first heap   total 102400K, used 56782K [0x0000000600000000, 0x0000000800000000)
  region size 4096K, 1 young (4096K), 1 survivors (4096K)
 Metaspace       used 58993K, committed 59712K, reserved 1114112K
  class space    used 8316K, committed 8640K, reserved 1048576K
}
Event: 45.901 GC heap before
{Heap before GC invocations=23 (full 0):
 garbage-first heap   total 110592K, used 77262K [0x0000000600000000, 0x0000000800000000)
  region size 4096K, 6 young (24576K), 1 survivors (4096K)
 Metaspace       used 61264K, committed 61952K, reserved 1114112K
  class space    used 8621K, committed 8960K, reserved 1048576K
}
Event: 45.904 GC heap after
{Heap after GC invocations=24 (full 0):
 garbage-first heap   total 110592K, used 57648K [0x0000000600000000, 0x0000000800000000)
  region size 4096K, 1 young (4096K), 1 survivors (4096K)
 Metaspace       used 61264K, committed 61952K, reserved 1114112K
  class space    used 8621K, committed 8960K, reserved 1048576K
}
Event: 46.017 GC heap before
{Heap before GC invocations=24 (full 0):
 garbage-first heap   total 110592K, used 57648K [0x0000000600000000, 0x0000000800000000)
  region size 4096K, 2 young (8192K), 1 survivors (4096K)
 Metaspace       used 61610K, committed 62336K, reserved 1114112K
  class space    used 8666K, committed 9024K, reserved 1048576K
}
Event: 46.023 GC heap after
{Heap after GC invocations=25 (full 0):
 garbage-first heap   total 110592K, used 57284K [0x0000000600000000, 0x0000000800000000)
  region size 4096K, 1 young (4096K), 1 survivors (4096K)
 Metaspace       used 61610K, committed 62336K, reserved 1114112K
  class space    used 8666K, committed 9024K, reserved 1048576K
}
Event: 47.094 GC heap before
{Heap before GC invocations=25 (full 0):
 garbage-first heap   total 110592K, used 81860K [0x0000000600000000, 0x0000000800000000)
  region size 4096K, 8 young (32768K), 1 survivors (4096K)
 Metaspace       used 63342K, committed 64064K, reserved 1114112K
  class space    used 8892K, committed 9280K, reserved 1048576K
}
Event: 47.100 GC heap after
{Heap after GC invocations=26 (full 0):
 garbage-first heap   total 110592K, used 58414K [0x0000000600000000, 0x0000000800000000)
  region size 4096K, 1 young (4096K), 1 survivors (4096K)
 Metaspace       used 63342K, committed 64064K, reserved 1114112K
  class space    used 8892K, committed 9280K, reserved 1048576K
}
Event: 48.655 GC heap before
{Heap before GC invocations=27 (full 0):
 garbage-first heap   total 118784K, used 91182K [0x0000000600000000, 0x0000000800000000)
  region size 4096K, 8 young (32768K), 1 survivors (4096K)
 Metaspace       used 64973K, committed 65664K, reserved 1114112K
  class space    used 9142K, committed 9472K, reserved 1048576K
}
Event: 48.660 GC heap after
{Heap after GC invocations=28 (full 0):
 garbage-first heap   total 118784K, used 64001K [0x0000000600000000, 0x0000000800000000)
  region size 4096K, 1 young (4096K), 1 survivors (4096K)
 Metaspace       used 64973K, committed 65664K, reserved 1114112K
  class space    used 9142K, committed 9472K, reserved 1048576K
}
Event: 51.318 GC heap before
{Heap before GC invocations=28 (full 0):
 garbage-first heap   total 118784K, used 96769K [0x0000000600000000, 0x0000000800000000)
  region size 4096K, 9 young (36864K), 1 survivors (4096K)
 Metaspace       used 66755K, committed 67520K, reserved 1114112K
  class space    used 9403K, committed 9792K, reserved 1048576K
}
Event: 51.323 GC heap after
{Heap after GC invocations=29 (full 0):
 garbage-first heap   total 118784K, used 65599K [0x0000000600000000, 0x0000000800000000)
  region size 4096K, 2 young (8192K), 2 survivors (8192K)
 Metaspace       used 66755K, committed 67520K, reserved 1114112K
  class space    used 9403K, committed 9792K, reserved 1048576K
}
Event: 52.537 GC heap before
{Heap before GC invocations=30 (full 0):
 garbage-first heap   total 122880K, used 90175K [0x0000000600000000, 0x0000000800000000)
  region size 4096K, 9 young (36864K), 2 survivors (8192K)
 Metaspace       used 68640K, committed 69376K, reserved 1114112K
  class space    used 9659K, committed 9984K, reserved 1048576K
}
Event: 52.543 GC heap after
{Heap after GC invocations=31 (full 0):
 garbage-first heap   total 122880K, used 67409K [0x0000000600000000, 0x0000000800000000)
  region size 4096K, 2 young (8192K), 2 survivors (8192K)
 Metaspace       used 68640K, committed 69376K, reserved 1114112K
  class space    used 9659K, committed 9984K, reserved 1048576K
}

