# JRE version: OpenJDK Runtime Environment Temurin-21.0.12.1+1 (21.0.12.1+1) (build 21.0.12.1+1-LTS)
# Java VM: OpenJDK 64-Bit Server VM Temurin-21.0.12.1+1 (21.0.12.1+1-LTS, mixed mode, sharing, tiered, compressed oops, compressed class ptrs, parallel gc, windows-amd64)
GC Precious Log:
 CardTable entry size: 512
 CPUs: 8 total, 8 available
 Memory: 8070M
 Large Page Support: Disabled
 NUMA Support: Disabled
 Compressed Oops: Enabled (32-bit)
 Alignments: Space 512K, Generation 512K, Heap 2M
 Heap Min Capacity: 100M
 Heap Initial Capacity: 100M
 Heap Max Capacity: 2G
 Pre-touch: Disabled
 Parallel Workers: 8
Heap:
 PSYoungGen      total 20480K, used 14687K [0x00000000d5580000, 0x00000000d7600000, 0x0000000100000000)
  eden space 17408K, 69% used [0x00000000d5580000,0x00000000d6146300,0x00000000d6680000)
  from space 3072K, 85% used [0x00000000d7300000,0x00000000d7591ca8,0x00000000d7600000)
  to   space 6144K, 0% used [0x00000000d6a00000,0x00000000d6a00000,0x00000000d7000000)
 ParOldGen       total 68608K, used 66919K [0x0000000080000000, 0x0000000084300000, 0x00000000d5580000)
  object space 68608K, 97% used [0x0000000080000000,0x0000000084159e10,0x0000000084300000)
 Metaspace       used 55325K, committed 56640K, reserved 1114112K
  class space    used 6509K, committed 7104K, reserved 1048576K
GC Heap History (20 events):
Event: 59.059 GC heap before
{Heap before GC invocations=23 (full 2):
 PSYoungGen      total 19968K, used 19949K [0x00000000d5580000, 0x00000000d7300000, 0x0000000100000000)
  eden space 17408K, 100% used [0x00000000d5580000,0x00000000d6680000,0x00000000d6680000)
  from space 2560K, 99% used [0x00000000d6b80000,0x00000000d6dfb550,0x00000000d6e00000)
  to   space 5120K, 0% used [0x00000000d6680000,0x00000000d6680000,0x00000000d6b80000)
 ParOldGen       total 68608K, used 28628K [0x0000000080000000, 0x0000000084300000, 0x00000000d5580000)
  object space 68608K, 41% used [0x0000000080000000,0x0000000081bf52c8,0x0000000084300000)
 Metaspace       used 48107K, committed 49280K, reserved 1114112K
  class space    used 5401K, committed 5952K, reserved 1048576K
}
Event: 59.064 GC heap after
{Heap after GC invocations=23 (full 2):
 PSYoungGen      total 22528K, used 5094K [0x00000000d5580000, 0x00000000d7980000, 0x0000000100000000)
  eden space 17408K, 0% used [0x00000000d5580000,0x00000000d5580000,0x00000000d6680000)
  from space 5120K, 99% used [0x00000000d6680000,0x00000000d6b79a30,0x00000000d6b80000)
  to   space 9728K, 0% used [0x00000000d7000000,0x00000000d7000000,0x00000000d7980000)
 ParOldGen       total 68608K, used 32262K [0x0000000080000000, 0x0000000084300000, 0x00000000d5580000)
  object space 68608K, 47% used [0x0000000080000000,0x0000000081f81800,0x0000000084300000)
 Metaspace       used 48107K, committed 49280K, reserved 1114112K
  class space    used 5401K, committed 5952K, reserved 1048576K
}
Event: 59.618 GC heap before
{Heap before GC invocations=24 (full 2):
 PSYoungGen      total 22528K, used 22502K [0x00000000d5580000, 0x00000000d7980000, 0x0000000100000000)
  eden space 17408K, 100% used [0x00000000d5580000,0x00000000d6680000,0x00000000d6680000)
  from space 5120K, 99% used [0x00000000d6680000,0x00000000d6b79a30,0x00000000d6b80000)
  to   space 9728K, 0% used [0x00000000d7000000,0x00000000d7000000,0x00000000d7980000)
 ParOldGen       total 68608K, used 32262K [0x0000000080000000, 0x0000000084300000, 0x00000000d5580000)
  object space 68608K, 47% used [0x0000000080000000,0x0000000081f81800,0x0000000084300000)
 Metaspace       used 49229K, committed 50432K, reserved 1114112K
  class space    used 5583K, committed 6144K, reserved 1048576K
}
Event: 59.622 GC heap after
{Heap after GC invocations=24 (full 2):
 PSYoungGen      total 18944K, used 1072K [0x00000000d5580000, 0x00000000d7180000, 0x0000000100000000)
  eden space 17408K, 0% used [0x00000000d5580000,0x00000000d5580000,0x00000000d6680000)
  from space 1536K, 69% used [0x00000000d7000000,0x00000000d710c010,0x00000000d7180000)
  to   space 4096K, 0% used [0x00000000d6980000,0x00000000d6980000,0x00000000d6d80000)
 ParOldGen       total 68608K, used 37342K [0x0000000080000000, 0x0000000084300000, 0x00000000d5580000)
  object space 68608K, 54% used [0x0000000080000000,0x0000000082477900,0x0000000084300000)
 Metaspace       used 49229K, committed 50432K, reserved 1114112K
  class space    used 5583K, committed 6144K, reserved 1048576K
}
Event: 60.084 GC heap before
{Heap before GC invocations=25 (full 2):
 PSYoungGen      total 18944K, used 18480K [0x00000000d5580000, 0x00000000d7180000, 0x0000000100000000)
  eden space 17408K, 100% used [0x00000000d5580000,0x00000000d6680000,0x00000000d6680000)
  from space 1536K, 69% used [0x00000000d7000000,0x00000000d710c010,0x00000000d7180000)
  to   space 4096K, 0% used [0x00000000d6980000,0x00000000d6980000,0x00000000d6d80000)
 ParOldGen       total 68608K, used 37342K [0x0000000080000000, 0x0000000084300000, 0x00000000d5580000)
  object space 68608K, 54% used [0x0000000080000000,0x0000000082477900,0x0000000084300000)
 Metaspace       used 49934K, committed 51072K, reserved 1114112K
  class space    used 5667K, committed 6208K, reserved 1048576K
}
Event: 60.086 GC heap after
{Heap after GC invocations=25 (full 2):
 PSYoungGen      total 21504K, used 672K [0x00000000d5580000, 0x00000000d7080000, 0x0000000100000000)
  eden space 17408K, 0% used [0x00000000d5580000,0x00000000d5580000,0x00000000d6680000)
  from space 4096K, 16% used [0x00000000d6980000,0x00000000d6a28000,0x00000000d6d80000)
  to   space 1536K, 0% used [0x00000000d6f00000,0x00000000d6f00000,0x00000000d7080000)
 ParOldGen       total 68608K, used 38296K [0x0000000080000000, 0x0000000084300000, 0x00000000d5580000)
  object space 68608K, 55% used [0x0000000080000000,0x00000000825660b8,0x0000000084300000)
 Metaspace       used 49934K, committed 51072K, reserved 1114112K
  class space    used 5667K, committed 6208K, reserved 1048576K
}
Event: 60.718 GC heap before
{Heap before GC invocations=26 (full 2):
 PSYoungGen      total 21504K, used 18080K [0x00000000d5580000, 0x00000000d7080000, 0x0000000100000000)
  eden space 17408K, 100% used [0x00000000d5580000,0x00000000d6680000,0x00000000d6680000)
  from space 4096K, 16% used [0x00000000d6980000,0x00000000d6a28000,0x00000000d6d80000)
  to   space 1536K, 0% used [0x00000000d6f00000,0x00000000d6f00000,0x00000000d7080000)
 ParOldGen       total 68608K, used 38296K [0x0000000080000000, 0x0000000084300000, 0x00000000d5580000)
  object space 68608K, 55% used [0x0000000080000000,0x00000000825660b8,0x0000000084300000)
 Metaspace       used 50140K, committed 51264K, reserved 1114112K
  class space    used 5685K, committed 6208K, reserved 1048576K
}
Event: 60.720 GC heap after
{Heap after GC invocations=26 (full 2):
 PSYoungGen      total 18432K, used 768K [0x00000000d5580000, 0x00000000d7000000, 0x0000000100000000)
  eden space 17408K, 0% used [0x00000000d5580000,0x00000000d5580000,0x00000000d6680000)
  from space 1024K, 75% used [0x00000000d6f00000,0x00000000d6fc0000,0x00000000d7000000)
  to   space 1024K, 0% used [0x00000000d6e00000,0x00000000d6e00000,0x00000000d6f00000)
 ParOldGen       total 68608K, used 38865K [0x0000000080000000, 0x0000000084300000, 0x00000000d5580000)
  object space 68608K, 56% used [0x0000000080000000,0x00000000825f4458,0x0000000084300000)
 Metaspace       used 50140K, committed 51264K, reserved 1114112K
  class space    used 5685K, committed 6208K, reserved 1048576K
}
Event: 61.437 GC heap before
{Heap before GC invocations=27 (full 2):
 PSYoungGen      total 18432K, used 18176K [0x00000000d5580000, 0x00000000d7000000, 0x0000000100000000)
  eden space 17408K, 100% used [0x00000000d5580000,0x00000000d6680000,0x00000000d6680000)
  from space 1024K, 75% used [0x00000000d6f00000,0x00000000d6fc0000,0x00000000d7000000)
  to   space 1024K, 0% used [0x00000000d6e00000,0x00000000d6e00000,0x00000000d6f00000)
 ParOldGen       total 68608K, used 38865K [0x0000000080000000, 0x0000000084300000, 0x00000000d5580000)
  object space 68608K, 56% used [0x0000000080000000,0x00000000825f4458,0x0000000084300000)
 Metaspace       used 50175K, committed 51328K, reserved 1114112K
  class space    used 5686K, committed 6208K, reserved 1048576K
}
Event: 61.439 GC heap after
{Heap after GC invocations=27 (full 2):
 PSYoungGen      total 18432K, used 928K [0x00000000d5580000, 0x00000000d6f80000, 0x0000000100000000)
  eden space 17408K, 0% used [0x00000000d5580000,0x00000000d5580000,0x00000000d6680000)
  from space 1024K, 90% used [0x00000000d6e00000,0x00000000d6ee8000,0x00000000d6f00000)
  to   space 512K, 0% used [0x00000000d6f00000,0x00000000d6f00000,0x00000000d6f80000)
 ParOldGen       total 68608K, used 39537K [0x0000000080000000, 0x0000000084300000, 0x00000000d5580000)
  object space 68608K, 57% used [0x0000000080000000,0x000000008269c458,0x0000000084300000)
 Metaspace       used 50175K, committed 51328K, reserved 1114112K
  class space    used 5686K, committed 6208K, reserved 1048576K
}
Event: 61.819 GC heap before
{Heap before GC invocations=28 (full 2):
 PSYoungGen      total 18432K, used 18336K [0x00000000d5580000, 0x00000000d6f80000, 0x0000000100000000)
  eden space 17408K, 100% used [0x00000000d5580000,0x00000000d6680000,0x00000000d6680000)
  from space 1024K, 90% used [0x00000000d6e00000,0x00000000d6ee8000,0x00000000d6f00000)
  to   space 512K, 0% used [0x00000000d6f00000,0x00000000d6f00000,0x00000000d6f80000)
 ParOldGen       total 68608K, used 39537K [0x0000000080000000, 0x0000000084300000, 0x00000000d5580000)
  object space 68608K, 57% used [0x0000000080000000,0x000000008269c458,0x0000000084300000)
 Metaspace       used 50348K, committed 51584K, reserved 1114112K
  class space    used 5723K, committed 6272K, reserved 1048576K
}
Event: 61.823 GC heap after
{Heap after GC invocations=28 (full 2):
 PSYoungGen      total 17920K, used 481K [0x00000000d5580000, 0x00000000d7180000, 0x0000000100000000)
  eden space 17408K, 0% used [0x00000000d5580000,0x00000000d5580000,0x00000000d6680000)
  from space 512K, 94% used [0x00000000d6f00000,0x00000000d6f787d8,0x00000000d6f80000)
  to   space 5632K, 0% used [0x00000000d6680000,0x00000000d6680000,0x00000000d6c00000)
 ParOldGen       total 68608K, used 43741K [0x0000000080000000, 0x0000000084300000, 0x00000000d5580000)
  object space 68608K, 63% used [0x0000000080000000,0x0000000082ab7428,0x0000000084300000)
 Metaspace       used 50348K, committed 51584K, reserved 1114112K
  class space    used 5723K, committed 6272K, reserved 1048576K
}
Event: 62.637 GC heap before
{Heap before GC invocations=29 (full 2):
 PSYoungGen      total 17920K, used 17889K [0x00000000d5580000, 0x00000000d7180000, 0x0000000100000000)
  eden space 17408K, 100% used [0x00000000d5580000,0x00000000d6680000,0x00000000d6680000)
  from space 512K, 94% used [0x00000000d6f00000,0x00000000d6f787d8,0x00000000d6f80000)
  to   space 5632K, 0% used [0x00000000d6680000,0x00000000d6680000,0x00000000d6c00000)
 ParOldGen       total 68608K, used 43741K [0x0000000080000000, 0x0000000084300000, 0x00000000d5580000)
  object space 68608K, 63% used [0x0000000080000000,0x0000000082ab7428,0x0000000084300000)
 Metaspace       used 51325K, committed 52480K, reserved 1114112K
  class space    used 5918K, committed 6464K, reserved 1048576K
}
Event: 62.642 GC heap after
{Heap after GC invocations=29 (full 2):
 PSYoungGen      total 21504K, used 4034K [0x00000000d5580000, 0x00000000d6f80000, 0x0000000100000000)
  eden space 17408K, 0% used [0x00000000d5580000,0x00000000d5580000,0x00000000d6680000)
  from space 4096K, 98% used [0x00000000d6680000,0x00000000d6a708f0,0x00000000d6a80000)
  to   space 4608K, 0% used [0x00000000d6b00000,0x00000000d6b00000,0x00000000d6f80000)
 ParOldGen       total 68608K, used 44297K [0x0000000080000000, 0x0000000084300000, 0x00000000d5580000)
  object space 68608K, 64% used [0x0000000080000000,0x0000000082b427f8,0x0000000084300000)
 Metaspace       used 51325K, committed 52480K, reserved 1114112K
  class space    used 5918K, committed 6464K, reserved 1048576K
}
Event: 62.810 GC heap before
{Heap before GC invocations=30 (full 2):
 PSYoungGen      total 21504K, used 21442K [0x00000000d5580000, 0x00000000d6f80000, 0x0000000100000000)
  eden space 17408K, 100% used [0x00000000d5580000,0x00000000d6680000,0x00000000d6680000)
  from space 4096K, 98% used [0x00000000d6680000,0x00000000d6a708f0,0x00000000d6a80000)
  to   space 4608K, 0% used [0x00000000d6b00000,0x00000000d6b00000,0x00000000d6f80000)
 ParOldGen       total 68608K, used 44297K [0x0000000080000000, 0x0000000084300000, 0x00000000d5580000)
  object space 68608K, 64% used [0x0000000080000000,0x0000000082b427f8,0x0000000084300000)
 Metaspace       used 51735K, committed 52928K, reserved 1114112K
  class space    used 5983K, committed 6528K, reserved 1048576K
}
Event: 62.821 GC heap after
{Heap after GC invocations=30 (full 2):
 PSYoungGen      total 22016K, used 4602K [0x00000000d5580000, 0x00000000d6f80000, 0x0000000100000000)
  eden space 17408K, 0% used [0x00000000d5580000,0x00000000d5580000,0x00000000d6680000)
  from space 4608K, 99% used [0x00000000d6b00000,0x00000000d6f7ea20,0x00000000d6f80000)
  to   space 4096K, 0% used [0x00000000d6680000,0x00000000d6680000,0x00000000d6a80000)
 ParOldGen       total 68608K, used 56878K [0x0000000080000000, 0x0000000084300000, 0x00000000d5580000)
  object space 68608K, 82% used [0x0000000080000000,0x000000008378ba98,0x0000000084300000)
 Metaspace       used 51735K, committed 52928K, reserved 1114112K
  class space    used 5983K, committed 6528K, reserved 1048576K
}
Event: 63.194 GC heap before
{Heap before GC invocations=31 (full 2):
 PSYoungGen      total 22016K, used 22010K [0x00000000d5580000, 0x00000000d6f80000, 0x0000000100000000)
  eden space 17408K, 100% used [0x00000000d5580000,0x00000000d6680000,0x00000000d6680000)
  from space 4608K, 99% used [0x00000000d6b00000,0x00000000d6f7ea20,0x00000000d6f80000)
  to   space 4096K, 0% used [0x00000000d6680000,0x00000000d6680000,0x00000000d6a80000)
 ParOldGen       total 68608K, used 56878K [0x0000000080000000, 0x0000000084300000, 0x00000000d5580000)
  object space 68608K, 82% used [0x0000000080000000,0x000000008378ba98,0x0000000084300000)
 Metaspace       used 53084K, committed 54400K, reserved 1114112K
  class space    used 6174K, committed 6784K, reserved 1048576K
}
Event: 63.202 GC heap after
{Heap after GC invocations=31 (full 2):
 PSYoungGen      total 21504K, used 4096K [0x00000000d5580000, 0x00000000d7f80000, 0x0000000100000000)
  eden space 17408K, 0% used [0x00000000d5580000,0x00000000d5580000,0x00000000d6680000)
  from space 4096K, 100% used [0x00000000d6680000,0x00000000d6a80000,0x00000000d6a80000)
  to   space 12800K, 0% used [0x00000000d7300000,0x00000000d7300000,0x00000000d7f80000)
 ParOldGen       total 68608K, used 62808K [0x0000000080000000, 0x0000000084300000, 0x00000000d5580000)
  object space 68608K, 91% used [0x0000000080000000,0x0000000083d56170,0x0000000084300000)
 Metaspace       used 53084K, committed 54400K, reserved 1114112K
  class space    used 6174K, committed 6784K, reserved 1048576K
}
Event: 64.118 GC heap before
{Heap before GC invocations=32 (full 2):
 PSYoungGen      total 21504K, used 21504K [0x00000000d5580000, 0x00000000d7f80000, 0x0000000100000000)
  eden space 17408K, 100% used [0x00000000d5580000,0x00000000d6680000,0x00000000d6680000)
  from space 4096K, 100% used [0x00000000d6680000,0x00000000d6a80000,0x00000000d6a80000)
  to   space 12800K, 0% used [0x00000000d7300000,0x00000000d7300000,0x00000000d7f80000)
 ParOldGen       total 68608K, used 62808K [0x0000000080000000, 0x0000000084300000, 0x00000000d5580000)
  object space 68608K, 91% used [0x0000000080000000,0x0000000083d56170,0x0000000084300000)
 Metaspace       used 54819K, committed 56192K, reserved 1114112K
  class space    used 6404K, committed 7040K, reserved 1048576K
}
Event: 64.126 GC heap after
{Heap after GC invocations=32 (full 2):
 PSYoungGen      total 20480K, used 2631K [0x00000000d5580000, 0x00000000d7600000, 0x0000000100000000)
  eden space 17408K, 0% used [0x00000000d5580000,0x00000000d5580000,0x00000000d6680000)
  from space 3072K, 85% used [0x00000000d7300000,0x00000000d7591ca8,0x00000000d7600000)
  to   space 6144K, 0% used [0x00000000d6a00000,0x00000000d6a00000,0x00000000d7000000)
 ParOldGen       total 68608K, used 66919K [0x0000000080000000, 0x0000000084300000, 0x00000000d5580000)
  object space 68608K, 97% used [0x0000000080000000,0x0000000084159e10,0x0000000084300000)
 Metaspace       used 54819K, committed 56192K, reserved 1114112K
  class space    used 6404K, committed 7040K, reserved 1048576K
}

