# JRE version: OpenJDK Runtime Environment Temurin-17.0.19+10 (17.0.19+10) (build 17.0.19+10)
# Java VM: OpenJDK 64-Bit Server VM Temurin-17.0.19+10 (17.0.19+10, mixed mode, sharing, tiered, compressed oops, compressed class ptrs, g1 gc, windows-amd64)
GC Precious Log:
 CPUs: 8 total, 8 available
 Memory: 8070M
 Large Page Support: Disabled
 NUMA Support: Disabled
 Compressed Oops: Enabled (Zero based)
 Heap Region Size: 4M
 Heap Min Capacity: 8M
 Heap Initial Capacity: 128M
 Heap Max Capacity: 8G
 Pre-touch: Disabled
 Parallel Workers: 8
 Concurrent Workers: 2
 Concurrent Refinement Workers: 8
 Periodic GC: Disabled
Heap:
 garbage-first heap   total 217088K, used 113695K [0x0000000600000000, 0x0000000800000000)
  region size 4096K, 21 young (86016K), 1 survivors (4096K)
 Metaspace       used 44938K, committed 45760K, reserved 1114112K
  class space    used 6390K, committed 6784K, reserved 1048576K
GC Heap History (20 events):
Event: 5.352 GC heap before
{Heap before GC invocations=1 (full 0):
 garbage-first heap   total 131072K, used 42325K [0x0000000600000000, 0x0000000800000000)
  region size 4096K, 10 young (40960K), 1 survivors (4096K)
 Metaspace       used 4499K, committed 4672K, reserved 1114112K
  class space    used 570K, committed 640K, reserved 1048576K
}
Event: 5.361 GC heap after
{Heap after GC invocations=2 (full 0):
 garbage-first heap   total 131072K, used 11410K [0x0000000600000000, 0x0000000800000000)
  region size 4096K, 2 young (8192K), 2 survivors (8192K)
 Metaspace       used 4499K, committed 4672K, reserved 1114112K
  class space    used 570K, committed 640K, reserved 1048576K
}
Event: 7.143 GC heap before
{Heap before GC invocations=2 (full 0):
 garbage-first heap   total 131072K, used 60562K [0x0000000600000000, 0x0000000800000000)
  region size 4096K, 14 young (57344K), 2 survivors (8192K)
 Metaspace       used 4747K, committed 4992K, reserved 1114112K
  class space    used 599K, committed 704K, reserved 1048576K
}
Event: 7.155 GC heap after
{Heap after GC invocations=3 (full 0):
 garbage-first heap   total 131072K, used 16436K [0x0000000600000000, 0x0000000800000000)
  region size 4096K, 2 young (8192K), 2 survivors (8192K)
 Metaspace       used 4747K, committed 4992K, reserved 1114112K
  class space    used 599K, committed 704K, reserved 1048576K
}
Event: 14.251 GC heap before
{Heap before GC invocations=3 (full 0):
 garbage-first heap   total 131072K, used 81972K [0x0000000600000000, 0x0000000800000000)
  region size 4096K, 18 young (73728K), 2 survivors (8192K)
 Metaspace       used 16288K, committed 16640K, reserved 1114112K
  class space    used 2243K, committed 2432K, reserved 1048576K
}
Event: 14.330 GC heap after
{Heap after GC invocations=4 (full 0):
 garbage-first heap   total 131072K, used 21314K [0x0000000600000000, 0x0000000800000000)
  region size 4096K, 3 young (12288K), 3 survivors (12288K)
 Metaspace       used 16288K, committed 16640K, reserved 1114112K
  class space    used 2243K, committed 2432K, reserved 1048576K
}
Event: 18.387 GC heap before
{Heap before GC invocations=4 (full 0):
 garbage-first heap   total 131072K, used 54082K [0x0000000600000000, 0x0000000800000000)
  region size 4096K, 13 young (53248K), 3 survivors (12288K)
 Metaspace       used 21163K, committed 21504K, reserved 1114112K
  class space    used 2944K, committed 3136K, reserved 1048576K
}
Event: 18.394 GC heap after
{Heap after GC invocations=5 (full 0):
 garbage-first heap   total 131072K, used 23765K [0x0000000600000000, 0x0000000800000000)
  region size 4096K, 2 young (8192K), 2 survivors (8192K)
 Metaspace       used 21163K, committed 21504K, reserved 1114112K
  class space    used 2944K, committed 3136K, reserved 1048576K
}
Event: 30.413 GC heap before
{Heap before GC invocations=6 (full 0):
 garbage-first heap   total 98304K, used 77013K [0x0000000600000000, 0x0000000800000000)
  region size 4096K, 16 young (65536K), 2 survivors (8192K)
 Metaspace       used 28121K, committed 28608K, reserved 1114112K
  class space    used 3939K, committed 4160K, reserved 1048576K
}
Event: 30.424 GC heap after
{Heap after GC invocations=7 (full 0):
 garbage-first heap   total 98304K, used 28063K [0x0000000600000000, 0x0000000800000000)
  region size 4096K, 2 young (8192K), 2 survivors (8192K)
 Metaspace       used 28121K, committed 28608K, reserved 1114112K
  class space    used 3939K, committed 4160K, reserved 1048576K
}
Event: 33.853 GC heap before
{Heap before GC invocations=7 (full 0):
 garbage-first heap   total 98304K, used 64927K [0x0000000600000000, 0x0000000800000000)
  region size 4096K, 11 young (45056K), 2 survivors (8192K)
 Metaspace       used 32198K, committed 32640K, reserved 1114112K
  class space    used 4581K, committed 4800K, reserved 1048576K
}
Event: 33.860 GC heap after
{Heap after GC invocations=8 (full 0):
 garbage-first heap   total 98304K, used 29630K [0x0000000600000000, 0x0000000800000000)
  region size 4096K, 2 young (8192K), 2 survivors (8192K)
 Metaspace       used 32198K, committed 32640K, reserved 1114112K
  class space    used 4581K, committed 4800K, reserved 1048576K
}
Event: 35.839 GC heap before
{Heap before GC invocations=8 (full 0):
 garbage-first heap   total 98304K, used 50110K [0x0000000600000000, 0x0000000800000000)
  region size 4096K, 8 young (32768K), 2 survivors (8192K)
 Metaspace       used 35522K, committed 35968K, reserved 1114112K
  class space    used 4946K, committed 5184K, reserved 1048576K
}
Event: 35.846 GC heap after
{Heap after GC invocations=9 (full 0):
 garbage-first heap   total 98304K, used 31972K [0x0000000600000000, 0x0000000800000000)
  region size 4096K, 1 young (4096K), 1 survivors (4096K)
 Metaspace       used 35522K, committed 35968K, reserved 1114112K
  class space    used 4946K, committed 5184K, reserved 1048576K
}
Event: 37.743 GC heap before
{Heap before GC invocations=10 (full 0):
 garbage-first heap   total 98304K, used 72932K [0x0000000600000000, 0x0000000800000000)
  region size 4096K, 11 young (45056K), 1 survivors (4096K)
 Metaspace       used 38814K, committed 39488K, reserved 1114112K
  class space    used 5417K, committed 5760K, reserved 1048576K
}
Event: 37.752 GC heap after
{Heap after GC invocations=11 (full 0):
 garbage-first heap   total 98304K, used 35882K [0x0000000600000000, 0x0000000800000000)
  region size 4096K, 2 young (8192K), 2 survivors (8192K)
 Metaspace       used 38814K, committed 39488K, reserved 1114112K
  class space    used 5417K, committed 5760K, reserved 1048576K
}
Event: 37.766 GC heap before
{Heap before GC invocations=11 (full 0):
 garbage-first heap   total 98304K, used 39978K [0x0000000600000000, 0x0000000800000000)
  region size 4096K, 3 young (12288K), 2 survivors (8192K)
 Metaspace       used 38814K, committed 39488K, reserved 1114112K
  class space    used 5417K, committed 5760K, reserved 1048576K
}
Event: 37.774 GC heap after
{Heap after GC invocations=12 (full 0):
 garbage-first heap   total 98304K, used 35250K [0x0000000600000000, 0x0000000800000000)
  region size 4096K, 1 young (4096K), 1 survivors (4096K)
 Metaspace       used 38814K, committed 39488K, reserved 1114112K
  class space    used 5417K, committed 5760K, reserved 1048576K
}
Event: 38.743 GC heap before
{Heap before GC invocations=12 (full 0):
 garbage-first heap   total 98304K, used 68018K [0x0000000600000000, 0x0000000800000000)
  region size 4096K, 9 young (36864K), 1 survivors (4096K)
 Metaspace       used 40462K, committed 41152K, reserved 1114112K
  class space    used 5683K, committed 6016K, reserved 1048576K
}
Event: 38.746 GC heap after
{Heap after GC invocations=13 (full 0):
 garbage-first heap   total 217088K, used 35871K [0x0000000600000000, 0x0000000800000000)
  region size 4096K, 1 young (4096K), 1 survivors (4096K)
 Metaspace       used 40462K, committed 41152K, reserved 1114112K
  class space    used 5683K, committed 6016K, reserved 1048576K
}

