# JRE version: OpenJDK Runtime Environment Temurin-17.0.19+10 (17.0.19+10) (build 17.0.19+10)
# Java VM: OpenJDK 64-Bit Server VM Temurin-17.0.19+10 (17.0.19+10, mixed mode, sharing, tiered, compressed oops, compressed class ptrs, g1 gc, windows-amd64)
GC Precious Log:
 CPUs: 8 total, 8 available
 Memory: 8070M
 Large Page Support: Disabled
 NUMA Support: Disabled
 Compressed Oops: Enabled (32-bit)
 Heap Region Size: 1M
 Heap Min Capacity: 8M
 Heap Initial Capacity: 128M
 Heap Max Capacity: 2018M
 Pre-touch: Disabled
 Parallel Workers: 8
 Concurrent Workers: 2
 Concurrent Refinement Workers: 8
 Periodic GC: Disabled
Heap:
 garbage-first heap   total 159744K, used 125363K [0x0000000081e00000, 0x0000000100000000)
  region size 1024K, 42 young (43008K), 4 survivors (4096K)
 Metaspace       used 55888K, committed 56256K, reserved 1114112K
  class space    used 6270K, committed 6464K, reserved 1048576K
GC Heap History (20 events):
Event: 7.958 GC heap before
{Heap before GC invocations=7 (full 0):
 garbage-first heap   total 92160K, used 70603K [0x0000000081e00000, 0x0000000100000000)
  region size 1024K, 31 young (31744K), 5 survivors (5120K)
 Metaspace       used 34715K, committed 35008K, reserved 1114112K
  class space    used 4283K, committed 4416K, reserved 1048576K
}
Event: 7.976 GC heap after
{Heap after GC invocations=8 (full 0):
 garbage-first heap   total 92160K, used 46472K [0x0000000081e00000, 0x0000000100000000)
  region size 1024K, 3 young (3072K), 3 survivors (3072K)
 Metaspace       used 34715K, committed 35008K, reserved 1114112K
  class space    used 4283K, committed 4416K, reserved 1048576K
}
Event: 8.294 GC heap before
{Heap before GC invocations=8 (full 0):
 garbage-first heap   total 92160K, used 51592K [0x0000000081e00000, 0x0000000100000000)
  region size 1024K, 9 young (9216K), 3 survivors (3072K)
 Metaspace       used 35736K, committed 35968K, reserved 1114112K
  class space    used 4375K, committed 4480K, reserved 1048576K
}
Event: 8.305 GC heap after
{Heap after GC invocations=9 (full 0):
 garbage-first heap   total 92160K, used 47646K [0x0000000081e00000, 0x0000000100000000)
  region size 1024K, 2 young (2048K), 2 survivors (2048K)
 Metaspace       used 35736K, committed 35968K, reserved 1114112K
  class space    used 4375K, committed 4480K, reserved 1048576K
}
Event: 9.014 GC heap before
{Heap before GC invocations=10 (full 0):
 garbage-first heap   total 92160K, used 64030K [0x0000000081e00000, 0x0000000100000000)
  region size 1024K, 19 young (19456K), 2 survivors (2048K)
 Metaspace       used 38743K, committed 39040K, reserved 1114112K
  class space    used 4761K, committed 4864K, reserved 1048576K
}
Event: 9.025 GC heap after
{Heap after GC invocations=11 (full 0):
 garbage-first heap   total 92160K, used 49430K [0x0000000081e00000, 0x0000000100000000)
  region size 1024K, 3 young (3072K), 3 survivors (3072K)
 Metaspace       used 38743K, committed 39040K, reserved 1114112K
  class space    used 4761K, committed 4864K, reserved 1048576K
}
Event: 9.171 GC heap before
{Heap before GC invocations=12 (full 0):
 garbage-first heap   total 92160K, used 70934K [0x0000000081e00000, 0x0000000100000000)
  region size 1024K, 24 young (24576K), 3 survivors (3072K)
 Metaspace       used 38851K, committed 39168K, reserved 1114112K
  class space    used 4761K, committed 4864K, reserved 1048576K
}
Event: 9.180 GC heap after
{Heap after GC invocations=13 (full 0):
 garbage-first heap   total 92160K, used 51863K [0x0000000081e00000, 0x0000000100000000)
  region size 1024K, 3 young (3072K), 3 survivors (3072K)
 Metaspace       used 38851K, committed 39168K, reserved 1114112K
  class space    used 4761K, committed 4864K, reserved 1048576K
}
Event: 10.451 GC heap before
{Heap before GC invocations=13 (full 0):
 garbage-first heap   total 92160K, used 72343K [0x0000000081e00000, 0x0000000100000000)
  region size 1024K, 23 young (23552K), 3 survivors (3072K)
 Metaspace       used 41201K, committed 41536K, reserved 1114112K
  class space    used 4997K, committed 5184K, reserved 1048576K
}
Event: 10.460 GC heap after
{Heap after GC invocations=14 (full 0):
 garbage-first heap   total 159744K, used 52014K [0x0000000081e00000, 0x0000000100000000)
  region size 1024K, 2 young (2048K), 2 survivors (2048K)
 Metaspace       used 41201K, committed 41536K, reserved 1114112K
  class space    used 4997K, committed 5184K, reserved 1048576K
}
Event: 16.611 GC heap before
{Heap before GC invocations=15 (full 0):
 garbage-first heap   total 159744K, used 113454K [0x0000000081e00000, 0x0000000100000000)
  region size 1024K, 63 young (64512K), 2 survivors (2048K)
 Metaspace       used 49699K, committed 50048K, reserved 1114112K
  class space    used 5911K, committed 6080K, reserved 1048576K
}
Event: 16.633 GC heap after
{Heap after GC invocations=16 (full 0):
 garbage-first heap   total 159744K, used 61132K [0x0000000081e00000, 0x0000000100000000)
  region size 1024K, 8 young (8192K), 8 survivors (8192K)
 Metaspace       used 49699K, committed 50048K, reserved 1114112K
  class space    used 5911K, committed 6080K, reserved 1048576K
}
Event: 19.697 GC heap before
{Heap before GC invocations=16 (full 0):
 garbage-first heap   total 159744K, used 118476K [0x0000000081e00000, 0x0000000100000000)
  region size 1024K, 64 young (65536K), 8 survivors (8192K)
 Metaspace       used 53192K, committed 53632K, reserved 1114112K
  class space    used 6141K, committed 6336K, reserved 1048576K
}
Event: 19.728 GC heap after
{Heap after GC invocations=17 (full 0):
 garbage-first heap   total 159744K, used 68748K [0x0000000081e00000, 0x0000000100000000)
  region size 1024K, 7 young (7168K), 7 survivors (7168K)
 Metaspace       used 53192K, committed 53632K, reserved 1114112K
  class space    used 6141K, committed 6336K, reserved 1048576K
}
Event: 22.532 GC heap before
{Heap before GC invocations=17 (full 0):
 garbage-first heap   total 159744K, used 121996K [0x0000000081e00000, 0x0000000100000000)
  region size 1024K, 58 young (59392K), 7 survivors (7168K)
 Metaspace       used 54283K, committed 54656K, reserved 1114112K
  class space    used 6169K, committed 6336K, reserved 1048576K
}
Event: 22.555 GC heap after
{Heap after GC invocations=18 (full 0):
 garbage-first heap   total 159744K, used 76165K [0x0000000081e00000, 0x0000000100000000)
  region size 1024K, 7 young (7168K), 7 survivors (7168K)
 Metaspace       used 54283K, committed 54656K, reserved 1114112K
  class space    used 6169K, committed 6336K, reserved 1048576K
}
Event: 26.061 GC heap before
{Heap before GC invocations=18 (full 0):
 garbage-first heap   total 159744K, used 125317K [0x0000000081e00000, 0x0000000100000000)
  region size 1024K, 53 young (54272K), 7 survivors (7168K)
 Metaspace       used 54958K, committed 55360K, reserved 1114112K
  class space    used 6202K, committed 6400K, reserved 1048576K
}
Event: 26.088 GC heap after
{Heap after GC invocations=19 (full 0):
 garbage-first heap   total 159744K, used 83825K [0x0000000081e00000, 0x0000000100000000)
  region size 1024K, 6 young (6144K), 6 survivors (6144K)
 Metaspace       used 54958K, committed 55360K, reserved 1114112K
  class space    used 6202K, committed 6400K, reserved 1048576K
}
Event: 29.779 GC heap before
{Heap before GC invocations=19 (full 0):
 garbage-first heap   total 159744K, used 125809K [0x0000000081e00000, 0x0000000100000000)
  region size 1024K, 47 young (48128K), 6 survivors (6144K)
 Metaspace       used 55630K, committed 56000K, reserved 1114112K
  class space    used 6259K, committed 6464K, reserved 1048576K
}
Event: 29.809 GC heap after
{Heap after GC invocations=20 (full 0):
 garbage-first heap   total 159744K, used 87475K [0x0000000081e00000, 0x0000000100000000)
  region size 1024K, 4 young (4096K), 4 survivors (4096K)
 Metaspace       used 55630K, committed 56000K, reserved 1114112K
  class space    used 6259K, committed 6464K, reserved 1048576K
}

