# JRE version: OpenJDK Runtime Environment Temurin-17.0.19+10 (17.0.19+10) (build 17.0.19+10)
# Java VM: OpenJDK 64-Bit Server VM Temurin-17.0.19+10 (17.0.19+10, mixed mode, sharing, tiered, compressed oops, compressed class ptrs, g1 gc, windows-amd64)
GC Precious Log:
 CPUs: 8 total, 8 available
 Memory: 8070M
 Large Page Support: Disabled
 NUMA Support: Disabled
 Compressed Oops: Enabled (Zero based)
 Heap Region Size: 4M
 Heap Min Capacity: 8M
 Heap Initial Capacity: 128M
 Heap Max Capacity: 8G
 Pre-touch: Disabled
 Parallel Workers: 8
 Concurrent Workers: 2
 Concurrent Refinement Workers: 8
 Periodic GC: Disabled
Heap:
 garbage-first heap   total 143360K, used 88810K [0x0000000600000000, 0x0000000800000000)
  region size 4096K, 5 young (20480K), 2 survivors (8192K)
 Metaspace       used 85171K, committed 85952K, reserved 1179648K
  class space    used 11332K, committed 11712K, reserved 1048576K
GC Heap History (20 events):
Event: 115.236 GC heap before
{Heap before GC invocations=19 (full 0):
 garbage-first heap   total 110592K, used 94918K [0x0000000600000000, 0x0000000800000000)
  region size 4096K, 11 young (45056K), 1 survivors (4096K)
 Metaspace       used 62601K, committed 63360K, reserved 1114112K
  class space    used 8785K, committed 9152K, reserved 1048576K
}
Event: 115.254 GC heap after
{Heap after GC invocations=20 (full 0):
 garbage-first heap   total 110592K, used 56165K [0x0000000600000000, 0x0000000800000000)
  region size 4096K, 2 young (8192K), 2 survivors (8192K)
 Metaspace       used 62601K, committed 63360K, reserved 1114112K
  class space    used 8785K, committed 9152K, reserved 1048576K
}
Event: 116.541 GC heap before
{Heap before GC invocations=20 (full 0):
 garbage-first heap   total 110592K, used 84837K [0x0000000600000000, 0x0000000800000000)
  region size 4096K, 9 young (36864K), 2 survivors (8192K)
 Metaspace       used 65933K, committed 66624K, reserved 1114112K
  class space    used 9178K, committed 9536K, reserved 1048576K
}
Event: 116.550 GC heap after
{Heap after GC invocations=21 (full 0):
 garbage-first heap   total 110592K, used 58824K [0x0000000600000000, 0x0000000800000000)
  region size 4096K, 1 young (4096K), 1 survivors (4096K)
 Metaspace       used 65933K, committed 66624K, reserved 1114112K
  class space    used 9178K, committed 9536K, reserved 1048576K
}
Event: 116.661 GC heap before
{Heap before GC invocations=21 (full 0):
 garbage-first heap   total 110592K, used 58824K [0x0000000600000000, 0x0000000800000000)
  region size 4096K, 2 young (8192K), 1 survivors (4096K)
 Metaspace       used 66338K, committed 67072K, reserved 1114112K
  class space    used 9229K, committed 9600K, reserved 1048576K
}
Event: 116.664 GC heap after
{Heap after GC invocations=22 (full 0):
 garbage-first heap   total 110592K, used 58402K [0x0000000600000000, 0x0000000800000000)
  region size 4096K, 1 young (4096K), 1 survivors (4096K)
 Metaspace       used 66338K, committed 67072K, reserved 1114112K
  class space    used 9229K, committed 9600K, reserved 1048576K
}
Event: 117.789 GC heap before
{Heap before GC invocations=23 (full 0):
 garbage-first heap   total 122880K, used 95266K [0x0000000600000000, 0x0000000800000000)
  region size 4096K, 8 young (32768K), 1 survivors (4096K)
 Metaspace       used 68804K, committed 69568K, reserved 1114112K
  class space    used 9498K, committed 9856K, reserved 1048576K
}
Event: 117.794 GC heap after
{Heap after GC invocations=24 (full 0):
 garbage-first heap   total 122880K, used 69226K [0x0000000600000000, 0x0000000800000000)
  region size 4096K, 1 young (4096K), 1 survivors (4096K)
 Metaspace       used 68804K, committed 69568K, reserved 1114112K
  class space    used 9498K, committed 9856K, reserved 1048576K
}
Event: 118.670 GC heap before
{Heap before GC invocations=24 (full 0):
 garbage-first heap   total 122880K, used 97898K [0x0000000600000000, 0x0000000800000000)
  region size 4096K, 8 young (32768K), 1 survivors (4096K)
 Metaspace       used 72249K, committed 72960K, reserved 1114112K
  class space    used 9764K, committed 10112K, reserved 1048576K
}
Event: 118.676 GC heap after
{Heap after GC invocations=25 (full 0):
 garbage-first heap   total 122880K, used 70722K [0x0000000600000000, 0x0000000800000000)
  region size 4096K, 1 young (4096K), 1 survivors (4096K)
 Metaspace       used 72249K, committed 72960K, reserved 1114112K
  class space    used 9764K, committed 10112K, reserved 1048576K
}
Event: 119.823 GC heap before
{Heap before GC invocations=26 (full 0):
 garbage-first heap   total 131072K, used 95298K [0x0000000600000000, 0x0000000800000000)
  region size 4096K, 8 young (32768K), 1 survivors (4096K)
 Metaspace       used 75315K, committed 76032K, reserved 1179648K
  class space    used 10151K, committed 10496K, reserved 1048576K
}
Event: 119.830 GC heap after
{Heap after GC invocations=27 (full 0):
 garbage-first heap   total 131072K, used 71878K [0x0000000600000000, 0x0000000800000000)
  region size 4096K, 1 young (4096K), 1 survivors (4096K)
 Metaspace       used 75315K, committed 76032K, reserved 1179648K
  class space    used 10151K, committed 10496K, reserved 1048576K
}
Event: 121.526 GC heap before
{Heap before GC invocations=27 (full 0):
 garbage-first heap   total 131072K, used 104646K [0x0000000600000000, 0x0000000800000000)
  region size 4096K, 9 young (36864K), 1 survivors (4096K)
 Metaspace       used 79248K, committed 79936K, reserved 1179648K
  class space    used 10673K, committed 11008K, reserved 1048576K
}
Event: 121.533 GC heap after
{Heap after GC invocations=28 (full 0):
 garbage-first heap   total 131072K, used 73972K [0x0000000600000000, 0x0000000800000000)
  region size 4096K, 2 young (8192K), 2 survivors (8192K)
 Metaspace       used 79248K, committed 79936K, reserved 1179648K
  class space    used 10673K, committed 11008K, reserved 1048576K
}
Event: 122.451 GC heap before
{Heap before GC invocations=29 (full 0):
 garbage-first heap   total 139264K, used 102644K [0x0000000600000000, 0x0000000800000000)
  region size 4096K, 9 young (36864K), 2 survivors (8192K)
 Metaspace       used 80374K, committed 81088K, reserved 1179648K
  class space    used 10804K, committed 11136K, reserved 1048576K
}
Event: 122.458 GC heap after
{Heap after GC invocations=30 (full 0):
 garbage-first heap   total 139264K, used 75775K [0x0000000600000000, 0x0000000800000000)
  region size 4096K, 2 young (8192K), 2 survivors (8192K)
 Metaspace       used 80374K, committed 81088K, reserved 1179648K
  class space    used 10804K, committed 11136K, reserved 1048576K
}
Event: 123.627 GC heap before
{Heap before GC invocations=30 (full 0):
 garbage-first heap   total 139264K, used 108543K [0x0000000600000000, 0x0000000800000000)
  region size 4096K, 10 young (40960K), 2 survivors (8192K)
 Metaspace       used 82685K, committed 83392K, reserved 1179648K
  class space    used 11055K, committed 11392K, reserved 1048576K
}
Event: 123.639 GC heap after
{Heap after GC invocations=31 (full 0):
 garbage-first heap   total 139264K, used 78434K [0x0000000600000000, 0x0000000800000000)
  region size 4096K, 2 young (8192K), 2 survivors (8192K)
 Metaspace       used 82685K, committed 83392K, reserved 1179648K
  class space    used 11055K, committed 11392K, reserved 1048576K
}
Event: 124.798 GC heap before
{Heap before GC invocations=32 (full 0):
 garbage-first heap   total 143360K, used 111202K [0x0000000600000000, 0x0000000800000000)
  region size 4096K, 10 young (40960K), 2 survivors (8192K)
 Metaspace       used 84420K, committed 85120K, reserved 1179648K
  class space    used 11258K, committed 11584K, reserved 1048576K
}
Event: 124.809 GC heap after
{Heap after GC invocations=33 (full 0):
 garbage-first heap   total 143360K, used 80618K [0x0000000600000000, 0x0000000800000000)
  region size 4096K, 2 young (8192K), 2 survivors (8192K)
 Metaspace       used 84420K, committed 85120K, reserved 1179648K
  class space    used 11258K, committed 11584K, reserved 1048576K
}

