# JRE version: OpenJDK Runtime Environment Temurin-17.0.19+10 (17.0.19+10) (build 17.0.19+10)
# Java VM: OpenJDK 64-Bit Server VM Temurin-17.0.19+10 (17.0.19+10, mixed mode, sharing, tiered, compressed oops, compressed class ptrs, g1 gc, windows-amd64)
GC Precious Log:
 CPUs: 8 total, 8 available
 Memory: 8070M
 Large Page Support: Disabled
 NUMA Support: Disabled
 Compressed Oops: Enabled (Zero based)
 Heap Region Size: 4M
 Heap Min Capacity: 8M
 Heap Initial Capacity: 128M
 Heap Max Capacity: 8G
 Pre-touch: Disabled
 Parallel Workers: 8
 Concurrent Workers: 2
 Concurrent Refinement Workers: 8
 Periodic GC: Disabled
Heap:
 garbage-first heap   total 159744K, used 106370K [0x0000000600000000, 0x0000000800000000)
  region size 4096K, 10 young (40960K), 2 survivors (8192K)
 Metaspace       used 75822K, committed 76928K, reserved 1179648K
  class space    used 10795K, committed 11328K, reserved 1048576K
GC Heap History (20 events):
Event: 60.702 GC heap before
{Heap before GC invocations=31 (full 0):
 garbage-first heap   total 118784K, used 88408K [0x0000000600000000, 0x0000000800000000)
  region size 4096K, 8 young (32768K), 1 survivors (4096K)
 Metaspace       used 66963K, committed 68032K, reserved 1114112K
  class space    used 9609K, committed 10112K, reserved 1048576K
}
Event: 60.708 GC heap after
{Heap after GC invocations=32 (full 0):
 garbage-first heap   total 118784K, used 62609K [0x0000000600000000, 0x0000000800000000)
  region size 4096K, 1 young (4096K), 1 survivors (4096K)
 Metaspace       used 66963K, committed 68032K, reserved 1114112K
  class space    used 9609K, committed 10112K, reserved 1048576K
}
Event: 63.866 GC heap before
{Heap before GC invocations=33 (full 0):
 garbage-first heap   total 118784K, used 91281K [0x0000000600000000, 0x0000000800000000)
  region size 4096K, 8 young (32768K), 1 survivors (4096K)
 Metaspace       used 69019K, committed 70016K, reserved 1114112K
  class space    used 9966K, committed 10432K, reserved 1048576K
}
Event: 63.880 GC heap after
{Heap after GC invocations=34 (full 0):
 garbage-first heap   total 118784K, used 66202K [0x0000000600000000, 0x0000000800000000)
  region size 4096K, 1 young (4096K), 1 survivors (4096K)
 Metaspace       used 69019K, committed 70016K, reserved 1114112K
  class space    used 9966K, committed 10432K, reserved 1048576K
}
Event: 65.684 GC heap before
{Heap before GC invocations=34 (full 0):
 garbage-first heap   total 118784K, used 90778K [0x0000000600000000, 0x0000000800000000)
  region size 4096K, 7 young (28672K), 1 survivors (4096K)
 Metaspace       used 70535K, committed 71616K, reserved 1114112K
  class space    used 10187K, committed 10688K, reserved 1048576K
}
Event: 65.691 GC heap after
{Heap after GC invocations=35 (full 0):
 garbage-first heap   total 118784K, used 67446K [0x0000000600000000, 0x0000000800000000)
  region size 4096K, 1 young (4096K), 1 survivors (4096K)
 Metaspace       used 70535K, committed 71616K, reserved 1114112K
  class space    used 10187K, committed 10688K, reserved 1048576K
}
Event: 66.709 GC heap before
{Heap before GC invocations=36 (full 0):
 garbage-first heap   total 131072K, used 87926K [0x0000000600000000, 0x0000000800000000)
  region size 4096K, 6 young (24576K), 1 survivors (4096K)
 Metaspace       used 72405K, committed 73408K, reserved 1114112K
  class space    used 10396K, committed 10880K, reserved 1048576K
}
Event: 66.716 GC heap after
{Heap after GC invocations=37 (full 0):
 garbage-first heap   total 131072K, used 69428K [0x0000000600000000, 0x0000000800000000)
  region size 4096K, 1 young (4096K), 1 survivors (4096K)
 Metaspace       used 72405K, committed 73408K, reserved 1114112K
  class space    used 10396K, committed 10880K, reserved 1048576K
}
Event: 106.824 GC heap before
{Heap before GC invocations=37 (full 0):
 garbage-first heap   total 131072K, used 98100K [0x0000000600000000, 0x0000000800000000)
  region size 4096K, 8 young (32768K), 1 survivors (4096K)
 Metaspace       used 74978K, committed 76032K, reserved 1114112K
  class space    used 10752K, committed 11264K, reserved 1048576K
}
Event: 106.832 GC heap after
{Heap after GC invocations=38 (full 0):
 garbage-first heap   total 131072K, used 71392K [0x0000000600000000, 0x0000000800000000)
  region size 4096K, 1 young (4096K), 1 survivors (4096K)
 Metaspace       used 74978K, committed 76032K, reserved 1114112K
  class space    used 10752K, committed 11264K, reserved 1048576K
}
Event: 107.696 GC heap before
{Heap before GC invocations=39 (full 0):
 garbage-first heap   total 131072K, used 100064K [0x0000000600000000, 0x0000000800000000)
  region size 4096K, 8 young (32768K), 1 survivors (4096K)
 Metaspace       used 75387K, committed 76416K, reserved 1179648K
  class space    used 10766K, committed 11264K, reserved 1048576K
}
Event: 107.705 GC heap after
{Heap after GC invocations=40 (full 0):
 garbage-first heap   total 131072K, used 75643K [0x0000000600000000, 0x0000000800000000)
  region size 4096K, 1 young (4096K), 1 survivors (4096K)
 Metaspace       used 75387K, committed 76416K, reserved 1179648K
  class space    used 10766K, committed 11264K, reserved 1048576K
}
Event: 108.258 GC heap before
{Heap before GC invocations=40 (full 0):
 garbage-first heap   total 131072K, used 96123K [0x0000000600000000, 0x0000000800000000)
  region size 4096K, 7 young (28672K), 1 survivors (4096K)
 Metaspace       used 75524K, committed 76544K, reserved 1179648K
  class space    used 10769K, committed 11264K, reserved 1048576K
}
Event: 108.265 GC heap after
{Heap after GC invocations=41 (full 0):
 garbage-first heap   total 131072K, used 77447K [0x0000000600000000, 0x0000000800000000)
  region size 4096K, 1 young (4096K), 1 survivors (4096K)
 Metaspace       used 75524K, committed 76544K, reserved 1179648K
  class space    used 10769K, committed 11264K, reserved 1048576K
}
Event: 108.969 GC heap before
{Heap before GC invocations=42 (full 0):
 garbage-first heap   total 143360K, used 97927K [0x0000000600000000, 0x0000000800000000)
  region size 4096K, 7 young (28672K), 1 survivors (4096K)
 Metaspace       used 75541K, committed 76608K, reserved 1179648K
  class space    used 10769K, committed 11264K, reserved 1048576K
}
Event: 108.974 GC heap after
{Heap after GC invocations=43 (full 0):
 garbage-first heap   total 143360K, used 78491K [0x0000000600000000, 0x0000000800000000)
  region size 4096K, 1 young (4096K), 1 survivors (4096K)
 Metaspace       used 75541K, committed 76608K, reserved 1179648K
  class space    used 10769K, committed 11264K, reserved 1048576K
}
Event: 109.799 GC heap before
{Heap before GC invocations=43 (full 0):
 garbage-first heap   total 143360K, used 111259K [0x0000000600000000, 0x0000000800000000)
  region size 4096K, 9 young (36864K), 1 survivors (4096K)
 Metaspace       used 75548K, committed 76608K, reserved 1179648K
  class space    used 10769K, committed 11264K, reserved 1048576K
}
Event: 109.806 GC heap after
{Heap after GC invocations=44 (full 0):
 garbage-first heap   total 143360K, used 80154K [0x0000000600000000, 0x0000000800000000)
  region size 4096K, 2 young (8192K), 2 survivors (8192K)
 Metaspace       used 75548K, committed 76608K, reserved 1179648K
  class space    used 10769K, committed 11264K, reserved 1048576K
}
Event: 110.606 GC heap before
{Heap before GC invocations=45 (full 0):
 garbage-first heap   total 159744K, used 112922K [0x0000000600000000, 0x0000000800000000)
  region size 4096K, 10 young (40960K), 2 survivors (8192K)
 Metaspace       used 75552K, committed 76608K, reserved 1179648K
  class space    used 10770K, committed 11264K, reserved 1048576K
}
Event: 110.613 GC heap after
{Heap after GC invocations=46 (full 0):
 garbage-first heap   total 159744K, used 81794K [0x0000000600000000, 0x0000000800000000)
  region size 4096K, 2 young (8192K), 2 survivors (8192K)
 Metaspace       used 75552K, committed 76608K, reserved 1179648K
  class space    used 10770K, committed 11264K, reserved 1048576K
}

