# JRE version: OpenJDK Runtime Environment Temurin-17.0.19+10 (17.0.19+10) (build 17.0.19+10)
# Java VM: OpenJDK 64-Bit Server VM Temurin-17.0.19+10 (17.0.19+10, mixed mode, sharing, tiered, compressed oops, compressed class ptrs, g1 gc, windows-amd64)
GC Precious Log:
 CPUs: 8 total, 8 available
 Memory: 8070M
 Large Page Support: Disabled
 NUMA Support: Disabled
 Compressed Oops: Enabled (Zero based)
 Heap Region Size: 4M
 Heap Min Capacity: 8M
 Heap Initial Capacity: 128M
 Heap Max Capacity: 8G
 Pre-touch: Disabled
 Parallel Workers: 8
 Concurrent Workers: 2
 Concurrent Refinement Workers: 8
 Periodic GC: Disabled
Heap:
 garbage-first heap   total 139264K, used 75537K [0x0000000600000000, 0x0000000800000000)
  region size 4096K, 1 young (4096K), 1 survivors (4096K)
 Metaspace       used 75561K, committed 76544K, reserved 1179648K
  class space    used 10761K, committed 11200K, reserved 1048576K
GC Heap History (20 events):
Event: 73.525 GC heap after
{Heap after GC invocations=40 (full 0):
 garbage-first heap   total 98304K, used 67452K [0x0000000600000000, 0x0000000800000000)
  region size 4096K, 1 young (4096K), 1 survivors (4096K)
 Metaspace       used 72809K, committed 73728K, reserved 1114112K
  class space    used 10456K, committed 10880K, reserved 1048576K
}
Event: 95.829 GC heap before
{Heap before GC invocations=40 (full 0):
 garbage-first heap   total 98304K, used 75644K [0x0000000600000000, 0x0000000800000000)
  region size 4096K, 3 young (12288K), 1 survivors (4096K)
 Metaspace       used 74208K, committed 75200K, reserved 1114112K
  class space    used 10660K, committed 11136K, reserved 1048576K
}
Event: 95.836 GC heap after
{Heap after GC invocations=41 (full 0):
 garbage-first heap   total 98304K, used 67922K [0x0000000600000000, 0x0000000800000000)
  region size 4096K, 1 young (4096K), 1 survivors (4096K)
 Metaspace       used 74208K, committed 75200K, reserved 1114112K
  class space    used 10660K, committed 11136K, reserved 1048576K
}
Event: 112.271 GC heap before
{Heap before GC invocations=41 (full 0):
 garbage-first heap   total 98304K, used 72018K [0x0000000600000000, 0x0000000800000000)
  region size 4096K, 3 young (12288K), 1 survivors (4096K)
 Metaspace       used 74381K, committed 75392K, reserved 1114112K
  class space    used 10675K, committed 11136K, reserved 1048576K
}
Event: 112.274 GC heap after
{Heap after GC invocations=42 (full 0):
 garbage-first heap   total 98304K, used 67945K [0x0000000600000000, 0x0000000800000000)
  region size 4096K, 1 young (4096K), 1 survivors (4096K)
 Metaspace       used 74381K, committed 75392K, reserved 1114112K
  class space    used 10675K, committed 11136K, reserved 1048576K
}
Event: 114.100 GC heap before
{Heap before GC invocations=42 (full 0):
 garbage-first heap   total 98304K, used 76137K [0x0000000600000000, 0x0000000800000000)
  region size 4096K, 3 young (12288K), 1 survivors (4096K)
 Metaspace       used 75002K, committed 75968K, reserved 1114112K
  class space    used 10747K, committed 11200K, reserved 1048576K
}
Event: 114.103 GC heap after
{Heap after GC invocations=43 (full 0):
 garbage-first heap   total 98304K, used 68933K [0x0000000600000000, 0x0000000800000000)
  region size 4096K, 1 young (4096K), 1 survivors (4096K)
 Metaspace       used 75002K, committed 75968K, reserved 1114112K
  class space    used 10747K, committed 11200K, reserved 1048576K
}
Event: 114.745 GC heap before
{Heap before GC invocations=43 (full 0):
 garbage-first heap   total 98304K, used 77125K [0x0000000600000000, 0x0000000800000000)
  region size 4096K, 3 young (12288K), 1 survivors (4096K)
 Metaspace       used 75225K, committed 76224K, reserved 1179648K
  class space    used 10751K, committed 11200K, reserved 1048576K
}
Event: 114.750 GC heap after
{Heap after GC invocations=44 (full 0):
 garbage-first heap   total 98304K, used 70381K [0x0000000600000000, 0x0000000800000000)
  region size 4096K, 1 young (4096K), 1 survivors (4096K)
 Metaspace       used 75225K, committed 76224K, reserved 1179648K
  class space    used 10751K, committed 11200K, reserved 1048576K
}
Event: 115.013 GC heap before
{Heap before GC invocations=44 (full 0):
 garbage-first heap   total 98304K, used 78573K [0x0000000600000000, 0x0000000800000000)
  region size 4096K, 3 young (12288K), 1 survivors (4096K)
 Metaspace       used 75336K, committed 76352K, reserved 1179648K
  class space    used 10760K, committed 11200K, reserved 1048576K
}
Event: 115.020 GC heap after
{Heap after GC invocations=45 (full 0):
 garbage-first heap   total 98304K, used 71851K [0x0000000600000000, 0x0000000800000000)
  region size 4096K, 1 young (4096K), 1 survivors (4096K)
 Metaspace       used 75336K, committed 76352K, reserved 1179648K
  class space    used 10760K, committed 11200K, reserved 1048576K
}
Event: 115.106 GC heap before
{Heap before GC invocations=45 (full 0):
 garbage-first heap   total 98304K, used 75947K [0x0000000600000000, 0x0000000800000000)
  region size 4096K, 2 young (8192K), 1 survivors (4096K)
 Metaspace       used 75349K, committed 76352K, reserved 1179648K
  class space    used 10760K, committed 11200K, reserved 1048576K
}
Event: 115.110 GC heap after
{Heap after GC invocations=46 (full 0):
 garbage-first heap   total 98304K, used 73078K [0x0000000600000000, 0x0000000800000000)
  region size 4096K, 1 young (4096K), 1 survivors (4096K)
 Metaspace       used 75349K, committed 76352K, reserved 1179648K
  class space    used 10760K, committed 11200K, reserved 1048576K
}
Event: 115.178 GC heap before
{Heap before GC invocations=46 (full 0):
 garbage-first heap   total 98304K, used 73078K [0x0000000600000000, 0x0000000800000000)
  region size 4096K, 2 young (8192K), 1 survivors (4096K)
 Metaspace       used 75386K, committed 76416K, reserved 1179648K
  class space    used 10760K, committed 11200K, reserved 1048576K
}
Event: 115.181 GC heap after
{Heap after GC invocations=47 (full 0):
 garbage-first heap   total 98304K, used 73803K [0x0000000600000000, 0x0000000800000000)
  region size 4096K, 1 young (4096K), 1 survivors (4096K)
 Metaspace       used 75386K, committed 76416K, reserved 1179648K
  class space    used 10760K, committed 11200K, reserved 1048576K
}
Event: 115.310 GC heap before
{Heap before GC invocations=47 (full 0):
 garbage-first heap   total 98304K, used 73803K [0x0000000600000000, 0x0000000800000000)
  region size 4096K, 2 young (8192K), 1 survivors (4096K)
 Metaspace       used 75435K, committed 76416K, reserved 1179648K
  class space    used 10760K, committed 11200K, reserved 1048576K
}
Event: 115.313 GC heap after
{Heap after GC invocations=48 (full 0):
 garbage-first heap   total 98304K, used 73821K [0x0000000600000000, 0x0000000800000000)
  region size 4096K, 1 young (4096K), 1 survivors (4096K)
 Metaspace       used 75435K, committed 76416K, reserved 1179648K
  class space    used 10760K, committed 11200K, reserved 1048576K
}
Event: 115.495 GC heap before
{Heap before GC invocations=49 (full 0):
 garbage-first heap   total 139264K, used 77917K [0x0000000600000000, 0x0000000800000000)
  region size 4096K, 2 young (8192K), 1 survivors (4096K)
 Metaspace       used 75461K, committed 76480K, reserved 1179648K
  class space    used 10760K, committed 11200K, reserved 1048576K
}
Event: 115.499 GC heap after
{Heap after GC invocations=50 (full 0):
 garbage-first heap   total 139264K, used 74036K [0x0000000600000000, 0x0000000800000000)
  region size 4096K, 1 young (4096K), 1 survivors (4096K)
 Metaspace       used 75461K, committed 76480K, reserved 1179648K
  class space    used 10760K, committed 11200K, reserved 1048576K
}
Event: 116.493 GC heap before
{Heap before GC invocations=50 (full 0):
 garbage-first heap   total 139264K, used 102708K [0x0000000600000000, 0x0000000800000000)
  region size 4096K, 8 young (32768K), 1 survivors (4096K)
 Metaspace       used 75561K, committed 76544K, reserved 1179648K
  class space    used 10761K, committed 11200K, reserved 1048576K
}

