# JRE version: OpenJDK Runtime Environment Temurin-17.0.19+10 (17.0.19+10) (build 17.0.19+10)
# Java VM: OpenJDK 64-Bit Server VM Temurin-17.0.19+10 (17.0.19+10, mixed mode, sharing, tiered, compressed oops, compressed class ptrs, g1 gc, windows-amd64)
GC Precious Log:
 CPUs: 8 total, 8 available
 Memory: 8070M
 Large Page Support: Disabled
 NUMA Support: Disabled
 Compressed Oops: Enabled (Zero based)
 Heap Region Size: 4M
 Heap Min Capacity: 8M
 Heap Initial Capacity: 128M
 Heap Max Capacity: 8G
 Pre-touch: Disabled
 Parallel Workers: 8
 Concurrent Workers: 2
 Concurrent Refinement Workers: 8
 Periodic GC: Disabled
Heap:
 garbage-first heap   total 667648K, used 181233K [0x0000000600000000, 0x0000000800000000)
  region size 4096K, 5 young (20480K), 2 survivors (8192K)
 Metaspace       used 144146K, committed 145600K, reserved 1179648K
  class space    used 19923K, committed 20608K, reserved 1048576K
GC Heap History (20 events):
Event: 323.154 GC heap before
{Heap before GC invocations=76 (full 0):
 garbage-first heap   total 303104K, used 238353K [0x0000000600000000, 0x0000000800000000)
  region size 4096K, 21 young (86016K), 1 survivors (4096K)
 Metaspace       used 118957K, committed 120384K, reserved 1179648K
  class space    used 16473K, committed 17152K, reserved 1048576K
}
Event: 323.163 GC heap after
{Heap after GC invocations=77 (full 0):
 garbage-first heap   total 303104K, used 162359K [0x0000000600000000, 0x0000000800000000)
  region size 4096K, 2 young (8192K), 2 survivors (8192K)
 Metaspace       used 118957K, committed 120384K, reserved 1179648K
  class space    used 16473K, committed 17152K, reserved 1048576K
}
Event: 324.533 GC heap before
{Heap before GC invocations=78 (full 0):
 garbage-first heap   total 303104K, used 240183K [0x0000000600000000, 0x0000000800000000)
  region size 4096K, 22 young (90112K), 2 survivors (8192K)
 Metaspace       used 118987K, committed 120384K, reserved 1179648K
  class space    used 16478K, committed 17152K, reserved 1048576K
}
Event: 324.548 GC heap after
{Heap after GC invocations=79 (full 0):
 garbage-first heap   total 303104K, used 168118K [0x0000000600000000, 0x0000000800000000)
  region size 4096K, 2 young (8192K), 2 survivors (8192K)
 Metaspace       used 118987K, committed 120384K, reserved 1179648K
  class space    used 16478K, committed 17152K, reserved 1048576K
}
Event: 324.643 GC heap before
{Heap before GC invocations=79 (full 0):
 garbage-first heap   total 303104K, used 172214K [0x0000000600000000, 0x0000000800000000)
  region size 4096K, 3 young (12288K), 2 survivors (8192K)
 Metaspace       used 119003K, committed 120384K, reserved 1179648K
  class space    used 16481K, committed 17152K, reserved 1048576K
}
Event: 324.667 GC heap after
{Heap after GC invocations=80 (full 0):
 garbage-first heap   total 303104K, used 152532K [0x0000000600000000, 0x0000000800000000)
  region size 4096K, 1 young (4096K), 1 survivors (4096K)
 Metaspace       used 119003K, committed 120384K, reserved 1179648K
  class space    used 16481K, committed 17152K, reserved 1048576K
}
Event: 326.725 GC heap before
{Heap before GC invocations=80 (full 0):
 garbage-first heap   total 303104K, used 242644K [0x0000000600000000, 0x0000000800000000)
  region size 4096K, 24 young (98304K), 1 survivors (4096K)
 Metaspace       used 125938K, committed 127360K, reserved 1179648K
  class space    used 17314K, committed 17984K, reserved 1048576K
}
Event: 326.732 GC heap after
{Heap after GC invocations=81 (full 0):
 garbage-first heap   total 303104K, used 157384K [0x0000000600000000, 0x0000000800000000)
  region size 4096K, 2 young (8192K), 2 survivors (8192K)
 Metaspace       used 125938K, committed 127360K, reserved 1179648K
  class space    used 17314K, committed 17984K, reserved 1048576K
}
Event: 328.841 GC heap before
{Heap before GC invocations=82 (full 0):
 garbage-first heap   total 303104K, used 247496K [0x0000000600000000, 0x0000000800000000)
  region size 4096K, 24 young (98304K), 2 survivors (8192K)
 Metaspace       used 131995K, committed 133504K, reserved 1179648K
  class space    used 18167K, committed 18880K, reserved 1048576K
}
Event: 328.850 GC heap after
{Heap after GC invocations=83 (full 0):
 garbage-first heap   total 303104K, used 161517K [0x0000000600000000, 0x0000000800000000)
  region size 4096K, 3 young (12288K), 3 survivors (12288K)
 Metaspace       used 131995K, committed 133504K, reserved 1179648K
  class space    used 18167K, committed 18880K, reserved 1048576K
}
Event: 328.921 GC heap before
{Heap before GC invocations=83 (full 0):
 garbage-first heap   total 303104K, used 165613K [0x0000000600000000, 0x0000000800000000)
  region size 4096K, 4 young (16384K), 3 survivors (12288K)
 Metaspace       used 132411K, committed 133888K, reserved 1179648K
  class space    used 18248K, committed 18944K, reserved 1048576K
}
Event: 328.931 GC heap after
{Heap after GC invocations=84 (full 0):
 garbage-first heap   total 303104K, used 160022K [0x0000000600000000, 0x0000000800000000)
  region size 4096K, 1 young (4096K), 1 survivors (4096K)
 Metaspace       used 132411K, committed 133888K, reserved 1179648K
  class space    used 18248K, committed 18944K, reserved 1048576K
}
Event: 330.784 GC heap before
{Heap before GC invocations=84 (full 0):
 garbage-first heap   total 303104K, used 246038K [0x0000000600000000, 0x0000000800000000)
  region size 4096K, 22 young (90112K), 1 survivors (4096K)
 Metaspace       used 138052K, committed 139520K, reserved 1179648K
  class space    used 19098K, committed 19776K, reserved 1048576K
}
Event: 330.791 GC heap after
{Heap after GC invocations=85 (full 0):
 garbage-first heap   total 303104K, used 162686K [0x0000000600000000, 0x0000000800000000)
  region size 4096K, 2 young (8192K), 2 survivors (8192K)
 Metaspace       used 138052K, committed 139520K, reserved 1179648K
  class space    used 19098K, committed 19776K, reserved 1048576K
}
Event: 332.204 GC heap before
{Heap before GC invocations=86 (full 0):
 garbage-first heap   total 303104K, used 248702K [0x0000000600000000, 0x0000000800000000)
  region size 4096K, 23 young (94208K), 2 survivors (8192K)
 Metaspace       used 140746K, committed 142208K, reserved 1179648K
  class space    used 19501K, committed 20224K, reserved 1048576K
}
Event: 332.213 GC heap after
{Heap after GC invocations=87 (full 0):
 garbage-first heap   total 303104K, used 168242K [0x0000000600000000, 0x0000000800000000)
  region size 4096K, 3 young (12288K), 3 survivors (12288K)
 Metaspace       used 140746K, committed 142208K, reserved 1179648K
  class space    used 19501K, committed 20224K, reserved 1048576K
}
Event: 332.249 GC heap before
{Heap before GC invocations=87 (full 0):
 garbage-first heap   total 303104K, used 168242K [0x0000000600000000, 0x0000000800000000)
  region size 4096K, 4 young (16384K), 3 survivors (12288K)
 Metaspace       used 140902K, committed 142400K, reserved 1179648K
  class space    used 19515K, committed 20224K, reserved 1048576K
}
Event: 332.263 GC heap after
{Heap after GC invocations=88 (full 0):
 garbage-first heap   total 303104K, used 168244K [0x0000000600000000, 0x0000000800000000)
  region size 4096K, 1 young (4096K), 1 survivors (4096K)
 Metaspace       used 140902K, committed 142400K, reserved 1179648K
  class space    used 19515K, committed 20224K, reserved 1048576K
}
Event: 333.669 GC heap before
{Heap before GC invocations=88 (full 0):
 garbage-first heap   total 303104K, used 250164K [0x0000000600000000, 0x0000000800000000)
  region size 4096K, 21 young (86016K), 1 survivors (4096K)
 Metaspace       used 144146K, committed 145600K, reserved 1179648K
  class space    used 19923K, committed 20608K, reserved 1048576K
}
Event: 333.681 GC heap after
{Heap after GC invocations=89 (full 0):
 garbage-first heap   total 667648K, used 173041K [0x0000000600000000, 0x0000000800000000)
  region size 4096K, 2 young (8192K), 2 survivors (8192K)
 Metaspace       used 144146K, committed 145600K, reserved 1179648K
  class space    used 19923K, committed 20608K, reserved 1048576K
}

