# JRE version: OpenJDK Runtime Environment Temurin-17.0.19+10 (17.0.19+10) (build 17.0.19+10)
# Java VM: OpenJDK 64-Bit Server VM Temurin-17.0.19+10 (17.0.19+10, mixed mode, sharing, tiered, compressed oops, compressed class ptrs, g1 gc, windows-amd64)
GC Precious Log:
 CPUs: 8 total, 8 available
 Memory: 8070M
 Large Page Support: Disabled
 NUMA Support: Disabled
 Compressed Oops: Enabled (Zero based)
 Heap Region Size: 4M
 Heap Min Capacity: 8M
 Heap Initial Capacity: 128M
 Heap Max Capacity: 8G
 Pre-touch: Disabled
 Parallel Workers: 8
 Concurrent Workers: 2
 Concurrent Refinement Workers: 8
 Periodic GC: Disabled
Heap:
 garbage-first heap   total 266240K, used 111530K [0x0000000600000000, 0x0000000800000000)
  region size 4096K, 17 young (69632K), 2 survivors (8192K)
 Metaspace       used 55241K, committed 56128K, reserved 1114112K
  class space    used 7593K, committed 8000K, reserved 1048576K
GC Heap History (20 events):
Event: 49.695 GC heap before
{Heap before GC invocations=18 (full 0):
 garbage-first heap   total 122880K, used 67732K [0x0000000600000000, 0x0000000800000000)
  region size 4096K, 7 young (28672K), 1 survivors (4096K)
 Metaspace       used 51903K, committed 52544K, reserved 1114112K
  class space    used 7247K, committed 7552K, reserved 1048576K
}
Event: 49.698 GC heap after
{Heap after GC invocations=19 (full 0):
 garbage-first heap   total 122880K, used 47236K [0x0000000600000000, 0x0000000800000000)
  region size 4096K, 1 young (4096K), 1 survivors (4096K)
 Metaspace       used 51903K, committed 52544K, reserved 1114112K
  class space    used 7247K, committed 7552K, reserved 1048576K
}
Event: 54.235 GC heap before
{Heap before GC invocations=20 (full 0):
 garbage-first heap   total 122880K, used 96388K [0x0000000600000000, 0x0000000800000000)
  region size 4096K, 13 young (53248K), 1 survivors (4096K)
 Metaspace       used 52867K, committed 53568K, reserved 1114112K
  class space    used 7375K, committed 7680K, reserved 1048576K
}
Event: 54.241 GC heap after
{Heap after GC invocations=21 (full 0):
 garbage-first heap   total 122880K, used 50968K [0x0000000600000000, 0x0000000800000000)
  region size 4096K, 2 young (8192K), 2 survivors (8192K)
 Metaspace       used 52867K, committed 53568K, reserved 1114112K
  class space    used 7375K, committed 7680K, reserved 1048576K
}
Event: 54.253 GC heap before
{Heap before GC invocations=21 (full 0):
 garbage-first heap   total 122880K, used 50968K [0x0000000600000000, 0x0000000800000000)
  region size 4096K, 3 young (12288K), 2 survivors (8192K)
 Metaspace       used 52867K, committed 53568K, reserved 1114112K
  class space    used 7375K, committed 7680K, reserved 1048576K
}
Event: 54.264 GC heap after
{Heap after GC invocations=22 (full 0):
 garbage-first heap   total 122880K, used 50690K [0x0000000600000000, 0x0000000800000000)
  region size 4096K, 1 young (4096K), 1 survivors (4096K)
 Metaspace       used 52867K, committed 53568K, reserved 1114112K
  class space    used 7375K, committed 7680K, reserved 1048576K
}
Event: 54.464 GC heap before
{Heap before GC invocations=22 (full 0):
 garbage-first heap   total 122880K, used 91650K [0x0000000600000000, 0x0000000800000000)
  region size 4096K, 11 young (45056K), 1 survivors (4096K)
 Metaspace       used 52876K, committed 53568K, reserved 1114112K
  class space    used 7375K, committed 7680K, reserved 1048576K
}
Event: 54.465 GC heap after
{Heap after GC invocations=23 (full 0):
 garbage-first heap   total 122880K, used 51573K [0x0000000600000000, 0x0000000800000000)
  region size 4096K, 1 young (4096K), 1 survivors (4096K)
 Metaspace       used 52876K, committed 53568K, reserved 1114112K
  class space    used 7375K, committed 7680K, reserved 1048576K
}
Event: 58.718 GC heap before
{Heap before GC invocations=23 (full 0):
 garbage-first heap   total 122880K, used 96629K [0x0000000600000000, 0x0000000800000000)
  region size 4096K, 12 young (49152K), 1 survivors (4096K)
 Metaspace       used 53299K, committed 54016K, reserved 1114112K
  class space    used 7435K, committed 7744K, reserved 1048576K
}
Event: 58.721 GC heap after
{Heap after GC invocations=24 (full 0):
 garbage-first heap   total 122880K, used 52882K [0x0000000600000000, 0x0000000800000000)
  region size 4096K, 1 young (4096K), 1 survivors (4096K)
 Metaspace       used 53299K, committed 54016K, reserved 1114112K
  class space    used 7435K, committed 7744K, reserved 1048576K
}
Event: 59.957 GC heap before
{Heap before GC invocations=24 (full 0):
 garbage-first heap   total 122880K, used 93842K [0x0000000600000000, 0x0000000800000000)
  region size 4096K, 11 young (45056K), 1 survivors (4096K)
 Metaspace       used 53701K, committed 54464K, reserved 1114112K
  class space    used 7474K, committed 7808K, reserved 1048576K
}
Event: 59.962 GC heap after
{Heap after GC invocations=25 (full 0):
 garbage-first heap   total 122880K, used 57232K [0x0000000600000000, 0x0000000800000000)
  region size 4096K, 2 young (8192K), 2 survivors (8192K)
 Metaspace       used 53701K, committed 54464K, reserved 1114112K
  class space    used 7474K, committed 7808K, reserved 1048576K
}
Event: 62.043 GC heap before
{Heap before GC invocations=25 (full 0):
 garbage-first heap   total 122880K, used 94096K [0x0000000600000000, 0x0000000800000000)
  region size 4096K, 11 young (45056K), 2 survivors (8192K)
 Metaspace       used 53950K, committed 54784K, reserved 1114112K
  class space    used 7488K, committed 7872K, reserved 1048576K
}
Event: 62.049 GC heap after
{Heap after GC invocations=26 (full 0):
 garbage-first heap   total 122880K, used 57381K [0x0000000600000000, 0x0000000800000000)
  region size 4096K, 2 young (8192K), 2 survivors (8192K)
 Metaspace       used 53950K, committed 54784K, reserved 1114112K
  class space    used 7488K, committed 7872K, reserved 1048576K
}
Event: 62.361 GC heap before
{Heap before GC invocations=26 (full 0):
 garbage-first heap   total 122880K, used 94245K [0x0000000600000000, 0x0000000800000000)
  region size 4096K, 11 young (45056K), 2 survivors (8192K)
 Metaspace       used 53969K, committed 54784K, reserved 1114112K
  class space    used 7489K, committed 7872K, reserved 1048576K
}
Event: 62.365 GC heap after
{Heap after GC invocations=27 (full 0):
 garbage-first heap   total 122880K, used 56770K [0x0000000600000000, 0x0000000800000000)
  region size 4096K, 1 young (4096K), 1 survivors (4096K)
 Metaspace       used 53969K, committed 54784K, reserved 1114112K
  class space    used 7489K, committed 7872K, reserved 1048576K
}
Event: 64.205 GC heap before
{Heap before GC invocations=27 (full 0):
 garbage-first heap   total 122880K, used 97730K [0x0000000600000000, 0x0000000800000000)
  region size 4096K, 11 young (45056K), 1 survivors (4096K)
 Metaspace       used 54277K, committed 55104K, reserved 1114112K
  class space    used 7501K, committed 7872K, reserved 1048576K
}
Event: 64.211 GC heap after
{Heap after GC invocations=28 (full 0):
 garbage-first heap   total 266240K, used 57768K [0x0000000600000000, 0x0000000800000000)
  region size 4096K, 2 young (8192K), 2 survivors (8192K)
 Metaspace       used 54277K, committed 55104K, reserved 1114112K
  class space    used 7501K, committed 7872K, reserved 1048576K
}
Event: 378.736 GC heap before
{Heap before GC invocations=28 (full 0):
 garbage-first heap   total 266240K, used 205224K [0x0000000600000000, 0x0000000800000000)
  region size 4096K, 39 young (159744K), 2 survivors (8192K)
 Metaspace       used 55165K, committed 56064K, reserved 1114112K
  class space    used 7592K, committed 8000K, reserved 1048576K
}
Event: 378.786 GC heap after
{Heap after GC invocations=29 (full 0):
 garbage-first heap   total 266240K, used 58282K [0x0000000600000000, 0x0000000800000000)
  region size 4096K, 2 young (8192K), 2 survivors (8192K)
 Metaspace       used 55165K, committed 56064K, reserved 1114112K
  class space    used 7592K, committed 8000K, reserved 1048576K
}

