# JRE version: OpenJDK Runtime Environment Temurin-17.0.19+10 (17.0.19+10) (build 17.0.19+10)
# Java VM: OpenJDK 64-Bit Server VM Temurin-17.0.19+10 (17.0.19+10, mixed mode, sharing, tiered, compressed oops, compressed class ptrs, g1 gc, windows-amd64)
GC Precious Log:
 CPUs: 8 total, 8 available
 Memory: 8070M
 Large Page Support: Disabled
 NUMA Support: Disabled
 Compressed Oops: Enabled (Zero based)
 Heap Region Size: 4M
 Heap Min Capacity: 8M
 Heap Initial Capacity: 128M
 Heap Max Capacity: 8G
 Pre-touch: Disabled
 Parallel Workers: 8
 Concurrent Workers: 2
 Concurrent Refinement Workers: 8
 Periodic GC: Disabled
Heap:
 garbage-first heap   total 110592K, used 75266K [0x0000000600000000, 0x0000000800000000)
  region size 4096K, 7 young (28672K), 2 survivors (8192K)
 Metaspace       used 67109K, committed 68032K, reserved 1114112K
  class space    used 9633K, committed 10048K, reserved 1048576K
GC Heap History (20 events):
Event: 32.150 GC heap before
{Heap before GC invocations=13 (full 0):
 garbage-first heap   total 110592K, used 56834K [0x0000000600000000, 0x0000000800000000)
  region size 4096K, 7 young (28672K), 2 survivors (8192K)
 Metaspace       used 48468K, committed 49216K, reserved 1114112K
  class space    used 6933K, committed 7296K, reserved 1048576K
}
Event: 32.159 GC heap after
{Heap after GC invocations=14 (full 0):
 garbage-first heap   total 110592K, used 42505K [0x0000000600000000, 0x0000000800000000)
  region size 4096K, 2 young (8192K), 2 survivors (8192K)
 Metaspace       used 48468K, committed 49216K, reserved 1114112K
  class space    used 6933K, committed 7296K, reserved 1048576K
}
Event: 34.725 GC heap before
{Heap before GC invocations=15 (full 0):
 garbage-first heap   total 110592K, used 75273K [0x0000000600000000, 0x0000000800000000)
  region size 4096K, 11 young (45056K), 2 survivors (8192K)
 Metaspace       used 49609K, committed 50496K, reserved 1114112K
  class space    used 7100K, committed 7552K, reserved 1048576K
}
Event: 34.734 GC heap after
{Heap after GC invocations=16 (full 0):
 garbage-first heap   total 110592K, used 44513K [0x0000000600000000, 0x0000000800000000)
  region size 4096K, 2 young (8192K), 2 survivors (8192K)
 Metaspace       used 49609K, committed 50496K, reserved 1114112K
  class space    used 7100K, committed 7552K, reserved 1048576K
}
Event: 36.849 GC heap before
{Heap before GC invocations=16 (full 0):
 garbage-first heap   total 110592K, used 77281K [0x0000000600000000, 0x0000000800000000)
  region size 4096K, 11 young (45056K), 2 survivors (8192K)
 Metaspace       used 52407K, committed 53312K, reserved 1114112K
  class space    used 7569K, committed 8000K, reserved 1048576K
}
Event: 36.856 GC heap after
{Heap after GC invocations=17 (full 0):
 garbage-first heap   total 110592K, used 50598K [0x0000000600000000, 0x0000000800000000)
  region size 4096K, 2 young (8192K), 2 survivors (8192K)
 Metaspace       used 52407K, committed 53312K, reserved 1114112K
  class space    used 7569K, committed 8000K, reserved 1048576K
}
Event: 38.052 GC heap before
{Heap before GC invocations=17 (full 0):
 garbage-first heap   total 110592K, used 83366K [0x0000000600000000, 0x0000000800000000)
  region size 4096K, 10 young (40960K), 2 survivors (8192K)
 Metaspace       used 55649K, committed 56448K, reserved 1114112K
  class space    used 8001K, committed 8384K, reserved 1048576K
}
Event: 38.057 GC heap after
{Heap after GC invocations=18 (full 0):
 garbage-first heap   total 110592K, used 52363K [0x0000000600000000, 0x0000000800000000)
  region size 4096K, 1 young (4096K), 1 survivors (4096K)
 Metaspace       used 55649K, committed 56448K, reserved 1114112K
  class space    used 8001K, committed 8384K, reserved 1048576K
}
Event: 39.199 GC heap before
{Heap before GC invocations=18 (full 0):
 garbage-first heap   total 110592K, used 81035K [0x0000000600000000, 0x0000000800000000)
  region size 4096K, 8 young (32768K), 1 survivors (4096K)
 Metaspace       used 58520K, committed 59456K, reserved 1114112K
  class space    used 8371K, committed 8832K, reserved 1048576K
}
Event: 39.204 GC heap after
{Heap after GC invocations=19 (full 0):
 garbage-first heap   total 110592K, used 53292K [0x0000000600000000, 0x0000000800000000)
  region size 4096K, 1 young (4096K), 1 survivors (4096K)
 Metaspace       used 58520K, committed 59456K, reserved 1114112K
  class space    used 8371K, committed 8832K, reserved 1048576K
}
Event: 40.374 GC heap before
{Heap before GC invocations=20 (full 0):
 garbage-first heap   total 110592K, used 86060K [0x0000000600000000, 0x0000000800000000)
  region size 4096K, 9 young (36864K), 1 survivors (4096K)
 Metaspace       used 60502K, committed 61376K, reserved 1114112K
  class space    used 8648K, committed 9088K, reserved 1048576K
}
Event: 40.378 GC heap after
{Heap after GC invocations=21 (full 0):
 garbage-first heap   total 110592K, used 53977K [0x0000000600000000, 0x0000000800000000)
  region size 4096K, 1 young (4096K), 1 survivors (4096K)
 Metaspace       used 60502K, committed 61376K, reserved 1114112K
  class space    used 8648K, committed 9088K, reserved 1048576K
}
Event: 40.666 GC heap before
{Heap before GC invocations=21 (full 0):
 garbage-first heap   total 110592K, used 58073K [0x0000000600000000, 0x0000000800000000)
  region size 4096K, 2 young (8192K), 1 survivors (4096K)
 Metaspace       used 60738K, committed 61632K, reserved 1114112K
  class space    used 8683K, committed 9088K, reserved 1048576K
}
Event: 40.673 GC heap after
{Heap after GC invocations=22 (full 0):
 garbage-first heap   total 110592K, used 52535K [0x0000000600000000, 0x0000000800000000)
  region size 4096K, 1 young (4096K), 1 survivors (4096K)
 Metaspace       used 60738K, committed 61632K, reserved 1114112K
  class space    used 8683K, committed 9088K, reserved 1048576K
}
Event: 41.612 GC heap before
{Heap before GC invocations=22 (full 0):
 garbage-first heap   total 110592K, used 85303K [0x0000000600000000, 0x0000000800000000)
  region size 4096K, 9 young (36864K), 1 survivors (4096K)
 Metaspace       used 62744K, committed 63680K, reserved 1114112K
  class space    used 8974K, committed 9408K, reserved 1048576K
}
Event: 41.618 GC heap after
{Heap after GC invocations=23 (full 0):
 garbage-first heap   total 110592K, used 53613K [0x0000000600000000, 0x0000000800000000)
  region size 4096K, 1 young (4096K), 1 survivors (4096K)
 Metaspace       used 62744K, committed 63680K, reserved 1114112K
  class space    used 8974K, committed 9408K, reserved 1048576K
}
Event: 43.559 GC heap before
{Heap before GC invocations=24 (full 0):
 garbage-first heap   total 110592K, used 86381K [0x0000000600000000, 0x0000000800000000)
  region size 4096K, 9 young (36864K), 1 survivors (4096K)
 Metaspace       used 64736K, committed 65600K, reserved 1114112K
  class space    used 9255K, committed 9664K, reserved 1048576K
}
Event: 43.567 GC heap after
{Heap after GC invocations=25 (full 0):
 garbage-first heap   total 110592K, used 55851K [0x0000000600000000, 0x0000000800000000)
  region size 4096K, 2 young (8192K), 2 survivors (8192K)
 Metaspace       used 64736K, committed 65600K, reserved 1114112K
  class space    used 9255K, committed 9664K, reserved 1048576K
}
Event: 44.564 GC heap before
{Heap before GC invocations=25 (full 0):
 garbage-first heap   total 110592K, used 80427K [0x0000000600000000, 0x0000000800000000)
  region size 4096K, 9 young (36864K), 2 survivors (8192K)
 Metaspace       used 66047K, committed 67008K, reserved 1114112K
  class space    used 9445K, committed 9856K, reserved 1048576K
}
Event: 44.573 GC heap after
{Heap after GC invocations=26 (full 0):
 garbage-first heap   total 110592K, used 58882K [0x0000000600000000, 0x0000000800000000)
  region size 4096K, 2 young (8192K), 2 survivors (8192K)
 Metaspace       used 66047K, committed 67008K, reserved 1114112K
  class space    used 9445K, committed 9856K, reserved 1048576K
}

