# JRE version: OpenJDK Runtime Environment Temurin-21.0.12.1+1 (21.0.12.1+1) (build 21.0.12.1+1-LTS)
# Java VM: OpenJDK 64-Bit Server VM Temurin-21.0.12.1+1 (21.0.12.1+1-LTS, mixed mode, sharing, tiered, compressed oops, compressed class ptrs, parallel gc, windows-amd64)
GC Precious Log:
 CardTable entry size: 512
 CPUs: 8 total, 8 available
 Memory: 8070M
 Large Page Support: Disabled
 NUMA Support: Disabled
 Compressed Oops: Enabled (32-bit)
 Alignments: Space 512K, Generation 512K, Heap 2M
 Heap Min Capacity: 100M
 Heap Initial Capacity: 100M
 Heap Max Capacity: 2G
 Pre-touch: Disabled
 Parallel Workers: 8
Heap:
 PSYoungGen      total 20480K, used 4354K [0x00000000d5580000, 0x00000000d6b80000, 0x0000000100000000)
  eden space 19456K, 17% used [0x00000000d5580000,0x00000000d58e88c8,0x00000000d6880000)
  from space 1024K, 84% used [0x00000000d6a80000,0x00000000d6b58000,0x00000000d6b80000)
  to   space 1536K, 0% used [0x00000000d6880000,0x00000000d6880000,0x00000000d6a00000)
 ParOldGen       total 100864K, used 100464K [0x0000000080000000, 0x0000000086280000, 0x00000000d5580000)
  object space 100864K, 99% used [0x0000000080000000,0x000000008621c388,0x0000000086280000)
 Metaspace       used 76980K, committed 78592K, reserved 1179648K
  class space    used 10135K, committed 10880K, reserved 1048576K
GC Heap History (20 events):
Event: 42.371 GC heap before
{Heap before GC invocations=62 (full 3):
 PSYoungGen      total 20480K, used 20443K [0x00000000d5580000, 0x00000000d6e80000, 0x0000000100000000)
  eden space 19456K, 100% used [0x00000000d5580000,0x00000000d6880000,0x00000000d6880000)
  from space 1024K, 96% used [0x00000000d6d80000,0x00000000d6e76eb8,0x00000000d6e80000)
  to   space 1536K, 0% used [0x00000000d6b80000,0x00000000d6b80000,0x00000000d6d00000)
 ParOldGen       total 90624K, used 90153K [0x0000000080000000, 0x0000000085880000, 0x00000000d5580000)
  object space 90624K, 99% used [0x0000000080000000,0x000000008580a5f8,0x0000000085880000)
 Metaspace       used 73763K, committed 75264K, reserved 1114112K
  class space    used 9692K, committed 10368K, reserved 1048576K
}
Event: 42.372 GC heap after
{Heap after GC invocations=62 (full 3):
 PSYoungGen      total 20992K, used 1103K [0x00000000d5580000, 0x00000000d6e00000, 0x0000000100000000)
  eden space 19456K, 0% used [0x00000000d5580000,0x00000000d5580000,0x00000000d6880000)
  from space 1536K, 71% used [0x00000000d6b80000,0x00000000d6c93df0,0x00000000d6d00000)
  to   space 1024K, 0% used [0x00000000d6d00000,0x00000000d6d00000,0x00000000d6e00000)
 ParOldGen       total 91136K, used 90859K [0x0000000080000000, 0x0000000085900000, 0x00000000d5580000)
  object space 91136K, 99% used [0x0000000080000000,0x00000000858bae60,0x0000000085900000)
 Metaspace       used 73763K, committed 75264K, reserved 1114112K
  class space    used 9692K, committed 10368K, reserved 1048576K
}
Event: 42.644 GC heap before
{Heap before GC invocations=63 (full 3):
 PSYoungGen      total 20992K, used 20559K [0x00000000d5580000, 0x00000000d6e00000, 0x0000000100000000)
  eden space 19456K, 100% used [0x00000000d5580000,0x00000000d6880000,0x00000000d6880000)
  from space 1536K, 71% used [0x00000000d6b80000,0x00000000d6c93df0,0x00000000d6d00000)
  to   space 1024K, 0% used [0x00000000d6d00000,0x00000000d6d00000,0x00000000d6e00000)
 ParOldGen       total 91136K, used 90859K [0x0000000080000000, 0x0000000085900000, 0x00000000d5580000)
  object space 91136K, 99% used [0x0000000080000000,0x00000000858bae60,0x0000000085900000)
 Metaspace       used 73763K, committed 75264K, reserved 1114112K
  class space    used 9692K, committed 10368K, reserved 1048576K
}
Event: 42.646 GC heap after
{Heap after GC invocations=63 (full 3):
 PSYoungGen      total 20480K, used 1017K [0x00000000d5580000, 0x00000000d6e00000, 0x0000000100000000)
  eden space 19456K, 0% used [0x00000000d5580000,0x00000000d5580000,0x00000000d6880000)
  from space 1024K, 99% used [0x00000000d6d00000,0x00000000d6dfe760,0x00000000d6e00000)
  to   space 1536K, 0% used [0x00000000d6b00000,0x00000000d6b00000,0x00000000d6c80000)
 ParOldGen       total 91648K, used 91210K [0x0000000080000000, 0x0000000085980000, 0x00000000d5580000)
  object space 91648K, 99% used [0x0000000080000000,0x00000000859128f8,0x0000000085980000)
 Metaspace       used 73763K, committed 75264K, reserved 1114112K
  class space    used 9692K, committed 10368K, reserved 1048576K
}
Event: 44.039 GC heap before
{Heap before GC invocations=64 (full 3):
 PSYoungGen      total 20480K, used 20473K [0x00000000d5580000, 0x00000000d6e00000, 0x0000000100000000)
  eden space 19456K, 100% used [0x00000000d5580000,0x00000000d6880000,0x00000000d6880000)
  from space 1024K, 99% used [0x00000000d6d00000,0x00000000d6dfe760,0x00000000d6e00000)
  to   space 1536K, 0% used [0x00000000d6b00000,0x00000000d6b00000,0x00000000d6c80000)
 ParOldGen       total 91648K, used 91210K [0x0000000080000000, 0x0000000085980000, 0x00000000d5580000)
  object space 91648K, 99% used [0x0000000080000000,0x00000000859128f8,0x0000000085980000)
 Metaspace       used 73763K, committed 75264K, reserved 1114112K
  class space    used 9692K, committed 10368K, reserved 1048576K
}
Event: 44.040 GC heap after
{Heap after GC invocations=64 (full 3):
 PSYoungGen      total 20480K, used 925K [0x00000000d5580000, 0x00000000d6d80000, 0x0000000100000000)
  eden space 19456K, 0% used [0x00000000d5580000,0x00000000d5580000,0x00000000d6880000)
  from space 1024K, 90% used [0x00000000d6b00000,0x00000000d6be7790,0x00000000d6c00000)
  to   space 1536K, 0% used [0x00000000d6c00000,0x00000000d6c00000,0x00000000d6d80000)
 ParOldGen       total 91648K, used 91354K [0x0000000080000000, 0x0000000085980000, 0x00000000d5580000)
  object space 91648K, 99% used [0x0000000080000000,0x00000000859368f8,0x0000000085980000)
 Metaspace       used 73763K, committed 75264K, reserved 1114112K
  class space    used 9692K, committed 10368K, reserved 1048576K
}
Event: 44.240 GC heap before
{Heap before GC invocations=65 (full 3):
 PSYoungGen      total 20480K, used 20381K [0x00000000d5580000, 0x00000000d6d80000, 0x0000000100000000)
  eden space 19456K, 100% used [0x00000000d5580000,0x00000000d6880000,0x00000000d6880000)
  from space 1024K, 90% used [0x00000000d6b00000,0x00000000d6be7790,0x00000000d6c00000)
  to   space 1536K, 0% used [0x00000000d6c00000,0x00000000d6c00000,0x00000000d6d80000)
 ParOldGen       total 91648K, used 91354K [0x0000000080000000, 0x0000000085980000, 0x00000000d5580000)
  object space 91648K, 99% used [0x0000000080000000,0x00000000859368f8,0x0000000085980000)
 Metaspace       used 73763K, committed 75264K, reserved 1114112K
  class space    used 9692K, committed 10368K, reserved 1048576K
}
Event: 44.242 GC heap after
{Heap after GC invocations=65 (full 3):
 PSYoungGen      total 19968K, used 497K [0x00000000d5580000, 0x00000000d6c80000, 0x0000000100000000)
  eden space 19456K, 0% used [0x00000000d5580000,0x00000000d5580000,0x00000000d6880000)
  from space 512K, 97% used [0x00000000d6c00000,0x00000000d6c7c640,0x00000000d6c80000)
  to   space 1024K, 0% used [0x00000000d6a80000,0x00000000d6a80000,0x00000000d6b80000)
 ParOldGen       total 92160K, used 91738K [0x0000000080000000, 0x0000000085a00000, 0x00000000d5580000)
  object space 92160K, 99% used [0x0000000080000000,0x0000000085996b00,0x0000000085a00000)
 Metaspace       used 73763K, committed 75264K, reserved 1114112K
  class space    used 9692K, committed 10368K, reserved 1048576K
}
Event: 44.788 GC heap before
{Heap before GC invocations=66 (full 3):
 PSYoungGen      total 19968K, used 19953K [0x00000000d5580000, 0x00000000d6c80000, 0x0000000100000000)
  eden space 19456K, 100% used [0x00000000d5580000,0x00000000d6880000,0x00000000d6880000)
  from space 512K, 97% used [0x00000000d6c00000,0x00000000d6c7c640,0x00000000d6c80000)
  to   space 1024K, 0% used [0x00000000d6a80000,0x00000000d6a80000,0x00000000d6b80000)
 ParOldGen       total 92160K, used 91738K [0x0000000080000000, 0x0000000085a00000, 0x00000000d5580000)
  object space 92160K, 99% used [0x0000000080000000,0x0000000085996b00,0x0000000085a00000)
 Metaspace       used 75584K, committed 77184K, reserved 1179648K
  class space    used 9971K, committed 10688K, reserved 1048576K
}
Event: 44.791 GC heap after
{Heap after GC invocations=66 (full 3):
 PSYoungGen      total 20480K, used 1008K [0x00000000d5580000, 0x00000000d6c80000, 0x0000000100000000)
  eden space 19456K, 0% used [0x00000000d5580000,0x00000000d5580000,0x00000000d6880000)
  from space 1024K, 98% used [0x00000000d6a80000,0x00000000d6b7c010,0x00000000d6b80000)
  to   space 1024K, 0% used [0x00000000d6b80000,0x00000000d6b80000,0x00000000d6c80000)
 ParOldGen       total 92160K, used 92098K [0x0000000080000000, 0x0000000085a00000, 0x00000000d5580000)
  object space 92160K, 99% used [0x0000000080000000,0x00000000859f0b10,0x0000000085a00000)
 Metaspace       used 75584K, committed 77184K, reserved 1179648K
  class space    used 9971K, committed 10688K, reserved 1048576K
}
Event: 52.493 GC heap before
{Heap before GC invocations=67 (full 3):
 PSYoungGen      total 20480K, used 20464K [0x00000000d5580000, 0x00000000d6c80000, 0x0000000100000000)
  eden space 19456K, 100% used [0x00000000d5580000,0x00000000d6880000,0x00000000d6880000)
  from space 1024K, 98% used [0x00000000d6a80000,0x00000000d6b7c010,0x00000000d6b80000)
  to   space 1024K, 0% used [0x00000000d6b80000,0x00000000d6b80000,0x00000000d6c80000)
 ParOldGen       total 92160K, used 92098K [0x0000000080000000, 0x0000000085a00000, 0x00000000d5580000)
  object space 92160K, 99% used [0x0000000080000000,0x00000000859f0b10,0x0000000085a00000)
 Metaspace       used 76581K, committed 78208K, reserved 1179648K
  class space    used 10115K, committed 10816K, reserved 1048576K
}
Event: 52.496 GC heap after
{Heap after GC invocations=67 (full 3):
 PSYoungGen      total 20480K, used 1024K [0x00000000d5580000, 0x00000000d6e80000, 0x0000000100000000)
  eden space 19456K, 0% used [0x00000000d5580000,0x00000000d5580000,0x00000000d6880000)
  from space 1024K, 100% used [0x00000000d6b80000,0x00000000d6c80000,0x00000000d6c80000)
  to   space 3072K, 0% used [0x00000000d6880000,0x00000000d6880000,0x00000000d6b80000)
 ParOldGen       total 93696K, used 93634K [0x0000000080000000, 0x0000000085b80000, 0x00000000d5580000)
  object space 93696K, 99% used [0x0000000080000000,0x0000000085b70b30,0x0000000085b80000)
 Metaspace       used 76581K, committed 78208K, reserved 1179648K
  class space    used 10115K, committed 10816K, reserved 1048576K
}
Event: 52.790 GC heap before
{Heap before GC invocations=68 (full 3):
 PSYoungGen      total 20480K, used 20196K [0x00000000d5580000, 0x00000000d6e80000, 0x0000000100000000)
  eden space 19456K, 98% used [0x00000000d5580000,0x00000000d68390a0,0x00000000d6880000)
  from space 1024K, 100% used [0x00000000d6b80000,0x00000000d6c80000,0x00000000d6c80000)
  to   space 3072K, 0% used [0x00000000d6880000,0x00000000d6880000,0x00000000d6b80000)
 ParOldGen       total 93696K, used 93634K [0x0000000080000000, 0x0000000085b80000, 0x00000000d5580000)
  object space 93696K, 99% used [0x0000000080000000,0x0000000085b70b30,0x0000000085b80000)
 Metaspace       used 76581K, committed 78208K, reserved 1179648K
  class space    used 10115K, committed 10816K, reserved 1048576K
}
Event: 52.793 GC heap after
{Heap after GC invocations=68 (full 3):
 PSYoungGen      total 21504K, used 2048K [0x00000000d5580000, 0x00000000d6d80000, 0x0000000100000000)
  eden space 19456K, 0% used [0x00000000d5580000,0x00000000d5580000,0x00000000d6880000)
  from space 2048K, 100% used [0x00000000d6880000,0x00000000d6a80000,0x00000000d6a80000)
  to   space 2560K, 0% used [0x00000000d6b00000,0x00000000d6b00000,0x00000000d6d80000)
 ParOldGen       total 94720K, used 94706K [0x0000000080000000, 0x0000000085c80000, 0x00000000d5580000)
  object space 94720K, 99% used [0x0000000080000000,0x0000000085c7cb50,0x0000000085c80000)
 Metaspace       used 76581K, committed 78208K, reserved 1179648K
  class space    used 10115K, committed 10816K, reserved 1048576K
}
Event: 64.645 GC heap before
{Heap before GC invocations=69 (full 3):
 PSYoungGen      total 21504K, used 21504K [0x00000000d5580000, 0x00000000d6d80000, 0x0000000100000000)
  eden space 19456K, 100% used [0x00000000d5580000,0x00000000d6880000,0x00000000d6880000)
  from space 2048K, 100% used [0x00000000d6880000,0x00000000d6a80000,0x00000000d6a80000)
  to   space 2560K, 0% used [0x00000000d6b00000,0x00000000d6b00000,0x00000000d6d80000)
 ParOldGen       total 94720K, used 94706K [0x0000000080000000, 0x0000000085c80000, 0x00000000d5580000)
  object space 94720K, 99% used [0x0000000080000000,0x0000000085c7cb50,0x0000000085c80000)
 Metaspace       used 76787K, committed 78400K, reserved 1179648K
  class space    used 10134K, committed 10880K, reserved 1048576K
}
Event: 64.649 GC heap after
{Heap after GC invocations=69 (full 3):
 PSYoungGen      total 22016K, used 2192K [0x00000000d5580000, 0x00000000d6d80000, 0x0000000100000000)
  eden space 19456K, 0% used [0x00000000d5580000,0x00000000d5580000,0x00000000d6880000)
  from space 2560K, 85% used [0x00000000d6b00000,0x00000000d6d24008,0x00000000d6d80000)
  to   space 2560K, 0% used [0x00000000d6880000,0x00000000d6880000,0x00000000d6b00000)
 ParOldGen       total 96768K, used 96618K [0x0000000080000000, 0x0000000085e80000, 0x00000000d5580000)
  object space 96768K, 99% used [0x0000000080000000,0x0000000085e5ab50,0x0000000085e80000)
 Metaspace       used 76787K, committed 78400K, reserved 1179648K
  class space    used 10134K, committed 10880K, reserved 1048576K
}
Event: 66.847 GC heap before
{Heap before GC invocations=70 (full 3):
 PSYoungGen      total 22016K, used 21648K [0x00000000d5580000, 0x00000000d6d80000, 0x0000000100000000)
  eden space 19456K, 100% used [0x00000000d5580000,0x00000000d6880000,0x00000000d6880000)
  from space 2560K, 85% used [0x00000000d6b00000,0x00000000d6d24008,0x00000000d6d80000)
  to   space 2560K, 0% used [0x00000000d6880000,0x00000000d6880000,0x00000000d6b00000)
 ParOldGen       total 96768K, used 96618K [0x0000000080000000, 0x0000000085e80000, 0x00000000d5580000)
  object space 96768K, 99% used [0x0000000080000000,0x0000000085e5ab50,0x0000000085e80000)
 Metaspace       used 76834K, committed 78464K, reserved 1179648K
  class space    used 10135K, committed 10880K, reserved 1048576K
}
Event: 66.851 GC heap after
{Heap after GC invocations=70 (full 3):
 PSYoungGen      total 21504K, used 1851K [0x00000000d5580000, 0x00000000d6c80000, 0x0000000100000000)
  eden space 19456K, 0% used [0x00000000d5580000,0x00000000d5580000,0x00000000d6880000)
  from space 2048K, 90% used [0x00000000d6880000,0x00000000d6a4ec08,0x00000000d6a80000)
  to   space 2048K, 0% used [0x00000000d6a80000,0x00000000d6a80000,0x00000000d6c80000)
 ParOldGen       total 98816K, used 98650K [0x0000000080000000, 0x0000000086080000, 0x00000000d5580000)
  object space 98816K, 99% used [0x0000000080000000,0x0000000086056b78,0x0000000086080000)
 Metaspace       used 76834K, committed 78464K, reserved 1179648K
  class space    used 10135K, committed 10880K, reserved 1048576K
}
Event: 69.543 GC heap before
{Heap before GC invocations=71 (full 3):
 PSYoungGen      total 21504K, used 21307K [0x00000000d5580000, 0x00000000d6c80000, 0x0000000100000000)
  eden space 19456K, 100% used [0x00000000d5580000,0x00000000d6880000,0x00000000d6880000)
  from space 2048K, 90% used [0x00000000d6880000,0x00000000d6a4ec08,0x00000000d6a80000)
  to   space 2048K, 0% used [0x00000000d6a80000,0x00000000d6a80000,0x00000000d6c80000)
 ParOldGen       total 98816K, used 98650K [0x0000000080000000, 0x0000000086080000, 0x00000000d5580000)
  object space 98816K, 99% used [0x0000000080000000,0x0000000086056b78,0x0000000086080000)
 Metaspace       used 76978K, committed 78592K, reserved 1179648K
  class space    used 10135K, committed 10880K, reserved 1048576K
}
Event: 69.545 GC heap after
{Heap after GC invocations=71 (full 3):
 PSYoungGen      total 20480K, used 864K [0x00000000d5580000, 0x00000000d6b80000, 0x0000000100000000)
  eden space 19456K, 0% used [0x00000000d5580000,0x00000000d5580000,0x00000000d6880000)
  from space 1024K, 84% used [0x00000000d6a80000,0x00000000d6b58000,0x00000000d6b80000)
  to   space 1536K, 0% used [0x00000000d6880000,0x00000000d6880000,0x00000000d6a00000)
 ParOldGen       total 100864K, used 100464K [0x0000000080000000, 0x0000000086280000, 0x00000000d5580000)
  object space 100864K, 99% used [0x0000000080000000,0x000000008621c388,0x0000000086280000)
 Metaspace       used 76978K, committed 78592K, reserved 1179648K
  class space    used 10135K, committed 10880K, reserved 1048576K
}

