# JRE version: OpenJDK Runtime Environment Temurin-17.0.19+10 (17.0.19+10) (build 17.0.19+10)
# Java VM: OpenJDK 64-Bit Server VM Temurin-17.0.19+10 (17.0.19+10, mixed mode, sharing, tiered, compressed oops, compressed class ptrs, g1 gc, windows-amd64)
GC Precious Log:
 CPUs: 8 total, 8 available
 Memory: 8070M
 Large Page Support: Disabled
 NUMA Support: Disabled
 Compressed Oops: Enabled (Zero based)
 Heap Region Size: 4M
 Heap Min Capacity: 8M
 Heap Initial Capacity: 128M
 Heap Max Capacity: 8G
 Pre-touch: Disabled
 Parallel Workers: 8
 Concurrent Workers: 2
 Concurrent Refinement Workers: 8
 Periodic GC: Disabled
Heap:
 garbage-first heap   total 225280K, used 174767K [0x0000000600000000, 0x0000000800000000)
  region size 4096K, 10 young (40960K), 1 survivors (4096K)
 Metaspace       used 116014K, committed 117248K, reserved 1179648K
  class space    used 16175K, committed 16768K, reserved 1048576K
GC Heap History (20 events):
Event: 76.877 GC heap before
{Heap before GC invocations=54 (full 0):
 garbage-first heap   total 221184K, used 182446K [0x0000000600000000, 0x0000000800000000)
  region size 4096K, 16 young (65536K), 1 survivors (4096K)
 Metaspace       used 97595K, committed 98496K, reserved 1179648K
  class space    used 13691K, committed 14144K, reserved 1048576K
}
Event: 76.885 GC heap after
{Heap after GC invocations=55 (full 0):
 garbage-first heap   total 221184K, used 122930K [0x0000000600000000, 0x0000000800000000)
  region size 4096K, 2 young (8192K), 2 survivors (8192K)
 Metaspace       used 97595K, committed 98496K, reserved 1179648K
  class space    used 13691K, committed 14144K, reserved 1048576K
}
Event: 76.946 GC heap before
{Heap before GC invocations=55 (full 0):
 garbage-first heap   total 221184K, used 122930K [0x0000000600000000, 0x0000000800000000)
  region size 4096K, 3 young (12288K), 2 survivors (8192K)
 Metaspace       used 97770K, committed 98688K, reserved 1179648K
  class space    used 13713K, committed 14144K, reserved 1048576K
}
Event: 76.955 GC heap after
{Heap after GC invocations=56 (full 0):
 garbage-first heap   total 221184K, used 121450K [0x0000000600000000, 0x0000000800000000)
  region size 4096K, 1 young (4096K), 1 survivors (4096K)
 Metaspace       used 97770K, committed 98688K, reserved 1179648K
  class space    used 13713K, committed 14144K, reserved 1048576K
}
Event: 78.656 GC heap before
{Heap before GC invocations=56 (full 0):
 garbage-first heap   total 221184K, used 174698K [0x0000000600000000, 0x0000000800000000)
  region size 4096K, 15 young (61440K), 1 survivors (4096K)
 Metaspace       used 101044K, committed 102016K, reserved 1179648K
  class space    used 14175K, committed 14656K, reserved 1048576K
}
Event: 78.661 GC heap after
{Heap after GC invocations=57 (full 0):
 garbage-first heap   total 221184K, used 124208K [0x0000000600000000, 0x0000000800000000)
  region size 4096K, 1 young (4096K), 1 survivors (4096K)
 Metaspace       used 101044K, committed 102016K, reserved 1179648K
  class space    used 14175K, committed 14656K, reserved 1048576K
}
Event: 80.881 GC heap before
{Heap before GC invocations=58 (full 0):
 garbage-first heap   total 225280K, used 177456K [0x0000000600000000, 0x0000000800000000)
  region size 4096K, 15 young (61440K), 1 survivors (4096K)
 Metaspace       used 102634K, committed 103680K, reserved 1179648K
  class space    used 14405K, committed 14912K, reserved 1048576K
}
Event: 80.891 GC heap after
{Heap after GC invocations=59 (full 0):
 garbage-first heap   total 225280K, used 129698K [0x0000000600000000, 0x0000000800000000)
  region size 4096K, 2 young (8192K), 2 survivors (8192K)
 Metaspace       used 102634K, committed 103680K, reserved 1179648K
  class space    used 14405K, committed 14912K, reserved 1048576K
}
Event: 81.011 GC heap before
{Heap before GC invocations=59 (full 0):
 garbage-first heap   total 225280K, used 133794K [0x0000000600000000, 0x0000000800000000)
  region size 4096K, 3 young (12288K), 2 survivors (8192K)
 Metaspace       used 102796K, committed 103872K, reserved 1179648K
  class space    used 14431K, committed 14976K, reserved 1048576K
}
Event: 81.020 GC heap after
{Heap after GC invocations=60 (full 0):
 garbage-first heap   total 225280K, used 129750K [0x0000000600000000, 0x0000000800000000)
  region size 4096K, 1 young (4096K), 1 survivors (4096K)
 Metaspace       used 102796K, committed 103872K, reserved 1179648K
  class space    used 14431K, committed 14976K, reserved 1048576K
}
Event: 82.742 GC heap before
{Heap before GC invocations=60 (full 0):
 garbage-first heap   total 225280K, used 178902K [0x0000000600000000, 0x0000000800000000)
  region size 4096K, 14 young (57344K), 1 survivors (4096K)
 Metaspace       used 105152K, committed 106240K, reserved 1179648K
  class space    used 14735K, committed 15232K, reserved 1048576K
}
Event: 82.748 GC heap after
{Heap after GC invocations=61 (full 0):
 garbage-first heap   total 225280K, used 132328K [0x0000000600000000, 0x0000000800000000)
  region size 4096K, 1 young (4096K), 1 survivors (4096K)
 Metaspace       used 105152K, committed 106240K, reserved 1179648K
  class space    used 14735K, committed 15232K, reserved 1048576K
}
Event: 84.837 GC heap before
{Heap before GC invocations=61 (full 0):
 garbage-first heap   total 225280K, used 185576K [0x0000000600000000, 0x0000000800000000)
  region size 4096K, 14 young (57344K), 1 survivors (4096K)
 Metaspace       used 107407K, committed 108480K, reserved 1179648K
  class space    used 15042K, committed 15552K, reserved 1048576K
}
Event: 84.847 GC heap after
{Heap after GC invocations=62 (full 0):
 garbage-first heap   total 225280K, used 136778K [0x0000000600000000, 0x0000000800000000)
  region size 4096K, 2 young (8192K), 2 survivors (8192K)
 Metaspace       used 107407K, committed 108480K, reserved 1179648K
  class space    used 15042K, committed 15552K, reserved 1048576K
}
Event: 87.506 GC heap before
{Heap before GC invocations=62 (full 0):
 garbage-first heap   total 225280K, used 185930K [0x0000000600000000, 0x0000000800000000)
  region size 4096K, 14 young (57344K), 2 survivors (8192K)
 Metaspace       used 110960K, committed 112064K, reserved 1179648K
  class space    used 15512K, committed 16064K, reserved 1048576K
}
Event: 87.516 GC heap after
{Heap after GC invocations=63 (full 0):
 garbage-first heap   total 225280K, used 139385K [0x0000000600000000, 0x0000000800000000)
  region size 4096K, 1 young (4096K), 1 survivors (4096K)
 Metaspace       used 110960K, committed 112064K, reserved 1179648K
  class space    used 15512K, committed 16064K, reserved 1048576K
}
Event: 104.781 GC heap before
{Heap before GC invocations=63 (full 0):
 garbage-first heap   total 225280K, used 180345K [0x0000000600000000, 0x0000000800000000)
  region size 4096K, 12 young (49152K), 1 survivors (4096K)
 Metaspace       used 112163K, committed 113344K, reserved 1179648K
  class space    used 15679K, committed 16256K, reserved 1048576K
}
Event: 104.791 GC heap after
{Heap after GC invocations=64 (full 0):
 garbage-first heap   total 225280K, used 143766K [0x0000000600000000, 0x0000000800000000)
  region size 4096K, 2 young (8192K), 2 survivors (8192K)
 Metaspace       used 112163K, committed 113344K, reserved 1179648K
  class space    used 15679K, committed 16256K, reserved 1048576K
}
Event: 152.454 GC heap before
{Heap before GC invocations=64 (full 0):
 garbage-first heap   total 225280K, used 184726K [0x0000000600000000, 0x0000000800000000)
  region size 4096K, 12 young (49152K), 2 survivors (8192K)
 Metaspace       used 112482K, committed 113664K, reserved 1179648K
  class space    used 15718K, committed 16256K, reserved 1048576K
}
Event: 152.466 GC heap after
{Heap after GC invocations=65 (full 0):
 garbage-first heap   total 225280K, used 146095K [0x0000000600000000, 0x0000000800000000)
  region size 4096K, 1 young (4096K), 1 survivors (4096K)
 Metaspace       used 112482K, committed 113664K, reserved 1179648K
  class space    used 15718K, committed 16256K, reserved 1048576K
}

