# JRE version: OpenJDK Runtime Environment Temurin-21.0.12.1+1 (21.0.12.1+1) (build 21.0.12.1+1-LTS)
# Java VM: OpenJDK 64-Bit Server VM Temurin-21.0.12.1+1 (21.0.12.1+1-LTS, mixed mode, sharing, tiered, compressed oops, compressed class ptrs, parallel gc, windows-amd64)
GC Precious Log:
 CardTable entry size: 512
 CPUs: 8 total, 8 available
 Memory: 8070M
 Large Page Support: Disabled
 NUMA Support: Disabled
 Compressed Oops: Enabled (32-bit)
 Alignments: Space 512K, Generation 512K, Heap 2M
 Heap Min Capacity: 100M
 Heap Initial Capacity: 100M
 Heap Max Capacity: 2G
 Pre-touch: Disabled
 Parallel Workers: 8
Heap:
 PSYoungGen      total 18944K, used 7210K [0x00000000d5580000, 0x00000000d6a80000, 0x0000000100000000)
  eden space 17920K, 37% used [0x00000000d5580000,0x00000000d5c0aad8,0x00000000d6700000)
  from space 1024K, 50% used [0x00000000d6880000,0x00000000d6900000,0x00000000d6980000)
  to   space 1024K, 0% used [0x00000000d6980000,0x00000000d6980000,0x00000000d6a80000)
 ParOldGen       total 93184K, used 92733K [0x0000000080000000, 0x0000000085b00000, 0x00000000d5580000)
  object space 93184K, 99% used [0x0000000080000000,0x0000000085a8f638,0x0000000085b00000)
 Metaspace       used 80383K, committed 82112K, reserved 1179648K
  class space    used 10660K, committed 11456K, reserved 1048576K
GC Heap History (20 events):
Event: 231.705 GC heap before
{Heap before GC invocations=69 (full 3):
 PSYoungGen      total 18944K, used 18208K [0x00000000d5580000, 0x00000000d6c00000, 0x0000000100000000)
  eden space 17920K, 100% used [0x00000000d5580000,0x00000000d6700000,0x00000000d6700000)
  from space 1024K, 28% used [0x00000000d6a00000,0x00000000d6a48000,0x00000000d6b00000)
  to   space 512K, 0% used [0x00000000d6b80000,0x00000000d6b80000,0x00000000d6c00000)
 ParOldGen       total 89600K, used 89427K [0x0000000080000000, 0x0000000085780000, 0x00000000d5580000)
  object space 89600K, 99% used [0x0000000080000000,0x0000000085754e58,0x0000000085780000)
 Metaspace       used 77917K, committed 79616K, reserved 1179648K
  class space    used 10287K, committed 11008K, reserved 1048576K
}
Event: 231.706 GC heap after
{Heap after GC invocations=69 (full 3):
 PSYoungGen      total 18432K, used 224K [0x00000000d5580000, 0x00000000d6c00000, 0x0000000100000000)
  eden space 17920K, 0% used [0x00000000d5580000,0x00000000d5580000,0x00000000d6700000)
  from space 512K, 43% used [0x00000000d6b80000,0x00000000d6bb8000,0x00000000d6c00000)
  to   space 512K, 0% used [0x00000000d6b00000,0x00000000d6b00000,0x00000000d6b80000)
 ParOldGen       total 90112K, used 89626K [0x0000000080000000, 0x0000000085800000, 0x00000000d5580000)
  object space 90112K, 99% used [0x0000000080000000,0x0000000085786888,0x0000000085800000)
 Metaspace       used 77917K, committed 79616K, reserved 1179648K
  class space    used 10287K, committed 11008K, reserved 1048576K
}
Event: 232.322 GC heap before
{Heap before GC invocations=70 (full 3):
 PSYoungGen      total 18432K, used 18144K [0x00000000d5580000, 0x00000000d6c00000, 0x0000000100000000)
  eden space 17920K, 100% used [0x00000000d5580000,0x00000000d6700000,0x00000000d6700000)
  from space 512K, 43% used [0x00000000d6b80000,0x00000000d6bb8000,0x00000000d6c00000)
  to   space 512K, 0% used [0x00000000d6b00000,0x00000000d6b00000,0x00000000d6b80000)
 ParOldGen       total 90112K, used 89626K [0x0000000080000000, 0x0000000085800000, 0x00000000d5580000)
  object space 90112K, 99% used [0x0000000080000000,0x0000000085786888,0x0000000085800000)
 Metaspace       used 77917K, committed 79616K, reserved 1179648K
  class space    used 10287K, committed 11008K, reserved 1048576K
}
Event: 232.323 GC heap after
{Heap after GC invocations=70 (full 3):
 PSYoungGen      total 18432K, used 496K [0x00000000d5580000, 0x00000000d6c00000, 0x0000000100000000)
  eden space 17920K, 0% used [0x00000000d5580000,0x00000000d5580000,0x00000000d6700000)
  from space 512K, 96% used [0x00000000d6b00000,0x00000000d6b7c280,0x00000000d6b80000)
  to   space 512K, 0% used [0x00000000d6b80000,0x00000000d6b80000,0x00000000d6c00000)
 ParOldGen       total 90624K, used 90295K [0x0000000080000000, 0x0000000085880000, 0x00000000d5580000)
  object space 90624K, 99% used [0x0000000080000000,0x000000008582dc28,0x0000000085880000)
 Metaspace       used 77917K, committed 79616K, reserved 1179648K
  class space    used 10287K, committed 11008K, reserved 1048576K
}
Event: 232.823 GC heap before
{Heap before GC invocations=71 (full 3):
 PSYoungGen      total 18432K, used 18416K [0x00000000d5580000, 0x00000000d6c00000, 0x0000000100000000)
  eden space 17920K, 100% used [0x00000000d5580000,0x00000000d6700000,0x00000000d6700000)
  from space 512K, 96% used [0x00000000d6b00000,0x00000000d6b7c280,0x00000000d6b80000)
  to   space 512K, 0% used [0x00000000d6b80000,0x00000000d6b80000,0x00000000d6c00000)
 ParOldGen       total 90624K, used 90295K [0x0000000080000000, 0x0000000085880000, 0x00000000d5580000)
  object space 90624K, 99% used [0x0000000080000000,0x000000008582dc28,0x0000000085880000)
 Metaspace       used 77917K, committed 79616K, reserved 1179648K
  class space    used 10287K, committed 11008K, reserved 1048576K
}
Event: 232.825 GC heap after
{Heap after GC invocations=71 (full 3):
 PSYoungGen      total 18432K, used 508K [0x00000000d5580000, 0x00000000d6c00000, 0x0000000100000000)
  eden space 17920K, 0% used [0x00000000d5580000,0x00000000d5580000,0x00000000d6700000)
  from space 512K, 99% used [0x00000000d6b80000,0x00000000d6bff020,0x00000000d6c00000)
  to   space 1536K, 0% used [0x00000000d6900000,0x00000000d6900000,0x00000000d6a80000)
 ParOldGen       total 91136K, used 90992K [0x0000000080000000, 0x0000000085900000, 0x00000000d5580000)
  object space 91136K, 99% used [0x0000000080000000,0x00000000858dc388,0x0000000085900000)
 Metaspace       used 77917K, committed 79616K, reserved 1179648K
  class space    used 10287K, committed 11008K, reserved 1048576K
}
Event: 233.324 GC heap before
{Heap before GC invocations=72 (full 3):
 PSYoungGen      total 18432K, used 18428K [0x00000000d5580000, 0x00000000d6c00000, 0x0000000100000000)
  eden space 17920K, 100% used [0x00000000d5580000,0x00000000d6700000,0x00000000d6700000)
  from space 512K, 99% used [0x00000000d6b80000,0x00000000d6bff020,0x00000000d6c00000)
  to   space 1536K, 0% used [0x00000000d6900000,0x00000000d6900000,0x00000000d6a80000)
 ParOldGen       total 91136K, used 90992K [0x0000000080000000, 0x0000000085900000, 0x00000000d5580000)
  object space 91136K, 99% used [0x0000000080000000,0x00000000858dc388,0x0000000085900000)
 Metaspace       used 77917K, committed 79616K, reserved 1179648K
  class space    used 10287K, committed 11008K, reserved 1048576K
}
Event: 233.325 GC heap after
{Heap after GC invocations=72 (full 3):
 PSYoungGen      total 19456K, used 650K [0x00000000d5580000, 0x00000000d6c00000, 0x0000000100000000)
  eden space 17920K, 0% used [0x00000000d5580000,0x00000000d5580000,0x00000000d6700000)
  from space 1536K, 42% used [0x00000000d6900000,0x00000000d69a28c8,0x00000000d6a80000)
  to   space 1024K, 0% used [0x00000000d6b00000,0x00000000d6b00000,0x00000000d6c00000)
 ParOldGen       total 91136K, used 91061K [0x0000000080000000, 0x0000000085900000, 0x00000000d5580000)
  object space 91136K, 99% used [0x0000000080000000,0x00000000858ed730,0x0000000085900000)
 Metaspace       used 77917K, committed 79616K, reserved 1179648K
  class space    used 10287K, committed 11008K, reserved 1048576K
}
Event: 233.662 GC heap before
{Heap before GC invocations=73 (full 3):
 PSYoungGen      total 19456K, used 18570K [0x00000000d5580000, 0x00000000d6c00000, 0x0000000100000000)
  eden space 17920K, 100% used [0x00000000d5580000,0x00000000d6700000,0x00000000d6700000)
  from space 1536K, 42% used [0x00000000d6900000,0x00000000d69a28c8,0x00000000d6a80000)
  to   space 1024K, 0% used [0x00000000d6b00000,0x00000000d6b00000,0x00000000d6c00000)
 ParOldGen       total 91136K, used 91061K [0x0000000080000000, 0x0000000085900000, 0x00000000d5580000)
  object space 91136K, 99% used [0x0000000080000000,0x00000000858ed730,0x0000000085900000)
 Metaspace       used 77917K, committed 79616K, reserved 1179648K
  class space    used 10287K, committed 11008K, reserved 1048576K
}
Event: 233.662 GC heap after
{Heap after GC invocations=73 (full 3):
 PSYoungGen      total 18432K, used 288K [0x00000000d5580000, 0x00000000d6b80000, 0x0000000100000000)
  eden space 17920K, 0% used [0x00000000d5580000,0x00000000d5580000,0x00000000d6700000)
  from space 512K, 56% used [0x00000000d6b00000,0x00000000d6b48000,0x00000000d6b80000)
  to   space 512K, 0% used [0x00000000d6a80000,0x00000000d6a80000,0x00000000d6b00000)
 ParOldGen       total 91136K, used 91133K [0x0000000080000000, 0x0000000085900000, 0x00000000d5580000)
  object space 91136K, 99% used [0x0000000080000000,0x00000000858ff730,0x0000000085900000)
 Metaspace       used 77917K, committed 79616K, reserved 1179648K
  class space    used 10287K, committed 11008K, reserved 1048576K
}
Event: 234.070 GC heap before
{Heap before GC invocations=74 (full 3):
 PSYoungGen      total 18432K, used 18208K [0x00000000d5580000, 0x00000000d6b80000, 0x0000000100000000)
  eden space 17920K, 100% used [0x00000000d5580000,0x00000000d6700000,0x00000000d6700000)
  from space 512K, 56% used [0x00000000d6b00000,0x00000000d6b48000,0x00000000d6b80000)
  to   space 512K, 0% used [0x00000000d6a80000,0x00000000d6a80000,0x00000000d6b00000)
 ParOldGen       total 91136K, used 91133K [0x0000000080000000, 0x0000000085900000, 0x00000000d5580000)
  object space 91136K, 99% used [0x0000000080000000,0x00000000858ff730,0x0000000085900000)
 Metaspace       used 77917K, committed 79616K, reserved 1179648K
  class space    used 10287K, committed 11008K, reserved 1048576K
}
Event: 234.072 GC heap after
{Heap after GC invocations=74 (full 3):
 PSYoungGen      total 18432K, used 511K [0x00000000d5580000, 0x00000000d6b80000, 0x0000000100000000)
  eden space 17920K, 0% used [0x00000000d5580000,0x00000000d5580000,0x00000000d6700000)
  from space 512K, 99% used [0x00000000d6a80000,0x00000000d6afffc8,0x00000000d6b00000)
  to   space 512K, 0% used [0x00000000d6b00000,0x00000000d6b00000,0x00000000d6b80000)
 ParOldGen       total 92160K, used 91709K [0x0000000080000000, 0x0000000085a00000, 0x00000000d5580000)
  object space 92160K, 99% used [0x0000000080000000,0x000000008598f528,0x0000000085a00000)
 Metaspace       used 77917K, committed 79616K, reserved 1179648K
  class space    used 10287K, committed 11008K, reserved 1048576K
}
Event: 234.556 GC heap before
{Heap before GC invocations=75 (full 3):
 PSYoungGen      total 18432K, used 18431K [0x00000000d5580000, 0x00000000d6b80000, 0x0000000100000000)
  eden space 17920K, 100% used [0x00000000d5580000,0x00000000d6700000,0x00000000d6700000)
  from space 512K, 99% used [0x00000000d6a80000,0x00000000d6afffc8,0x00000000d6b00000)
  to   space 512K, 0% used [0x00000000d6b00000,0x00000000d6b00000,0x00000000d6b80000)
 ParOldGen       total 92160K, used 91709K [0x0000000080000000, 0x0000000085a00000, 0x00000000d5580000)
  object space 92160K, 99% used [0x0000000080000000,0x000000008598f528,0x0000000085a00000)
 Metaspace       used 77917K, committed 79616K, reserved 1179648K
  class space    used 10287K, committed 11008K, reserved 1048576K
}
Event: 234.558 GC heap after
{Heap after GC invocations=75 (full 3):
 PSYoungGen      total 18432K, used 483K [0x00000000d5580000, 0x00000000d6b80000, 0x0000000100000000)
  eden space 17920K, 0% used [0x00000000d5580000,0x00000000d5580000,0x00000000d6700000)
  from space 512K, 94% used [0x00000000d6b00000,0x00000000d6b78df0,0x00000000d6b80000)
  to   space 1536K, 0% used [0x00000000d6880000,0x00000000d6880000,0x00000000d6a00000)
 ParOldGen       total 92672K, used 92430K [0x0000000080000000, 0x0000000085a80000, 0x00000000d5580000)
  object space 92672K, 99% used [0x0000000080000000,0x0000000085a43928,0x0000000085a80000)
 Metaspace       used 77917K, committed 79616K, reserved 1179648K
  class space    used 10287K, committed 11008K, reserved 1048576K
}
Event: 235.333 GC heap before
{Heap before GC invocations=76 (full 3):
 PSYoungGen      total 18432K, used 18403K [0x00000000d5580000, 0x00000000d6b80000, 0x0000000100000000)
  eden space 17920K, 100% used [0x00000000d5580000,0x00000000d6700000,0x00000000d6700000)
  from space 512K, 94% used [0x00000000d6b00000,0x00000000d6b78df0,0x00000000d6b80000)
  to   space 1536K, 0% used [0x00000000d6880000,0x00000000d6880000,0x00000000d6a00000)
 ParOldGen       total 92672K, used 92430K [0x0000000080000000, 0x0000000085a80000, 0x00000000d5580000)
  object space 92672K, 99% used [0x0000000080000000,0x0000000085a43928,0x0000000085a80000)
 Metaspace       used 77917K, committed 79616K, reserved 1179648K
  class space    used 10287K, committed 11008K, reserved 1048576K
}
Event: 235.334 GC heap after
{Heap after GC invocations=76 (full 3):
 PSYoungGen      total 19456K, used 956K [0x00000000d5580000, 0x00000000d6b80000, 0x0000000100000000)
  eden space 17920K, 0% used [0x00000000d5580000,0x00000000d5580000,0x00000000d6700000)
  from space 1536K, 62% used [0x00000000d6880000,0x00000000d696f060,0x00000000d6a00000)
  to   space 1536K, 0% used [0x00000000d6a00000,0x00000000d6a00000,0x00000000d6b80000)
 ParOldGen       total 92672K, used 92478K [0x0000000080000000, 0x0000000085a80000, 0x00000000d5580000)
  object space 92672K, 99% used [0x0000000080000000,0x0000000085a4f928,0x0000000085a80000)
 Metaspace       used 77917K, committed 79616K, reserved 1179648K
  class space    used 10287K, committed 11008K, reserved 1048576K
}
Event: 236.103 GC heap before
{Heap before GC invocations=77 (full 3):
 PSYoungGen      total 19456K, used 18876K [0x00000000d5580000, 0x00000000d6b80000, 0x0000000100000000)
  eden space 17920K, 100% used [0x00000000d5580000,0x00000000d6700000,0x00000000d6700000)
  from space 1536K, 62% used [0x00000000d6880000,0x00000000d696f060,0x00000000d6a00000)
  to   space 1536K, 0% used [0x00000000d6a00000,0x00000000d6a00000,0x00000000d6b80000)
 ParOldGen       total 92672K, used 92478K [0x0000000080000000, 0x0000000085a80000, 0x00000000d5580000)
  object space 92672K, 99% used [0x0000000080000000,0x0000000085a4f928,0x0000000085a80000)
 Metaspace       used 78222K, committed 79936K, reserved 1179648K
  class space    used 10336K, committed 11072K, reserved 1048576K
}
Event: 236.105 GC heap after
{Heap after GC invocations=77 (full 3):
 PSYoungGen      total 18432K, used 288K [0x00000000d5580000, 0x00000000d6a80000, 0x0000000100000000)
  eden space 17920K, 0% used [0x00000000d5580000,0x00000000d5580000,0x00000000d6700000)
  from space 512K, 56% used [0x00000000d6a00000,0x00000000d6a48000,0x00000000d6a80000)
  to   space 1024K, 0% used [0x00000000d6880000,0x00000000d6880000,0x00000000d6980000)
 ParOldGen       total 92672K, used 92550K [0x0000000080000000, 0x0000000085a80000, 0x00000000d5580000)
  object space 92672K, 99% used [0x0000000080000000,0x0000000085a61928,0x0000000085a80000)
 Metaspace       used 78222K, committed 79936K, reserved 1179648K
  class space    used 10336K, committed 11072K, reserved 1048576K
}
Event: 237.956 GC heap before
{Heap before GC invocations=78 (full 3):
 PSYoungGen      total 18432K, used 18208K [0x00000000d5580000, 0x00000000d6a80000, 0x0000000100000000)
  eden space 17920K, 100% used [0x00000000d5580000,0x00000000d6700000,0x00000000d6700000)
  from space 512K, 56% used [0x00000000d6a00000,0x00000000d6a48000,0x00000000d6a80000)
  to   space 1024K, 0% used [0x00000000d6880000,0x00000000d6880000,0x00000000d6980000)
 ParOldGen       total 92672K, used 92550K [0x0000000080000000, 0x0000000085a80000, 0x00000000d5580000)
  object space 92672K, 99% used [0x0000000080000000,0x0000000085a61928,0x0000000085a80000)
 Metaspace       used 80252K, committed 81984K, reserved 1179648K
  class space    used 10644K, committed 11392K, reserved 1048576K
}
Event: 237.959 GC heap after
{Heap after GC invocations=78 (full 3):
 PSYoungGen      total 18944K, used 512K [0x00000000d5580000, 0x00000000d6a80000, 0x0000000100000000)
  eden space 17920K, 0% used [0x00000000d5580000,0x00000000d5580000,0x00000000d6700000)
  from space 1024K, 50% used [0x00000000d6880000,0x00000000d6900000,0x00000000d6980000)
  to   space 1024K, 0% used [0x00000000d6980000,0x00000000d6980000,0x00000000d6a80000)
 ParOldGen       total 93184K, used 92733K [0x0000000080000000, 0x0000000085b00000, 0x00000000d5580000)
  object space 93184K, 99% used [0x0000000080000000,0x0000000085a8f638,0x0000000085b00000)
 Metaspace       used 80252K, committed 81984K, reserved 1179648K
  class space    used 10644K, committed 11392K, reserved 1048576K
}

